1 2023/04/14 15:06:32,033 2063 [DEBUG ] [TestNG-test=KTtasksTest-1] internal.logging.InternalLoggerFactory internal.logging.InternalLoggerFactory.useLog4J2LoggerFactory(InternalLoggerFactory.java:76) - Using Log4J2 as the default logging framework
2 2023/04/14 15:06:32,039 2069 [DEBUG ] [TestNG-test=KTtasksTest-1] netty.util.ResourceLeakDetector netty.util.ResourceLeakDetector.<clinit>(ResourceLeakDetector.java:129) - -Dio.netty.leakDetection.level: simple
3 2023/04/14 15:06:32,039 2069 [DEBUG ] [TestNG-test=KTtasksTest-1] netty.util.ResourceLeakDetector netty.util.ResourceLeakDetector.<clinit>(ResourceLeakDetector.java:130) - -Dio.netty.leakDetection.targetRecords: 4
4 2023/04/14 15:06:32,045 2075 [DEBUG ] [TestNG-test=KTtasksTest-1] netty.util.ResourceLeakDetectorFactory netty.util.ResourceLeakDetectorFactory$DefaultResourceLeakDetectorFactory.newResourceLeakDetector(ResourceLeakDetectorFactory.java:196) - Loaded default ResourceLeakDetector: io.netty.util.ResourceLeakDetector@2fbeeecd
5 2023/04/14 15:06:32,060 2090 [DEBUG ] [TestNG-test=KTtasksTest-1] util.internal.PlatformDependent0 util.internal.PlatformDependent0.explicitNoUnsafeCause0(PlatformDependent0.java:496) - -Dio.netty.noUnsafe: false
6 2023/04/14 15:06:32,061 2091 [DEBUG ] [TestNG-test=KTtasksTest-1] util.internal.PlatformDependent0 util.internal.PlatformDependent0.javaVersion0(PlatformDependent0.java:1000) - Java version: 8
7 2023/04/14 15:06:32,061 2091 [DEBUG ] [TestNG-test=KTtasksTest-1] util.internal.PlatformDependent0 util.internal.PlatformDependent0.<clinit>(PlatformDependent0.java:137) - sun.misc.Unsafe.theUnsafe: available
8 2023/04/14 15:06:32,062 2092 [DEBUG ] [TestNG-test=KTtasksTest-1] util.internal.PlatformDependent0 util.internal.PlatformDependent0.<clinit>(PlatformDependent0.java:161) - sun.misc.Unsafe.copyMemory: available
9 2023/04/14 15:06:32,063 2093 [DEBUG ] [TestNG-test=KTtasksTest-1] util.internal.PlatformDependent0 util.internal.PlatformDependent0.<clinit>(PlatformDependent0.java:193) - sun.misc.Unsafe.storeFence: available
10 2023/04/14 15:06:32,063 2093 [DEBUG ] [TestNG-test=KTtasksTest-1] util.internal.PlatformDependent0 util.internal.PlatformDependent0.<clinit>(PlatformDependent0.java:236) - java.nio.Buffer.address: available
11 2023/04/14 15:06:32,063 2093 [DEBUG ] [TestNG-test=KTtasksTest-1] util.internal.PlatformDependent0 util.internal.PlatformDependent0.<clinit>(PlatformDependent0.java:307) - direct buffer constructor: available
12 2023/04/14 15:06:32,064 2094 [DEBUG ] [TestNG-test=KTtasksTest-1] util.internal.PlatformDependent0 util.internal.PlatformDependent0.<clinit>(PlatformDependent0.java:385) - java.nio.Bits.unaligned: available, true
13 2023/04/14 15:06:32,064 2094 [DEBUG ] [TestNG-test=KTtasksTest-1] util.internal.PlatformDependent0 util.internal.PlatformDependent0.<clinit>(PlatformDependent0.java:459) - jdk.internal.misc.Unsafe.allocateUninitializedArray(int): unavailable prior to Java9
14 2023/04/14 15:06:32,065 2095 [DEBUG ] [TestNG-test=KTtasksTest-1] util.internal.PlatformDependent0 util.internal.PlatformDependent0.<clinit>(PlatformDependent0.java:482) - java.nio.DirectByteBuffer.<init>(long, int): available
15 2023/04/14 15:06:32,065 2095 [DEBUG ] [TestNG-test=KTtasksTest-1] util.internal.PlatformDependent util.internal.PlatformDependent.unsafeUnavailabilityCause0(PlatformDependent.java:1159) - sun.misc.Unsafe: available
16 2023/04/14 15:06:32,066 2096 [DEBUG ] [TestNG-test=KTtasksTest-1] util.internal.PlatformDependent util.internal.PlatformDependent.tmpdir0(PlatformDependent.java:1289) - -Dio.netty.tmpdir: /var/folders/b6/k_w0589j24712v_9f8zffkgnct9bh0/T (java.io.tmpdir)
17 2023/04/14 15:06:32,066 2096 [DEBUG ] [TestNG-test=KTtasksTest-1] util.internal.PlatformDependent util.internal.PlatformDependent.bitMode0(PlatformDependent.java:1368) - -Dio.netty.bitMode: 64 (sun.arch.data.model)
18 2023/04/14 15:06:32,070 2100 [DEBUG ] [TestNG-test=KTtasksTest-1] util.internal.PlatformDependent util.internal.PlatformDependent.isOsx0(PlatformDependent.java:1127) - Platform: MacOS
19 2023/04/14 15:06:32,070 2100 [DEBUG ] [TestNG-test=KTtasksTest-1] util.internal.PlatformDependent util.internal.PlatformDependent.<clinit>(PlatformDependent.java:178) - -Dio.netty.maxDirectMemory: 3817865216 bytes
20 2023/04/14 15:06:32,071 2101 [DEBUG ] [TestNG-test=KTtasksTest-1] util.internal.PlatformDependent util.internal.PlatformDependent.<clinit>(PlatformDependent.java:185) - -Dio.netty.uninitializedArrayAllocationThreshold: -1
21 2023/04/14 15:06:32,071 2101 [DEBUG ] [TestNG-test=KTtasksTest-1] util.internal.CleanerJava6 util.internal.CleanerJava6.<clinit>(CleanerJava6.java:92) - java.nio.ByteBuffer.cleaner(): available
22 2023/04/14 15:06:32,072 2102 [DEBUG ] [TestNG-test=KTtasksTest-1] util.internal.PlatformDependent util.internal.PlatformDependent.<clinit>(PlatformDependent.java:205) - -Dio.netty.noPreferDirect: false
23 2023/04/14 15:06:32,079 2109 [DEBUG ] [TestNG-test=KTtasksTest-1] util.internal.PlatformDependent util.internal.PlatformDependent$Mpsc.<clinit>(PlatformDependent.java:1010) - org.jctools-core.MpscChunkedArrayQueue: available
24 2023/04/14 15:06:32,095 2125 [DEBUG ] [TestNG-test=KTtasksTest-1] util.internal.InternalThreadLocalMap util.internal.InternalThreadLocalMap.<clinit>(InternalThreadLocalMap.java:100) - -Dio.netty.threadLocalMap.stringBuilder.initialSize: 1024
25 2023/04/14 15:06:32,096 2126 [DEBUG ] [TestNG-test=KTtasksTest-1] util.internal.InternalThreadLocalMap util.internal.InternalThreadLocalMap.<clinit>(InternalThreadLocalMap.java:101) - -Dio.netty.threadLocalMap.stringBuilder.maxSize: 4096
26 2023/04/14 15:06:32,322 2352 [DEBUG ] [TestNG-test=KTtasksTest-1] handler.ssl.JdkSslContext handler.ssl.JdkSslContext.<clinit>(JdkSslContext.java:83) - Default protocols (JDK): [TLSv1.3, TLSv1.2] 
27 2023/04/14 15:06:32,323 2353 [DEBUG ] [TestNG-test=KTtasksTest-1] handler.ssl.JdkSslContext handler.ssl.JdkSslContext.<clinit>(JdkSslContext.java:84) - Default cipher suites (JDK): [TLS_ECDHE_ECDSA_WITH_AES_256_GCM_SHA384, TLS_ECDHE_ECDSA_WITH_AES_128_GCM_SHA256, TLS_ECDHE_RSA_WITH_AES_128_GCM_SHA256, TLS_ECDHE_RSA_WITH_AES_256_GCM_SHA384, TLS_ECDHE_RSA_WITH_AES_128_CBC_SHA, TLS_ECDHE_RSA_WITH_AES_256_CBC_SHA, TLS_RSA_WITH_AES_128_GCM_SHA256, TLS_RSA_WITH_AES_128_CBC_SHA, TLS_RSA_WITH_AES_256_CBC_SHA, TLS_AES_128_GCM_SHA256, TLS_AES_256_GCM_SHA384]
28 2023/04/14 15:06:32,346 2376 [DEBUG ] [TestNG-test=KTtasksTest-1] netty.channel.MultithreadEventLoopGroup netty.channel.MultithreadEventLoopGroup.<clinit>(MultithreadEventLoopGroup.java:44) - -Dio.netty.eventLoopThreads: 16
29 2023/04/14 15:06:32,352 2382 [DEBUG ] [TestNG-test=KTtasksTest-1] channel.nio.NioEventLoop channel.nio.NioEventLoop.<clinit>(NioEventLoop.java:110) - -Dio.netty.noKeySetOptimization: false
30 2023/04/14 15:06:32,353 2383 [DEBUG ] [TestNG-test=KTtasksTest-1] channel.nio.NioEventLoop channel.nio.NioEventLoop.<clinit>(NioEventLoop.java:111) - -Dio.netty.selectorAutoRebuildThreshold: 512
31 2023/04/14 15:06:32,373 2403 [DEBUG ] [TestNG-test=KTtasksTest-1] netty.buffer.PooledByteBufAllocator netty.buffer.PooledByteBufAllocator.<clinit>(PooledByteBufAllocator.java:157) - -Dio.netty.allocator.numHeapArenas: 16
32 2023/04/14 15:06:32,374 2404 [DEBUG ] [TestNG-test=KTtasksTest-1] netty.buffer.PooledByteBufAllocator netty.buffer.PooledByteBufAllocator.<clinit>(PooledByteBufAllocator.java:158) - -Dio.netty.allocator.numDirectArenas: 16
33 2023/04/14 15:06:32,374 2404 [DEBUG ] [TestNG-test=KTtasksTest-1] netty.buffer.PooledByteBufAllocator netty.buffer.PooledByteBufAllocator.<clinit>(PooledByteBufAllocator.java:160) - -Dio.netty.allocator.pageSize: 8192
34 2023/04/14 15:06:32,374 2404 [DEBUG ] [TestNG-test=KTtasksTest-1] netty.buffer.PooledByteBufAllocator netty.buffer.PooledByteBufAllocator.<clinit>(PooledByteBufAllocator.java:165) - -Dio.netty.allocator.maxOrder: 9
35 2023/04/14 15:06:32,374 2404 [DEBUG ] [TestNG-test=KTtasksTest-1] netty.buffer.PooledByteBufAllocator netty.buffer.PooledByteBufAllocator.<clinit>(PooledByteBufAllocator.java:169) - -Dio.netty.allocator.chunkSize: 4194304
36 2023/04/14 15:06:32,375 2405 [DEBUG ] [TestNG-test=KTtasksTest-1] netty.buffer.PooledByteBufAllocator netty.buffer.PooledByteBufAllocator.<clinit>(PooledByteBufAllocator.java:170) - -Dio.netty.allocator.smallCacheSize: 256
37 2023/04/14 15:06:32,375 2405 [DEBUG ] [TestNG-test=KTtasksTest-1] netty.buffer.PooledByteBufAllocator netty.buffer.PooledByteBufAllocator.<clinit>(PooledByteBufAllocator.java:171) - -Dio.netty.allocator.normalCacheSize: 64
38 2023/04/14 15:06:32,375 2405 [DEBUG ] [TestNG-test=KTtasksTest-1] netty.buffer.PooledByteBufAllocator netty.buffer.PooledByteBufAllocator.<clinit>(PooledByteBufAllocator.java:172) - -Dio.netty.allocator.maxCachedBufferCapacity: 32768
39 2023/04/14 15:06:32,375 2405 [DEBUG ] [TestNG-test=KTtasksTest-1] netty.buffer.PooledByteBufAllocator netty.buffer.PooledByteBufAllocator.<clinit>(PooledByteBufAllocator.java:173) - -Dio.netty.allocator.cacheTrimInterval: 8192
40 2023/04/14 15:06:32,375 2405 [DEBUG ] [TestNG-test=KTtasksTest-1] netty.buffer.PooledByteBufAllocator netty.buffer.PooledByteBufAllocator.<clinit>(PooledByteBufAllocator.java:174) - -Dio.netty.allocator.cacheTrimIntervalMillis: 0
41 2023/04/14 15:06:32,375 2405 [DEBUG ] [TestNG-test=KTtasksTest-1] netty.buffer.PooledByteBufAllocator netty.buffer.PooledByteBufAllocator.<clinit>(PooledByteBufAllocator.java:175) - -Dio.netty.allocator.useCacheForAllThreads: false
42 2023/04/14 15:06:32,375 2405 [DEBUG ] [TestNG-test=KTtasksTest-1] netty.buffer.PooledByteBufAllocator netty.buffer.PooledByteBufAllocator.<clinit>(PooledByteBufAllocator.java:176) - -Dio.netty.allocator.maxCachedByteBuffersPerChunk: 1023
43 2023/04/14 15:06:32,385 2415 [DEBUG ] [TestNG-test=KTtasksTest-1] netty.buffer.ByteBufUtil netty.buffer.ByteBufUtil.<clinit>(ByteBufUtil.java:87) - -Dio.netty.allocator.type: pooled
44 2023/04/14 15:06:32,385 2415 [DEBUG ] [TestNG-test=KTtasksTest-1] netty.buffer.ByteBufUtil netty.buffer.ByteBufUtil.<clinit>(ByteBufUtil.java:96) - -Dio.netty.threadLocalDirectBufferSize: 0
45 2023/04/14 15:06:32,386 2416 [DEBUG ] [TestNG-test=KTtasksTest-1] netty.buffer.ByteBufUtil netty.buffer.ByteBufUtil.<clinit>(ByteBufUtil.java:99) - -Dio.netty.maxThreadLocalCharBufferSize: 16384
46 2023/04/14 15:06:34,149 4179 [DEBUG ] [Forwarding newSession on session null to remote] netty.channel.DefaultChannelId netty.channel.DefaultChannelId.<clinit>(DefaultChannelId.java:79) - -Dio.netty.processId: 64660 (auto-detected)
47 2023/04/14 15:06:34,153 4183 [DEBUG ] [Forwarding newSession on session null to remote] netty.util.NetUtil netty.util.NetUtil.<clinit>(NetUtil.java:142) - -Djava.net.preferIPv4Stack: true
48 2023/04/14 15:06:34,154 4184 [DEBUG ] [Forwarding newSession on session null to remote] netty.util.NetUtil netty.util.NetUtil.<clinit>(NetUtil.java:143) - -Djava.net.preferIPv6Addresses: false
49 2023/04/14 15:06:34,156 4186 [DEBUG ] [Forwarding newSession on session null to remote] netty.util.NetUtilInitializations netty.util.NetUtilInitializations.determineLoopback(NetUtilInitializations.java:139) - Loopback interface: lo0 (lo0, 0:0:0:0:0:0:0:1%lo0)
50 2023/04/14 15:06:34,156 4186 [DEBUG ] [Forwarding newSession on session null to remote] netty.util.NetUtil netty.util.NetUtil$SoMaxConnAction.run(NetUtil.java:200) - Failed to get SOMAXCONN from sysctl and file /proc/sys/net/core/somaxconn. Default: 128
51 2023/04/14 15:06:34,157 4187 [DEBUG ] [Forwarding newSession on session null to remote] netty.channel.DefaultChannelId netty.channel.DefaultChannelId.<clinit>(DefaultChannelId.java:101) - -Dio.netty.machineId: bc:d0:74:ff:fe:f0:77:f0 (auto-detected)
52 2023/04/14 15:06:34,211 4241 [DEBUG ] [AsyncHttpClient-1-2] netty.buffer.AbstractByteBuf netty.buffer.AbstractByteBuf.<clinit>(AbstractByteBuf.java:63) - -Dio.netty.buffer.checkAccessible: true
53 2023/04/14 15:06:34,212 4242 [DEBUG ] [AsyncHttpClient-1-2] netty.buffer.AbstractByteBuf netty.buffer.AbstractByteBuf.<clinit>(AbstractByteBuf.java:64) - -Dio.netty.buffer.checkBounds: true
54 2023/04/14 15:06:34,212 4242 [DEBUG ] [AsyncHttpClient-1-2] netty.util.ResourceLeakDetectorFactory netty.util.ResourceLeakDetectorFactory$DefaultResourceLeakDetectorFactory.newResourceLeakDetector(ResourceLeakDetectorFactory.java:196) - Loaded default ResourceLeakDetector: io.netty.util.ResourceLeakDetector@70d3df67
55 2023/04/14 15:06:34,230 4260 [DEBUG ] [AsyncHttpClient-1-2] netty.util.Recycler netty.util.Recycler.<clinit>(Recycler.java:85) - -Dio.netty.recycler.maxCapacityPerThread: 4096
56 2023/04/14 15:06:34,231 4261 [DEBUG ] [AsyncHttpClient-1-2] netty.util.Recycler netty.util.Recycler.<clinit>(Recycler.java:86) - -Dio.netty.recycler.ratio: 8
57 2023/04/14 15:06:34,231 4261 [DEBUG ] [AsyncHttpClient-1-2] netty.util.Recycler netty.util.Recycler.<clinit>(Recycler.java:87) - -Dio.netty.recycler.chunkSize: 32
58 2023/04/14 15:06:34,231 4261 [DEBUG ] [AsyncHttpClient-1-2] netty.util.Recycler netty.util.Recycler.<clinit>(Recycler.java:88) - -Dio.netty.recycler.blocking: false
59 2023/04/14 15:06:40,311 10341 [DEBUG ] [AsyncHttpClient-1-2] codec.compression.Brotli codec.compression.Brotli.<clinit>(Brotli.java:38) - brotli4j not in the classpath; Brotli support will be unavailable.
60 2023/04/14 15:06:40,415 10445 [DEBUG ] [TestNG-test=KTtasksTest-1] util.internal.ThreadLocalRandom util.internal.ThreadLocalRandom.newSeed(ThreadLocalRandom.java:214) - -Dio.netty.initialSeedUniquifier: 0x539c2b8e64ffc2e1
61 2023/04/14 15:07:09,562 39592 [INFO  ] [TestNG-test=KTtasksTest-1] qa.wrappers.BaseMethod qa.wrappers.BaseMethod.click(BaseMethod.java:481) - Trying to click on element: [[ChromeDriver: chrome on MAC (a30e9b7ea19a7a79f3f20883722f1f66)] -> xpath: //*[@id='bergerMenu']]
62 2023/04/14 15:07:15,053 45083 [INFO  ] [TestNG-test=KTtasksTest-1] qa.wrappers.BaseMethod qa.wrappers.BaseMethod.click(BaseMethod.java:484) - element clicked : [[ChromeDriver: chrome on MAC (a30e9b7ea19a7a79f3f20883722f1f66)] -> xpath: //*[@id='bergerMenu']]
63 2023/04/14 15:07:15,086 45116 [INFO  ] [TestNG-test=KTtasksTest-1] qa.wrappers.BaseMethod qa.wrappers.BaseMethod.click(BaseMethod.java:481) - Trying to click on element: [[ChromeDriver: chrome on MAC (a30e9b7ea19a7a79f3f20883722f1f66)] -> xpath: (//a[text()='Home Users'])[1]]
64 2023/04/14 15:07:19,539 49569 [INFO  ] [TestNG-test=KTtasksTest-1] qa.wrappers.BaseMethod qa.wrappers.BaseMethod.click(BaseMethod.java:484) - element clicked : [[ChromeDriver: chrome on MAC (a30e9b7ea19a7a79f3f20883722f1f66)] -> xpath: (//a[text()='Home Users'])[1]]
65 2023/04/14 15:07:19,622 49652 [INFO  ] [TestNG-test=KTtasksTest-1] qa.wrappers.BaseMethod qa.wrappers.BaseMethod.click(BaseMethod.java:481) - Trying to click on element: [[ChromeDriver: chrome on MAC (a30e9b7ea19a7a79f3f20883722f1f66)] -> xpath: (//a[@title='Paint Calculator'])[1]]
66 2023/04/14 15:07:28,277 58307 [INFO  ] [TestNG-test=KTtasksTest-1] qa.wrappers.BaseMethod qa.wrappers.BaseMethod.click(BaseMethod.java:484) - element clicked : [[ChromeDriver: chrome on MAC (a30e9b7ea19a7a79f3f20883722f1f66)] -> xpath: (//a[@title='Paint Calculator'])[1]]
67 2023/04/14 15:07:30,870 60900 [INFO  ] [TestNG-test=KTtasksTest-1] qa.wrappers.BaseMethod qa.wrappers.BaseMethod.click(BaseMethod.java:481) - Trying to click on element: [[ChromeDriver: chrome on MAC (a30e9b7ea19a7a79f3f20883722f1f66)] -> xpath: //span[text()='Re-Paint']]
68 2023/04/14 15:07:35,238 65268 [INFO  ] [TestNG-test=KTtasksTest-1] qa.wrappers.BaseMethod qa.wrappers.BaseMethod.click(BaseMethod.java:484) - element clicked : [[ChromeDriver: chrome on MAC (a30e9b7ea19a7a79f3f20883722f1f66)] -> xpath: //span[text()='Re-Paint']]
69 2023/04/14 15:07:48,800 78830 [INFO  ] [TestNG-test=KTtasksTest-1] qa.wrappers.BaseMethod qa.wrappers.BaseMethod.click(BaseMethod.java:481) - Trying to click on element: [[ChromeDriver: chrome on MAC (a30e9b7ea19a7a79f3f20883722f1f66)] -> xpath: //button[@data-id='doorsCount']/following-sibling::div/ul/li[@data-original-index='2']/a]
70 2023/04/14 15:07:53,200 83230 [INFO  ] [TestNG-test=KTtasksTest-1] qa.wrappers.BaseMethod qa.wrappers.BaseMethod.click(BaseMethod.java:484) - element clicked : [[ChromeDriver: chrome on MAC (a30e9b7ea19a7a79f3f20883722f1f66)] -> xpath: //button[@data-id='doorsCount']/following-sibling::div/ul/li[@data-original-index='2']/a]
71 2023/04/14 15:07:53,210 83240 [INFO  ] [TestNG-test=KTtasksTest-1] qa.wrappers.BaseMethod qa.wrappers.BaseMethod.click(BaseMethod.java:481) - Trying to click on element: [[ChromeDriver: chrome on MAC (a30e9b7ea19a7a79f3f20883722f1f66)] -> xpath: //input[@id="doors-height"]/parent::span/a[@class='ui-spinner-button ui-spinner-up ui-corner-tr']]
72 2023/04/14 15:07:57,450 87480 [INFO  ] [TestNG-test=KTtasksTest-1] qa.wrappers.BaseMethod qa.wrappers.BaseMethod.click(BaseMethod.java:484) - element clicked : [[ChromeDriver: chrome on MAC (a30e9b7ea19a7a79f3f20883722f1f66)] -> xpath: //input[@id="doors-height"]/parent::span/a[@class='ui-spinner-button ui-spinner-up ui-corner-tr']]
73 2023/04/14 15:07:57,489 87519 [INFO  ] [TestNG-test=KTtasksTest-1] qa.wrappers.BaseMethod qa.wrappers.BaseMethod.click(BaseMethod.java:481) - Trying to click on element: [[ChromeDriver: chrome on MAC (a30e9b7ea19a7a79f3f20883722f1f66)] -> xpath: //input[@id="doors-height"]/parent::span/a[@class='ui-spinner-button ui-spinner-up ui-corner-tr']]
74 2023/04/14 15:08:01,592 91622 [INFO  ] [TestNG-test=KTtasksTest-1] qa.wrappers.BaseMethod qa.wrappers.BaseMethod.click(BaseMethod.java:484) - element clicked : [[ChromeDriver: chrome on MAC (a30e9b7ea19a7a79f3f20883722f1f66)] -> xpath: //input[@id="doors-height"]/parent::span/a[@class='ui-spinner-button ui-spinner-up ui-corner-tr']]
75 2023/04/14 15:08:01,631 91661 [INFO  ] [TestNG-test=KTtasksTest-1] qa.wrappers.BaseMethod qa.wrappers.BaseMethod.click(BaseMethod.java:481) - Trying to click on element: [[ChromeDriver: chrome on MAC (a30e9b7ea19a7a79f3f20883722f1f66)] -> xpath: //input[@id="doors-height"]/parent::span/a[@class='ui-spinner-button ui-spinner-up ui-corner-tr']]
76 2023/04/14 15:08:05,897 95927 [INFO  ] [TestNG-test=KTtasksTest-1] qa.wrappers.BaseMethod qa.wrappers.BaseMethod.click(BaseMethod.java:484) - element clicked : [[ChromeDriver: chrome on MAC (a30e9b7ea19a7a79f3f20883722f1f66)] -> xpath: //input[@id="doors-height"]/parent::span/a[@class='ui-spinner-button ui-spinner-up ui-corner-tr']]
77 2023/04/14 15:08:05,945 95975 [INFO  ] [TestNG-test=KTtasksTest-1] qa.wrappers.BaseMethod qa.wrappers.BaseMethod.click(BaseMethod.java:481) - Trying to click on element: [[ChromeDriver: chrome on MAC (a30e9b7ea19a7a79f3f20883722f1f66)] -> xpath: //input[@id="doors-height"]/parent::span/a[@class='ui-spinner-button ui-spinner-up ui-corner-tr']]
78 2023/04/14 15:08:10,050 100080 [INFO  ] [TestNG-test=KTtasksTest-1] qa.wrappers.BaseMethod qa.wrappers.BaseMethod.click(BaseMethod.java:484) - element clicked : [[ChromeDriver: chrome on MAC (a30e9b7ea19a7a79f3f20883722f1f66)] -> xpath: //input[@id="doors-height"]/parent::span/a[@class='ui-spinner-button ui-spinner-up ui-corner-tr']]
79 2023/04/14 15:08:10,076 100106 [INFO  ] [TestNG-test=KTtasksTest-1] qa.wrappers.BaseMethod qa.wrappers.BaseMethod.click(BaseMethod.java:481) - Trying to click on element: [[ChromeDriver: chrome on MAC (a30e9b7ea19a7a79f3f20883722f1f66)] -> xpath: //input[@id="doors-height"]/parent::span/a[@class='ui-spinner-button ui-spinner-up ui-corner-tr']]
80 2023/04/14 15:08:14,270 104300 [INFO  ] [TestNG-test=KTtasksTest-1] qa.wrappers.BaseMethod qa.wrappers.BaseMethod.click(BaseMethod.java:484) - element clicked : [[ChromeDriver: chrome on MAC (a30e9b7ea19a7a79f3f20883722f1f66)] -> xpath: //input[@id="doors-height"]/parent::span/a[@class='ui-spinner-button ui-spinner-up ui-corner-tr']]
81 2023/04/14 15:08:14,289 104319 [INFO  ] [TestNG-test=KTtasksTest-1] qa.wrappers.BaseMethod qa.wrappers.BaseMethod.click(BaseMethod.java:481) - Trying to click on element: [[ChromeDriver: chrome on MAC (a30e9b7ea19a7a79f3f20883722f1f66)] -> xpath: //input[@id="doors-height"]/parent::span/a[@class='ui-spinner-button ui-spinner-up ui-corner-tr']]
82 2023/04/14 15:08:18,419 108449 [INFO  ] [TestNG-test=KTtasksTest-1] qa.wrappers.BaseMethod qa.wrappers.BaseMethod.click(BaseMethod.java:484) - element clicked : [[ChromeDriver: chrome on MAC (a30e9b7ea19a7a79f3f20883722f1f66)] -> xpath: //input[@id="doors-height"]/parent::span/a[@class='ui-spinner-button ui-spinner-up ui-corner-tr']]
83 2023/04/14 15:08:18,442 108472 [INFO  ] [TestNG-test=KTtasksTest-1] qa.wrappers.BaseMethod qa.wrappers.BaseMethod.click(BaseMethod.java:481) - Trying to click on element: [[ChromeDriver: chrome on MAC (a30e9b7ea19a7a79f3f20883722f1f66)] -> xpath: //input[@name="doorsWidth"]/parent::span/a[@class="ui-spinner-button ui-spinner-up ui-corner-tr"]]
84 2023/04/14 15:08:22,559 112589 [INFO  ] [TestNG-test=KTtasksTest-1] qa.wrappers.BaseMethod qa.wrappers.BaseMethod.click(BaseMethod.java:484) - element clicked : [[ChromeDriver: chrome on MAC (a30e9b7ea19a7a79f3f20883722f1f66)] -> xpath: //input[@name="doorsWidth"]/parent::span/a[@class="ui-spinner-button ui-spinner-up ui-corner-tr"]]
85 2023/04/14 15:08:22,607 112637 [INFO  ] [TestNG-test=KTtasksTest-1] qa.wrappers.BaseMethod qa.wrappers.BaseMethod.click(BaseMethod.java:481) - Trying to click on element: [[ChromeDriver: chrome on MAC (a30e9b7ea19a7a79f3f20883722f1f66)] -> xpath: //input[@name="doorsWidth"]/parent::span/a[@class="ui-spinner-button ui-spinner-up ui-corner-tr"]]
86 2023/04/14 15:08:26,705 116735 [INFO  ] [TestNG-test=KTtasksTest-1] qa.wrappers.BaseMethod qa.wrappers.BaseMethod.click(BaseMethod.java:484) - element clicked : [[ChromeDriver: chrome on MAC (a30e9b7ea19a7a79f3f20883722f1f66)] -> xpath: //input[@name="doorsWidth"]/parent::span/a[@class="ui-spinner-button ui-spinner-up ui-corner-tr"]]
87 2023/04/14 15:08:26,728 116758 [INFO  ] [TestNG-test=KTtasksTest-1] qa.wrappers.BaseMethod qa.wrappers.BaseMethod.click(BaseMethod.java:481) - Trying to click on element: [[ChromeDriver: chrome on MAC (a30e9b7ea19a7a79f3f20883722f1f66)] -> xpath: //input[@name="doorsWidth"]/parent::span/a[@class="ui-spinner-button ui-spinner-up ui-corner-tr"]]
88 2023/04/14 15:08:30,859 120889 [INFO  ] [TestNG-test=KTtasksTest-1] qa.wrappers.BaseMethod qa.wrappers.BaseMethod.click(BaseMethod.java:484) - element clicked : [[ChromeDriver: chrome on MAC (a30e9b7ea19a7a79f3f20883722f1f66)] -> xpath: //input[@name="doorsWidth"]/parent::span/a[@class="ui-spinner-button ui-spinner-up ui-corner-tr"]]
89 2023/04/14 15:08:35,086 125116 [INFO  ] [TestNG-test=KTtasksTest-1] qa.wrappers.BaseMethod qa.wrappers.BaseMethod.click(BaseMethod.java:481) - Trying to click on element: [[ChromeDriver: chrome on MAC (a30e9b7ea19a7a79f3f20883722f1f66)] -> xpath: //button[@data-id="windowsCount"]/following-sibling::div/ul/li[@data-original-index="3"]/a]
90 2023/04/14 15:08:39,382 129412 [INFO  ] [TestNG-test=KTtasksTest-1] qa.wrappers.BaseMethod qa.wrappers.BaseMethod.click(BaseMethod.java:484) - element clicked : [[ChromeDriver: chrome on MAC (a30e9b7ea19a7a79f3f20883722f1f66)] -> xpath: //button[@data-id="windowsCount"]/following-sibling::div/ul/li[@data-original-index="3"]/a]
91 2023/04/14 15:08:39,394 129424 [INFO  ] [TestNG-test=KTtasksTest-1] qa.wrappers.BaseMethod qa.wrappers.BaseMethod.click(BaseMethod.java:481) - Trying to click on element: [[ChromeDriver: chrome on MAC (a30e9b7ea19a7a79f3f20883722f1f66)] -> xpath: //input[@id="windows-height"]/following-sibling::a[@class="ui-spinner-button ui-spinner-up ui-corner-tr"]]
92 2023/04/14 15:08:43,504 133534 [INFO  ] [TestNG-test=KTtasksTest-1] qa.wrappers.BaseMethod qa.wrappers.BaseMethod.click(BaseMethod.java:484) - element clicked : [[ChromeDriver: chrome on MAC (a30e9b7ea19a7a79f3f20883722f1f66)] -> xpath: //input[@id="windows-height"]/following-sibling::a[@class="ui-spinner-button ui-spinner-up ui-corner-tr"]]
93 2023/04/14 15:08:43,528 133558 [INFO  ] [TestNG-test=KTtasksTest-1] qa.wrappers.BaseMethod qa.wrappers.BaseMethod.click(BaseMethod.java:481) - Trying to click on element: [[ChromeDriver: chrome on MAC (a30e9b7ea19a7a79f3f20883722f1f66)] -> xpath: //input[@id="windows-height"]/following-sibling::a[@class="ui-spinner-button ui-spinner-up ui-corner-tr"]]
94 2023/04/14 15:08:47,623 137653 [INFO  ] [TestNG-test=KTtasksTest-1] qa.wrappers.BaseMethod qa.wrappers.BaseMethod.click(BaseMethod.java:484) - element clicked : [[ChromeDriver: chrome on MAC (a30e9b7ea19a7a79f3f20883722f1f66)] -> xpath: //input[@id="windows-height"]/following-sibling::a[@class="ui-spinner-button ui-spinner-up ui-corner-tr"]]
95 2023/04/14 15:08:47,642 137672 [INFO  ] [TestNG-test=KTtasksTest-1] qa.wrappers.BaseMethod qa.wrappers.BaseMethod.click(BaseMethod.java:481) - Trying to click on element: [[ChromeDriver: chrome on MAC (a30e9b7ea19a7a79f3f20883722f1f66)] -> xpath: //input[@id="windows-height"]/following-sibling::a[@class="ui-spinner-button ui-spinner-up ui-corner-tr"]]
96 2023/04/14 15:08:51,724 141754 [INFO  ] [TestNG-test=KTtasksTest-1] qa.wrappers.BaseMethod qa.wrappers.BaseMethod.click(BaseMethod.java:484) - element clicked : [[ChromeDriver: chrome on MAC (a30e9b7ea19a7a79f3f20883722f1f66)] -> xpath: //input[@id="windows-height"]/following-sibling::a[@class="ui-spinner-button ui-spinner-up ui-corner-tr"]]
97 2023/04/14 15:08:51,842 141872 [INFO  ] [TestNG-test=KTtasksTest-1] qa.wrappers.BaseMethod qa.wrappers.BaseMethod.click(BaseMethod.java:481) - Trying to click on element: [[ChromeDriver: chrome on MAC (a30e9b7ea19a7a79f3f20883722f1f66)] -> xpath: //input[@id="windows-width"]/following-sibling::a[@class="ui-spinner-button ui-spinner-up ui-corner-tr"]]
98 2023/04/14 15:08:55,970 146000 [INFO  ] [TestNG-test=KTtasksTest-1] qa.wrappers.BaseMethod qa.wrappers.BaseMethod.click(BaseMethod.java:484) - element clicked : [[ChromeDriver: chrome on MAC (a30e9b7ea19a7a79f3f20883722f1f66)] -> xpath: //input[@id="windows-width"]/following-sibling::a[@class="ui-spinner-button ui-spinner-up ui-corner-tr"]]
99 2023/04/14 15:08:55,999 146029 [INFO  ] [TestNG-test=KTtasksTest-1] qa.wrappers.BaseMethod qa.wrappers.BaseMethod.click(BaseMethod.java:481) - Trying to click on element: [[ChromeDriver: chrome on MAC (a30e9b7ea19a7a79f3f20883722f1f66)] -> xpath: //input[@id="windows-width"]/following-sibling::a[@class="ui-spinner-button ui-spinner-up ui-corner-tr"]]
100 2023/04/14 15:09:00,122 150152 [INFO  ] [TestNG-test=KTtasksTest-1] qa.wrappers.BaseMethod qa.wrappers.BaseMethod.click(BaseMethod.java:484) - element clicked : [[ChromeDriver: chrome on MAC (a30e9b7ea19a7a79f3f20883722f1f66)] -> xpath: //input[@id="windows-width"]/following-sibling::a[@class="ui-spinner-button ui-spinner-up ui-corner-tr"]]
101 2023/04/14 15:09:00,166 150196 [INFO  ] [TestNG-test=KTtasksTest-1] qa.wrappers.BaseMethod qa.wrappers.BaseMethod.click(BaseMethod.java:481) - Trying to click on element: [[ChromeDriver: chrome on MAC (a30e9b7ea19a7a79f3f20883722f1f66)] -> xpath: //input[@id="windows-width"]/following-sibling::a[@class="ui-spinner-button ui-spinner-up ui-corner-tr"]]
102 2023/04/14 15:09:04,297 154327 [INFO  ] [TestNG-test=KTtasksTest-1] qa.wrappers.BaseMethod qa.wrappers.BaseMethod.click(BaseMethod.java:484) - element clicked : [[ChromeDriver: chrome on MAC (a30e9b7ea19a7a79f3f20883722f1f66)] -> xpath: //input[@id="windows-width"]/following-sibling::a[@class="ui-spinner-button ui-spinner-up ui-corner-tr"]]
103 2023/04/14 15:09:13,439 163469 [INFO  ] [TestNG-test=KTtasksTest-1] qa.wrappers.BaseMethod qa.wrappers.BaseMethod.click(BaseMethod.java:481) - Trying to click on element: [[ChromeDriver: chrome on MAC (a30e9b7ea19a7a79f3f20883722f1f66)] -> xpath: //div[@class="owl-controls"]/div/div[text()='next']]
104 2023/04/14 15:09:17,617 167647 [INFO  ] [TestNG-test=KTtasksTest-1] qa.wrappers.BaseMethod qa.wrappers.BaseMethod.click(BaseMethod.java:484) - element clicked : [[ChromeDriver: chrome on MAC (a30e9b7ea19a7a79f3f20883722f1f66)] -> xpath: //div[@class="owl-controls"]/div/div[text()='next']]
105 2023/04/14 15:09:18,165 168195 [INFO  ] [TestNG-test=KTtasksTest-1] qa.wrappers.BaseMethod qa.wrappers.BaseMethod.click(BaseMethod.java:481) - Trying to click on element: [[ChromeDriver: chrome on MAC (a30e9b7ea19a7a79f3f20883722f1f66)] -> xpath: //div[@class="owl-controls"]/div/div[text()='next']]
106 2023/04/14 15:09:22,270 172300 [INFO  ] [TestNG-test=KTtasksTest-1] qa.wrappers.BaseMethod qa.wrappers.BaseMethod.click(BaseMethod.java:484) - element clicked : [[ChromeDriver: chrome on MAC (a30e9b7ea19a7a79f3f20883722f1f66)] -> xpath: //div[@class="owl-controls"]/div/div[text()='next']]
107 2023/04/14 15:09:22,821 172851 [INFO  ] [TestNG-test=KTtasksTest-1] qa.wrappers.BaseMethod qa.wrappers.BaseMethod.click(BaseMethod.java:481) - Trying to click on element: [[ChromeDriver: chrome on MAC (a30e9b7ea19a7a79f3f20883722f1f66)] -> xpath: //div[@class="owl-controls"]/div/div[text()='next']]
108 2023/04/14 15:09:26,948 176978 [INFO  ] [TestNG-test=KTtasksTest-1] qa.wrappers.BaseMethod qa.wrappers.BaseMethod.click(BaseMethod.java:484) - element clicked : [[ChromeDriver: chrome on MAC (a30e9b7ea19a7a79f3f20883722f1f66)] -> xpath: //div[@class="owl-controls"]/div/div[text()='next']]
