1 2023/04/11 20:18:54,686 1931 [DEBUG ] [TestNG-test=KTtasksTest-1] internal.logging.InternalLoggerFactory internal.logging.InternalLoggerFactory.useLog4J2LoggerFactory(InternalLoggerFactory.java:76) - Using Log4J2 as the default logging framework
2 2023/04/11 20:18:54,693 1938 [DEBUG ] [TestNG-test=KTtasksTest-1] netty.util.ResourceLeakDetector netty.util.ResourceLeakDetector.<clinit>(ResourceLeakDetector.java:129) - -Dio.netty.leakDetection.level: simple
3 2023/04/11 20:18:54,693 1938 [DEBUG ] [TestNG-test=KTtasksTest-1] netty.util.ResourceLeakDetector netty.util.ResourceLeakDetector.<clinit>(ResourceLeakDetector.java:130) - -Dio.netty.leakDetection.targetRecords: 4
4 2023/04/11 20:18:54,700 1945 [DEBUG ] [TestNG-test=KTtasksTest-1] netty.util.ResourceLeakDetectorFactory netty.util.ResourceLeakDetectorFactory$DefaultResourceLeakDetectorFactory.newResourceLeakDetector(ResourceLeakDetectorFactory.java:196) - Loaded default ResourceLeakDetector: io.netty.util.ResourceLeakDetector@1c121c4e
5 2023/04/11 20:18:54,716 1961 [DEBUG ] [TestNG-test=KTtasksTest-1] util.internal.PlatformDependent0 util.internal.PlatformDependent0.explicitNoUnsafeCause0(PlatformDependent0.java:496) - -Dio.netty.noUnsafe: false
6 2023/04/11 20:18:54,716 1961 [DEBUG ] [TestNG-test=KTtasksTest-1] util.internal.PlatformDependent0 util.internal.PlatformDependent0.javaVersion0(PlatformDependent0.java:1000) - Java version: 8
7 2023/04/11 20:18:54,716 1961 [DEBUG ] [TestNG-test=KTtasksTest-1] util.internal.PlatformDependent0 util.internal.PlatformDependent0.<clinit>(PlatformDependent0.java:137) - sun.misc.Unsafe.theUnsafe: available
8 2023/04/11 20:18:54,717 1962 [DEBUG ] [TestNG-test=KTtasksTest-1] util.internal.PlatformDependent0 util.internal.PlatformDependent0.<clinit>(PlatformDependent0.java:161) - sun.misc.Unsafe.copyMemory: available
9 2023/04/11 20:18:54,718 1963 [DEBUG ] [TestNG-test=KTtasksTest-1] util.internal.PlatformDependent0 util.internal.PlatformDependent0.<clinit>(PlatformDependent0.java:193) - sun.misc.Unsafe.storeFence: available
10 2023/04/11 20:18:54,718 1963 [DEBUG ] [TestNG-test=KTtasksTest-1] util.internal.PlatformDependent0 util.internal.PlatformDependent0.<clinit>(PlatformDependent0.java:236) - java.nio.Buffer.address: available
11 2023/04/11 20:18:54,719 1964 [DEBUG ] [TestNG-test=KTtasksTest-1] util.internal.PlatformDependent0 util.internal.PlatformDependent0.<clinit>(PlatformDependent0.java:307) - direct buffer constructor: available
12 2023/04/11 20:18:54,720 1965 [DEBUG ] [TestNG-test=KTtasksTest-1] util.internal.PlatformDependent0 util.internal.PlatformDependent0.<clinit>(PlatformDependent0.java:385) - java.nio.Bits.unaligned: available, true
13 2023/04/11 20:18:54,720 1965 [DEBUG ] [TestNG-test=KTtasksTest-1] util.internal.PlatformDependent0 util.internal.PlatformDependent0.<clinit>(PlatformDependent0.java:459) - jdk.internal.misc.Unsafe.allocateUninitializedArray(int): unavailable prior to Java9
14 2023/04/11 20:18:54,721 1966 [DEBUG ] [TestNG-test=KTtasksTest-1] util.internal.PlatformDependent0 util.internal.PlatformDependent0.<clinit>(PlatformDependent0.java:482) - java.nio.DirectByteBuffer.<init>(long, int): available
15 2023/04/11 20:18:54,721 1966 [DEBUG ] [TestNG-test=KTtasksTest-1] util.internal.PlatformDependent util.internal.PlatformDependent.unsafeUnavailabilityCause0(PlatformDependent.java:1159) - sun.misc.Unsafe: available
16 2023/04/11 20:18:54,722 1967 [DEBUG ] [TestNG-test=KTtasksTest-1] util.internal.PlatformDependent util.internal.PlatformDependent.tmpdir0(PlatformDependent.java:1289) - -Dio.netty.tmpdir: /var/folders/b6/k_w0589j24712v_9f8zffkgnct9bh0/T (java.io.tmpdir)
17 2023/04/11 20:18:54,722 1967 [DEBUG ] [TestNG-test=KTtasksTest-1] util.internal.PlatformDependent util.internal.PlatformDependent.bitMode0(PlatformDependent.java:1368) - -Dio.netty.bitMode: 64 (sun.arch.data.model)
18 2023/04/11 20:18:54,725 1970 [DEBUG ] [TestNG-test=KTtasksTest-1] util.internal.PlatformDependent util.internal.PlatformDependent.isOsx0(PlatformDependent.java:1127) - Platform: MacOS
19 2023/04/11 20:18:54,728 1973 [DEBUG ] [TestNG-test=KTtasksTest-1] util.internal.PlatformDependent util.internal.PlatformDependent.<clinit>(PlatformDependent.java:178) - -Dio.netty.maxDirectMemory: 3817865216 bytes
20 2023/04/11 20:18:54,728 1973 [DEBUG ] [TestNG-test=KTtasksTest-1] util.internal.PlatformDependent util.internal.PlatformDependent.<clinit>(PlatformDependent.java:185) - -Dio.netty.uninitializedArrayAllocationThreshold: -1
21 2023/04/11 20:18:54,729 1974 [DEBUG ] [TestNG-test=KTtasksTest-1] util.internal.CleanerJava6 util.internal.CleanerJava6.<clinit>(CleanerJava6.java:92) - java.nio.ByteBuffer.cleaner(): available
22 2023/04/11 20:18:54,729 1974 [DEBUG ] [TestNG-test=KTtasksTest-1] util.internal.PlatformDependent util.internal.PlatformDependent.<clinit>(PlatformDependent.java:205) - -Dio.netty.noPreferDirect: false
23 2023/04/11 20:18:54,734 1979 [DEBUG ] [TestNG-test=KTtasksTest-1] util.internal.PlatformDependent util.internal.PlatformDependent$Mpsc.<clinit>(PlatformDependent.java:1010) - org.jctools-core.MpscChunkedArrayQueue: available
24 2023/04/11 20:18:54,748 1993 [DEBUG ] [TestNG-test=KTtasksTest-1] util.internal.InternalThreadLocalMap util.internal.InternalThreadLocalMap.<clinit>(InternalThreadLocalMap.java:100) - -Dio.netty.threadLocalMap.stringBuilder.initialSize: 1024
25 2023/04/11 20:18:54,748 1993 [DEBUG ] [TestNG-test=KTtasksTest-1] util.internal.InternalThreadLocalMap util.internal.InternalThreadLocalMap.<clinit>(InternalThreadLocalMap.java:101) - -Dio.netty.threadLocalMap.stringBuilder.maxSize: 4096
26 2023/04/11 20:18:54,963 2208 [DEBUG ] [TestNG-test=KTtasksTest-1] handler.ssl.JdkSslContext handler.ssl.JdkSslContext.<clinit>(JdkSslContext.java:83) - Default protocols (JDK): [TLSv1.3, TLSv1.2] 
27 2023/04/11 20:18:54,964 2209 [DEBUG ] [TestNG-test=KTtasksTest-1] handler.ssl.JdkSslContext handler.ssl.JdkSslContext.<clinit>(JdkSslContext.java:84) - Default cipher suites (JDK): [TLS_ECDHE_ECDSA_WITH_AES_256_GCM_SHA384, TLS_ECDHE_ECDSA_WITH_AES_128_GCM_SHA256, TLS_ECDHE_RSA_WITH_AES_128_GCM_SHA256, TLS_ECDHE_RSA_WITH_AES_256_GCM_SHA384, TLS_ECDHE_RSA_WITH_AES_128_CBC_SHA, TLS_ECDHE_RSA_WITH_AES_256_CBC_SHA, TLS_RSA_WITH_AES_128_GCM_SHA256, TLS_RSA_WITH_AES_128_CBC_SHA, TLS_RSA_WITH_AES_256_CBC_SHA, TLS_AES_128_GCM_SHA256, TLS_AES_256_GCM_SHA384]
28 2023/04/11 20:18:54,985 2230 [DEBUG ] [TestNG-test=KTtasksTest-1] netty.channel.MultithreadEventLoopGroup netty.channel.MultithreadEventLoopGroup.<clinit>(MultithreadEventLoopGroup.java:44) - -Dio.netty.eventLoopThreads: 16
29 2023/04/11 20:18:54,992 2237 [DEBUG ] [TestNG-test=KTtasksTest-1] channel.nio.NioEventLoop channel.nio.NioEventLoop.<clinit>(NioEventLoop.java:110) - -Dio.netty.noKeySetOptimization: false
30 2023/04/11 20:18:54,993 2238 [DEBUG ] [TestNG-test=KTtasksTest-1] channel.nio.NioEventLoop channel.nio.NioEventLoop.<clinit>(NioEventLoop.java:111) - -Dio.netty.selectorAutoRebuildThreshold: 512
31 2023/04/11 20:18:55,012 2257 [DEBUG ] [TestNG-test=KTtasksTest-1] netty.buffer.PooledByteBufAllocator netty.buffer.PooledByteBufAllocator.<clinit>(PooledByteBufAllocator.java:157) - -Dio.netty.allocator.numHeapArenas: 16
32 2023/04/11 20:18:55,012 2257 [DEBUG ] [TestNG-test=KTtasksTest-1] netty.buffer.PooledByteBufAllocator netty.buffer.PooledByteBufAllocator.<clinit>(PooledByteBufAllocator.java:158) - -Dio.netty.allocator.numDirectArenas: 16
33 2023/04/11 20:18:55,012 2257 [DEBUG ] [TestNG-test=KTtasksTest-1] netty.buffer.PooledByteBufAllocator netty.buffer.PooledByteBufAllocator.<clinit>(PooledByteBufAllocator.java:160) - -Dio.netty.allocator.pageSize: 8192
34 2023/04/11 20:18:55,012 2257 [DEBUG ] [TestNG-test=KTtasksTest-1] netty.buffer.PooledByteBufAllocator netty.buffer.PooledByteBufAllocator.<clinit>(PooledByteBufAllocator.java:165) - -Dio.netty.allocator.maxOrder: 9
35 2023/04/11 20:18:55,013 2258 [DEBUG ] [TestNG-test=KTtasksTest-1] netty.buffer.PooledByteBufAllocator netty.buffer.PooledByteBufAllocator.<clinit>(PooledByteBufAllocator.java:169) - -Dio.netty.allocator.chunkSize: 4194304
36 2023/04/11 20:18:55,013 2258 [DEBUG ] [TestNG-test=KTtasksTest-1] netty.buffer.PooledByteBufAllocator netty.buffer.PooledByteBufAllocator.<clinit>(PooledByteBufAllocator.java:170) - -Dio.netty.allocator.smallCacheSize: 256
37 2023/04/11 20:18:55,013 2258 [DEBUG ] [TestNG-test=KTtasksTest-1] netty.buffer.PooledByteBufAllocator netty.buffer.PooledByteBufAllocator.<clinit>(PooledByteBufAllocator.java:171) - -Dio.netty.allocator.normalCacheSize: 64
38 2023/04/11 20:18:55,013 2258 [DEBUG ] [TestNG-test=KTtasksTest-1] netty.buffer.PooledByteBufAllocator netty.buffer.PooledByteBufAllocator.<clinit>(PooledByteBufAllocator.java:172) - -Dio.netty.allocator.maxCachedBufferCapacity: 32768
39 2023/04/11 20:18:55,013 2258 [DEBUG ] [TestNG-test=KTtasksTest-1] netty.buffer.PooledByteBufAllocator netty.buffer.PooledByteBufAllocator.<clinit>(PooledByteBufAllocator.java:173) - -Dio.netty.allocator.cacheTrimInterval: 8192
40 2023/04/11 20:18:55,013 2258 [DEBUG ] [TestNG-test=KTtasksTest-1] netty.buffer.PooledByteBufAllocator netty.buffer.PooledByteBufAllocator.<clinit>(PooledByteBufAllocator.java:174) - -Dio.netty.allocator.cacheTrimIntervalMillis: 0
41 2023/04/11 20:18:55,014 2259 [DEBUG ] [TestNG-test=KTtasksTest-1] netty.buffer.PooledByteBufAllocator netty.buffer.PooledByteBufAllocator.<clinit>(PooledByteBufAllocator.java:175) - -Dio.netty.allocator.useCacheForAllThreads: false
42 2023/04/11 20:18:55,014 2259 [DEBUG ] [TestNG-test=KTtasksTest-1] netty.buffer.PooledByteBufAllocator netty.buffer.PooledByteBufAllocator.<clinit>(PooledByteBufAllocator.java:176) - -Dio.netty.allocator.maxCachedByteBuffersPerChunk: 1023
43 2023/04/11 20:18:55,022 2267 [DEBUG ] [TestNG-test=KTtasksTest-1] netty.buffer.ByteBufUtil netty.buffer.ByteBufUtil.<clinit>(ByteBufUtil.java:87) - -Dio.netty.allocator.type: pooled
44 2023/04/11 20:18:55,024 2269 [DEBUG ] [TestNG-test=KTtasksTest-1] netty.buffer.ByteBufUtil netty.buffer.ByteBufUtil.<clinit>(ByteBufUtil.java:96) - -Dio.netty.threadLocalDirectBufferSize: 0
45 2023/04/11 20:18:55,024 2269 [DEBUG ] [TestNG-test=KTtasksTest-1] netty.buffer.ByteBufUtil netty.buffer.ByteBufUtil.<clinit>(ByteBufUtil.java:99) - -Dio.netty.maxThreadLocalCharBufferSize: 16384
46 2023/04/11 20:18:55,360 2605 [DEBUG ] [Forwarding newSession on session null to remote] netty.channel.DefaultChannelId netty.channel.DefaultChannelId.<clinit>(DefaultChannelId.java:79) - -Dio.netty.processId: 49219 (auto-detected)
47 2023/04/11 20:18:55,362 2607 [DEBUG ] [Forwarding newSession on session null to remote] netty.util.NetUtil netty.util.NetUtil.<clinit>(NetUtil.java:142) - -Djava.net.preferIPv4Stack: true
48 2023/04/11 20:18:55,363 2608 [DEBUG ] [Forwarding newSession on session null to remote] netty.util.NetUtil netty.util.NetUtil.<clinit>(NetUtil.java:143) - -Djava.net.preferIPv6Addresses: false
49 2023/04/11 20:18:55,365 2610 [DEBUG ] [Forwarding newSession on session null to remote] netty.util.NetUtilInitializations netty.util.NetUtilInitializations.determineLoopback(NetUtilInitializations.java:139) - Loopback interface: lo0 (lo0, 0:0:0:0:0:0:0:1%lo0)
50 2023/04/11 20:18:55,366 2611 [DEBUG ] [Forwarding newSession on session null to remote] netty.util.NetUtil netty.util.NetUtil$SoMaxConnAction.run(NetUtil.java:200) - Failed to get SOMAXCONN from sysctl and file /proc/sys/net/core/somaxconn. Default: 128
51 2023/04/11 20:18:55,368 2613 [DEBUG ] [Forwarding newSession on session null to remote] netty.channel.DefaultChannelId netty.channel.DefaultChannelId.<clinit>(DefaultChannelId.java:101) - -Dio.netty.machineId: bc:d0:74:ff:fe:f0:77:f0 (auto-detected)
52 2023/04/11 20:18:55,421 2666 [DEBUG ] [AsyncHttpClient-1-2] netty.buffer.AbstractByteBuf netty.buffer.AbstractByteBuf.<clinit>(AbstractByteBuf.java:63) - -Dio.netty.buffer.checkAccessible: true
53 2023/04/11 20:18:55,422 2667 [DEBUG ] [AsyncHttpClient-1-2] netty.buffer.AbstractByteBuf netty.buffer.AbstractByteBuf.<clinit>(AbstractByteBuf.java:64) - -Dio.netty.buffer.checkBounds: true
54 2023/04/11 20:18:55,422 2667 [DEBUG ] [AsyncHttpClient-1-2] netty.util.ResourceLeakDetectorFactory netty.util.ResourceLeakDetectorFactory$DefaultResourceLeakDetectorFactory.newResourceLeakDetector(ResourceLeakDetectorFactory.java:196) - Loaded default ResourceLeakDetector: io.netty.util.ResourceLeakDetector@dfedf8
55 2023/04/11 20:18:55,437 2682 [DEBUG ] [AsyncHttpClient-1-2] netty.util.Recycler netty.util.Recycler.<clinit>(Recycler.java:85) - -Dio.netty.recycler.maxCapacityPerThread: 4096
56 2023/04/11 20:18:55,438 2683 [DEBUG ] [AsyncHttpClient-1-2] netty.util.Recycler netty.util.Recycler.<clinit>(Recycler.java:86) - -Dio.netty.recycler.ratio: 8
57 2023/04/11 20:18:55,438 2683 [DEBUG ] [AsyncHttpClient-1-2] netty.util.Recycler netty.util.Recycler.<clinit>(Recycler.java:87) - -Dio.netty.recycler.chunkSize: 32
58 2023/04/11 20:18:55,438 2683 [DEBUG ] [AsyncHttpClient-1-2] netty.util.Recycler netty.util.Recycler.<clinit>(Recycler.java:88) - -Dio.netty.recycler.blocking: false
59 2023/04/11 20:19:00,015 7260 [DEBUG ] [AsyncHttpClient-1-2] codec.compression.Brotli codec.compression.Brotli.<clinit>(Brotli.java:38) - brotli4j not in the classpath; Brotli support will be unavailable.
60 2023/04/11 20:19:00,109 7354 [DEBUG ] [TestNG-test=KTtasksTest-1] util.internal.ThreadLocalRandom util.internal.ThreadLocalRandom.newSeed(ThreadLocalRandom.java:214) - -Dio.netty.initialSeedUniquifier: 0x6f464cd10fe0705c
61 2023/04/11 20:19:28,800 36045 [INFO  ] [TestNG-test=KTtasksTest-1] qa.wrappers.BaseMethod qa.wrappers.BaseMethod.click(BaseMethod.java:323) - Trying to click on element: [[ChromeDriver: chrome on MAC (841828c29a40ffff4c2a7254c3437e32)] -> xpath: //*[@id='bergerMenu']]
62 2023/04/11 20:19:34,160 41405 [INFO  ] [TestNG-test=KTtasksTest-1] qa.wrappers.BaseMethod qa.wrappers.BaseMethod.click(BaseMethod.java:326) - element clicked : [[ChromeDriver: chrome on MAC (841828c29a40ffff4c2a7254c3437e32)] -> xpath: //*[@id='bergerMenu']]
63 2023/04/11 20:19:34,230 41475 [INFO  ] [TestNG-test=KTtasksTest-1] qa.wrappers.BaseMethod qa.wrappers.BaseMethod.click(BaseMethod.java:323) - Trying to click on element: [[ChromeDriver: chrome on MAC (841828c29a40ffff4c2a7254c3437e32)] -> xpath: (//a[text()='Home Users'])[1]]
64 2023/04/11 20:19:38,706 45951 [INFO  ] [TestNG-test=KTtasksTest-1] qa.wrappers.BaseMethod qa.wrappers.BaseMethod.click(BaseMethod.java:326) - element clicked : [[ChromeDriver: chrome on MAC (841828c29a40ffff4c2a7254c3437e32)] -> xpath: (//a[text()='Home Users'])[1]]
65 2023/04/11 20:19:38,825 46070 [INFO  ] [TestNG-test=KTtasksTest-1] qa.wrappers.BaseMethod qa.wrappers.BaseMethod.click(BaseMethod.java:323) - Trying to click on element: [[ChromeDriver: chrome on MAC (841828c29a40ffff4c2a7254c3437e32)] -> xpath: (//a[@title='Paint Calculator'])[1]]
66 2023/04/11 20:19:47,223 54468 [INFO  ] [TestNG-test=KTtasksTest-1] qa.wrappers.BaseMethod qa.wrappers.BaseMethod.click(BaseMethod.java:326) - element clicked : [[ChromeDriver: chrome on MAC (841828c29a40ffff4c2a7254c3437e32)] -> xpath: (//a[@title='Paint Calculator'])[1]]
67 2023/04/11 20:19:49,808 57053 [INFO  ] [TestNG-test=KTtasksTest-1] qa.wrappers.BaseMethod qa.wrappers.BaseMethod.click(BaseMethod.java:323) - Trying to click on element: [[ChromeDriver: chrome on MAC (841828c29a40ffff4c2a7254c3437e32)] -> xpath: //span[text()='Re-Paint']]
68 2023/04/11 20:19:54,145 61390 [INFO  ] [TestNG-test=KTtasksTest-1] qa.wrappers.BaseMethod qa.wrappers.BaseMethod.click(BaseMethod.java:326) - element clicked : [[ChromeDriver: chrome on MAC (841828c29a40ffff4c2a7254c3437e32)] -> xpath: //span[text()='Re-Paint']]
69 2023/04/11 20:20:07,162 74407 [INFO  ] [TestNG-test=KTtasksTest-1] qa.wrappers.BaseMethod qa.wrappers.BaseMethod.click(BaseMethod.java:323) - Trying to click on element: [[ChromeDriver: chrome on MAC (841828c29a40ffff4c2a7254c3437e32)] -> xpath: //button[@data-id='doorsCount']/following-sibling::div/ul/li[@data-original-index='2']/a]
70 2023/04/11 20:20:12,115 79360 [INFO  ] [TestNG-test=KTtasksTest-1] qa.wrappers.BaseMethod qa.wrappers.BaseMethod.click(BaseMethod.java:326) - element clicked : [[ChromeDriver: chrome on MAC (841828c29a40ffff4c2a7254c3437e32)] -> xpath: //button[@data-id='doorsCount']/following-sibling::div/ul/li[@data-original-index='2']/a]
71 2023/04/11 20:20:12,125 79370 [INFO  ] [TestNG-test=KTtasksTest-1] qa.wrappers.BaseMethod qa.wrappers.BaseMethod.click(BaseMethod.java:323) - Trying to click on element: [[ChromeDriver: chrome on MAC (841828c29a40ffff4c2a7254c3437e32)] -> xpath: //input[@id="doors-height"]/parent::span/a[@class='ui-spinner-button ui-spinner-up ui-corner-tr']]
72 2023/04/11 20:20:16,359 83604 [INFO  ] [TestNG-test=KTtasksTest-1] qa.wrappers.BaseMethod qa.wrappers.BaseMethod.click(BaseMethod.java:326) - element clicked : [[ChromeDriver: chrome on MAC (841828c29a40ffff4c2a7254c3437e32)] -> xpath: //input[@id="doors-height"]/parent::span/a[@class='ui-spinner-button ui-spinner-up ui-corner-tr']]
73 2023/04/11 20:20:16,412 83657 [INFO  ] [TestNG-test=KTtasksTest-1] qa.wrappers.BaseMethod qa.wrappers.BaseMethod.click(BaseMethod.java:323) - Trying to click on element: [[ChromeDriver: chrome on MAC (841828c29a40ffff4c2a7254c3437e32)] -> xpath: //input[@id="doors-height"]/parent::span/a[@class='ui-spinner-button ui-spinner-up ui-corner-tr']]
74 2023/04/11 20:20:20,523 87768 [INFO  ] [TestNG-test=KTtasksTest-1] qa.wrappers.BaseMethod qa.wrappers.BaseMethod.click(BaseMethod.java:326) - element clicked : [[ChromeDriver: chrome on MAC (841828c29a40ffff4c2a7254c3437e32)] -> xpath: //input[@id="doors-height"]/parent::span/a[@class='ui-spinner-button ui-spinner-up ui-corner-tr']]
75 2023/04/11 20:20:20,567 87812 [INFO  ] [TestNG-test=KTtasksTest-1] qa.wrappers.BaseMethod qa.wrappers.BaseMethod.click(BaseMethod.java:323) - Trying to click on element: [[ChromeDriver: chrome on MAC (841828c29a40ffff4c2a7254c3437e32)] -> xpath: //input[@id="doors-height"]/parent::span/a[@class='ui-spinner-button ui-spinner-up ui-corner-tr']]
76 2023/04/11 20:20:24,784 92029 [INFO  ] [TestNG-test=KTtasksTest-1] qa.wrappers.BaseMethod qa.wrappers.BaseMethod.click(BaseMethod.java:326) - element clicked : [[ChromeDriver: chrome on MAC (841828c29a40ffff4c2a7254c3437e32)] -> xpath: //input[@id="doors-height"]/parent::span/a[@class='ui-spinner-button ui-spinner-up ui-corner-tr']]
77 2023/04/11 20:20:24,873 92118 [INFO  ] [TestNG-test=KTtasksTest-1] qa.wrappers.BaseMethod qa.wrappers.BaseMethod.click(BaseMethod.java:323) - Trying to click on element: [[ChromeDriver: chrome on MAC (841828c29a40ffff4c2a7254c3437e32)] -> xpath: //input[@id="doors-height"]/parent::span/a[@class='ui-spinner-button ui-spinner-up ui-corner-tr']]
78 2023/04/11 20:20:29,033 96278 [INFO  ] [TestNG-test=KTtasksTest-1] qa.wrappers.BaseMethod qa.wrappers.BaseMethod.click(BaseMethod.java:326) - element clicked : [[ChromeDriver: chrome on MAC (841828c29a40ffff4c2a7254c3437e32)] -> xpath: //input[@id="doors-height"]/parent::span/a[@class='ui-spinner-button ui-spinner-up ui-corner-tr']]
79 2023/04/11 20:20:29,065 96310 [INFO  ] [TestNG-test=KTtasksTest-1] qa.wrappers.BaseMethod qa.wrappers.BaseMethod.click(BaseMethod.java:323) - Trying to click on element: [[ChromeDriver: chrome on MAC (841828c29a40ffff4c2a7254c3437e32)] -> xpath: //input[@id="doors-height"]/parent::span/a[@class='ui-spinner-button ui-spinner-up ui-corner-tr']]
80 2023/04/11 20:20:33,214 100459 [INFO  ] [TestNG-test=KTtasksTest-1] qa.wrappers.BaseMethod qa.wrappers.BaseMethod.click(BaseMethod.java:326) - element clicked : [[ChromeDriver: chrome on MAC (841828c29a40ffff4c2a7254c3437e32)] -> xpath: //input[@id="doors-height"]/parent::span/a[@class='ui-spinner-button ui-spinner-up ui-corner-tr']]
81 2023/04/11 20:20:33,249 100494 [INFO  ] [TestNG-test=KTtasksTest-1] qa.wrappers.BaseMethod qa.wrappers.BaseMethod.click(BaseMethod.java:323) - Trying to click on element: [[ChromeDriver: chrome on MAC (841828c29a40ffff4c2a7254c3437e32)] -> xpath: //input[@id="doors-height"]/parent::span/a[@class='ui-spinner-button ui-spinner-up ui-corner-tr']]
82 2023/04/11 20:20:37,381 104626 [INFO  ] [TestNG-test=KTtasksTest-1] qa.wrappers.BaseMethod qa.wrappers.BaseMethod.click(BaseMethod.java:326) - element clicked : [[ChromeDriver: chrome on MAC (841828c29a40ffff4c2a7254c3437e32)] -> xpath: //input[@id="doors-height"]/parent::span/a[@class='ui-spinner-button ui-spinner-up ui-corner-tr']]
83 2023/04/11 20:20:37,431 104676 [INFO  ] [TestNG-test=KTtasksTest-1] qa.wrappers.BaseMethod qa.wrappers.BaseMethod.click(BaseMethod.java:323) - Trying to click on element: [[ChromeDriver: chrome on MAC (841828c29a40ffff4c2a7254c3437e32)] -> xpath: //input[@name="doorsWidth"]/parent::span/a[@class="ui-spinner-button ui-spinner-up ui-corner-tr"]]
84 2023/04/11 20:20:41,557 108802 [INFO  ] [TestNG-test=KTtasksTest-1] qa.wrappers.BaseMethod qa.wrappers.BaseMethod.click(BaseMethod.java:326) - element clicked : [[ChromeDriver: chrome on MAC (841828c29a40ffff4c2a7254c3437e32)] -> xpath: //input[@name="doorsWidth"]/parent::span/a[@class="ui-spinner-button ui-spinner-up ui-corner-tr"]]
85 2023/04/11 20:20:41,586 108831 [INFO  ] [TestNG-test=KTtasksTest-1] qa.wrappers.BaseMethod qa.wrappers.BaseMethod.click(BaseMethod.java:323) - Trying to click on element: [[ChromeDriver: chrome on MAC (841828c29a40ffff4c2a7254c3437e32)] -> xpath: //input[@name="doorsWidth"]/parent::span/a[@class="ui-spinner-button ui-spinner-up ui-corner-tr"]]
86 2023/04/11 20:20:45,660 112905 [INFO  ] [TestNG-test=KTtasksTest-1] qa.wrappers.BaseMethod qa.wrappers.BaseMethod.click(BaseMethod.java:326) - element clicked : [[ChromeDriver: chrome on MAC (841828c29a40ffff4c2a7254c3437e32)] -> xpath: //input[@name="doorsWidth"]/parent::span/a[@class="ui-spinner-button ui-spinner-up ui-corner-tr"]]
87 2023/04/11 20:20:45,683 112928 [INFO  ] [TestNG-test=KTtasksTest-1] qa.wrappers.BaseMethod qa.wrappers.BaseMethod.click(BaseMethod.java:323) - Trying to click on element: [[ChromeDriver: chrome on MAC (841828c29a40ffff4c2a7254c3437e32)] -> xpath: //input[@name="doorsWidth"]/parent::span/a[@class="ui-spinner-button ui-spinner-up ui-corner-tr"]]
88 2023/04/11 20:20:49,788 117033 [INFO  ] [TestNG-test=KTtasksTest-1] qa.wrappers.BaseMethod qa.wrappers.BaseMethod.click(BaseMethod.java:326) - element clicked : [[ChromeDriver: chrome on MAC (841828c29a40ffff4c2a7254c3437e32)] -> xpath: //input[@name="doorsWidth"]/parent::span/a[@class="ui-spinner-button ui-spinner-up ui-corner-tr"]]
89 2023/04/11 20:20:53,986 121231 [INFO  ] [TestNG-test=KTtasksTest-1] qa.wrappers.BaseMethod qa.wrappers.BaseMethod.click(BaseMethod.java:323) - Trying to click on element: [[ChromeDriver: chrome on MAC (841828c29a40ffff4c2a7254c3437e32)] -> xpath: //button[@data-id="windowsCount"]/following-sibling::div/ul/li[@data-original-index="3"]/a]
90 2023/04/11 20:20:58,281 125526 [INFO  ] [TestNG-test=KTtasksTest-1] qa.wrappers.BaseMethod qa.wrappers.BaseMethod.click(BaseMethod.java:326) - element clicked : [[ChromeDriver: chrome on MAC (841828c29a40ffff4c2a7254c3437e32)] -> xpath: //button[@data-id="windowsCount"]/following-sibling::div/ul/li[@data-original-index="3"]/a]
91 2023/04/11 20:20:58,297 125542 [INFO  ] [TestNG-test=KTtasksTest-1] qa.wrappers.BaseMethod qa.wrappers.BaseMethod.click(BaseMethod.java:323) - Trying to click on element: [[ChromeDriver: chrome on MAC (841828c29a40ffff4c2a7254c3437e32)] -> xpath: //input[@id="windows-height"]/following-sibling::a[@class="ui-spinner-button ui-spinner-up ui-corner-tr"]]
92 2023/04/11 20:21:02,401 129646 [INFO  ] [TestNG-test=KTtasksTest-1] qa.wrappers.BaseMethod qa.wrappers.BaseMethod.click(BaseMethod.java:326) - element clicked : [[ChromeDriver: chrome on MAC (841828c29a40ffff4c2a7254c3437e32)] -> xpath: //input[@id="windows-height"]/following-sibling::a[@class="ui-spinner-button ui-spinner-up ui-corner-tr"]]
93 2023/04/11 20:21:02,432 129677 [INFO  ] [TestNG-test=KTtasksTest-1] qa.wrappers.BaseMethod qa.wrappers.BaseMethod.click(BaseMethod.java:323) - Trying to click on element: [[ChromeDriver: chrome on MAC (841828c29a40ffff4c2a7254c3437e32)] -> xpath: //input[@id="windows-height"]/following-sibling::a[@class="ui-spinner-button ui-spinner-up ui-corner-tr"]]
94 2023/04/11 20:21:06,505 133750 [INFO  ] [TestNG-test=KTtasksTest-1] qa.wrappers.BaseMethod qa.wrappers.BaseMethod.click(BaseMethod.java:326) - element clicked : [[ChromeDriver: chrome on MAC (841828c29a40ffff4c2a7254c3437e32)] -> xpath: //input[@id="windows-height"]/following-sibling::a[@class="ui-spinner-button ui-spinner-up ui-corner-tr"]]
95 2023/04/11 20:21:06,533 133778 [INFO  ] [TestNG-test=KTtasksTest-1] qa.wrappers.BaseMethod qa.wrappers.BaseMethod.click(BaseMethod.java:323) - Trying to click on element: [[ChromeDriver: chrome on MAC (841828c29a40ffff4c2a7254c3437e32)] -> xpath: //input[@id="windows-height"]/following-sibling::a[@class="ui-spinner-button ui-spinner-up ui-corner-tr"]]
96 2023/04/11 20:21:10,614 137859 [INFO  ] [TestNG-test=KTtasksTest-1] qa.wrappers.BaseMethod qa.wrappers.BaseMethod.click(BaseMethod.java:326) - element clicked : [[ChromeDriver: chrome on MAC (841828c29a40ffff4c2a7254c3437e32)] -> xpath: //input[@id="windows-height"]/following-sibling::a[@class="ui-spinner-button ui-spinner-up ui-corner-tr"]]
97 2023/04/11 20:21:10,712 137957 [INFO  ] [TestNG-test=KTtasksTest-1] qa.wrappers.BaseMethod qa.wrappers.BaseMethod.click(BaseMethod.java:323) - Trying to click on element: [[ChromeDriver: chrome on MAC (841828c29a40ffff4c2a7254c3437e32)] -> xpath: //input[@id="windows-width"]/following-sibling::a[@class="ui-spinner-button ui-spinner-up ui-corner-tr"]]
98 2023/04/11 20:21:14,848 142093 [INFO  ] [TestNG-test=KTtasksTest-1] qa.wrappers.BaseMethod qa.wrappers.BaseMethod.click(BaseMethod.java:326) - element clicked : [[ChromeDriver: chrome on MAC (841828c29a40ffff4c2a7254c3437e32)] -> xpath: //input[@id="windows-width"]/following-sibling::a[@class="ui-spinner-button ui-spinner-up ui-corner-tr"]]
99 2023/04/11 20:21:14,877 142122 [INFO  ] [TestNG-test=KTtasksTest-1] qa.wrappers.BaseMethod qa.wrappers.BaseMethod.click(BaseMethod.java:323) - Trying to click on element: [[ChromeDriver: chrome on MAC (841828c29a40ffff4c2a7254c3437e32)] -> xpath: //input[@id="windows-width"]/following-sibling::a[@class="ui-spinner-button ui-spinner-up ui-corner-tr"]]
100 2023/04/11 20:21:18,990 146235 [INFO  ] [TestNG-test=KTtasksTest-1] qa.wrappers.BaseMethod qa.wrappers.BaseMethod.click(BaseMethod.java:326) - element clicked : [[ChromeDriver: chrome on MAC (841828c29a40ffff4c2a7254c3437e32)] -> xpath: //input[@id="windows-width"]/following-sibling::a[@class="ui-spinner-button ui-spinner-up ui-corner-tr"]]
101 2023/04/11 20:21:19,050 146295 [INFO  ] [TestNG-test=KTtasksTest-1] qa.wrappers.BaseMethod qa.wrappers.BaseMethod.click(BaseMethod.java:323) - Trying to click on element: [[ChromeDriver: chrome on MAC (841828c29a40ffff4c2a7254c3437e32)] -> xpath: //input[@id="windows-width"]/following-sibling::a[@class="ui-spinner-button ui-spinner-up ui-corner-tr"]]
102 2023/04/11 20:21:23,185 150430 [INFO  ] [TestNG-test=KTtasksTest-1] qa.wrappers.BaseMethod qa.wrappers.BaseMethod.click(BaseMethod.java:326) - element clicked : [[ChromeDriver: chrome on MAC (841828c29a40ffff4c2a7254c3437e32)] -> xpath: //input[@id="windows-width"]/following-sibling::a[@class="ui-spinner-button ui-spinner-up ui-corner-tr"]]
103 2023/04/11 20:21:29,996 157241 [INFO  ] [TestNG-test=KTtasksTest-1] qa.wrappers.BaseMethod qa.wrappers.BaseMethod.click(BaseMethod.java:323) - Trying to click on element: [[ChromeDriver: chrome on MAC (841828c29a40ffff4c2a7254c3437e32)] -> xpath: //div[@class="owl-controls"]/div/div[text()='next']]
104 2023/04/11 20:21:34,172 161417 [INFO  ] [TestNG-test=KTtasksTest-1] qa.wrappers.BaseMethod qa.wrappers.BaseMethod.click(BaseMethod.java:326) - element clicked : [[ChromeDriver: chrome on MAC (841828c29a40ffff4c2a7254c3437e32)] -> xpath: //div[@class="owl-controls"]/div/div[text()='next']]
105 2023/04/11 20:21:34,719 161964 [INFO  ] [TestNG-test=KTtasksTest-1] qa.wrappers.BaseMethod qa.wrappers.BaseMethod.click(BaseMethod.java:323) - Trying to click on element: [[ChromeDriver: chrome on MAC (841828c29a40ffff4c2a7254c3437e32)] -> xpath: //div[@class="owl-controls"]/div/div[text()='next']]
106 2023/04/11 20:21:38,810 166055 [INFO  ] [TestNG-test=KTtasksTest-1] qa.wrappers.BaseMethod qa.wrappers.BaseMethod.click(BaseMethod.java:326) - element clicked : [[ChromeDriver: chrome on MAC (841828c29a40ffff4c2a7254c3437e32)] -> xpath: //div[@class="owl-controls"]/div/div[text()='next']]
107 2023/04/11 20:21:39,363 166608 [INFO  ] [TestNG-test=KTtasksTest-1] qa.wrappers.BaseMethod qa.wrappers.BaseMethod.click(BaseMethod.java:323) - Trying to click on element: [[ChromeDriver: chrome on MAC (841828c29a40ffff4c2a7254c3437e32)] -> xpath: //div[@class="owl-controls"]/div/div[text()='next']]
108 2023/04/11 20:21:43,521 170766 [INFO  ] [TestNG-test=KTtasksTest-1] qa.wrappers.BaseMethod qa.wrappers.BaseMethod.click(BaseMethod.java:326) - element clicked : [[ChromeDriver: chrome on MAC (841828c29a40ffff4c2a7254c3437e32)] -> xpath: //div[@class="owl-controls"]/div/div[text()='next']]
