1 2022/08/08 16:06:32,779 3051 [DEBUG ] [main] internal.logging.InternalLoggerFactory internal.logging.InternalLoggerFactory.useLog4J2LoggerFactory(InternalLoggerFactory.java:76) - Using Log4J2 as the default logging framework
2 2022/08/08 16:06:32,789 3061 [DEBUG ] [main] netty.util.ResourceLeakDetector netty.util.ResourceLeakDetector.<clinit>(ResourceLeakDetector.java:129) - -Dio.netty.leakDetection.level: simple
3 2022/08/08 16:06:32,790 3062 [DEBUG ] [main] netty.util.ResourceLeakDetector netty.util.ResourceLeakDetector.<clinit>(ResourceLeakDetector.java:130) - -Dio.netty.leakDetection.targetRecords: 4
4 2022/08/08 16:06:32,795 3067 [DEBUG ] [main] netty.util.ResourceLeakDetectorFactory netty.util.ResourceLeakDetectorFactory$DefaultResourceLeakDetectorFactory.newResourceLeakDetector(ResourceLeakDetectorFactory.java:196) - Loaded default ResourceLeakDetector: io.netty.util.ResourceLeakDetector@12958360
5 2022/08/08 16:06:32,820 3092 [DEBUG ] [main] util.internal.PlatformDependent0 util.internal.PlatformDependent0.explicitNoUnsafeCause0(PlatformDependent0.java:460) - -Dio.netty.noUnsafe: false
6 2022/08/08 16:06:32,820 3092 [DEBUG ] [main] util.internal.PlatformDependent0 util.internal.PlatformDependent0.javaVersion0(PlatformDependent0.java:954) - Java version: 16
7 2022/08/08 16:06:32,822 3094 [DEBUG ] [main] util.internal.PlatformDependent0 util.internal.PlatformDependent0.<clinit>(PlatformDependent0.java:135) - sun.misc.Unsafe.theUnsafe: available
8 2022/08/08 16:06:32,823 3095 [DEBUG ] [main] util.internal.PlatformDependent0 util.internal.PlatformDependent0.<clinit>(PlatformDependent0.java:159) - sun.misc.Unsafe.copyMemory: available
9 2022/08/08 16:06:32,824 3096 [DEBUG ] [main] util.internal.PlatformDependent0 util.internal.PlatformDependent0.<clinit>(PlatformDependent0.java:202) - java.nio.Buffer.address: available
10 2022/08/08 16:06:32,825 3097 [DEBUG ] [main] util.internal.PlatformDependent0 util.internal.PlatformDependent0.<clinit>(PlatformDependent0.java:285) - direct buffer constructor: unavailable: Reflective setAccessible(true) disabled
11 2022/08/08 16:06:32,827 3099 [DEBUG ] [main] util.internal.PlatformDependent0 util.internal.PlatformDependent0.<clinit>(PlatformDependent0.java:350) - java.nio.Bits.unaligned: available, true
12 2022/08/08 16:06:32,828 3100 [DEBUG ] [main] util.internal.PlatformDependent0 util.internal.PlatformDependent0.<clinit>(PlatformDependent0.java:417) - jdk.internal.misc.Unsafe.allocateUninitializedArray(int): unavailable: class io.netty.util.internal.PlatformDependent0$6 cannot access class jdk.internal.misc.Unsafe (in module java.base) because module java.base does not export jdk.internal.misc to unnamed module @3551a94
13 2022/08/08 16:06:32,830 3102 [DEBUG ] [main] util.internal.PlatformDependent0 util.internal.PlatformDependent0.<clinit>(PlatformDependent0.java:446) - java.nio.DirectByteBuffer.<init>(long, int): unavailable
14 2022/08/08 16:06:32,830 3102 [DEBUG ] [main] util.internal.PlatformDependent util.internal.PlatformDependent.unsafeUnavailabilityCause0(PlatformDependent.java:1116) - sun.misc.Unsafe: available
15 2022/08/08 16:06:32,831 3103 [DEBUG ] [main] util.internal.PlatformDependent util.internal.PlatformDependent.estimateMaxDirectMemory(PlatformDependent.java:1227) - maxDirectMemory: 4234149888 bytes (maybe)
16 2022/08/08 16:06:32,832 3104 [DEBUG ] [main] util.internal.PlatformDependent util.internal.PlatformDependent.tmpdir0(PlatformDependent.java:1246) - -Dio.netty.tmpdir: C:\Users\10684951\AppData\Local\Temp (java.io.tmpdir)
17 2022/08/08 16:06:32,832 3104 [DEBUG ] [main] util.internal.PlatformDependent util.internal.PlatformDependent.bitMode0(PlatformDependent.java:1325) - -Dio.netty.bitMode: 64 (sun.arch.data.model)
18 2022/08/08 16:06:32,833 3105 [DEBUG ] [main] util.internal.PlatformDependent util.internal.PlatformDependent.isWindows0(PlatformDependent.java:1076) - Platform: Windows
19 2022/08/08 16:06:32,834 3106 [DEBUG ] [main] util.internal.PlatformDependent util.internal.PlatformDependent.<clinit>(PlatformDependent.java:178) - -Dio.netty.maxDirectMemory: -1 bytes
20 2022/08/08 16:06:32,835 3107 [DEBUG ] [main] util.internal.PlatformDependent util.internal.PlatformDependent.<clinit>(PlatformDependent.java:185) - -Dio.netty.uninitializedArrayAllocationThreshold: -1
21 2022/08/08 16:06:32,837 3109 [DEBUG ] [main] util.internal.CleanerJava9 util.internal.CleanerJava9.<clinit>(CleanerJava9.java:71) - java.nio.ByteBuffer.cleaner(): available
22 2022/08/08 16:06:32,837 3109 [DEBUG ] [main] util.internal.PlatformDependent util.internal.PlatformDependent.<clinit>(PlatformDependent.java:205) - -Dio.netty.noPreferDirect: false
23 2022/08/08 16:06:32,853 3125 [DEBUG ] [main] util.internal.PlatformDependent util.internal.PlatformDependent$Mpsc.<clinit>(PlatformDependent.java:967) - org.jctools-core.MpscChunkedArrayQueue: available
24 2022/08/08 16:06:32,877 3149 [DEBUG ] [main] util.internal.InternalThreadLocalMap util.internal.InternalThreadLocalMap.<clinit>(InternalThreadLocalMap.java:86) - -Dio.netty.threadLocalMap.stringBuilder.initialSize: 1024
25 2022/08/08 16:06:32,877 3149 [DEBUG ] [main] util.internal.InternalThreadLocalMap util.internal.InternalThreadLocalMap.<clinit>(InternalThreadLocalMap.java:89) - -Dio.netty.threadLocalMap.stringBuilder.maxSize: 4096
26 2022/08/08 16:06:33,099 3371 [DEBUG ] [main] handler.ssl.JdkSslContext handler.ssl.JdkSslContext.<clinit>(JdkSslContext.java:97) - Default protocols (JDK): [TLSv1.3, TLSv1.2] 
27 2022/08/08 16:06:33,100 3372 [DEBUG ] [main] handler.ssl.JdkSslContext handler.ssl.JdkSslContext.<clinit>(JdkSslContext.java:98) - Default cipher suites (JDK): [TLS_ECDHE_ECDSA_WITH_AES_256_GCM_SHA384, TLS_ECDHE_ECDSA_WITH_AES_128_GCM_SHA256, TLS_ECDHE_RSA_WITH_AES_128_GCM_SHA256, TLS_ECDHE_RSA_WITH_AES_256_GCM_SHA384, TLS_ECDHE_RSA_WITH_AES_128_CBC_SHA, TLS_ECDHE_RSA_WITH_AES_256_CBC_SHA, TLS_RSA_WITH_AES_128_GCM_SHA256, TLS_RSA_WITH_AES_128_CBC_SHA, TLS_RSA_WITH_AES_256_CBC_SHA, TLS_AES_128_GCM_SHA256, TLS_AES_256_GCM_SHA384]
28 2022/08/08 16:06:33,130 3402 [DEBUG ] [main] netty.channel.MultithreadEventLoopGroup netty.channel.MultithreadEventLoopGroup.<clinit>(MultithreadEventLoopGroup.java:44) - -Dio.netty.eventLoopThreads: 16
29 2022/08/08 16:06:33,144 3416 [DEBUG ] [main] channel.nio.NioEventLoop channel.nio.NioEventLoop.<clinit>(NioEventLoop.java:109) - -Dio.netty.noKeySetOptimization: false
30 2022/08/08 16:06:33,145 3417 [DEBUG ] [main] channel.nio.NioEventLoop channel.nio.NioEventLoop.<clinit>(NioEventLoop.java:110) - -Dio.netty.selectorAutoRebuildThreshold: 512
31 2022/08/08 16:06:33,281 3553 [DEBUG ] [main] netty.buffer.PooledByteBufAllocator netty.buffer.PooledByteBufAllocator.<clinit>(PooledByteBufAllocator.java:155) - -Dio.netty.allocator.numHeapArenas: 16
32 2022/08/08 16:06:33,282 3554 [DEBUG ] [main] netty.buffer.PooledByteBufAllocator netty.buffer.PooledByteBufAllocator.<clinit>(PooledByteBufAllocator.java:156) - -Dio.netty.allocator.numDirectArenas: 16
33 2022/08/08 16:06:33,282 3554 [DEBUG ] [main] netty.buffer.PooledByteBufAllocator netty.buffer.PooledByteBufAllocator.<clinit>(PooledByteBufAllocator.java:158) - -Dio.netty.allocator.pageSize: 8192
34 2022/08/08 16:06:33,283 3555 [DEBUG ] [main] netty.buffer.PooledByteBufAllocator netty.buffer.PooledByteBufAllocator.<clinit>(PooledByteBufAllocator.java:163) - -Dio.netty.allocator.maxOrder: 9
35 2022/08/08 16:06:33,283 3555 [DEBUG ] [main] netty.buffer.PooledByteBufAllocator netty.buffer.PooledByteBufAllocator.<clinit>(PooledByteBufAllocator.java:167) - -Dio.netty.allocator.chunkSize: 4194304
36 2022/08/08 16:06:33,284 3556 [DEBUG ] [main] netty.buffer.PooledByteBufAllocator netty.buffer.PooledByteBufAllocator.<clinit>(PooledByteBufAllocator.java:168) - -Dio.netty.allocator.smallCacheSize: 256
37 2022/08/08 16:06:33,285 3557 [DEBUG ] [main] netty.buffer.PooledByteBufAllocator netty.buffer.PooledByteBufAllocator.<clinit>(PooledByteBufAllocator.java:169) - -Dio.netty.allocator.normalCacheSize: 64
38 2022/08/08 16:06:33,285 3557 [DEBUG ] [main] netty.buffer.PooledByteBufAllocator netty.buffer.PooledByteBufAllocator.<clinit>(PooledByteBufAllocator.java:170) - -Dio.netty.allocator.maxCachedBufferCapacity: 32768
39 2022/08/08 16:06:33,286 3558 [DEBUG ] [main] netty.buffer.PooledByteBufAllocator netty.buffer.PooledByteBufAllocator.<clinit>(PooledByteBufAllocator.java:171) - -Dio.netty.allocator.cacheTrimInterval: 8192
40 2022/08/08 16:06:33,286 3558 [DEBUG ] [main] netty.buffer.PooledByteBufAllocator netty.buffer.PooledByteBufAllocator.<clinit>(PooledByteBufAllocator.java:172) - -Dio.netty.allocator.cacheTrimIntervalMillis: 0
41 2022/08/08 16:06:33,287 3559 [DEBUG ] [main] netty.buffer.PooledByteBufAllocator netty.buffer.PooledByteBufAllocator.<clinit>(PooledByteBufAllocator.java:173) - -Dio.netty.allocator.useCacheForAllThreads: false
42 2022/08/08 16:06:33,287 3559 [DEBUG ] [main] netty.buffer.PooledByteBufAllocator netty.buffer.PooledByteBufAllocator.<clinit>(PooledByteBufAllocator.java:174) - -Dio.netty.allocator.maxCachedByteBuffersPerChunk: 1023
43 2022/08/08 16:06:33,303 3575 [DEBUG ] [main] netty.buffer.ByteBufUtil netty.buffer.ByteBufUtil.<clinit>(ByteBufUtil.java:87) - -Dio.netty.allocator.type: pooled
44 2022/08/08 16:06:33,303 3575 [DEBUG ] [main] netty.buffer.ByteBufUtil netty.buffer.ByteBufUtil.<clinit>(ByteBufUtil.java:96) - -Dio.netty.threadLocalDirectBufferSize: 0
45 2022/08/08 16:06:33,303 3575 [DEBUG ] [main] netty.buffer.ByteBufUtil netty.buffer.ByteBufUtil.<clinit>(ByteBufUtil.java:99) - -Dio.netty.maxThreadLocalCharBufferSize: 16384
46 2022/08/08 16:06:33,750 4022 [DEBUG ] [Forwarding newSession on session null to remote] netty.channel.DefaultChannelId netty.channel.DefaultChannelId.<clinit>(DefaultChannelId.java:79) - -Dio.netty.processId: 26228 (auto-detected)
47 2022/08/08 16:06:33,753 4025 [DEBUG ] [Forwarding newSession on session null to remote] netty.util.NetUtil netty.util.NetUtil.<clinit>(NetUtil.java:136) - -Djava.net.preferIPv4Stack: true
48 2022/08/08 16:06:33,754 4026 [DEBUG ] [Forwarding newSession on session null to remote] netty.util.NetUtil netty.util.NetUtil.<clinit>(NetUtil.java:137) - -Djava.net.preferIPv6Addresses: false
49 2022/08/08 16:06:33,801 4073 [DEBUG ] [Forwarding newSession on session null to remote] netty.util.NetUtilInitializations netty.util.NetUtilInitializations.determineLoopback(NetUtilInitializations.java:129) - Loopback interface: lo (Software Loopback Interface 1, 127.0.0.1)
50 2022/08/08 16:06:33,803 4075 [DEBUG ] [Forwarding newSession on session null to remote] netty.util.NetUtil netty.util.NetUtil$SoMaxConnAction.run(NetUtil.java:191) - Failed to get SOMAXCONN from sysctl and file \proc\sys\net\core\somaxconn. Default: 200
51 2022/08/08 16:06:33,953 4225 [DEBUG ] [Forwarding newSession on session null to remote] netty.channel.DefaultChannelId netty.channel.DefaultChannelId.<clinit>(DefaultChannelId.java:101) - -Dio.netty.machineId: d4:1b:81:ff:fe:59:ab:63 (auto-detected)
52 2022/08/08 16:06:34,018 4290 [DEBUG ] [AsyncHttpClient-1-2] netty.buffer.AbstractByteBuf netty.buffer.AbstractByteBuf.<clinit>(AbstractByteBuf.java:63) - -Dio.netty.buffer.checkAccessible: true
53 2022/08/08 16:06:34,019 4291 [DEBUG ] [AsyncHttpClient-1-2] netty.buffer.AbstractByteBuf netty.buffer.AbstractByteBuf.<clinit>(AbstractByteBuf.java:64) - -Dio.netty.buffer.checkBounds: true
54 2022/08/08 16:06:34,019 4291 [DEBUG ] [AsyncHttpClient-1-2] netty.util.ResourceLeakDetectorFactory netty.util.ResourceLeakDetectorFactory$DefaultResourceLeakDetectorFactory.newResourceLeakDetector(ResourceLeakDetectorFactory.java:196) - Loaded default ResourceLeakDetector: io.netty.util.ResourceLeakDetector@1ec826a9
55 2022/08/08 16:06:34,051 4323 [DEBUG ] [AsyncHttpClient-1-2] netty.util.Recycler netty.util.Recycler.<clinit>(Recycler.java:85) - -Dio.netty.recycler.maxCapacityPerThread: 4096
56 2022/08/08 16:06:34,052 4324 [DEBUG ] [AsyncHttpClient-1-2] netty.util.Recycler netty.util.Recycler.<clinit>(Recycler.java:86) - -Dio.netty.recycler.ratio: 8
57 2022/08/08 16:06:34,052 4324 [DEBUG ] [AsyncHttpClient-1-2] netty.util.Recycler netty.util.Recycler.<clinit>(Recycler.java:87) - -Dio.netty.recycler.chunkSize: 32
58 2022/08/08 16:06:34,052 4324 [DEBUG ] [AsyncHttpClient-1-2] netty.util.Recycler netty.util.Recycler.<clinit>(Recycler.java:88) - -Dio.netty.recycler.blocking: false
59 2022/08/08 16:06:57,703 27975 [DEBUG ] [AsyncHttpClient-1-2] codec.compression.Brotli codec.compression.Brotli.<clinit>(Brotli.java:38) - brotli4j not in the classpath; Brotli support will be unavailable.
60 2022/08/08 16:07:03,784 34056 [INFO  ] [main] qa.wrappers.BaseMethod qa.wrappers.BaseMethod.click(BaseMethod.java:318) - Trying to click on element: [[RemoteWebDriver: chrome on LINUX (aeb8727ceca658aa1a76701062121eba)] -> xpath: //a[text()='Women']]
61 2022/08/08 16:07:11,600 41872 [INFO  ] [main] qa.wrappers.BaseMethod qa.wrappers.BaseMethod.click(BaseMethod.java:321) - element clicked : [[RemoteWebDriver: chrome on LINUX (aeb8727ceca658aa1a76701062121eba)] -> xpath: //a[text()='Women']]
62 2022/08/08 16:08:14,597 104869 [INFO  ] [main] qa.wrappers.BaseMethod qa.wrappers.BaseMethod.click(BaseMethod.java:318) - Trying to click on element: [[RemoteWebDriver: chrome on LINUX (b8a527d45cf09f3db32d52f2d0aa23ad)] -> xpath: //button[@title='Search']]
63 2022/08/08 16:08:23,101 113373 [INFO  ] [main] qa.wrappers.BaseMethod qa.wrappers.BaseMethod.click(BaseMethod.java:321) - element clicked : [[RemoteWebDriver: chrome on LINUX (b8a527d45cf09f3db32d52f2d0aa23ad)] -> xpath: //button[@title='Search']]
64 2022/08/08 16:09:44,437 194709 [INFO  ] [main] qa.wrappers.BaseMethod qa.wrappers.BaseMethod.selectByVisibleText(BaseMethod.java:296) - Trying to select element Value from Dropdown
65 2022/08/08 16:09:52,301 202573 [INFO  ] [main] qa.wrappers.BaseMethod qa.wrappers.BaseMethod.selectByVisibleText(BaseMethod.java:300) - German Value selected from Dropdown: 
66 2022/08/08 16:11:15,200 285472 [INFO  ] [main] qa.wrappers.BaseMethod qa.wrappers.BaseMethod.getAttribute(BaseMethod.java:442) - Trying to href attribute value from DOM
67 2022/08/08 16:11:16,486 286758 [INFO  ] [main] qa.wrappers.BaseMethod qa.wrappers.BaseMethod.newTab(BaseMethod.java:129) - New tab opened 
68 2022/08/08 16:12:47,098 377370 [INFO  ] [main] qa.wrappers.BaseMethod qa.wrappers.BaseMethod.mouseHover(BaseMethod.java:627) - Trying to mouse hover on element [[RemoteWebDriver: chrome on LINUX (eea83c3847053c3dd9f270664e798868)] -> xpath: //a[text()='Home & Decor']] using Actions class
69 2022/08/08 16:12:53,400 383672 [INFO  ] [main] qa.wrappers.BaseMethod qa.wrappers.BaseMethod.mouseHover(BaseMethod.java:644) - Mouse hovered and clicked on element
70 2022/08/08 16:12:53,411 383683 [INFO  ] [main] qa.wrappers.BaseMethod qa.wrappers.BaseMethod.getAttribute(BaseMethod.java:442) - Trying to title attribute value from DOM
71 2022/08/08 16:12:54,886 385158 [INFO  ] [main] qa.wrappers.BaseMethod qa.wrappers.BaseMethod.click(BaseMethod.java:318) - Trying to click on element: [[RemoteWebDriver: chrome on LINUX (eea83c3847053c3dd9f270664e798868)] -> xpath: //li[@class='item last']//a]
72 2022/08/08 16:13:15,909 406181 [INFO  ] [main] qa.wrappers.BaseMethod qa.wrappers.BaseMethod.click(BaseMethod.java:321) - element clicked : Proxy element for: DefaultElementLocator 'By.xpath: //li[@class='item last']//a'
73 2022/08/08 16:13:17,697 407969 [INFO  ] [main] qa.wrappers.BaseMethod qa.wrappers.BaseMethod.click(BaseMethod.java:318) - Trying to click on element: [[RemoteWebDriver: chrome on LINUX (eea83c3847053c3dd9f270664e798868)] -> xpath: //ul[@id='downloadable-links-list']//li//input]
74 2022/08/08 16:13:23,398 413670 [INFO  ] [main] qa.wrappers.BaseMethod qa.wrappers.BaseMethod.click(BaseMethod.java:321) - element clicked : [[RemoteWebDriver: chrome on LINUX (eea83c3847053c3dd9f270664e798868)] -> xpath: //ul[@id='downloadable-links-list']//li//input]
75 2022/08/08 16:13:23,586 413858 [INFO  ] [main] qa.wrappers.BaseMethod qa.wrappers.BaseMethod.clickUsingIndex(BaseMethod.java:326) - Trying to click on1 element: [[[RemoteWebDriver: chrome on LINUX (eea83c3847053c3dd9f270664e798868)] -> xpath: //button[@title='Add to Cart']], [[RemoteWebDriver: chrome on LINUX (eea83c3847053c3dd9f270664e798868)] -> xpath: //button[@title='Add to Cart']]]
76 2022/08/08 16:13:33,441 423713 [INFO  ] [main] qa.wrappers.BaseMethod qa.wrappers.BaseMethod.clickUsingIndex(BaseMethod.java:329) - element clicked : [[[RemoteWebDriver: chrome on LINUX (eea83c3847053c3dd9f270664e798868)] -> xpath: //button[@title='Add to Cart']]]
77 2022/08/08 16:13:33,705 423977 [INFO  ] [main] qa.wrappers.BaseMethod qa.wrappers.BaseMethod.click(BaseMethod.java:318) - Trying to click on element: [[RemoteWebDriver: chrome on LINUX (eea83c3847053c3dd9f270664e798868)] -> xpath: //button[@title='Proceed to Checkout']]
78 2022/08/08 16:13:52,786 443058 [INFO  ] [main] qa.wrappers.BaseMethod qa.wrappers.BaseMethod.click(BaseMethod.java:321) - element clicked : Proxy element for: DefaultElementLocator 'By.xpath: //button[@title='Proceed to Checkout']'
79 2022/08/08 16:17:54,494 684766 [INFO  ] [main] qa.wrappers.BaseMethod qa.wrappers.BaseMethod.click(BaseMethod.java:318) - Trying to click on element: [[RemoteWebDriver: chrome on LINUX (0ccca11d794d83d89f40e86f35ced839)] -> xpath: //a[text()='Women']]
80 2022/08/08 16:18:02,885 693157 [INFO  ] [main] qa.wrappers.BaseMethod qa.wrappers.BaseMethod.click(BaseMethod.java:321) - element clicked : [[RemoteWebDriver: chrome on LINUX (0ccca11d794d83d89f40e86f35ced839)] -> xpath: //a[text()='Women']]
81 2022/08/08 16:19:37,200 787472 [INFO  ] [main] qa.wrappers.BaseMethod qa.wrappers.BaseMethod.click(BaseMethod.java:318) - Trying to click on element: [[RemoteWebDriver: chrome on LINUX (0ca5ba4ecb001b5829f30b3dd10e2916)] -> xpath: //button[@title='Search']]
82 2022/08/08 16:19:46,098 796370 [INFO  ] [main] qa.wrappers.BaseMethod qa.wrappers.BaseMethod.click(BaseMethod.java:321) - element clicked : [[RemoteWebDriver: chrome on LINUX (0ca5ba4ecb001b5829f30b3dd10e2916)] -> xpath: //button[@title='Search']]
83 2022/08/08 16:20:32,707 842979 [INFO  ] [main] qa.wrappers.BaseMethod qa.wrappers.BaseMethod.selectByVisibleText(BaseMethod.java:296) - Trying to select element Value from Dropdown
84 2022/08/08 16:20:36,389 846661 [INFO  ] [main] qa.wrappers.BaseMethod qa.wrappers.BaseMethod.selectByVisibleText(BaseMethod.java:300) - German Value selected from Dropdown: 
85 2022/08/08 16:21:16,234 886506 [INFO  ] [main] qa.wrappers.BaseMethod qa.wrappers.BaseMethod.getAttribute(BaseMethod.java:442) - Trying to href attribute value from DOM
86 2022/08/08 16:21:17,899 888171 [INFO  ] [main] qa.wrappers.BaseMethod qa.wrappers.BaseMethod.newTab(BaseMethod.java:129) - New tab opened 
87 2022/08/08 16:22:42,689 972961 [INFO  ] [main] qa.wrappers.BaseMethod qa.wrappers.BaseMethod.mouseHover(BaseMethod.java:627) - Trying to mouse hover on element [[RemoteWebDriver: chrome on LINUX (ea2b53566e848cdfcb01fc6a709cadd0)] -> xpath: //a[text()='Home & Decor']] using Actions class
88 2022/08/08 16:22:47,486 977758 [INFO  ] [main] qa.wrappers.BaseMethod qa.wrappers.BaseMethod.mouseHover(BaseMethod.java:644) - Mouse hovered and clicked on element
89 2022/08/08 16:22:47,496 977768 [INFO  ] [main] qa.wrappers.BaseMethod qa.wrappers.BaseMethod.getAttribute(BaseMethod.java:442) - Trying to title attribute value from DOM
90 2022/08/08 16:22:49,087 979359 [INFO  ] [main] qa.wrappers.BaseMethod qa.wrappers.BaseMethod.click(BaseMethod.java:318) - Trying to click on element: [[RemoteWebDriver: chrome on LINUX (ea2b53566e848cdfcb01fc6a709cadd0)] -> xpath: //li[@class='item last']//a]
91 2022/08/08 16:23:10,187 1000459 [INFO  ] [main] qa.wrappers.BaseMethod qa.wrappers.BaseMethod.click(BaseMethod.java:321) - element clicked : Proxy element for: DefaultElementLocator 'By.xpath: //li[@class='item last']//a'
92 2022/08/08 16:23:11,687 1001959 [INFO  ] [main] qa.wrappers.BaseMethod qa.wrappers.BaseMethod.click(BaseMethod.java:318) - Trying to click on element: [[RemoteWebDriver: chrome on LINUX (ea2b53566e848cdfcb01fc6a709cadd0)] -> xpath: //ul[@id='downloadable-links-list']//li//input]
93 2022/08/08 16:23:17,486 1007758 [INFO  ] [main] qa.wrappers.BaseMethod qa.wrappers.BaseMethod.click(BaseMethod.java:321) - element clicked : [[RemoteWebDriver: chrome on LINUX (ea2b53566e848cdfcb01fc6a709cadd0)] -> xpath: //ul[@id='downloadable-links-list']//li//input]
94 2022/08/08 16:23:17,784 1008056 [INFO  ] [main] qa.wrappers.BaseMethod qa.wrappers.BaseMethod.clickUsingIndex(BaseMethod.java:326) - Trying to click on1 element: [[[RemoteWebDriver: chrome on LINUX (ea2b53566e848cdfcb01fc6a709cadd0)] -> xpath: //button[@title='Add to Cart']], [[RemoteWebDriver: chrome on LINUX (ea2b53566e848cdfcb01fc6a709cadd0)] -> xpath: //button[@title='Add to Cart']]]
95 2022/08/08 16:23:28,180 1018452 [INFO  ] [main] qa.wrappers.BaseMethod qa.wrappers.BaseMethod.clickUsingIndex(BaseMethod.java:329) - element clicked : [[[RemoteWebDriver: chrome on LINUX (ea2b53566e848cdfcb01fc6a709cadd0)] -> xpath: //button[@title='Add to Cart']]]
96 2022/08/08 16:23:28,210 1018482 [INFO  ] [main] qa.wrappers.BaseMethod qa.wrappers.BaseMethod.click(BaseMethod.java:318) - Trying to click on element: [[RemoteWebDriver: chrome on LINUX (ea2b53566e848cdfcb01fc6a709cadd0)] -> xpath: //button[@title='Proceed to Checkout']]
97 2022/08/08 16:23:45,732 1036004 [INFO  ] [main] qa.wrappers.BaseMethod qa.wrappers.BaseMethod.click(BaseMethod.java:321) - element clicked : Proxy element for: DefaultElementLocator 'By.xpath: //button[@title='Proceed to Checkout']'
98 2022/08/08 16:25:53,185 1163457 [INFO  ] [main] qa.wrappers.BaseMethod qa.wrappers.BaseMethod.click(BaseMethod.java:318) - Trying to click on element: [[RemoteWebDriver: chrome on LINUX (673c61ddb87960af3645e666451f84b7)] -> xpath: //a[text()='Women']]
99 2022/08/08 16:26:05,488 1175760 [INFO  ] [main] qa.wrappers.BaseMethod qa.wrappers.BaseMethod.click(BaseMethod.java:321) - element clicked : [[RemoteWebDriver: chrome on LINUX (673c61ddb87960af3645e666451f84b7)] -> xpath: //a[text()='Women']]
100 2022/08/08 16:27:12,282 1242554 [INFO  ] [main] qa.wrappers.BaseMethod qa.wrappers.BaseMethod.click(BaseMethod.java:318) - Trying to click on element: [[RemoteWebDriver: chrome on LINUX (aeb1d5feda47a38da3f495c298bb11be)] -> xpath: //button[@title='Search']]
101 2022/08/08 16:27:18,283 1248555 [INFO  ] [main] qa.wrappers.BaseMethod qa.wrappers.BaseMethod.click(BaseMethod.java:321) - element clicked : [[RemoteWebDriver: chrome on LINUX (aeb1d5feda47a38da3f495c298bb11be)] -> xpath: //button[@title='Search']]
102 2022/08/08 16:27:53,015 1283287 [INFO  ] [main] qa.wrappers.BaseMethod qa.wrappers.BaseMethod.selectByVisibleText(BaseMethod.java:296) - Trying to select element Value from Dropdown
103 2022/08/08 16:27:58,197 1288469 [INFO  ] [main] qa.wrappers.BaseMethod qa.wrappers.BaseMethod.selectByVisibleText(BaseMethod.java:300) - German Value selected from Dropdown: 
104 2022/08/08 16:28:52,987 1343259 [INFO  ] [main] qa.wrappers.BaseMethod qa.wrappers.BaseMethod.getAttribute(BaseMethod.java:442) - Trying to href attribute value from DOM
105 2022/08/08 16:28:53,982 1344254 [INFO  ] [main] qa.wrappers.BaseMethod qa.wrappers.BaseMethod.newTab(BaseMethod.java:129) - New tab opened 
106 2022/08/08 16:30:05,090 1415362 [INFO  ] [main] qa.wrappers.BaseMethod qa.wrappers.BaseMethod.mouseHover(BaseMethod.java:627) - Trying to mouse hover on element [[RemoteWebDriver: chrome on LINUX (237e0a3922f3507bcd9efdad55cce36a)] -> xpath: //a[text()='Home & Decor']] using Actions class
107 2022/08/08 16:30:09,686 1419958 [INFO  ] [main] qa.wrappers.BaseMethod qa.wrappers.BaseMethod.mouseHover(BaseMethod.java:644) - Mouse hovered and clicked on element
108 2022/08/08 16:30:09,704 1419976 [INFO  ] [main] qa.wrappers.BaseMethod qa.wrappers.BaseMethod.getAttribute(BaseMethod.java:442) - Trying to title attribute value from DOM
109 2022/08/08 16:30:10,883 1421155 [INFO  ] [main] qa.wrappers.BaseMethod qa.wrappers.BaseMethod.click(BaseMethod.java:318) - Trying to click on element: [[RemoteWebDriver: chrome on LINUX (237e0a3922f3507bcd9efdad55cce36a)] -> xpath: //li[@class='item last']//a]
110 2022/08/08 16:30:28,702 1438974 [INFO  ] [main] qa.wrappers.BaseMethod qa.wrappers.BaseMethod.click(BaseMethod.java:321) - element clicked : Proxy element for: DefaultElementLocator 'By.xpath: //li[@class='item last']//a'
111 2022/08/08 16:30:29,882 1440154 [INFO  ] [main] qa.wrappers.BaseMethod qa.wrappers.BaseMethod.click(BaseMethod.java:318) - Trying to click on element: [[RemoteWebDriver: chrome on LINUX (237e0a3922f3507bcd9efdad55cce36a)] -> xpath: //ul[@id='downloadable-links-list']//li//input]
112 2022/08/08 16:30:34,697 1444969 [INFO  ] [main] qa.wrappers.BaseMethod qa.wrappers.BaseMethod.click(BaseMethod.java:321) - element clicked : [[RemoteWebDriver: chrome on LINUX (237e0a3922f3507bcd9efdad55cce36a)] -> xpath: //ul[@id='downloadable-links-list']//li//input]
113 2022/08/08 16:30:34,796 1445068 [INFO  ] [main] qa.wrappers.BaseMethod qa.wrappers.BaseMethod.clickUsingIndex(BaseMethod.java:326) - Trying to click on1 element: [[[RemoteWebDriver: chrome on LINUX (237e0a3922f3507bcd9efdad55cce36a)] -> xpath: //button[@title='Add to Cart']], [[RemoteWebDriver: chrome on LINUX (237e0a3922f3507bcd9efdad55cce36a)] -> xpath: //button[@title='Add to Cart']]]
114 2022/08/08 16:30:44,083 1454355 [INFO  ] [main] qa.wrappers.BaseMethod qa.wrappers.BaseMethod.clickUsingIndex(BaseMethod.java:329) - element clicked : [[[RemoteWebDriver: chrome on LINUX (237e0a3922f3507bcd9efdad55cce36a)] -> xpath: //button[@title='Add to Cart']]]
115 2022/08/08 16:30:44,285 1454557 [INFO  ] [main] qa.wrappers.BaseMethod qa.wrappers.BaseMethod.click(BaseMethod.java:318) - Trying to click on element: [[RemoteWebDriver: chrome on LINUX (237e0a3922f3507bcd9efdad55cce36a)] -> xpath: //button[@title='Proceed to Checkout']]
116 2022/08/08 16:31:01,902 1472174 [INFO  ] [main] qa.wrappers.BaseMethod qa.wrappers.BaseMethod.click(BaseMethod.java:321) - element clicked : Proxy element for: DefaultElementLocator 'By.xpath: //button[@title='Proceed to Checkout']'
