1 2022/08/22 16:25:16,846 3719 [DEBUG ] [main] internal.logging.InternalLoggerFactory internal.logging.InternalLoggerFactory.useLog4J2LoggerFactory(InternalLoggerFactory.java:76) - Using Log4J2 as the default logging framework
2 2022/08/22 16:25:16,857 3730 [DEBUG ] [main] netty.util.ResourceLeakDetector netty.util.ResourceLeakDetector.<clinit>(ResourceLeakDetector.java:129) - -Dio.netty.leakDetection.level: simple
3 2022/08/22 16:25:16,857 3730 [DEBUG ] [main] netty.util.ResourceLeakDetector netty.util.ResourceLeakDetector.<clinit>(ResourceLeakDetector.java:130) - -Dio.netty.leakDetection.targetRecords: 4
4 2022/08/22 16:25:16,864 3737 [DEBUG ] [main] netty.util.ResourceLeakDetectorFactory netty.util.ResourceLeakDetectorFactory$DefaultResourceLeakDetectorFactory.newResourceLeakDetector(ResourceLeakDetectorFactory.java:196) - Loaded default ResourceLeakDetector: io.netty.util.ResourceLeakDetector@62b969c4
5 2022/08/22 16:25:16,890 3763 [DEBUG ] [main] util.internal.PlatformDependent0 util.internal.PlatformDependent0.explicitNoUnsafeCause0(PlatformDependent0.java:460) - -Dio.netty.noUnsafe: false
6 2022/08/22 16:25:16,890 3763 [DEBUG ] [main] util.internal.PlatformDependent0 util.internal.PlatformDependent0.javaVersion0(PlatformDependent0.java:954) - Java version: 16
7 2022/08/22 16:25:16,892 3765 [DEBUG ] [main] util.internal.PlatformDependent0 util.internal.PlatformDependent0.<clinit>(PlatformDependent0.java:135) - sun.misc.Unsafe.theUnsafe: available
8 2022/08/22 16:25:16,893 3766 [DEBUG ] [main] util.internal.PlatformDependent0 util.internal.PlatformDependent0.<clinit>(PlatformDependent0.java:159) - sun.misc.Unsafe.copyMemory: available
9 2022/08/22 16:25:16,894 3767 [DEBUG ] [main] util.internal.PlatformDependent0 util.internal.PlatformDependent0.<clinit>(PlatformDependent0.java:202) - java.nio.Buffer.address: available
10 2022/08/22 16:25:16,895 3768 [DEBUG ] [main] util.internal.PlatformDependent0 util.internal.PlatformDependent0.<clinit>(PlatformDependent0.java:285) - direct buffer constructor: unavailable: Reflective setAccessible(true) disabled
11 2022/08/22 16:25:16,896 3769 [DEBUG ] [main] util.internal.PlatformDependent0 util.internal.PlatformDependent0.<clinit>(PlatformDependent0.java:350) - java.nio.Bits.unaligned: available, true
12 2022/08/22 16:25:16,898 3771 [DEBUG ] [main] util.internal.PlatformDependent0 util.internal.PlatformDependent0.<clinit>(PlatformDependent0.java:417) - jdk.internal.misc.Unsafe.allocateUninitializedArray(int): unavailable: class io.netty.util.internal.PlatformDependent0$6 cannot access class jdk.internal.misc.Unsafe (in module java.base) because module java.base does not export jdk.internal.misc to unnamed module @3551a94
13 2022/08/22 16:25:16,901 3774 [DEBUG ] [main] util.internal.PlatformDependent0 util.internal.PlatformDependent0.<clinit>(PlatformDependent0.java:446) - java.nio.DirectByteBuffer.<init>(long, int): unavailable
14 2022/08/22 16:25:16,901 3774 [DEBUG ] [main] util.internal.PlatformDependent util.internal.PlatformDependent.unsafeUnavailabilityCause0(PlatformDependent.java:1116) - sun.misc.Unsafe: available
15 2022/08/22 16:25:16,902 3775 [DEBUG ] [main] util.internal.PlatformDependent util.internal.PlatformDependent.estimateMaxDirectMemory(PlatformDependent.java:1227) - maxDirectMemory: 4234149888 bytes (maybe)
16 2022/08/22 16:25:16,902 3775 [DEBUG ] [main] util.internal.PlatformDependent util.internal.PlatformDependent.tmpdir0(PlatformDependent.java:1246) - -Dio.netty.tmpdir: C:\Users\10684951\AppData\Local\Temp (java.io.tmpdir)
17 2022/08/22 16:25:16,903 3776 [DEBUG ] [main] util.internal.PlatformDependent util.internal.PlatformDependent.bitMode0(PlatformDependent.java:1325) - -Dio.netty.bitMode: 64 (sun.arch.data.model)
18 2022/08/22 16:25:16,904 3777 [DEBUG ] [main] util.internal.PlatformDependent util.internal.PlatformDependent.isWindows0(PlatformDependent.java:1076) - Platform: Windows
19 2022/08/22 16:25:16,905 3778 [DEBUG ] [main] util.internal.PlatformDependent util.internal.PlatformDependent.<clinit>(PlatformDependent.java:178) - -Dio.netty.maxDirectMemory: -1 bytes
20 2022/08/22 16:25:16,905 3778 [DEBUG ] [main] util.internal.PlatformDependent util.internal.PlatformDependent.<clinit>(PlatformDependent.java:185) - -Dio.netty.uninitializedArrayAllocationThreshold: -1
21 2022/08/22 16:25:16,907 3780 [DEBUG ] [main] util.internal.CleanerJava9 util.internal.CleanerJava9.<clinit>(CleanerJava9.java:71) - java.nio.ByteBuffer.cleaner(): available
22 2022/08/22 16:25:16,907 3780 [DEBUG ] [main] util.internal.PlatformDependent util.internal.PlatformDependent.<clinit>(PlatformDependent.java:205) - -Dio.netty.noPreferDirect: false
23 2022/08/22 16:25:16,917 3790 [DEBUG ] [main] util.internal.PlatformDependent util.internal.PlatformDependent$Mpsc.<clinit>(PlatformDependent.java:967) - org.jctools-core.MpscChunkedArrayQueue: available
24 2022/08/22 16:25:16,944 3817 [DEBUG ] [main] util.internal.InternalThreadLocalMap util.internal.InternalThreadLocalMap.<clinit>(InternalThreadLocalMap.java:86) - -Dio.netty.threadLocalMap.stringBuilder.initialSize: 1024
25 2022/08/22 16:25:16,944 3817 [DEBUG ] [main] util.internal.InternalThreadLocalMap util.internal.InternalThreadLocalMap.<clinit>(InternalThreadLocalMap.java:89) - -Dio.netty.threadLocalMap.stringBuilder.maxSize: 4096
26 2022/08/22 16:25:17,187 4060 [DEBUG ] [main] handler.ssl.JdkSslContext handler.ssl.JdkSslContext.<clinit>(JdkSslContext.java:97) - Default protocols (JDK): [TLSv1.3, TLSv1.2] 
27 2022/08/22 16:25:17,189 4062 [DEBUG ] [main] handler.ssl.JdkSslContext handler.ssl.JdkSslContext.<clinit>(JdkSslContext.java:98) - Default cipher suites (JDK): [TLS_ECDHE_ECDSA_WITH_AES_256_GCM_SHA384, TLS_ECDHE_ECDSA_WITH_AES_128_GCM_SHA256, TLS_ECDHE_RSA_WITH_AES_128_GCM_SHA256, TLS_ECDHE_RSA_WITH_AES_256_GCM_SHA384, TLS_ECDHE_RSA_WITH_AES_128_CBC_SHA, TLS_ECDHE_RSA_WITH_AES_256_CBC_SHA, TLS_RSA_WITH_AES_128_GCM_SHA256, TLS_RSA_WITH_AES_128_CBC_SHA, TLS_RSA_WITH_AES_256_CBC_SHA, TLS_AES_128_GCM_SHA256, TLS_AES_256_GCM_SHA384]
28 2022/08/22 16:25:17,248 4121 [DEBUG ] [main] netty.channel.MultithreadEventLoopGroup netty.channel.MultithreadEventLoopGroup.<clinit>(MultithreadEventLoopGroup.java:44) - -Dio.netty.eventLoopThreads: 16
29 2022/08/22 16:25:17,263 4136 [DEBUG ] [main] channel.nio.NioEventLoop channel.nio.NioEventLoop.<clinit>(NioEventLoop.java:109) - -Dio.netty.noKeySetOptimization: false
30 2022/08/22 16:25:17,263 4136 [DEBUG ] [main] channel.nio.NioEventLoop channel.nio.NioEventLoop.<clinit>(NioEventLoop.java:110) - -Dio.netty.selectorAutoRebuildThreshold: 512
31 2022/08/22 16:25:17,412 4285 [DEBUG ] [main] netty.buffer.PooledByteBufAllocator netty.buffer.PooledByteBufAllocator.<clinit>(PooledByteBufAllocator.java:155) - -Dio.netty.allocator.numHeapArenas: 16
32 2022/08/22 16:25:17,413 4286 [DEBUG ] [main] netty.buffer.PooledByteBufAllocator netty.buffer.PooledByteBufAllocator.<clinit>(PooledByteBufAllocator.java:156) - -Dio.netty.allocator.numDirectArenas: 16
33 2022/08/22 16:25:17,414 4287 [DEBUG ] [main] netty.buffer.PooledByteBufAllocator netty.buffer.PooledByteBufAllocator.<clinit>(PooledByteBufAllocator.java:158) - -Dio.netty.allocator.pageSize: 8192
34 2022/08/22 16:25:17,415 4288 [DEBUG ] [main] netty.buffer.PooledByteBufAllocator netty.buffer.PooledByteBufAllocator.<clinit>(PooledByteBufAllocator.java:163) - -Dio.netty.allocator.maxOrder: 9
35 2022/08/22 16:25:17,415 4288 [DEBUG ] [main] netty.buffer.PooledByteBufAllocator netty.buffer.PooledByteBufAllocator.<clinit>(PooledByteBufAllocator.java:167) - -Dio.netty.allocator.chunkSize: 4194304
36 2022/08/22 16:25:17,415 4288 [DEBUG ] [main] netty.buffer.PooledByteBufAllocator netty.buffer.PooledByteBufAllocator.<clinit>(PooledByteBufAllocator.java:168) - -Dio.netty.allocator.smallCacheSize: 256
37 2022/08/22 16:25:17,416 4289 [DEBUG ] [main] netty.buffer.PooledByteBufAllocator netty.buffer.PooledByteBufAllocator.<clinit>(PooledByteBufAllocator.java:169) - -Dio.netty.allocator.normalCacheSize: 64
38 2022/08/22 16:25:17,416 4289 [DEBUG ] [main] netty.buffer.PooledByteBufAllocator netty.buffer.PooledByteBufAllocator.<clinit>(PooledByteBufAllocator.java:170) - -Dio.netty.allocator.maxCachedBufferCapacity: 32768
39 2022/08/22 16:25:17,417 4290 [DEBUG ] [main] netty.buffer.PooledByteBufAllocator netty.buffer.PooledByteBufAllocator.<clinit>(PooledByteBufAllocator.java:171) - -Dio.netty.allocator.cacheTrimInterval: 8192
40 2022/08/22 16:25:17,417 4290 [DEBUG ] [main] netty.buffer.PooledByteBufAllocator netty.buffer.PooledByteBufAllocator.<clinit>(PooledByteBufAllocator.java:172) - -Dio.netty.allocator.cacheTrimIntervalMillis: 0
41 2022/08/22 16:25:17,418 4291 [DEBUG ] [main] netty.buffer.PooledByteBufAllocator netty.buffer.PooledByteBufAllocator.<clinit>(PooledByteBufAllocator.java:173) - -Dio.netty.allocator.useCacheForAllThreads: false
42 2022/08/22 16:25:17,418 4291 [DEBUG ] [main] netty.buffer.PooledByteBufAllocator netty.buffer.PooledByteBufAllocator.<clinit>(PooledByteBufAllocator.java:174) - -Dio.netty.allocator.maxCachedByteBuffersPerChunk: 1023
43 2022/08/22 16:25:17,435 4308 [DEBUG ] [main] netty.buffer.ByteBufUtil netty.buffer.ByteBufUtil.<clinit>(ByteBufUtil.java:87) - -Dio.netty.allocator.type: pooled
44 2022/08/22 16:25:17,436 4309 [DEBUG ] [main] netty.buffer.ByteBufUtil netty.buffer.ByteBufUtil.<clinit>(ByteBufUtil.java:96) - -Dio.netty.threadLocalDirectBufferSize: 0
45 2022/08/22 16:25:17,436 4309 [DEBUG ] [main] netty.buffer.ByteBufUtil netty.buffer.ByteBufUtil.<clinit>(ByteBufUtil.java:99) - -Dio.netty.maxThreadLocalCharBufferSize: 16384
46 2022/08/22 16:25:17,913 4786 [DEBUG ] [Forwarding newSession on session null to remote] netty.channel.DefaultChannelId netty.channel.DefaultChannelId.<clinit>(DefaultChannelId.java:79) - -Dio.netty.processId: 4656 (auto-detected)
47 2022/08/22 16:25:17,917 4790 [DEBUG ] [Forwarding newSession on session null to remote] netty.util.NetUtil netty.util.NetUtil.<clinit>(NetUtil.java:136) - -Djava.net.preferIPv4Stack: true
48 2022/08/22 16:25:17,917 4790 [DEBUG ] [Forwarding newSession on session null to remote] netty.util.NetUtil netty.util.NetUtil.<clinit>(NetUtil.java:137) - -Djava.net.preferIPv6Addresses: false
49 2022/08/22 16:25:17,964 4837 [DEBUG ] [Forwarding newSession on session null to remote] netty.util.NetUtilInitializations netty.util.NetUtilInitializations.determineLoopback(NetUtilInitializations.java:129) - Loopback interface: lo (Software Loopback Interface 1, 127.0.0.1)
50 2022/08/22 16:25:17,966 4839 [DEBUG ] [Forwarding newSession on session null to remote] netty.util.NetUtil netty.util.NetUtil$SoMaxConnAction.run(NetUtil.java:191) - Failed to get SOMAXCONN from sysctl and file \proc\sys\net\core\somaxconn. Default: 200
51 2022/08/22 16:25:18,091 4964 [DEBUG ] [Forwarding newSession on session null to remote] netty.channel.DefaultChannelId netty.channel.DefaultChannelId.<clinit>(DefaultChannelId.java:101) - -Dio.netty.machineId: d4:1b:81:ff:fe:59:ab:63 (auto-detected)
52 2022/08/22 16:25:18,158 5031 [DEBUG ] [AsyncHttpClient-1-2] netty.buffer.AbstractByteBuf netty.buffer.AbstractByteBuf.<clinit>(AbstractByteBuf.java:63) - -Dio.netty.buffer.checkAccessible: true
53 2022/08/22 16:25:18,159 5032 [DEBUG ] [AsyncHttpClient-1-2] netty.buffer.AbstractByteBuf netty.buffer.AbstractByteBuf.<clinit>(AbstractByteBuf.java:64) - -Dio.netty.buffer.checkBounds: true
54 2022/08/22 16:25:18,159 5032 [DEBUG ] [AsyncHttpClient-1-2] netty.util.ResourceLeakDetectorFactory netty.util.ResourceLeakDetectorFactory$DefaultResourceLeakDetectorFactory.newResourceLeakDetector(ResourceLeakDetectorFactory.java:196) - Loaded default ResourceLeakDetector: io.netty.util.ResourceLeakDetector@5dadd0f0
55 2022/08/22 16:25:18,232 5105 [DEBUG ] [AsyncHttpClient-1-2] netty.util.Recycler netty.util.Recycler.<clinit>(Recycler.java:85) - -Dio.netty.recycler.maxCapacityPerThread: 4096
56 2022/08/22 16:25:18,233 5106 [DEBUG ] [AsyncHttpClient-1-2] netty.util.Recycler netty.util.Recycler.<clinit>(Recycler.java:86) - -Dio.netty.recycler.ratio: 8
57 2022/08/22 16:25:18,233 5106 [DEBUG ] [AsyncHttpClient-1-2] netty.util.Recycler netty.util.Recycler.<clinit>(Recycler.java:87) - -Dio.netty.recycler.chunkSize: 32
58 2022/08/22 16:25:18,234 5107 [DEBUG ] [AsyncHttpClient-1-2] netty.util.Recycler netty.util.Recycler.<clinit>(Recycler.java:88) - -Dio.netty.recycler.blocking: false
59 2022/08/22 16:25:50,500 37373 [DEBUG ] [AsyncHttpClient-1-2] codec.compression.Brotli codec.compression.Brotli.<clinit>(Brotli.java:38) - brotli4j not in the classpath; Brotli support will be unavailable.
60 2022/08/22 16:25:55,100 41973 [INFO  ] [main] qa.wrappers.BaseMethod qa.wrappers.BaseMethod.click(BaseMethod.java:318) - Trying to click on element: [[RemoteWebDriver: chrome on LINUX (cd8a9638acd169cab2430d3815a88a1a)] -> xpath: //a[text()='Women']]
61 2022/08/22 16:26:00,905 47778 [INFO  ] [main] qa.wrappers.BaseMethod qa.wrappers.BaseMethod.click(BaseMethod.java:321) - element clicked : [[RemoteWebDriver: chrome on LINUX (cd8a9638acd169cab2430d3815a88a1a)] -> xpath: //a[text()='Women']]
62 2022/08/22 16:26:38,583 85456 [INFO  ] [main] qa.wrappers.BaseMethod qa.wrappers.BaseMethod.click(BaseMethod.java:318) - Trying to click on element: [[RemoteWebDriver: chrome on LINUX (97528d57df7ebe0420233e83cb768273)] -> xpath: //button[@title='Search']]
63 2022/08/22 16:26:44,483 91356 [INFO  ] [main] qa.wrappers.BaseMethod qa.wrappers.BaseMethod.click(BaseMethod.java:321) - element clicked : [[RemoteWebDriver: chrome on LINUX (97528d57df7ebe0420233e83cb768273)] -> xpath: //button[@title='Search']]
64 2022/08/22 16:27:21,821 128694 [INFO  ] [main] qa.wrappers.BaseMethod qa.wrappers.BaseMethod.selectByVisibleText(BaseMethod.java:296) - Trying to select element Value from Dropdown
65 2022/08/22 16:27:23,711 130584 [INFO  ] [main] qa.wrappers.BaseMethod qa.wrappers.BaseMethod.selectByVisibleText(BaseMethod.java:300) - German Value selected from Dropdown: 
66 2022/08/22 16:28:09,315 176188 [INFO  ] [main] qa.wrappers.BaseMethod qa.wrappers.BaseMethod.getAttribute(BaseMethod.java:442) - Trying to href attribute value from DOM
67 2022/08/22 16:28:13,491 180364 [INFO  ] [main] qa.wrappers.BaseMethod qa.wrappers.BaseMethod.newTab(BaseMethod.java:129) - New tab opened 
68 2022/08/22 16:29:04,491 231364 [INFO  ] [main] qa.wrappers.BaseMethod qa.wrappers.BaseMethod.mouseHover(BaseMethod.java:627) - Trying to mouse hover on element [[RemoteWebDriver: chrome on LINUX (10a208170878db6305f382ec1a1ce066)] -> xpath: //a[text()='Home & Decor']] using Actions class
69 2022/08/22 16:29:06,883 233756 [INFO  ] [main] qa.wrappers.BaseMethod qa.wrappers.BaseMethod.mouseHover(BaseMethod.java:644) - Mouse hovered and clicked on element
70 2022/08/22 16:29:06,892 233765 [INFO  ] [main] qa.wrappers.BaseMethod qa.wrappers.BaseMethod.getAttribute(BaseMethod.java:442) - Trying to title attribute value from DOM
71 2022/08/22 16:29:09,484 236357 [INFO  ] [main] qa.wrappers.BaseMethod qa.wrappers.BaseMethod.click(BaseMethod.java:318) - Trying to click on element: [[RemoteWebDriver: chrome on LINUX (10a208170878db6305f382ec1a1ce066)] -> xpath: //li[@class='item last']//a]
72 2022/08/22 16:29:24,030 250903 [INFO  ] [main] qa.wrappers.BaseMethod qa.wrappers.BaseMethod.click(BaseMethod.java:321) - element clicked : Proxy element for: DefaultElementLocator 'By.xpath: //li[@class='item last']//a'
73 2022/08/22 16:29:24,749 251622 [INFO  ] [main] qa.wrappers.BaseMethod qa.wrappers.BaseMethod.click(BaseMethod.java:318) - Trying to click on element: [[RemoteWebDriver: chrome on LINUX (10a208170878db6305f382ec1a1ce066)] -> xpath: //ul[@id='downloadable-links-list']//li//input]
74 2022/08/22 16:29:29,702 256575 [INFO  ] [main] qa.wrappers.BaseMethod qa.wrappers.BaseMethod.click(BaseMethod.java:321) - element clicked : [[RemoteWebDriver: chrome on LINUX (10a208170878db6305f382ec1a1ce066)] -> xpath: //ul[@id='downloadable-links-list']//li//input]
75 2022/08/22 16:29:30,005 256878 [INFO  ] [main] qa.wrappers.BaseMethod qa.wrappers.BaseMethod.clickUsingIndex(BaseMethod.java:326) - Trying to click on1 element: [[[RemoteWebDriver: chrome on LINUX (10a208170878db6305f382ec1a1ce066)] -> xpath: //button[@title='Add to Cart']], [[RemoteWebDriver: chrome on LINUX (10a208170878db6305f382ec1a1ce066)] -> xpath: //button[@title='Add to Cart']]]
76 2022/08/22 16:29:39,282 266155 [INFO  ] [main] qa.wrappers.BaseMethod qa.wrappers.BaseMethod.clickUsingIndex(BaseMethod.java:329) - element clicked : [[[RemoteWebDriver: chrome on LINUX (10a208170878db6305f382ec1a1ce066)] -> xpath: //button[@title='Add to Cart']]]
77 2022/08/22 16:29:39,406 266279 [INFO  ] [main] qa.wrappers.BaseMethod qa.wrappers.BaseMethod.click(BaseMethod.java:318) - Trying to click on element: [[RemoteWebDriver: chrome on LINUX (10a208170878db6305f382ec1a1ce066)] -> xpath: //button[@title='Proceed to Checkout']]
78 2022/08/22 16:29:54,107 280980 [INFO  ] [main] qa.wrappers.BaseMethod qa.wrappers.BaseMethod.click(BaseMethod.java:321) - element clicked : Proxy element for: DefaultElementLocator 'By.xpath: //button[@title='Proceed to Checkout']'
79 2022/08/22 16:32:12,493 419366 [INFO  ] [main] qa.wrappers.BaseMethod qa.wrappers.BaseMethod.click(BaseMethod.java:318) - Trying to click on element: [[RemoteWebDriver: chrome on LINUX (9b88c9ed8ad88b5792327d10766e1023)] -> xpath: //a[text()='Women']]
80 2022/08/22 16:32:18,387 425260 [INFO  ] [main] qa.wrappers.BaseMethod qa.wrappers.BaseMethod.click(BaseMethod.java:321) - element clicked : [[RemoteWebDriver: chrome on LINUX (9b88c9ed8ad88b5792327d10766e1023)] -> xpath: //a[text()='Women']]
81 2022/08/22 16:33:00,179 467052 [INFO  ] [main] qa.wrappers.BaseMethod qa.wrappers.BaseMethod.click(BaseMethod.java:318) - Trying to click on element: [[RemoteWebDriver: chrome on LINUX (a007baba8d5299daa18e5624307f0b4b)] -> xpath: //button[@title='Search']]
82 2022/08/22 16:33:05,597 472470 [INFO  ] [main] qa.wrappers.BaseMethod qa.wrappers.BaseMethod.click(BaseMethod.java:321) - element clicked : [[RemoteWebDriver: chrome on LINUX (a007baba8d5299daa18e5624307f0b4b)] -> xpath: //button[@title='Search']]
83 2022/08/22 16:33:40,214 507087 [INFO  ] [main] qa.wrappers.BaseMethod qa.wrappers.BaseMethod.selectByVisibleText(BaseMethod.java:296) - Trying to select element Value from Dropdown
84 2022/08/22 16:33:41,405 508278 [INFO  ] [main] qa.wrappers.BaseMethod qa.wrappers.BaseMethod.selectByVisibleText(BaseMethod.java:300) - German Value selected from Dropdown: 
85 2022/08/22 16:34:22,894 549767 [INFO  ] [main] qa.wrappers.BaseMethod qa.wrappers.BaseMethod.getAttribute(BaseMethod.java:442) - Trying to href attribute value from DOM
86 2022/08/22 16:34:26,383 553256 [INFO  ] [main] qa.wrappers.BaseMethod qa.wrappers.BaseMethod.newTab(BaseMethod.java:129) - New tab opened 
87 2022/08/22 16:35:11,687 598560 [INFO  ] [main] qa.wrappers.BaseMethod qa.wrappers.BaseMethod.mouseHover(BaseMethod.java:627) - Trying to mouse hover on element [[RemoteWebDriver: chrome on LINUX (be9a6655691cbdebc5cd9340cffa6461)] -> xpath: //a[text()='Home & Decor']] using Actions class
88 2022/08/22 16:35:14,508 601381 [INFO  ] [main] qa.wrappers.BaseMethod qa.wrappers.BaseMethod.mouseHover(BaseMethod.java:644) - Mouse hovered and clicked on element
89 2022/08/22 16:35:14,517 601390 [INFO  ] [main] qa.wrappers.BaseMethod qa.wrappers.BaseMethod.getAttribute(BaseMethod.java:442) - Trying to title attribute value from DOM
90 2022/08/22 16:35:17,688 604561 [INFO  ] [main] qa.wrappers.BaseMethod qa.wrappers.BaseMethod.click(BaseMethod.java:318) - Trying to click on element: [[RemoteWebDriver: chrome on LINUX (be9a6655691cbdebc5cd9340cffa6461)] -> xpath: //li[@class='item last']//a]
91 2022/08/22 16:35:33,588 620461 [INFO  ] [main] qa.wrappers.BaseMethod qa.wrappers.BaseMethod.click(BaseMethod.java:321) - element clicked : Proxy element for: DefaultElementLocator 'By.xpath: //li[@class='item last']//a'
92 2022/08/22 16:35:34,790 621663 [INFO  ] [main] qa.wrappers.BaseMethod qa.wrappers.BaseMethod.click(BaseMethod.java:318) - Trying to click on element: [[RemoteWebDriver: chrome on LINUX (be9a6655691cbdebc5cd9340cffa6461)] -> xpath: //ul[@id='downloadable-links-list']//li//input]
93 2022/08/22 16:35:39,502 626375 [INFO  ] [main] qa.wrappers.BaseMethod qa.wrappers.BaseMethod.click(BaseMethod.java:321) - element clicked : [[RemoteWebDriver: chrome on LINUX (be9a6655691cbdebc5cd9340cffa6461)] -> xpath: //ul[@id='downloadable-links-list']//li//input]
94 2022/08/22 16:35:39,709 626582 [INFO  ] [main] qa.wrappers.BaseMethod qa.wrappers.BaseMethod.clickUsingIndex(BaseMethod.java:326) - Trying to click on1 element: [[[RemoteWebDriver: chrome on LINUX (be9a6655691cbdebc5cd9340cffa6461)] -> xpath: //button[@title='Add to Cart']], [[RemoteWebDriver: chrome on LINUX (be9a6655691cbdebc5cd9340cffa6461)] -> xpath: //button[@title='Add to Cart']]]
95 2022/08/22 16:35:47,794 634667 [INFO  ] [main] qa.wrappers.BaseMethod qa.wrappers.BaseMethod.clickUsingIndex(BaseMethod.java:329) - element clicked : [[[RemoteWebDriver: chrome on LINUX (be9a6655691cbdebc5cd9340cffa6461)] -> xpath: //button[@title='Add to Cart']]]
96 2022/08/22 16:35:47,986 634859 [INFO  ] [main] qa.wrappers.BaseMethod qa.wrappers.BaseMethod.click(BaseMethod.java:318) - Trying to click on element: [[RemoteWebDriver: chrome on LINUX (be9a6655691cbdebc5cd9340cffa6461)] -> xpath: //button[@title='Proceed to Checkout']]
97 2022/08/22 16:36:03,006 649879 [INFO  ] [main] qa.wrappers.BaseMethod qa.wrappers.BaseMethod.click(BaseMethod.java:321) - element clicked : Proxy element for: DefaultElementLocator 'By.xpath: //button[@title='Proceed to Checkout']'
98 2022/08/22 16:38:44,397 811270 [INFO  ] [main] qa.wrappers.BaseMethod qa.wrappers.BaseMethod.click(BaseMethod.java:318) - Trying to click on element: [[RemoteWebDriver: firefox on LINUX (3a1ff41d-dd41-454f-9963-6bf274704c55)] -> xpath: //a[text()='Women']]
99 2022/08/22 16:38:51,392 818265 [INFO  ] [main] qa.wrappers.BaseMethod qa.wrappers.BaseMethod.click(BaseMethod.java:321) - element clicked : [[RemoteWebDriver: firefox on LINUX (3a1ff41d-dd41-454f-9963-6bf274704c55)] -> xpath: //a[text()='Women']]
100 2022/08/22 16:39:45,795 872668 [INFO  ] [main] qa.wrappers.BaseMethod qa.wrappers.BaseMethod.click(BaseMethod.java:318) - Trying to click on element: [[RemoteWebDriver: firefox on LINUX (46c1fc31-804d-4018-9e1f-2fae24a2a74f)] -> xpath: //button[@title='Search']]
101 2022/08/22 16:39:52,592 879465 [INFO  ] [main] qa.wrappers.BaseMethod qa.wrappers.BaseMethod.click(BaseMethod.java:321) - element clicked : [[RemoteWebDriver: firefox on LINUX (46c1fc31-804d-4018-9e1f-2fae24a2a74f)] -> xpath: //button[@title='Search']]
102 2022/08/22 16:40:50,698 937571 [INFO  ] [main] qa.wrappers.BaseMethod qa.wrappers.BaseMethod.selectByVisibleText(BaseMethod.java:296) - Trying to select element Value from Dropdown
103 2022/08/22 16:40:54,290 941163 [INFO  ] [main] qa.wrappers.BaseMethod qa.wrappers.BaseMethod.selectByVisibleText(BaseMethod.java:300) - German Value selected from Dropdown: 
104 2022/08/22 16:41:57,610 1004483 [INFO  ] [main] qa.wrappers.BaseMethod qa.wrappers.BaseMethod.getAttribute(BaseMethod.java:442) - Trying to href attribute value from DOM
105 2022/08/22 16:41:58,385 1005258 [INFO  ] [main] qa.wrappers.BaseMethod qa.wrappers.BaseMethod.newTab(BaseMethod.java:129) - New tab opened 
106 2022/08/22 16:42:59,291 1066164 [INFO  ] [main] qa.wrappers.BaseMethod qa.wrappers.BaseMethod.mouseHover(BaseMethod.java:627) - Trying to mouse hover on element [[RemoteWebDriver: firefox on LINUX (2f7abbd7-cb34-43aa-8739-70cf126f80e8)] -> xpath: //a[text()='Home & Decor']] using Actions class
107 2022/08/22 16:43:00,703 1067576 [INFO  ] [main] qa.wrappers.BaseMethod qa.wrappers.BaseMethod.mouseHover(BaseMethod.java:644) - Mouse hovered and clicked on element
108 2022/08/22 16:43:00,713 1067586 [INFO  ] [main] qa.wrappers.BaseMethod qa.wrappers.BaseMethod.getAttribute(BaseMethod.java:442) - Trying to title attribute value from DOM
109 2022/08/22 16:43:02,884 1069757 [INFO  ] [main] qa.wrappers.BaseMethod qa.wrappers.BaseMethod.click(BaseMethod.java:318) - Trying to click on element: [[RemoteWebDriver: firefox on LINUX (2f7abbd7-cb34-43aa-8739-70cf126f80e8)] -> xpath: //li[@class='item last']//a]
110 2022/08/22 16:43:21,323 1088196 [INFO  ] [main] qa.wrappers.BaseMethod qa.wrappers.BaseMethod.click(BaseMethod.java:321) - element clicked : Proxy element for: DefaultElementLocator 'By.xpath: //li[@class='item last']//a'
111 2022/08/22 16:43:22,019 1088892 [INFO  ] [main] qa.wrappers.BaseMethod qa.wrappers.BaseMethod.click(BaseMethod.java:318) - Trying to click on element: [[RemoteWebDriver: firefox on LINUX (2f7abbd7-cb34-43aa-8739-70cf126f80e8)] -> xpath: //ul[@id='downloadable-links-list']//li//input]
112 2022/08/22 16:43:26,333 1093206 [INFO  ] [main] qa.wrappers.BaseMethod qa.wrappers.BaseMethod.click(BaseMethod.java:321) - element clicked : [[RemoteWebDriver: firefox on LINUX (2f7abbd7-cb34-43aa-8739-70cf126f80e8)] -> xpath: //ul[@id='downloadable-links-list']//li//input]
113 2022/08/22 16:43:26,360 1093233 [INFO  ] [main] qa.wrappers.BaseMethod qa.wrappers.BaseMethod.clickUsingIndex(BaseMethod.java:326) - Trying to click on1 element: [[[RemoteWebDriver: firefox on LINUX (2f7abbd7-cb34-43aa-8739-70cf126f80e8)] -> xpath: //button[@title='Add to Cart']], [[RemoteWebDriver: firefox on LINUX (2f7abbd7-cb34-43aa-8739-70cf126f80e8)] -> xpath: //button[@title='Add to Cart']]]
114 2022/08/22 16:43:34,603 1101476 [INFO  ] [main] qa.wrappers.BaseMethod qa.wrappers.BaseMethod.clickUsingIndex(BaseMethod.java:329) - element clicked : [[[RemoteWebDriver: firefox on LINUX (2f7abbd7-cb34-43aa-8739-70cf126f80e8)] -> xpath: //button[@title='Add to Cart']]]
115 2022/08/22 16:43:34,991 1101864 [INFO  ] [main] qa.wrappers.BaseMethod qa.wrappers.BaseMethod.click(BaseMethod.java:318) - Trying to click on element: [[RemoteWebDriver: firefox on LINUX (2f7abbd7-cb34-43aa-8739-70cf126f80e8)] -> xpath: //button[@title='Proceed to Checkout']]
116 2022/08/22 16:43:51,397 1118270 [INFO  ] [main] qa.wrappers.BaseMethod qa.wrappers.BaseMethod.click(BaseMethod.java:321) - element clicked : Proxy element for: DefaultElementLocator 'By.xpath: //button[@title='Proceed to Checkout']'
117 2022/08/22 16:45:19,591 1206464 [INFO  ] [main] qa.wrappers.BaseMethod qa.wrappers.BaseMethod.click(BaseMethod.java:318) - Trying to click on element: [[RemoteWebDriver: firefox on LINUX (f91972a2-df2c-4e8b-9359-477c0f9127fa)] -> xpath: //a[text()='Women']]
118 2022/08/22 16:45:24,586 1211459 [INFO  ] [main] qa.wrappers.BaseMethod qa.wrappers.BaseMethod.click(BaseMethod.java:321) - element clicked : [[RemoteWebDriver: firefox on LINUX (f91972a2-df2c-4e8b-9359-477c0f9127fa)] -> xpath: //a[text()='Women']]
119 2022/08/22 16:46:03,982 1250855 [INFO  ] [main] qa.wrappers.BaseMethod qa.wrappers.BaseMethod.click(BaseMethod.java:318) - Trying to click on element: [[RemoteWebDriver: firefox on LINUX (baadf200-413d-4ef0-8cc4-5747c713d0c7)] -> xpath: //button[@title='Search']]
120 2022/08/22 16:46:09,187 1256060 [INFO  ] [main] qa.wrappers.BaseMethod qa.wrappers.BaseMethod.click(BaseMethod.java:321) - element clicked : [[RemoteWebDriver: firefox on LINUX (baadf200-413d-4ef0-8cc4-5747c713d0c7)] -> xpath: //button[@title='Search']]
121 2022/08/22 16:46:35,209 1282082 [INFO  ] [main] qa.wrappers.BaseMethod qa.wrappers.BaseMethod.selectByVisibleText(BaseMethod.java:296) - Trying to select element Value from Dropdown
122 2022/08/22 16:46:36,004 1282877 [INFO  ] [main] qa.wrappers.BaseMethod qa.wrappers.BaseMethod.selectByVisibleText(BaseMethod.java:300) - German Value selected from Dropdown: 
123 2022/08/22 16:47:03,890 1310763 [INFO  ] [main] qa.wrappers.BaseMethod qa.wrappers.BaseMethod.getAttribute(BaseMethod.java:442) - Trying to href attribute value from DOM
124 2022/08/22 16:47:04,208 1311081 [INFO  ] [main] qa.wrappers.BaseMethod qa.wrappers.BaseMethod.newTab(BaseMethod.java:129) - New tab opened 
125 2022/08/22 16:47:29,083 1335956 [INFO  ] [main] qa.wrappers.BaseMethod qa.wrappers.BaseMethod.mouseHover(BaseMethod.java:627) - Trying to mouse hover on element [[RemoteWebDriver: firefox on LINUX (487b3930-fac0-4295-a8d6-c40c4fdb8783)] -> xpath: //a[text()='Home & Decor']] using Actions class
126 2022/08/22 16:47:29,743 1336616 [INFO  ] [main] qa.wrappers.BaseMethod qa.wrappers.BaseMethod.mouseHover(BaseMethod.java:644) - Mouse hovered and clicked on element
127 2022/08/22 16:47:29,751 1336624 [INFO  ] [main] qa.wrappers.BaseMethod qa.wrappers.BaseMethod.getAttribute(BaseMethod.java:442) - Trying to title attribute value from DOM
128 2022/08/22 16:47:30,000 1336873 [INFO  ] [main] qa.wrappers.BaseMethod qa.wrappers.BaseMethod.click(BaseMethod.java:318) - Trying to click on element: [[RemoteWebDriver: firefox on LINUX (487b3930-fac0-4295-a8d6-c40c4fdb8783)] -> xpath: //li[@class='item last']//a]
129 2022/08/22 16:47:45,482 1352355 [INFO  ] [main] qa.wrappers.BaseMethod qa.wrappers.BaseMethod.click(BaseMethod.java:321) - element clicked : Proxy element for: DefaultElementLocator 'By.xpath: //li[@class='item last']//a'
130 2022/08/22 16:47:46,083 1352956 [INFO  ] [main] qa.wrappers.BaseMethod qa.wrappers.BaseMethod.click(BaseMethod.java:318) - Trying to click on element: [[RemoteWebDriver: firefox on LINUX (487b3930-fac0-4295-a8d6-c40c4fdb8783)] -> xpath: //ul[@id='downloadable-links-list']//li//input]
131 2022/08/22 16:47:50,379 1357252 [INFO  ] [main] qa.wrappers.BaseMethod qa.wrappers.BaseMethod.click(BaseMethod.java:321) - element clicked : [[RemoteWebDriver: firefox on LINUX (487b3930-fac0-4295-a8d6-c40c4fdb8783)] -> xpath: //ul[@id='downloadable-links-list']//li//input]
132 2022/08/22 16:47:50,393 1357266 [INFO  ] [main] qa.wrappers.BaseMethod qa.wrappers.BaseMethod.clickUsingIndex(BaseMethod.java:326) - Trying to click on1 element: [[[RemoteWebDriver: firefox on LINUX (487b3930-fac0-4295-a8d6-c40c4fdb8783)] -> xpath: //button[@title='Add to Cart']], [[RemoteWebDriver: firefox on LINUX (487b3930-fac0-4295-a8d6-c40c4fdb8783)] -> xpath: //button[@title='Add to Cart']]]
133 2022/08/22 16:47:56,391 1363264 [INFO  ] [main] qa.wrappers.BaseMethod qa.wrappers.BaseMethod.clickUsingIndex(BaseMethod.java:329) - element clicked : [[[RemoteWebDriver: firefox on LINUX (487b3930-fac0-4295-a8d6-c40c4fdb8783)] -> xpath: //button[@title='Add to Cart']]]
134 2022/08/22 16:47:56,480 1363353 [INFO  ] [main] qa.wrappers.BaseMethod qa.wrappers.BaseMethod.click(BaseMethod.java:318) - Trying to click on element: [[RemoteWebDriver: firefox on LINUX (487b3930-fac0-4295-a8d6-c40c4fdb8783)] -> xpath: //button[@title='Proceed to Checkout']]
135 2022/08/22 16:48:12,288 1379161 [INFO  ] [main] qa.wrappers.BaseMethod qa.wrappers.BaseMethod.click(BaseMethod.java:321) - element clicked : Proxy element for: DefaultElementLocator 'By.xpath: //button[@title='Proceed to Checkout']'
136 2022/08/22 16:49:34,488 1461361 [INFO  ] [main] qa.wrappers.BaseMethod qa.wrappers.BaseMethod.click(BaseMethod.java:318) - Trying to click on element: [[RemoteWebDriver: chrome on LINUX (4ee3cb9f4d36f1d9dd6f69f9e721323f)] -> xpath: //a[text()='Women']]
137 2022/08/22 16:49:39,111 1465984 [INFO  ] [main] qa.wrappers.BaseMethod qa.wrappers.BaseMethod.click(BaseMethod.java:321) - element clicked : [[RemoteWebDriver: chrome on LINUX (4ee3cb9f4d36f1d9dd6f69f9e721323f)] -> xpath: //a[text()='Women']]
138 2022/08/22 16:50:01,600 1488473 [INFO  ] [main] qa.wrappers.BaseMethod qa.wrappers.BaseMethod.click(BaseMethod.java:318) - Trying to click on element: [[RemoteWebDriver: chrome on LINUX (7a05402786fae0d239fd7c612b8899c6)] -> xpath: //button[@title='Search']]
139 2022/08/22 16:50:06,291 1493164 [INFO  ] [main] qa.wrappers.BaseMethod qa.wrappers.BaseMethod.click(BaseMethod.java:321) - element clicked : [[RemoteWebDriver: chrome on LINUX (7a05402786fae0d239fd7c612b8899c6)] -> xpath: //button[@title='Search']]
140 2022/08/22 16:50:27,522 1514395 [INFO  ] [main] qa.wrappers.BaseMethod qa.wrappers.BaseMethod.selectByVisibleText(BaseMethod.java:296) - Trying to select element Value from Dropdown
141 2022/08/22 16:50:27,705 1514578 [INFO  ] [main] qa.wrappers.BaseMethod qa.wrappers.BaseMethod.selectByVisibleText(BaseMethod.java:300) - German Value selected from Dropdown: 
142 2022/08/22 16:50:57,502 1544375 [INFO  ] [main] qa.wrappers.BaseMethod qa.wrappers.BaseMethod.getAttribute(BaseMethod.java:442) - Trying to href attribute value from DOM
143 2022/08/22 16:51:00,399 1547272 [INFO  ] [main] qa.wrappers.BaseMethod qa.wrappers.BaseMethod.newTab(BaseMethod.java:129) - New tab opened 
144 2022/08/22 16:51:26,282 1573155 [INFO  ] [main] qa.wrappers.BaseMethod qa.wrappers.BaseMethod.mouseHover(BaseMethod.java:627) - Trying to mouse hover on element [[RemoteWebDriver: chrome on LINUX (fea43f4a2b30945865f07b0977929bdd)] -> xpath: //a[text()='Home & Decor']] using Actions class
145 2022/08/22 16:51:27,697 1574570 [INFO  ] [main] qa.wrappers.BaseMethod qa.wrappers.BaseMethod.mouseHover(BaseMethod.java:644) - Mouse hovered and clicked on element
146 2022/08/22 16:51:27,705 1574578 [INFO  ] [main] qa.wrappers.BaseMethod qa.wrappers.BaseMethod.getAttribute(BaseMethod.java:442) - Trying to title attribute value from DOM
147 2022/08/22 16:51:29,091 1575964 [INFO  ] [main] qa.wrappers.BaseMethod qa.wrappers.BaseMethod.click(BaseMethod.java:318) - Trying to click on element: [[RemoteWebDriver: chrome on LINUX (fea43f4a2b30945865f07b0977929bdd)] -> xpath: //li[@class='item last']//a]
148 2022/08/22 16:51:43,389 1590262 [INFO  ] [main] qa.wrappers.BaseMethod qa.wrappers.BaseMethod.click(BaseMethod.java:321) - element clicked : Proxy element for: DefaultElementLocator 'By.xpath: //li[@class='item last']//a'
149 2022/08/22 16:51:44,106 1590979 [INFO  ] [main] qa.wrappers.BaseMethod qa.wrappers.BaseMethod.click(BaseMethod.java:318) - Trying to click on element: [[RemoteWebDriver: chrome on LINUX (fea43f4a2b30945865f07b0977929bdd)] -> xpath: //ul[@id='downloadable-links-list']//li//input]
150 2022/08/22 16:51:48,222 1595095 [INFO  ] [main] qa.wrappers.BaseMethod qa.wrappers.BaseMethod.click(BaseMethod.java:321) - element clicked : [[RemoteWebDriver: chrome on LINUX (fea43f4a2b30945865f07b0977929bdd)] -> xpath: //ul[@id='downloadable-links-list']//li//input]
151 2022/08/22 16:51:48,239 1595112 [INFO  ] [main] qa.wrappers.BaseMethod qa.wrappers.BaseMethod.clickUsingIndex(BaseMethod.java:326) - Trying to click on1 element: [[[RemoteWebDriver: chrome on LINUX (fea43f4a2b30945865f07b0977929bdd)] -> xpath: //button[@title='Add to Cart']], [[RemoteWebDriver: chrome on LINUX (fea43f4a2b30945865f07b0977929bdd)] -> xpath: //button[@title='Add to Cart']]]
152 2022/08/22 16:51:54,604 1601477 [INFO  ] [main] qa.wrappers.BaseMethod qa.wrappers.BaseMethod.clickUsingIndex(BaseMethod.java:329) - element clicked : [[[RemoteWebDriver: chrome on LINUX (fea43f4a2b30945865f07b0977929bdd)] -> xpath: //button[@title='Add to Cart']]]
153 2022/08/22 16:51:54,688 1601561 [INFO  ] [main] qa.wrappers.BaseMethod qa.wrappers.BaseMethod.click(BaseMethod.java:318) - Trying to click on element: [[RemoteWebDriver: chrome on LINUX (fea43f4a2b30945865f07b0977929bdd)] -> xpath: //button[@title='Proceed to Checkout']]
154 2022/08/22 16:52:08,961 1615834 [INFO  ] [main] qa.wrappers.BaseMethod qa.wrappers.BaseMethod.click(BaseMethod.java:321) - element clicked : Proxy element for: DefaultElementLocator 'By.xpath: //button[@title='Proceed to Checkout']'
155 2022/08/22 16:53:27,602 1694475 [INFO  ] [main] qa.wrappers.BaseMethod qa.wrappers.BaseMethod.click(BaseMethod.java:318) - Trying to click on element: [[RemoteWebDriver: chrome on LINUX (1d9120ab16b1b5d9f7301b48c9670e3f)] -> xpath: //a[text()='Women']]
156 2022/08/22 16:53:32,394 1699267 [INFO  ] [main] qa.wrappers.BaseMethod qa.wrappers.BaseMethod.click(BaseMethod.java:321) - element clicked : [[RemoteWebDriver: chrome on LINUX (1d9120ab16b1b5d9f7301b48c9670e3f)] -> xpath: //a[text()='Women']]
157 2022/08/22 16:54:05,096 1731969 [INFO  ] [main] qa.wrappers.BaseMethod qa.wrappers.BaseMethod.click(BaseMethod.java:318) - Trying to click on element: [[RemoteWebDriver: chrome on LINUX (a3c9ccf100fe507814903d79f7fcc2e9)] -> xpath: //button[@title='Search']]
158 2022/08/22 16:54:09,896 1736769 [INFO  ] [main] qa.wrappers.BaseMethod qa.wrappers.BaseMethod.click(BaseMethod.java:321) - element clicked : [[RemoteWebDriver: chrome on LINUX (a3c9ccf100fe507814903d79f7fcc2e9)] -> xpath: //button[@title='Search']]
159 2022/08/22 16:54:30,810 1757683 [INFO  ] [main] qa.wrappers.BaseMethod qa.wrappers.BaseMethod.selectByVisibleText(BaseMethod.java:296) - Trying to select element Value from Dropdown
160 2022/08/22 16:54:32,396 1759269 [INFO  ] [main] qa.wrappers.BaseMethod qa.wrappers.BaseMethod.selectByVisibleText(BaseMethod.java:300) - German Value selected from Dropdown: 
161 2022/08/22 16:54:52,204 1779077 [INFO  ] [main] qa.wrappers.BaseMethod qa.wrappers.BaseMethod.getAttribute(BaseMethod.java:442) - Trying to href attribute value from DOM
162 2022/08/22 16:54:55,186 1782059 [INFO  ] [main] qa.wrappers.BaseMethod qa.wrappers.BaseMethod.newTab(BaseMethod.java:129) - New tab opened 
163 2022/08/22 16:55:19,790 1806663 [INFO  ] [main] qa.wrappers.BaseMethod qa.wrappers.BaseMethod.mouseHover(BaseMethod.java:627) - Trying to mouse hover on element [[RemoteWebDriver: chrome on LINUX (3bf6068db416e8c65ee4baab72d3ce08)] -> xpath: //a[text()='Home & Decor']] using Actions class
164 2022/08/22 16:55:22,090 1808963 [INFO  ] [main] qa.wrappers.BaseMethod qa.wrappers.BaseMethod.mouseHover(BaseMethod.java:644) - Mouse hovered and clicked on element
165 2022/08/22 16:55:22,098 1808971 [INFO  ] [main] qa.wrappers.BaseMethod qa.wrappers.BaseMethod.getAttribute(BaseMethod.java:442) - Trying to title attribute value from DOM
166 2022/08/22 16:55:23,587 1810460 [INFO  ] [main] qa.wrappers.BaseMethod qa.wrappers.BaseMethod.click(BaseMethod.java:318) - Trying to click on element: [[RemoteWebDriver: chrome on LINUX (3bf6068db416e8c65ee4baab72d3ce08)] -> xpath: //li[@class='item last']//a]
167 2022/08/22 16:55:39,103 1825976 [INFO  ] [main] qa.wrappers.BaseMethod qa.wrappers.BaseMethod.click(BaseMethod.java:321) - element clicked : Proxy element for: DefaultElementLocator 'By.xpath: //li[@class='item last']//a'
168 2022/08/22 16:55:39,725 1826598 [INFO  ] [main] qa.wrappers.BaseMethod qa.wrappers.BaseMethod.click(BaseMethod.java:318) - Trying to click on element: [[RemoteWebDriver: chrome on LINUX (3bf6068db416e8c65ee4baab72d3ce08)] -> xpath: //ul[@id='downloadable-links-list']//li//input]
169 2022/08/22 16:55:44,210 1831083 [INFO  ] [main] qa.wrappers.BaseMethod qa.wrappers.BaseMethod.click(BaseMethod.java:321) - element clicked : [[RemoteWebDriver: chrome on LINUX (3bf6068db416e8c65ee4baab72d3ce08)] -> xpath: //ul[@id='downloadable-links-list']//li//input]
170 2022/08/22 16:55:44,279 1831152 [INFO  ] [main] qa.wrappers.BaseMethod qa.wrappers.BaseMethod.clickUsingIndex(BaseMethod.java:326) - Trying to click on1 element: [[[RemoteWebDriver: chrome on LINUX (3bf6068db416e8c65ee4baab72d3ce08)] -> xpath: //button[@title='Add to Cart']], [[RemoteWebDriver: chrome on LINUX (3bf6068db416e8c65ee4baab72d3ce08)] -> xpath: //button[@title='Add to Cart']]]
171 2022/08/22 16:55:50,098 1836971 [INFO  ] [main] qa.wrappers.BaseMethod qa.wrappers.BaseMethod.clickUsingIndex(BaseMethod.java:329) - element clicked : [[[RemoteWebDriver: chrome on LINUX (3bf6068db416e8c65ee4baab72d3ce08)] -> xpath: //button[@title='Add to Cart']]]
172 2022/08/22 16:55:50,191 1837064 [INFO  ] [main] qa.wrappers.BaseMethod qa.wrappers.BaseMethod.click(BaseMethod.java:318) - Trying to click on element: [[RemoteWebDriver: chrome on LINUX (3bf6068db416e8c65ee4baab72d3ce08)] -> xpath: //button[@title='Proceed to Checkout']]
173 2022/08/22 16:56:04,448 1851321 [INFO  ] [main] qa.wrappers.BaseMethod qa.wrappers.BaseMethod.click(BaseMethod.java:321) - element clicked : Proxy element for: DefaultElementLocator 'By.xpath: //button[@title='Proceed to Checkout']'
174 2022/08/22 16:57:11,286 1918159 [INFO  ] [main] qa.wrappers.BaseMethod qa.wrappers.BaseMethod.click(BaseMethod.java:318) - Trying to click on element: [[RemoteWebDriver: firefox on LINUX (6f0ce373-953d-49f9-8fd0-5bc49469201b)] -> xpath: //a[text()='Women']]
175 2022/08/22 16:57:16,784 1923657 [INFO  ] [main] qa.wrappers.BaseMethod qa.wrappers.BaseMethod.click(BaseMethod.java:321) - element clicked : [[RemoteWebDriver: firefox on LINUX (6f0ce373-953d-49f9-8fd0-5bc49469201b)] -> xpath: //a[text()='Women']]
176 2022/08/22 16:58:03,178 1970051 [INFO  ] [main] qa.wrappers.BaseMethod qa.wrappers.BaseMethod.click(BaseMethod.java:318) - Trying to click on element: [[RemoteWebDriver: firefox on LINUX (9622f69f-f533-4529-8cef-8c74d9ef7e98)] -> xpath: //button[@title='Search']]
177 2022/08/22 16:58:08,895 1975768 [INFO  ] [main] qa.wrappers.BaseMethod qa.wrappers.BaseMethod.click(BaseMethod.java:321) - element clicked : [[RemoteWebDriver: firefox on LINUX (9622f69f-f533-4529-8cef-8c74d9ef7e98)] -> xpath: //button[@title='Search']]
178 2022/08/22 16:58:37,400 2004273 [INFO  ] [main] qa.wrappers.BaseMethod qa.wrappers.BaseMethod.selectByVisibleText(BaseMethod.java:296) - Trying to select element Value from Dropdown
179 2022/08/22 16:58:38,488 2005361 [INFO  ] [main] qa.wrappers.BaseMethod qa.wrappers.BaseMethod.selectByVisibleText(BaseMethod.java:300) - German Value selected from Dropdown: 
180 2022/08/22 16:59:07,889 2034762 [INFO  ] [main] qa.wrappers.BaseMethod qa.wrappers.BaseMethod.getAttribute(BaseMethod.java:442) - Trying to href attribute value from DOM
181 2022/08/22 16:59:08,105 2034978 [INFO  ] [main] qa.wrappers.BaseMethod qa.wrappers.BaseMethod.newTab(BaseMethod.java:129) - New tab opened 
182 2022/08/22 16:59:38,197 2065070 [INFO  ] [main] qa.wrappers.BaseMethod qa.wrappers.BaseMethod.mouseHover(BaseMethod.java:627) - Trying to mouse hover on element [[RemoteWebDriver: firefox on LINUX (79e21066-21d8-4245-9ed6-f2729afed95c)] -> xpath: //a[text()='Home & Decor']] using Actions class
183 2022/08/22 16:59:39,286 2066159 [INFO  ] [main] qa.wrappers.BaseMethod qa.wrappers.BaseMethod.mouseHover(BaseMethod.java:644) - Mouse hovered and clicked on element
184 2022/08/22 16:59:39,298 2066171 [INFO  ] [main] qa.wrappers.BaseMethod qa.wrappers.BaseMethod.getAttribute(BaseMethod.java:442) - Trying to title attribute value from DOM
185 2022/08/22 16:59:40,700 2067573 [INFO  ] [main] qa.wrappers.BaseMethod qa.wrappers.BaseMethod.click(BaseMethod.java:318) - Trying to click on element: [[RemoteWebDriver: firefox on LINUX (79e21066-21d8-4245-9ed6-f2729afed95c)] -> xpath: //li[@class='item last']//a]
186 2022/08/22 16:59:57,090 2083963 [INFO  ] [main] qa.wrappers.BaseMethod qa.wrappers.BaseMethod.click(BaseMethod.java:321) - element clicked : Proxy element for: DefaultElementLocator 'By.xpath: //li[@class='item last']//a'
187 2022/08/22 16:59:57,746 2084619 [INFO  ] [main] qa.wrappers.BaseMethod qa.wrappers.BaseMethod.click(BaseMethod.java:318) - Trying to click on element: [[RemoteWebDriver: firefox on LINUX (79e21066-21d8-4245-9ed6-f2729afed95c)] -> xpath: //ul[@id='downloadable-links-list']//li//input]
188 2022/08/22 17:00:02,027 2088900 [INFO  ] [main] qa.wrappers.BaseMethod qa.wrappers.BaseMethod.click(BaseMethod.java:321) - element clicked : [[RemoteWebDriver: firefox on LINUX (79e21066-21d8-4245-9ed6-f2729afed95c)] -> xpath: //ul[@id='downloadable-links-list']//li//input]
189 2022/08/22 17:00:02,039 2088912 [INFO  ] [main] qa.wrappers.BaseMethod qa.wrappers.BaseMethod.clickUsingIndex(BaseMethod.java:326) - Trying to click on1 element: [[[RemoteWebDriver: firefox on LINUX (79e21066-21d8-4245-9ed6-f2729afed95c)] -> xpath: //button[@title='Add to Cart']], [[RemoteWebDriver: firefox on LINUX (79e21066-21d8-4245-9ed6-f2729afed95c)] -> xpath: //button[@title='Add to Cart']]]
190 2022/08/22 17:00:08,183 2095056 [INFO  ] [main] qa.wrappers.BaseMethod qa.wrappers.BaseMethod.clickUsingIndex(BaseMethod.java:329) - element clicked : [[[RemoteWebDriver: firefox on LINUX (79e21066-21d8-4245-9ed6-f2729afed95c)] -> xpath: //button[@title='Add to Cart']]]
191 2022/08/22 17:00:08,196 2095069 [INFO  ] [main] qa.wrappers.BaseMethod qa.wrappers.BaseMethod.click(BaseMethod.java:318) - Trying to click on element: [[RemoteWebDriver: firefox on LINUX (79e21066-21d8-4245-9ed6-f2729afed95c)] -> xpath: //button[@title='Proceed to Checkout']]
192 2022/08/22 17:00:23,495 2110368 [INFO  ] [main] qa.wrappers.BaseMethod qa.wrappers.BaseMethod.click(BaseMethod.java:321) - element clicked : Proxy element for: DefaultElementLocator 'By.xpath: //button[@title='Proceed to Checkout']'
193 2022/08/22 17:01:47,489 2194362 [INFO  ] [main] qa.wrappers.BaseMethod qa.wrappers.BaseMethod.click(BaseMethod.java:318) - Trying to click on element: [[RemoteWebDriver: firefox on LINUX (2a49f33a-8901-41cc-8303-0a03ac4a3298)] -> xpath: //a[text()='Women']]
194 2022/08/22 17:01:52,305 2199178 [INFO  ] [main] qa.wrappers.BaseMethod qa.wrappers.BaseMethod.click(BaseMethod.java:321) - element clicked : [[RemoteWebDriver: firefox on LINUX (2a49f33a-8901-41cc-8303-0a03ac4a3298)] -> xpath: //a[text()='Women']]
195 2022/08/22 17:02:33,730 2240603 [INFO  ] [main] qa.wrappers.BaseMethod qa.wrappers.BaseMethod.click(BaseMethod.java:318) - Trying to click on element: [[RemoteWebDriver: firefox on LINUX (7f66bbf0-e0af-4313-a841-098838b3b383)] -> xpath: //button[@title='Search']]
196 2022/08/22 17:02:39,204 2246077 [INFO  ] [main] qa.wrappers.BaseMethod qa.wrappers.BaseMethod.click(BaseMethod.java:321) - element clicked : [[RemoteWebDriver: firefox on LINUX (7f66bbf0-e0af-4313-a841-098838b3b383)] -> xpath: //button[@title='Search']]
197 2022/08/22 17:03:15,006 2281879 [INFO  ] [main] qa.wrappers.BaseMethod qa.wrappers.BaseMethod.selectByVisibleText(BaseMethod.java:296) - Trying to select element Value from Dropdown
198 2022/08/22 17:03:16,500 2283373 [INFO  ] [main] qa.wrappers.BaseMethod qa.wrappers.BaseMethod.selectByVisibleText(BaseMethod.java:300) - German Value selected from Dropdown: 
199 2022/08/22 17:03:47,099 2313972 [INFO  ] [main] qa.wrappers.BaseMethod qa.wrappers.BaseMethod.getAttribute(BaseMethod.java:442) - Trying to href attribute value from DOM
200 2022/08/22 17:03:47,484 2314357 [INFO  ] [main] qa.wrappers.BaseMethod qa.wrappers.BaseMethod.newTab(BaseMethod.java:129) - New tab opened 
201 2022/08/22 17:04:18,304 2345177 [INFO  ] [main] qa.wrappers.BaseMethod qa.wrappers.BaseMethod.mouseHover(BaseMethod.java:627) - Trying to mouse hover on element [[RemoteWebDriver: firefox on LINUX (77e1aa60-7398-46e2-8d5f-02095736ddca)] -> xpath: //a[text()='Home & Decor']] using Actions class
202 2022/08/22 17:04:19,380 2346253 [INFO  ] [main] qa.wrappers.BaseMethod qa.wrappers.BaseMethod.mouseHover(BaseMethod.java:644) - Mouse hovered and clicked on element
203 2022/08/22 17:04:19,388 2346261 [INFO  ] [main] qa.wrappers.BaseMethod qa.wrappers.BaseMethod.getAttribute(BaseMethod.java:442) - Trying to title attribute value from DOM
204 2022/08/22 17:04:19,688 2346561 [INFO  ] [main] qa.wrappers.BaseMethod qa.wrappers.BaseMethod.click(BaseMethod.java:318) - Trying to click on element: [[RemoteWebDriver: firefox on LINUX (77e1aa60-7398-46e2-8d5f-02095736ddca)] -> xpath: //li[@class='item last']//a]
205 2022/08/22 17:04:35,796 2362669 [INFO  ] [main] qa.wrappers.BaseMethod qa.wrappers.BaseMethod.click(BaseMethod.java:321) - element clicked : Proxy element for: DefaultElementLocator 'By.xpath: //li[@class='item last']//a'
206 2022/08/22 17:04:36,405 2363278 [INFO  ] [main] qa.wrappers.BaseMethod qa.wrappers.BaseMethod.click(BaseMethod.java:318) - Trying to click on element: [[RemoteWebDriver: firefox on LINUX (77e1aa60-7398-46e2-8d5f-02095736ddca)] -> xpath: //ul[@id='downloadable-links-list']//li//input]
207 2022/08/22 17:04:40,778 2367651 [INFO  ] [main] qa.wrappers.BaseMethod qa.wrappers.BaseMethod.click(BaseMethod.java:321) - element clicked : [[RemoteWebDriver: firefox on LINUX (77e1aa60-7398-46e2-8d5f-02095736ddca)] -> xpath: //ul[@id='downloadable-links-list']//li//input]
208 2022/08/22 17:04:40,791 2367664 [INFO  ] [main] qa.wrappers.BaseMethod qa.wrappers.BaseMethod.clickUsingIndex(BaseMethod.java:326) - Trying to click on1 element: [[[RemoteWebDriver: firefox on LINUX (77e1aa60-7398-46e2-8d5f-02095736ddca)] -> xpath: //button[@title='Add to Cart']], [[RemoteWebDriver: firefox on LINUX (77e1aa60-7398-46e2-8d5f-02095736ddca)] -> xpath: //button[@title='Add to Cart']]]
209 2022/08/22 17:04:47,385 2374258 [INFO  ] [main] qa.wrappers.BaseMethod qa.wrappers.BaseMethod.clickUsingIndex(BaseMethod.java:329) - element clicked : [[[RemoteWebDriver: firefox on LINUX (77e1aa60-7398-46e2-8d5f-02095736ddca)] -> xpath: //button[@title='Add to Cart']]]
210 2022/08/22 17:04:47,397 2374270 [INFO  ] [main] qa.wrappers.BaseMethod qa.wrappers.BaseMethod.click(BaseMethod.java:318) - Trying to click on element: [[RemoteWebDriver: firefox on LINUX (77e1aa60-7398-46e2-8d5f-02095736ddca)] -> xpath: //button[@title='Proceed to Checkout']]
211 2022/08/22 17:05:02,734 2389607 [INFO  ] [main] qa.wrappers.BaseMethod qa.wrappers.BaseMethod.click(BaseMethod.java:321) - element clicked : Proxy element for: DefaultElementLocator 'By.xpath: //button[@title='Proceed to Checkout']'
