1 2023/04/06 18:29:53,021 2345 [DEBUG ] [TestNG-test=HBSOTest-3] internal.logging.InternalLoggerFactory internal.logging.InternalLoggerFactory.useLog4J2LoggerFactory(InternalLoggerFactory.java:76) - Using Log4J2 as the default logging framework
2 2023/04/06 18:29:53,027 2351 [DEBUG ] [TestNG-test=HBSOTest-3] netty.util.ResourceLeakDetector netty.util.ResourceLeakDetector.<clinit>(ResourceLeakDetector.java:129) - -Dio.netty.leakDetection.level: simple
3 2023/04/06 18:29:53,028 2352 [DEBUG ] [TestNG-test=HBSOTest-3] netty.util.ResourceLeakDetector netty.util.ResourceLeakDetector.<clinit>(ResourceLeakDetector.java:130) - -Dio.netty.leakDetection.targetRecords: 4
4 2023/04/06 18:29:53,035 2359 [DEBUG ] [TestNG-test=HBSOTest-3] netty.util.ResourceLeakDetectorFactory netty.util.ResourceLeakDetectorFactory$DefaultResourceLeakDetectorFactory.newResourceLeakDetector(ResourceLeakDetectorFactory.java:196) - Loaded default ResourceLeakDetector: io.netty.util.ResourceLeakDetector@31e8f8b4
5 2023/04/06 18:29:53,051 2375 [DEBUG ] [TestNG-test=HBSOTest-3] util.internal.PlatformDependent0 util.internal.PlatformDependent0.explicitNoUnsafeCause0(PlatformDependent0.java:496) - -Dio.netty.noUnsafe: false
6 2023/04/06 18:29:53,051 2375 [DEBUG ] [TestNG-test=HBSOTest-3] util.internal.PlatformDependent0 util.internal.PlatformDependent0.javaVersion0(PlatformDependent0.java:1000) - Java version: 8
7 2023/04/06 18:29:53,052 2376 [DEBUG ] [TestNG-test=HBSOTest-3] util.internal.PlatformDependent0 util.internal.PlatformDependent0.<clinit>(PlatformDependent0.java:137) - sun.misc.Unsafe.theUnsafe: available
8 2023/04/06 18:29:53,053 2377 [DEBUG ] [TestNG-test=HBSOTest-3] util.internal.PlatformDependent0 util.internal.PlatformDependent0.<clinit>(PlatformDependent0.java:161) - sun.misc.Unsafe.copyMemory: available
9 2023/04/06 18:29:53,053 2377 [DEBUG ] [TestNG-test=HBSOTest-3] util.internal.PlatformDependent0 util.internal.PlatformDependent0.<clinit>(PlatformDependent0.java:193) - sun.misc.Unsafe.storeFence: available
10 2023/04/06 18:29:53,053 2377 [DEBUG ] [TestNG-test=HBSOTest-3] util.internal.PlatformDependent0 util.internal.PlatformDependent0.<clinit>(PlatformDependent0.java:236) - java.nio.Buffer.address: available
11 2023/04/06 18:29:53,054 2378 [DEBUG ] [TestNG-test=HBSOTest-3] util.internal.PlatformDependent0 util.internal.PlatformDependent0.<clinit>(PlatformDependent0.java:307) - direct buffer constructor: available
12 2023/04/06 18:29:53,054 2378 [DEBUG ] [TestNG-test=HBSOTest-3] util.internal.PlatformDependent0 util.internal.PlatformDependent0.<clinit>(PlatformDependent0.java:385) - java.nio.Bits.unaligned: available, true
13 2023/04/06 18:29:53,055 2379 [DEBUG ] [TestNG-test=HBSOTest-3] util.internal.PlatformDependent0 util.internal.PlatformDependent0.<clinit>(PlatformDependent0.java:459) - jdk.internal.misc.Unsafe.allocateUninitializedArray(int): unavailable prior to Java9
14 2023/04/06 18:29:53,055 2379 [DEBUG ] [TestNG-test=HBSOTest-3] util.internal.PlatformDependent0 util.internal.PlatformDependent0.<clinit>(PlatformDependent0.java:482) - java.nio.DirectByteBuffer.<init>(long, int): available
15 2023/04/06 18:29:53,055 2379 [DEBUG ] [TestNG-test=HBSOTest-3] util.internal.PlatformDependent util.internal.PlatformDependent.unsafeUnavailabilityCause0(PlatformDependent.java:1159) - sun.misc.Unsafe: available
16 2023/04/06 18:29:53,056 2380 [DEBUG ] [TestNG-test=HBSOTest-3] util.internal.PlatformDependent util.internal.PlatformDependent.tmpdir0(PlatformDependent.java:1289) - -Dio.netty.tmpdir: /var/folders/b6/k_w0589j24712v_9f8zffkgnct9bh0/T (java.io.tmpdir)
17 2023/04/06 18:29:53,056 2380 [DEBUG ] [TestNG-test=HBSOTest-3] util.internal.PlatformDependent util.internal.PlatformDependent.bitMode0(PlatformDependent.java:1368) - -Dio.netty.bitMode: 64 (sun.arch.data.model)
18 2023/04/06 18:29:53,058 2382 [DEBUG ] [TestNG-test=HBSOTest-3] util.internal.PlatformDependent util.internal.PlatformDependent.isOsx0(PlatformDependent.java:1127) - Platform: MacOS
19 2023/04/06 18:29:53,059 2383 [DEBUG ] [TestNG-test=HBSOTest-3] util.internal.PlatformDependent util.internal.PlatformDependent.<clinit>(PlatformDependent.java:178) - -Dio.netty.maxDirectMemory: 3817865216 bytes
20 2023/04/06 18:29:53,059 2383 [DEBUG ] [TestNG-test=HBSOTest-3] util.internal.PlatformDependent util.internal.PlatformDependent.<clinit>(PlatformDependent.java:185) - -Dio.netty.uninitializedArrayAllocationThreshold: -1
21 2023/04/06 18:29:53,060 2384 [DEBUG ] [TestNG-test=HBSOTest-3] util.internal.CleanerJava6 util.internal.CleanerJava6.<clinit>(CleanerJava6.java:92) - java.nio.ByteBuffer.cleaner(): available
22 2023/04/06 18:29:53,060 2384 [DEBUG ] [TestNG-test=HBSOTest-3] util.internal.PlatformDependent util.internal.PlatformDependent.<clinit>(PlatformDependent.java:205) - -Dio.netty.noPreferDirect: false
23 2023/04/06 18:29:53,065 2389 [DEBUG ] [TestNG-test=HBSOTest-3] util.internal.PlatformDependent util.internal.PlatformDependent$Mpsc.<clinit>(PlatformDependent.java:1010) - org.jctools-core.MpscChunkedArrayQueue: available
24 2023/04/06 18:29:53,081 2405 [DEBUG ] [TestNG-test=HBSOTest-3] util.internal.InternalThreadLocalMap util.internal.InternalThreadLocalMap.<clinit>(InternalThreadLocalMap.java:100) - -Dio.netty.threadLocalMap.stringBuilder.initialSize: 1024
25 2023/04/06 18:29:53,081 2405 [DEBUG ] [TestNG-test=HBSOTest-3] util.internal.InternalThreadLocalMap util.internal.InternalThreadLocalMap.<clinit>(InternalThreadLocalMap.java:101) - -Dio.netty.threadLocalMap.stringBuilder.maxSize: 4096
26 2023/04/06 18:29:53,288 2612 [DEBUG ] [TestNG-test=HBSOTest-3] handler.ssl.JdkSslContext handler.ssl.JdkSslContext.<clinit>(JdkSslContext.java:83) - Default protocols (JDK): [TLSv1.3, TLSv1.2] 
27 2023/04/06 18:29:53,289 2613 [DEBUG ] [TestNG-test=HBSOTest-3] handler.ssl.JdkSslContext handler.ssl.JdkSslContext.<clinit>(JdkSslContext.java:84) - Default cipher suites (JDK): [TLS_ECDHE_ECDSA_WITH_AES_256_GCM_SHA384, TLS_ECDHE_ECDSA_WITH_AES_128_GCM_SHA256, TLS_ECDHE_RSA_WITH_AES_128_GCM_SHA256, TLS_ECDHE_RSA_WITH_AES_256_GCM_SHA384, TLS_ECDHE_RSA_WITH_AES_128_CBC_SHA, TLS_ECDHE_RSA_WITH_AES_256_CBC_SHA, TLS_RSA_WITH_AES_128_GCM_SHA256, TLS_RSA_WITH_AES_128_CBC_SHA, TLS_RSA_WITH_AES_256_CBC_SHA, TLS_AES_128_GCM_SHA256, TLS_AES_256_GCM_SHA384]
28 2023/04/06 18:29:53,310 2634 [DEBUG ] [TestNG-test=HBSOTest-3] netty.channel.MultithreadEventLoopGroup netty.channel.MultithreadEventLoopGroup.<clinit>(MultithreadEventLoopGroup.java:44) - -Dio.netty.eventLoopThreads: 16
29 2023/04/06 18:29:53,318 2642 [DEBUG ] [TestNG-test=HBSOTest-3] channel.nio.NioEventLoop channel.nio.NioEventLoop.<clinit>(NioEventLoop.java:110) - -Dio.netty.noKeySetOptimization: false
30 2023/04/06 18:29:53,319 2643 [DEBUG ] [TestNG-test=HBSOTest-3] channel.nio.NioEventLoop channel.nio.NioEventLoop.<clinit>(NioEventLoop.java:111) - -Dio.netty.selectorAutoRebuildThreshold: 512
31 2023/04/06 18:29:53,339 2663 [DEBUG ] [TestNG-test=HBSOTest-3] netty.buffer.PooledByteBufAllocator netty.buffer.PooledByteBufAllocator.<clinit>(PooledByteBufAllocator.java:157) - -Dio.netty.allocator.numHeapArenas: 16
32 2023/04/06 18:29:53,339 2663 [DEBUG ] [TestNG-test=HBSOTest-3] netty.buffer.PooledByteBufAllocator netty.buffer.PooledByteBufAllocator.<clinit>(PooledByteBufAllocator.java:158) - -Dio.netty.allocator.numDirectArenas: 16
33 2023/04/06 18:29:53,339 2663 [DEBUG ] [TestNG-test=HBSOTest-3] netty.buffer.PooledByteBufAllocator netty.buffer.PooledByteBufAllocator.<clinit>(PooledByteBufAllocator.java:160) - -Dio.netty.allocator.pageSize: 8192
34 2023/04/06 18:29:53,339 2663 [DEBUG ] [TestNG-test=HBSOTest-3] netty.buffer.PooledByteBufAllocator netty.buffer.PooledByteBufAllocator.<clinit>(PooledByteBufAllocator.java:165) - -Dio.netty.allocator.maxOrder: 9
35 2023/04/06 18:29:53,340 2664 [DEBUG ] [TestNG-test=HBSOTest-3] netty.buffer.PooledByteBufAllocator netty.buffer.PooledByteBufAllocator.<clinit>(PooledByteBufAllocator.java:169) - -Dio.netty.allocator.chunkSize: 4194304
36 2023/04/06 18:29:53,340 2664 [DEBUG ] [TestNG-test=HBSOTest-3] netty.buffer.PooledByteBufAllocator netty.buffer.PooledByteBufAllocator.<clinit>(PooledByteBufAllocator.java:170) - -Dio.netty.allocator.smallCacheSize: 256
37 2023/04/06 18:29:53,340 2664 [DEBUG ] [TestNG-test=HBSOTest-3] netty.buffer.PooledByteBufAllocator netty.buffer.PooledByteBufAllocator.<clinit>(PooledByteBufAllocator.java:171) - -Dio.netty.allocator.normalCacheSize: 64
38 2023/04/06 18:29:53,340 2664 [DEBUG ] [TestNG-test=HBSOTest-3] netty.buffer.PooledByteBufAllocator netty.buffer.PooledByteBufAllocator.<clinit>(PooledByteBufAllocator.java:172) - -Dio.netty.allocator.maxCachedBufferCapacity: 32768
39 2023/04/06 18:29:53,340 2664 [DEBUG ] [TestNG-test=HBSOTest-3] netty.buffer.PooledByteBufAllocator netty.buffer.PooledByteBufAllocator.<clinit>(PooledByteBufAllocator.java:173) - -Dio.netty.allocator.cacheTrimInterval: 8192
40 2023/04/06 18:29:53,341 2665 [DEBUG ] [TestNG-test=HBSOTest-3] netty.buffer.PooledByteBufAllocator netty.buffer.PooledByteBufAllocator.<clinit>(PooledByteBufAllocator.java:174) - -Dio.netty.allocator.cacheTrimIntervalMillis: 0
41 2023/04/06 18:29:53,341 2665 [DEBUG ] [TestNG-test=HBSOTest-3] netty.buffer.PooledByteBufAllocator netty.buffer.PooledByteBufAllocator.<clinit>(PooledByteBufAllocator.java:175) - -Dio.netty.allocator.useCacheForAllThreads: false
42 2023/04/06 18:29:53,341 2665 [DEBUG ] [TestNG-test=HBSOTest-3] netty.buffer.PooledByteBufAllocator netty.buffer.PooledByteBufAllocator.<clinit>(PooledByteBufAllocator.java:176) - -Dio.netty.allocator.maxCachedByteBuffersPerChunk: 1023
43 2023/04/06 18:29:53,351 2675 [DEBUG ] [TestNG-test=HBSOTest-3] netty.buffer.ByteBufUtil netty.buffer.ByteBufUtil.<clinit>(ByteBufUtil.java:87) - -Dio.netty.allocator.type: pooled
44 2023/04/06 18:29:53,352 2676 [DEBUG ] [TestNG-test=HBSOTest-3] netty.buffer.ByteBufUtil netty.buffer.ByteBufUtil.<clinit>(ByteBufUtil.java:96) - -Dio.netty.threadLocalDirectBufferSize: 0
45 2023/04/06 18:29:53,352 2676 [DEBUG ] [TestNG-test=HBSOTest-3] netty.buffer.ByteBufUtil netty.buffer.ByteBufUtil.<clinit>(ByteBufUtil.java:99) - -Dio.netty.maxThreadLocalCharBufferSize: 16384
46 2023/04/06 18:29:53,653 2977 [DEBUG ] [Forwarding newSession on session null to remote] netty.channel.DefaultChannelId netty.channel.DefaultChannelId.<clinit>(DefaultChannelId.java:79) - -Dio.netty.processId: 35105 (auto-detected)
47 2023/04/06 18:29:53,655 2979 [DEBUG ] [Forwarding newSession on session null to remote] netty.util.NetUtil netty.util.NetUtil.<clinit>(NetUtil.java:142) - -Djava.net.preferIPv4Stack: true
48 2023/04/06 18:29:53,655 2979 [DEBUG ] [Forwarding newSession on session null to remote] netty.util.NetUtil netty.util.NetUtil.<clinit>(NetUtil.java:143) - -Djava.net.preferIPv6Addresses: false
49 2023/04/06 18:29:53,657 2981 [DEBUG ] [Forwarding newSession on session null to remote] netty.util.NetUtilInitializations netty.util.NetUtilInitializations.determineLoopback(NetUtilInitializations.java:139) - Loopback interface: lo0 (lo0, 0:0:0:0:0:0:0:1%lo0)
50 2023/04/06 18:29:53,658 2982 [DEBUG ] [Forwarding newSession on session null to remote] netty.util.NetUtil netty.util.NetUtil$SoMaxConnAction.run(NetUtil.java:200) - Failed to get SOMAXCONN from sysctl and file /proc/sys/net/core/somaxconn. Default: 128
51 2023/04/06 18:29:53,660 2984 [DEBUG ] [Forwarding newSession on session null to remote] netty.channel.DefaultChannelId netty.channel.DefaultChannelId.<clinit>(DefaultChannelId.java:101) - -Dio.netty.machineId: bc:d0:74:ff:fe:f0:77:f0 (auto-detected)
52 2023/04/06 18:29:53,710 3034 [DEBUG ] [AsyncHttpClient-1-2] netty.buffer.AbstractByteBuf netty.buffer.AbstractByteBuf.<clinit>(AbstractByteBuf.java:63) - -Dio.netty.buffer.checkAccessible: true
53 2023/04/06 18:29:53,711 3035 [DEBUG ] [AsyncHttpClient-1-2] netty.buffer.AbstractByteBuf netty.buffer.AbstractByteBuf.<clinit>(AbstractByteBuf.java:64) - -Dio.netty.buffer.checkBounds: true
54 2023/04/06 18:29:53,711 3035 [DEBUG ] [AsyncHttpClient-1-2] netty.util.ResourceLeakDetectorFactory netty.util.ResourceLeakDetectorFactory$DefaultResourceLeakDetectorFactory.newResourceLeakDetector(ResourceLeakDetectorFactory.java:196) - Loaded default ResourceLeakDetector: io.netty.util.ResourceLeakDetector@7e77c28
55 2023/04/06 18:29:53,780 3104 [DEBUG ] [AsyncHttpClient-1-2] netty.util.Recycler netty.util.Recycler.<clinit>(Recycler.java:85) - -Dio.netty.recycler.maxCapacityPerThread: 4096
56 2023/04/06 18:29:53,781 3105 [DEBUG ] [AsyncHttpClient-1-2] netty.util.Recycler netty.util.Recycler.<clinit>(Recycler.java:86) - -Dio.netty.recycler.ratio: 8
57 2023/04/06 18:29:53,781 3105 [DEBUG ] [AsyncHttpClient-1-2] netty.util.Recycler netty.util.Recycler.<clinit>(Recycler.java:87) - -Dio.netty.recycler.chunkSize: 32
58 2023/04/06 18:29:53,781 3105 [DEBUG ] [AsyncHttpClient-1-2] netty.util.Recycler netty.util.Recycler.<clinit>(Recycler.java:88) - -Dio.netty.recycler.blocking: false
59 2023/04/06 18:30:07,106 16430 [DEBUG ] [AsyncHttpClient-1-2] codec.compression.Brotli codec.compression.Brotli.<clinit>(Brotli.java:38) - brotli4j not in the classpath; Brotli support will be unavailable.
60 2023/04/06 18:44:13,183 862507 [INFO  ] [TestNG-test=HBSOTest-4] qa.wrappers.BaseMethod qa.wrappers.BaseMethod.click(BaseMethod.java:323) - Trying to click on element: [[RemoteWebDriver: chrome on LINUX (778e625ebf975eb971274db2a3db0714)] -> xpath: //div[@class="course-card-header"]//a[text()='Business Essentials']]
61 2023/04/06 18:44:20,295 869619 [INFO  ] [TestNG-test=HBSOTest-4] qa.wrappers.BaseMethod qa.wrappers.BaseMethod.click(BaseMethod.java:326) - element clicked : [[RemoteWebDriver: chrome on LINUX (778e625ebf975eb971274db2a3db0714)] -> xpath: //div[@class="course-card-header"]//a[text()='Business Essentials']]
62 2023/04/06 18:45:34,640 943964 [INFO  ] [TestNG-test=HBSOTest-1] qa.wrappers.BaseMethod qa.wrappers.BaseMethod.click(BaseMethod.java:323) - Trying to click on element: [[RemoteWebDriver: chrome on LINUX (778e625ebf975eb971274db2a3db0714)] -> xpath: //a[@class='bx-close bx-close-link bx-close-inside']]
63 2023/04/06 18:45:39,192 948516 [INFO  ] [TestNG-test=HBSOTest-1] qa.wrappers.BaseMethod qa.wrappers.BaseMethod.click(BaseMethod.java:326) - element clicked : [[RemoteWebDriver: chrome on LINUX (778e625ebf975eb971274db2a3db0714)] -> xpath: //a[@class='bx-close bx-close-link bx-close-inside']]
64 2023/04/06 18:45:45,799 955123 [INFO  ] [TestNG-test=HBSOTest-1] qa.wrappers.BaseMethod qa.wrappers.BaseMethod.click(BaseMethod.java:323) - Trying to click on element: [[RemoteWebDriver: chrome on LINUX (778e625ebf975eb971274db2a3db0714)] -> xpath: //div[@class='drift-widget-avatar circle drift-controller-icon--avatar-avatar']]
65 2023/04/06 18:45:50,355 959679 [INFO  ] [TestNG-test=HBSOTest-1] qa.wrappers.BaseMethod qa.wrappers.BaseMethod.click(BaseMethod.java:326) - element clicked : [[RemoteWebDriver: chrome on LINUX (778e625ebf975eb971274db2a3db0714)] -> xpath: //div[@class='drift-widget-avatar circle drift-controller-icon--avatar-avatar']]
66 2023/04/06 18:54:33,808 1483132 [INFO  ] [TestNG-test=HBSOTest-3] qa.wrappers.BaseMethod qa.wrappers.BaseMethod.click(BaseMethod.java:323) - Trying to click on element: [[RemoteWebDriver: chrome on LINUX (a44430abc68cf023ab36398ff40e12a8)] -> xpath: (//a[@class='universal-banner-menu-toggle'])[2]]
67 2023/04/06 18:55:00,183 1509507 [INFO  ] [TestNG-test=HBSOTest-5] qa.wrappers.BaseMethod qa.wrappers.BaseMethod.click(BaseMethod.java:323) - Trying to click on element: [[RemoteWebDriver: chrome on LINUX (a44430abc68cf023ab36398ff40e12a8)] -> xpath: //a[@class='bx-close bx-close-link bx-close-inside']]
68 2023/04/06 18:55:05,778 1515102 [INFO  ] [TestNG-test=HBSOTest-5] qa.wrappers.BaseMethod qa.wrappers.BaseMethod.click(BaseMethod.java:326) - element clicked : [[RemoteWebDriver: chrome on LINUX (a44430abc68cf023ab36398ff40e12a8)] -> xpath: //a[@class='bx-close bx-close-link bx-close-inside']]
69 2023/04/06 19:02:13,769 1943093 [INFO  ] [TestNG-test=HBSOTest-3] qa.wrappers.BaseMethod qa.wrappers.BaseMethod.click(BaseMethod.java:323) - Trying to click on element: [[RemoteWebDriver: chrome on LINUX (c9b6e45aa6b32d20cfb3c24ec5416716)] -> xpath: //div[@class="course-card-header"]//a[text()='Business Essentials']]
70 2023/04/06 19:02:34,078 1963402 [INFO  ] [TestNG-test=HBSOTest-3] qa.wrappers.BaseMethod qa.wrappers.BaseMethod.click(BaseMethod.java:326) - element clicked : Proxy element for: DefaultElementLocator 'By.xpath: //div[@class="course-card-header"]//a[text()='Business Essentials']'
71 2023/04/06 19:03:45,710 2035034 [INFO  ] [TestNG-test=HBSOTest-4] qa.wrappers.BaseMethod qa.wrappers.BaseMethod.click(BaseMethod.java:323) - Trying to click on element: [[RemoteWebDriver: chrome on LINUX (c9b6e45aa6b32d20cfb3c24ec5416716)] -> xpath: //a[@class='bx-close bx-close-link bx-close-inside']]
72 2023/04/06 19:03:52,564 2041888 [INFO  ] [TestNG-test=HBSOTest-4] qa.wrappers.BaseMethod qa.wrappers.BaseMethod.click(BaseMethod.java:326) - element clicked : [[RemoteWebDriver: chrome on LINUX (c9b6e45aa6b32d20cfb3c24ec5416716)] -> xpath: //a[@class='bx-close bx-close-link bx-close-inside']]
