1 2022/08/08 12:12:34,228 3990 [DEBUG ] [TestNG-test=Chrometest-4] internal.logging.InternalLoggerFactory internal.logging.InternalLoggerFactory.useLog4J2LoggerFactory(InternalLoggerFactory.java:76) - Using Log4J2 as the default logging framework
2 2022/08/08 12:12:34,236 3998 [DEBUG ] [TestNG-test=Chrometest-4] netty.util.ResourceLeakDetector netty.util.ResourceLeakDetector.<clinit>(ResourceLeakDetector.java:129) - -Dio.netty.leakDetection.level: simple
3 2022/08/08 12:12:34,237 3999 [DEBUG ] [TestNG-test=Chrometest-4] netty.util.ResourceLeakDetector netty.util.ResourceLeakDetector.<clinit>(ResourceLeakDetector.java:130) - -Dio.netty.leakDetection.targetRecords: 4
4 2022/08/08 12:12:34,243 4005 [DEBUG ] [TestNG-test=Chrometest-4] netty.util.ResourceLeakDetectorFactory netty.util.ResourceLeakDetectorFactory$DefaultResourceLeakDetectorFactory.newResourceLeakDetector(ResourceLeakDetectorFactory.java:196) - Loaded default ResourceLeakDetector: io.netty.util.ResourceLeakDetector@4285a959
5 2022/08/08 12:12:34,266 4028 [DEBUG ] [TestNG-test=Chrometest-4] util.internal.PlatformDependent0 util.internal.PlatformDependent0.explicitNoUnsafeCause0(PlatformDependent0.java:460) - -Dio.netty.noUnsafe: false
6 2022/08/08 12:12:34,266 4028 [DEBUG ] [TestNG-test=Chrometest-4] util.internal.PlatformDependent0 util.internal.PlatformDependent0.javaVersion0(PlatformDependent0.java:954) - Java version: 16
7 2022/08/08 12:12:34,267 4029 [DEBUG ] [TestNG-test=Chrometest-4] util.internal.PlatformDependent0 util.internal.PlatformDependent0.<clinit>(PlatformDependent0.java:135) - sun.misc.Unsafe.theUnsafe: available
8 2022/08/08 12:12:34,267 4029 [DEBUG ] [TestNG-test=Chrometest-4] util.internal.PlatformDependent0 util.internal.PlatformDependent0.<clinit>(PlatformDependent0.java:159) - sun.misc.Unsafe.copyMemory: available
9 2022/08/08 12:12:34,268 4030 [DEBUG ] [TestNG-test=Chrometest-4] util.internal.PlatformDependent0 util.internal.PlatformDependent0.<clinit>(PlatformDependent0.java:202) - java.nio.Buffer.address: available
10 2022/08/08 12:12:34,269 4031 [DEBUG ] [TestNG-test=Chrometest-4] util.internal.PlatformDependent0 util.internal.PlatformDependent0.<clinit>(PlatformDependent0.java:285) - direct buffer constructor: unavailable: Reflective setAccessible(true) disabled
11 2022/08/08 12:12:34,270 4032 [DEBUG ] [TestNG-test=Chrometest-4] util.internal.PlatformDependent0 util.internal.PlatformDependent0.<clinit>(PlatformDependent0.java:350) - java.nio.Bits.unaligned: available, true
12 2022/08/08 12:12:34,272 4034 [DEBUG ] [TestNG-test=Chrometest-4] util.internal.PlatformDependent0 util.internal.PlatformDependent0.<clinit>(PlatformDependent0.java:417) - jdk.internal.misc.Unsafe.allocateUninitializedArray(int): unavailable: class io.netty.util.internal.PlatformDependent0$6 cannot access class jdk.internal.misc.Unsafe (in module java.base) because module java.base does not export jdk.internal.misc to unnamed module @3551a94
13 2022/08/08 12:12:34,274 4036 [DEBUG ] [TestNG-test=Chrometest-4] util.internal.PlatformDependent0 util.internal.PlatformDependent0.<clinit>(PlatformDependent0.java:446) - java.nio.DirectByteBuffer.<init>(long, int): unavailable
14 2022/08/08 12:12:34,274 4036 [DEBUG ] [TestNG-test=Chrometest-4] util.internal.PlatformDependent util.internal.PlatformDependent.unsafeUnavailabilityCause0(PlatformDependent.java:1116) - sun.misc.Unsafe: available
15 2022/08/08 12:12:34,275 4037 [DEBUG ] [TestNG-test=Chrometest-4] util.internal.PlatformDependent util.internal.PlatformDependent.estimateMaxDirectMemory(PlatformDependent.java:1227) - maxDirectMemory: 4234149888 bytes (maybe)
16 2022/08/08 12:12:34,276 4038 [DEBUG ] [TestNG-test=Chrometest-4] util.internal.PlatformDependent util.internal.PlatformDependent.tmpdir0(PlatformDependent.java:1246) - -Dio.netty.tmpdir: C:\Users\10684951\AppData\Local\Temp (java.io.tmpdir)
17 2022/08/08 12:12:34,276 4038 [DEBUG ] [TestNG-test=Chrometest-4] util.internal.PlatformDependent util.internal.PlatformDependent.bitMode0(PlatformDependent.java:1325) - -Dio.netty.bitMode: 64 (sun.arch.data.model)
18 2022/08/08 12:12:34,278 4040 [DEBUG ] [TestNG-test=Chrometest-4] util.internal.PlatformDependent util.internal.PlatformDependent.isWindows0(PlatformDependent.java:1076) - Platform: Windows
19 2022/08/08 12:12:34,281 4043 [DEBUG ] [TestNG-test=Chrometest-4] util.internal.PlatformDependent util.internal.PlatformDependent.<clinit>(PlatformDependent.java:178) - -Dio.netty.maxDirectMemory: -1 bytes
20 2022/08/08 12:12:34,283 4045 [DEBUG ] [TestNG-test=Chrometest-4] util.internal.PlatformDependent util.internal.PlatformDependent.<clinit>(PlatformDependent.java:185) - -Dio.netty.uninitializedArrayAllocationThreshold: -1
21 2022/08/08 12:12:34,285 4047 [DEBUG ] [TestNG-test=Chrometest-4] util.internal.CleanerJava9 util.internal.CleanerJava9.<clinit>(CleanerJava9.java:71) - java.nio.ByteBuffer.cleaner(): available
22 2022/08/08 12:12:34,286 4048 [DEBUG ] [TestNG-test=Chrometest-4] util.internal.PlatformDependent util.internal.PlatformDependent.<clinit>(PlatformDependent.java:205) - -Dio.netty.noPreferDirect: false
23 2022/08/08 12:12:34,296 4058 [DEBUG ] [TestNG-test=Chrometest-4] util.internal.PlatformDependent util.internal.PlatformDependent$Mpsc.<clinit>(PlatformDependent.java:967) - org.jctools-core.MpscChunkedArrayQueue: available
24 2022/08/08 12:12:34,317 4079 [DEBUG ] [TestNG-test=Chrometest-4] util.internal.InternalThreadLocalMap util.internal.InternalThreadLocalMap.<clinit>(InternalThreadLocalMap.java:86) - -Dio.netty.threadLocalMap.stringBuilder.initialSize: 1024
25 2022/08/08 12:12:34,318 4080 [DEBUG ] [TestNG-test=Chrometest-4] util.internal.InternalThreadLocalMap util.internal.InternalThreadLocalMap.<clinit>(InternalThreadLocalMap.java:89) - -Dio.netty.threadLocalMap.stringBuilder.maxSize: 4096
26 2022/08/08 12:12:34,566 4328 [DEBUG ] [TestNG-test=Chrometest-4] handler.ssl.JdkSslContext handler.ssl.JdkSslContext.<clinit>(JdkSslContext.java:97) - Default protocols (JDK): [TLSv1.3, TLSv1.2] 
27 2022/08/08 12:12:34,567 4329 [DEBUG ] [TestNG-test=Chrometest-4] handler.ssl.JdkSslContext handler.ssl.JdkSslContext.<clinit>(JdkSslContext.java:98) - Default cipher suites (JDK): [TLS_ECDHE_ECDSA_WITH_AES_256_GCM_SHA384, TLS_ECDHE_ECDSA_WITH_AES_128_GCM_SHA256, TLS_ECDHE_RSA_WITH_AES_128_GCM_SHA256, TLS_ECDHE_RSA_WITH_AES_256_GCM_SHA384, TLS_ECDHE_RSA_WITH_AES_128_CBC_SHA, TLS_ECDHE_RSA_WITH_AES_256_CBC_SHA, TLS_RSA_WITH_AES_128_GCM_SHA256, TLS_RSA_WITH_AES_128_CBC_SHA, TLS_RSA_WITH_AES_256_CBC_SHA, TLS_AES_128_GCM_SHA256, TLS_AES_256_GCM_SHA384]
28 2022/08/08 12:12:34,595 4357 [DEBUG ] [TestNG-test=Chrometest-4] netty.channel.MultithreadEventLoopGroup netty.channel.MultithreadEventLoopGroup.<clinit>(MultithreadEventLoopGroup.java:44) - -Dio.netty.eventLoopThreads: 16
29 2022/08/08 12:12:34,609 4371 [DEBUG ] [TestNG-test=Chrometest-4] channel.nio.NioEventLoop channel.nio.NioEventLoop.<clinit>(NioEventLoop.java:109) - -Dio.netty.noKeySetOptimization: false
30 2022/08/08 12:12:34,609 4371 [DEBUG ] [TestNG-test=Chrometest-4] channel.nio.NioEventLoop channel.nio.NioEventLoop.<clinit>(NioEventLoop.java:110) - -Dio.netty.selectorAutoRebuildThreshold: 512
31 2022/08/08 12:12:34,792 4554 [DEBUG ] [TestNG-test=Chrometest-4] netty.buffer.PooledByteBufAllocator netty.buffer.PooledByteBufAllocator.<clinit>(PooledByteBufAllocator.java:155) - -Dio.netty.allocator.numHeapArenas: 16
32 2022/08/08 12:12:34,793 4555 [DEBUG ] [TestNG-test=Chrometest-4] netty.buffer.PooledByteBufAllocator netty.buffer.PooledByteBufAllocator.<clinit>(PooledByteBufAllocator.java:156) - -Dio.netty.allocator.numDirectArenas: 16
33 2022/08/08 12:12:34,793 4555 [DEBUG ] [TestNG-test=Chrometest-4] netty.buffer.PooledByteBufAllocator netty.buffer.PooledByteBufAllocator.<clinit>(PooledByteBufAllocator.java:158) - -Dio.netty.allocator.pageSize: 8192
34 2022/08/08 12:12:34,794 4556 [DEBUG ] [TestNG-test=Chrometest-4] netty.buffer.PooledByteBufAllocator netty.buffer.PooledByteBufAllocator.<clinit>(PooledByteBufAllocator.java:163) - -Dio.netty.allocator.maxOrder: 9
35 2022/08/08 12:12:34,794 4556 [DEBUG ] [TestNG-test=Chrometest-4] netty.buffer.PooledByteBufAllocator netty.buffer.PooledByteBufAllocator.<clinit>(PooledByteBufAllocator.java:167) - -Dio.netty.allocator.chunkSize: 4194304
36 2022/08/08 12:12:34,795 4557 [DEBUG ] [TestNG-test=Chrometest-4] netty.buffer.PooledByteBufAllocator netty.buffer.PooledByteBufAllocator.<clinit>(PooledByteBufAllocator.java:168) - -Dio.netty.allocator.smallCacheSize: 256
37 2022/08/08 12:12:34,795 4557 [DEBUG ] [TestNG-test=Chrometest-4] netty.buffer.PooledByteBufAllocator netty.buffer.PooledByteBufAllocator.<clinit>(PooledByteBufAllocator.java:169) - -Dio.netty.allocator.normalCacheSize: 64
38 2022/08/08 12:12:34,796 4558 [DEBUG ] [TestNG-test=Chrometest-4] netty.buffer.PooledByteBufAllocator netty.buffer.PooledByteBufAllocator.<clinit>(PooledByteBufAllocator.java:170) - -Dio.netty.allocator.maxCachedBufferCapacity: 32768
39 2022/08/08 12:12:34,797 4559 [DEBUG ] [TestNG-test=Chrometest-4] netty.buffer.PooledByteBufAllocator netty.buffer.PooledByteBufAllocator.<clinit>(PooledByteBufAllocator.java:171) - -Dio.netty.allocator.cacheTrimInterval: 8192
40 2022/08/08 12:12:34,797 4559 [DEBUG ] [TestNG-test=Chrometest-4] netty.buffer.PooledByteBufAllocator netty.buffer.PooledByteBufAllocator.<clinit>(PooledByteBufAllocator.java:172) - -Dio.netty.allocator.cacheTrimIntervalMillis: 0
41 2022/08/08 12:12:34,797 4559 [DEBUG ] [TestNG-test=Chrometest-4] netty.buffer.PooledByteBufAllocator netty.buffer.PooledByteBufAllocator.<clinit>(PooledByteBufAllocator.java:173) - -Dio.netty.allocator.useCacheForAllThreads: false
42 2022/08/08 12:12:34,798 4560 [DEBUG ] [TestNG-test=Chrometest-4] netty.buffer.PooledByteBufAllocator netty.buffer.PooledByteBufAllocator.<clinit>(PooledByteBufAllocator.java:174) - -Dio.netty.allocator.maxCachedByteBuffersPerChunk: 1023
43 2022/08/08 12:12:34,815 4577 [DEBUG ] [TestNG-test=Chrometest-4] netty.buffer.ByteBufUtil netty.buffer.ByteBufUtil.<clinit>(ByteBufUtil.java:87) - -Dio.netty.allocator.type: pooled
44 2022/08/08 12:12:34,816 4578 [DEBUG ] [TestNG-test=Chrometest-4] netty.buffer.ByteBufUtil netty.buffer.ByteBufUtil.<clinit>(ByteBufUtil.java:96) - -Dio.netty.threadLocalDirectBufferSize: 0
45 2022/08/08 12:12:34,816 4578 [DEBUG ] [TestNG-test=Chrometest-4] netty.buffer.ByteBufUtil netty.buffer.ByteBufUtil.<clinit>(ByteBufUtil.java:99) - -Dio.netty.maxThreadLocalCharBufferSize: 16384
46 2022/08/08 12:12:35,263 5025 [DEBUG ] [Forwarding newSession on session null to remote] netty.channel.DefaultChannelId netty.channel.DefaultChannelId.<clinit>(DefaultChannelId.java:79) - -Dio.netty.processId: 8396 (auto-detected)
47 2022/08/08 12:12:35,268 5030 [DEBUG ] [Forwarding newSession on session null to remote] netty.util.NetUtil netty.util.NetUtil.<clinit>(NetUtil.java:136) - -Djava.net.preferIPv4Stack: true
48 2022/08/08 12:12:35,269 5031 [DEBUG ] [Forwarding newSession on session null to remote] netty.util.NetUtil netty.util.NetUtil.<clinit>(NetUtil.java:137) - -Djava.net.preferIPv6Addresses: false
49 2022/08/08 12:12:35,325 5087 [DEBUG ] [Forwarding newSession on session null to remote] netty.util.NetUtilInitializations netty.util.NetUtilInitializations.determineLoopback(NetUtilInitializations.java:129) - Loopback interface: lo (Software Loopback Interface 1, 127.0.0.1)
50 2022/08/08 12:12:35,329 5091 [DEBUG ] [Forwarding newSession on session null to remote] netty.util.NetUtil netty.util.NetUtil$SoMaxConnAction.run(NetUtil.java:191) - Failed to get SOMAXCONN from sysctl and file \proc\sys\net\core\somaxconn. Default: 200
51 2022/08/08 12:12:35,499 5261 [DEBUG ] [Forwarding newSession on session null to remote] netty.channel.DefaultChannelId netty.channel.DefaultChannelId.<clinit>(DefaultChannelId.java:101) - -Dio.netty.machineId: d4:1b:81:ff:fe:59:ab:63 (auto-detected)
52 2022/08/08 12:12:35,571 5333 [DEBUG ] [AsyncHttpClient-1-2] netty.buffer.AbstractByteBuf netty.buffer.AbstractByteBuf.<clinit>(AbstractByteBuf.java:63) - -Dio.netty.buffer.checkAccessible: true
53 2022/08/08 12:12:35,572 5334 [DEBUG ] [AsyncHttpClient-1-2] netty.buffer.AbstractByteBuf netty.buffer.AbstractByteBuf.<clinit>(AbstractByteBuf.java:64) - -Dio.netty.buffer.checkBounds: true
54 2022/08/08 12:12:35,572 5334 [DEBUG ] [AsyncHttpClient-1-2] netty.util.ResourceLeakDetectorFactory netty.util.ResourceLeakDetectorFactory$DefaultResourceLeakDetectorFactory.newResourceLeakDetector(ResourceLeakDetectorFactory.java:196) - Loaded default ResourceLeakDetector: io.netty.util.ResourceLeakDetector@229c0592
55 2022/08/08 12:12:35,616 5378 [DEBUG ] [AsyncHttpClient-1-2] netty.util.Recycler netty.util.Recycler.<clinit>(Recycler.java:85) - -Dio.netty.recycler.maxCapacityPerThread: 4096
56 2022/08/08 12:12:35,616 5378 [DEBUG ] [AsyncHttpClient-1-2] netty.util.Recycler netty.util.Recycler.<clinit>(Recycler.java:86) - -Dio.netty.recycler.ratio: 8
57 2022/08/08 12:12:35,617 5379 [DEBUG ] [AsyncHttpClient-1-2] netty.util.Recycler netty.util.Recycler.<clinit>(Recycler.java:87) - -Dio.netty.recycler.chunkSize: 32
58 2022/08/08 12:12:35,618 5380 [DEBUG ] [AsyncHttpClient-1-2] netty.util.Recycler netty.util.Recycler.<clinit>(Recycler.java:88) - -Dio.netty.recycler.blocking: false
59 2022/08/08 12:12:54,588 24350 [DEBUG ] [AsyncHttpClient-1-2] codec.compression.Brotli codec.compression.Brotli.<clinit>(Brotli.java:38) - brotli4j not in the classpath; Brotli support will be unavailable.
60 2022/08/08 12:16:47,689 257451 [INFO  ] [TestNG-test=Chrometest-1] qa.wrappers.BaseMethod qa.wrappers.BaseMethod.click(BaseMethod.java:318) - Trying to click on element: [[RemoteWebDriver: chrome on LINUX (73af234c497d7ac888fbdca089ca94d1)] -> xpath: //a[text()='Women']]
61 2022/08/08 12:16:53,998 263760 [INFO  ] [TestNG-test=Chrometest-1] qa.wrappers.BaseMethod qa.wrappers.BaseMethod.click(BaseMethod.java:321) - element clicked : [[RemoteWebDriver: chrome on LINUX (73af234c497d7ac888fbdca089ca94d1)] -> xpath: //a[text()='Women']]
62 2022/08/08 12:16:55,079 264841 [INFO  ] [TestNG-test=Chrometest-5] qa.wrappers.BaseMethod qa.wrappers.BaseMethod.mouseHover(BaseMethod.java:627) - Trying to mouse hover on element [[RemoteWebDriver: chrome on LINUX (73af234c497d7ac888fbdca089ca94d1)] -> xpath: //a[text()='Home & Decor']] using Actions class
63 2022/08/08 12:16:58,191 267953 [INFO  ] [TestNG-test=Chrometest-5] qa.wrappers.BaseMethod qa.wrappers.BaseMethod.mouseHover(BaseMethod.java:644) - Mouse hovered and clicked on element
64 2022/08/08 12:16:58,203 267965 [INFO  ] [TestNG-test=Chrometest-5] qa.wrappers.BaseMethod qa.wrappers.BaseMethod.getAttribute(BaseMethod.java:442) - Trying to title attribute value from DOM
65 2022/08/08 12:16:59,195 268957 [INFO  ] [TestNG-test=Chrometest-5] qa.wrappers.BaseMethod qa.wrappers.BaseMethod.click(BaseMethod.java:318) - Trying to click on element: [[RemoteWebDriver: chrome on LINUX (73af234c497d7ac888fbdca089ca94d1)] -> xpath: //li[@class='item last']//a]
66 2022/08/08 12:17:16,223 285985 [INFO  ] [TestNG-test=Chrometest-5] qa.wrappers.BaseMethod qa.wrappers.BaseMethod.click(BaseMethod.java:321) - element clicked : Proxy element for: DefaultElementLocator 'By.xpath: //li[@class='item last']//a'
67 2022/08/08 12:17:16,912 286674 [INFO  ] [TestNG-test=Chrometest-5] qa.wrappers.BaseMethod qa.wrappers.BaseMethod.click(BaseMethod.java:318) - Trying to click on element: [[RemoteWebDriver: chrome on LINUX (73af234c497d7ac888fbdca089ca94d1)] -> xpath: //ul[@id='downloadable-links-list']//li//input]
68 2022/08/08 12:17:21,299 291061 [INFO  ] [TestNG-test=Chrometest-5] qa.wrappers.BaseMethod qa.wrappers.BaseMethod.click(BaseMethod.java:321) - element clicked : [[RemoteWebDriver: chrome on LINUX (73af234c497d7ac888fbdca089ca94d1)] -> xpath: //ul[@id='downloadable-links-list']//li//input]
69 2022/08/08 12:17:21,331 291093 [INFO  ] [TestNG-test=Chrometest-5] qa.wrappers.BaseMethod qa.wrappers.BaseMethod.clickUsingIndex(BaseMethod.java:326) - Trying to click on1 element: [[[RemoteWebDriver: chrome on LINUX (73af234c497d7ac888fbdca089ca94d1)] -> xpath: //button[@title='Add to Cart']], [[RemoteWebDriver: chrome on LINUX (73af234c497d7ac888fbdca089ca94d1)] -> xpath: //button[@title='Add to Cart']]]
70 2022/08/08 12:17:29,305 299067 [INFO  ] [TestNG-test=Chrometest-5] qa.wrappers.BaseMethod qa.wrappers.BaseMethod.clickUsingIndex(BaseMethod.java:329) - element clicked : [[[RemoteWebDriver: chrome on LINUX (73af234c497d7ac888fbdca089ca94d1)] -> xpath: //button[@title='Add to Cart']]]
71 2022/08/08 12:17:29,392 299154 [INFO  ] [TestNG-test=Chrometest-5] qa.wrappers.BaseMethod qa.wrappers.BaseMethod.click(BaseMethod.java:318) - Trying to click on element: [[RemoteWebDriver: chrome on LINUX (73af234c497d7ac888fbdca089ca94d1)] -> xpath: //button[@title='Proceed to Checkout']]
72 2022/08/08 12:17:46,986 316748 [INFO  ] [TestNG-test=Chrometest-5] qa.wrappers.BaseMethod qa.wrappers.BaseMethod.click(BaseMethod.java:321) - element clicked : Proxy element for: DefaultElementLocator 'By.xpath: //button[@title='Proceed to Checkout']'
73 2022/08/08 12:18:04,476 334238 [INFO  ] [TestNG-test=Chrometest-2] qa.wrappers.BaseMethod qa.wrappers.BaseMethod.click(BaseMethod.java:318) - Trying to click on element: [[RemoteWebDriver: chrome on LINUX (73af234c497d7ac888fbdca089ca94d1)] -> xpath: //button[@title='Search']]
74 2022/08/08 12:18:09,905 339667 [INFO  ] [TestNG-test=Chrometest-2] qa.wrappers.BaseMethod qa.wrappers.BaseMethod.click(BaseMethod.java:321) - element clicked : [[RemoteWebDriver: chrome on LINUX (73af234c497d7ac888fbdca089ca94d1)] -> xpath: //button[@title='Search']]
75 2022/08/08 12:18:10,522 340284 [INFO  ] [TestNG-test=Chrometest-4] qa.wrappers.BaseMethod qa.wrappers.BaseMethod.getAttribute(BaseMethod.java:442) - Trying to href attribute value from DOM
76 2022/08/08 12:18:10,615 340377 [INFO  ] [TestNG-test=Chrometest-4] qa.wrappers.BaseMethod qa.wrappers.BaseMethod.newTab(BaseMethod.java:129) - New tab opened 
77 2022/08/08 12:18:14,096 343858 [INFO  ] [TestNG-test=Chrometest-3] qa.wrappers.BaseMethod qa.wrappers.BaseMethod.selectByVisibleText(BaseMethod.java:296) - Trying to select element Value from Dropdown
78 2022/08/08 12:18:15,087 344849 [INFO  ] [TestNG-test=Chrometest-3] qa.wrappers.BaseMethod qa.wrappers.BaseMethod.selectByVisibleText(BaseMethod.java:300) - German Value selected from Dropdown: 
