1 2023/04/14 15:12:52,984 1811 [DEBUG ] [TestNG-test=KTtasksTest-1] internal.logging.InternalLoggerFactory internal.logging.InternalLoggerFactory.useLog4J2LoggerFactory(InternalLoggerFactory.java:76) - Using Log4J2 as the default logging framework
2 2023/04/14 15:12:52,991 1818 [DEBUG ] [TestNG-test=KTtasksTest-1] netty.util.ResourceLeakDetector netty.util.ResourceLeakDetector.<clinit>(ResourceLeakDetector.java:129) - -Dio.netty.leakDetection.level: simple
3 2023/04/14 15:12:52,991 1818 [DEBUG ] [TestNG-test=KTtasksTest-1] netty.util.ResourceLeakDetector netty.util.ResourceLeakDetector.<clinit>(ResourceLeakDetector.java:130) - -Dio.netty.leakDetection.targetRecords: 4
4 2023/04/14 15:12:52,996 1823 [DEBUG ] [TestNG-test=KTtasksTest-1] netty.util.ResourceLeakDetectorFactory netty.util.ResourceLeakDetectorFactory$DefaultResourceLeakDetectorFactory.newResourceLeakDetector(ResourceLeakDetectorFactory.java:196) - Loaded default ResourceLeakDetector: io.netty.util.ResourceLeakDetector@7c8e284e
5 2023/04/14 15:12:53,010 1837 [DEBUG ] [TestNG-test=KTtasksTest-1] util.internal.PlatformDependent0 util.internal.PlatformDependent0.explicitNoUnsafeCause0(PlatformDependent0.java:496) - -Dio.netty.noUnsafe: false
6 2023/04/14 15:12:53,011 1838 [DEBUG ] [TestNG-test=KTtasksTest-1] util.internal.PlatformDependent0 util.internal.PlatformDependent0.javaVersion0(PlatformDependent0.java:1000) - Java version: 8
7 2023/04/14 15:12:53,011 1838 [DEBUG ] [TestNG-test=KTtasksTest-1] util.internal.PlatformDependent0 util.internal.PlatformDependent0.<clinit>(PlatformDependent0.java:137) - sun.misc.Unsafe.theUnsafe: available
8 2023/04/14 15:12:53,012 1839 [DEBUG ] [TestNG-test=KTtasksTest-1] util.internal.PlatformDependent0 util.internal.PlatformDependent0.<clinit>(PlatformDependent0.java:161) - sun.misc.Unsafe.copyMemory: available
9 2023/04/14 15:12:53,013 1840 [DEBUG ] [TestNG-test=KTtasksTest-1] util.internal.PlatformDependent0 util.internal.PlatformDependent0.<clinit>(PlatformDependent0.java:193) - sun.misc.Unsafe.storeFence: available
10 2023/04/14 15:12:53,013 1840 [DEBUG ] [TestNG-test=KTtasksTest-1] util.internal.PlatformDependent0 util.internal.PlatformDependent0.<clinit>(PlatformDependent0.java:236) - java.nio.Buffer.address: available
11 2023/04/14 15:12:53,014 1841 [DEBUG ] [TestNG-test=KTtasksTest-1] util.internal.PlatformDependent0 util.internal.PlatformDependent0.<clinit>(PlatformDependent0.java:307) - direct buffer constructor: available
12 2023/04/14 15:12:53,014 1841 [DEBUG ] [TestNG-test=KTtasksTest-1] util.internal.PlatformDependent0 util.internal.PlatformDependent0.<clinit>(PlatformDependent0.java:385) - java.nio.Bits.unaligned: available, true
13 2023/04/14 15:12:53,015 1842 [DEBUG ] [TestNG-test=KTtasksTest-1] util.internal.PlatformDependent0 util.internal.PlatformDependent0.<clinit>(PlatformDependent0.java:459) - jdk.internal.misc.Unsafe.allocateUninitializedArray(int): unavailable prior to Java9
14 2023/04/14 15:12:53,016 1843 [DEBUG ] [TestNG-test=KTtasksTest-1] util.internal.PlatformDependent0 util.internal.PlatformDependent0.<clinit>(PlatformDependent0.java:482) - java.nio.DirectByteBuffer.<init>(long, int): available
15 2023/04/14 15:12:53,016 1843 [DEBUG ] [TestNG-test=KTtasksTest-1] util.internal.PlatformDependent util.internal.PlatformDependent.unsafeUnavailabilityCause0(PlatformDependent.java:1159) - sun.misc.Unsafe: available
16 2023/04/14 15:12:53,016 1843 [DEBUG ] [TestNG-test=KTtasksTest-1] util.internal.PlatformDependent util.internal.PlatformDependent.tmpdir0(PlatformDependent.java:1289) - -Dio.netty.tmpdir: /var/folders/b6/k_w0589j24712v_9f8zffkgnct9bh0/T (java.io.tmpdir)
17 2023/04/14 15:12:53,017 1844 [DEBUG ] [TestNG-test=KTtasksTest-1] util.internal.PlatformDependent util.internal.PlatformDependent.bitMode0(PlatformDependent.java:1368) - -Dio.netty.bitMode: 64 (sun.arch.data.model)
18 2023/04/14 15:12:53,018 1845 [DEBUG ] [TestNG-test=KTtasksTest-1] util.internal.PlatformDependent util.internal.PlatformDependent.isOsx0(PlatformDependent.java:1127) - Platform: MacOS
19 2023/04/14 15:12:53,019 1846 [DEBUG ] [TestNG-test=KTtasksTest-1] util.internal.PlatformDependent util.internal.PlatformDependent.<clinit>(PlatformDependent.java:178) - -Dio.netty.maxDirectMemory: 3817865216 bytes
20 2023/04/14 15:12:53,019 1846 [DEBUG ] [TestNG-test=KTtasksTest-1] util.internal.PlatformDependent util.internal.PlatformDependent.<clinit>(PlatformDependent.java:185) - -Dio.netty.uninitializedArrayAllocationThreshold: -1
21 2023/04/14 15:12:53,020 1847 [DEBUG ] [TestNG-test=KTtasksTest-1] util.internal.CleanerJava6 util.internal.CleanerJava6.<clinit>(CleanerJava6.java:92) - java.nio.ByteBuffer.cleaner(): available
22 2023/04/14 15:12:53,020 1847 [DEBUG ] [TestNG-test=KTtasksTest-1] util.internal.PlatformDependent util.internal.PlatformDependent.<clinit>(PlatformDependent.java:205) - -Dio.netty.noPreferDirect: false
23 2023/04/14 15:12:53,028 1855 [DEBUG ] [TestNG-test=KTtasksTest-1] util.internal.PlatformDependent util.internal.PlatformDependent$Mpsc.<clinit>(PlatformDependent.java:1010) - org.jctools-core.MpscChunkedArrayQueue: available
24 2023/04/14 15:12:53,041 1868 [DEBUG ] [TestNG-test=KTtasksTest-1] util.internal.InternalThreadLocalMap util.internal.InternalThreadLocalMap.<clinit>(InternalThreadLocalMap.java:100) - -Dio.netty.threadLocalMap.stringBuilder.initialSize: 1024
25 2023/04/14 15:12:53,041 1868 [DEBUG ] [TestNG-test=KTtasksTest-1] util.internal.InternalThreadLocalMap util.internal.InternalThreadLocalMap.<clinit>(InternalThreadLocalMap.java:101) - -Dio.netty.threadLocalMap.stringBuilder.maxSize: 4096
26 2023/04/14 15:12:53,220 2047 [DEBUG ] [TestNG-test=KTtasksTest-1] handler.ssl.JdkSslContext handler.ssl.JdkSslContext.<clinit>(JdkSslContext.java:83) - Default protocols (JDK): [TLSv1.3, TLSv1.2] 
27 2023/04/14 15:12:53,220 2047 [DEBUG ] [TestNG-test=KTtasksTest-1] handler.ssl.JdkSslContext handler.ssl.JdkSslContext.<clinit>(JdkSslContext.java:84) - Default cipher suites (JDK): [TLS_ECDHE_ECDSA_WITH_AES_256_GCM_SHA384, TLS_ECDHE_ECDSA_WITH_AES_128_GCM_SHA256, TLS_ECDHE_RSA_WITH_AES_128_GCM_SHA256, TLS_ECDHE_RSA_WITH_AES_256_GCM_SHA384, TLS_ECDHE_RSA_WITH_AES_128_CBC_SHA, TLS_ECDHE_RSA_WITH_AES_256_CBC_SHA, TLS_RSA_WITH_AES_128_GCM_SHA256, TLS_RSA_WITH_AES_128_CBC_SHA, TLS_RSA_WITH_AES_256_CBC_SHA, TLS_AES_128_GCM_SHA256, TLS_AES_256_GCM_SHA384]
28 2023/04/14 15:12:53,240 2067 [DEBUG ] [TestNG-test=KTtasksTest-1] netty.channel.MultithreadEventLoopGroup netty.channel.MultithreadEventLoopGroup.<clinit>(MultithreadEventLoopGroup.java:44) - -Dio.netty.eventLoopThreads: 16
29 2023/04/14 15:12:53,246 2073 [DEBUG ] [TestNG-test=KTtasksTest-1] channel.nio.NioEventLoop channel.nio.NioEventLoop.<clinit>(NioEventLoop.java:110) - -Dio.netty.noKeySetOptimization: false
30 2023/04/14 15:12:53,246 2073 [DEBUG ] [TestNG-test=KTtasksTest-1] channel.nio.NioEventLoop channel.nio.NioEventLoop.<clinit>(NioEventLoop.java:111) - -Dio.netty.selectorAutoRebuildThreshold: 512
31 2023/04/14 15:12:53,265 2092 [DEBUG ] [TestNG-test=KTtasksTest-1] netty.buffer.PooledByteBufAllocator netty.buffer.PooledByteBufAllocator.<clinit>(PooledByteBufAllocator.java:157) - -Dio.netty.allocator.numHeapArenas: 16
32 2023/04/14 15:12:53,265 2092 [DEBUG ] [TestNG-test=KTtasksTest-1] netty.buffer.PooledByteBufAllocator netty.buffer.PooledByteBufAllocator.<clinit>(PooledByteBufAllocator.java:158) - -Dio.netty.allocator.numDirectArenas: 16
33 2023/04/14 15:12:53,265 2092 [DEBUG ] [TestNG-test=KTtasksTest-1] netty.buffer.PooledByteBufAllocator netty.buffer.PooledByteBufAllocator.<clinit>(PooledByteBufAllocator.java:160) - -Dio.netty.allocator.pageSize: 8192
34 2023/04/14 15:12:53,265 2092 [DEBUG ] [TestNG-test=KTtasksTest-1] netty.buffer.PooledByteBufAllocator netty.buffer.PooledByteBufAllocator.<clinit>(PooledByteBufAllocator.java:165) - -Dio.netty.allocator.maxOrder: 9
35 2023/04/14 15:12:53,266 2093 [DEBUG ] [TestNG-test=KTtasksTest-1] netty.buffer.PooledByteBufAllocator netty.buffer.PooledByteBufAllocator.<clinit>(PooledByteBufAllocator.java:169) - -Dio.netty.allocator.chunkSize: 4194304
36 2023/04/14 15:12:53,266 2093 [DEBUG ] [TestNG-test=KTtasksTest-1] netty.buffer.PooledByteBufAllocator netty.buffer.PooledByteBufAllocator.<clinit>(PooledByteBufAllocator.java:170) - -Dio.netty.allocator.smallCacheSize: 256
37 2023/04/14 15:12:53,266 2093 [DEBUG ] [TestNG-test=KTtasksTest-1] netty.buffer.PooledByteBufAllocator netty.buffer.PooledByteBufAllocator.<clinit>(PooledByteBufAllocator.java:171) - -Dio.netty.allocator.normalCacheSize: 64
38 2023/04/14 15:12:53,266 2093 [DEBUG ] [TestNG-test=KTtasksTest-1] netty.buffer.PooledByteBufAllocator netty.buffer.PooledByteBufAllocator.<clinit>(PooledByteBufAllocator.java:172) - -Dio.netty.allocator.maxCachedBufferCapacity: 32768
39 2023/04/14 15:12:53,267 2094 [DEBUG ] [TestNG-test=KTtasksTest-1] netty.buffer.PooledByteBufAllocator netty.buffer.PooledByteBufAllocator.<clinit>(PooledByteBufAllocator.java:173) - -Dio.netty.allocator.cacheTrimInterval: 8192
40 2023/04/14 15:12:53,267 2094 [DEBUG ] [TestNG-test=KTtasksTest-1] netty.buffer.PooledByteBufAllocator netty.buffer.PooledByteBufAllocator.<clinit>(PooledByteBufAllocator.java:174) - -Dio.netty.allocator.cacheTrimIntervalMillis: 0
41 2023/04/14 15:12:53,267 2094 [DEBUG ] [TestNG-test=KTtasksTest-1] netty.buffer.PooledByteBufAllocator netty.buffer.PooledByteBufAllocator.<clinit>(PooledByteBufAllocator.java:175) - -Dio.netty.allocator.useCacheForAllThreads: false
42 2023/04/14 15:12:53,267 2094 [DEBUG ] [TestNG-test=KTtasksTest-1] netty.buffer.PooledByteBufAllocator netty.buffer.PooledByteBufAllocator.<clinit>(PooledByteBufAllocator.java:176) - -Dio.netty.allocator.maxCachedByteBuffersPerChunk: 1023
43 2023/04/14 15:12:53,275 2102 [DEBUG ] [TestNG-test=KTtasksTest-1] netty.buffer.ByteBufUtil netty.buffer.ByteBufUtil.<clinit>(ByteBufUtil.java:87) - -Dio.netty.allocator.type: pooled
44 2023/04/14 15:12:53,275 2102 [DEBUG ] [TestNG-test=KTtasksTest-1] netty.buffer.ByteBufUtil netty.buffer.ByteBufUtil.<clinit>(ByteBufUtil.java:96) - -Dio.netty.threadLocalDirectBufferSize: 0
45 2023/04/14 15:12:53,276 2103 [DEBUG ] [TestNG-test=KTtasksTest-1] netty.buffer.ByteBufUtil netty.buffer.ByteBufUtil.<clinit>(ByteBufUtil.java:99) - -Dio.netty.maxThreadLocalCharBufferSize: 16384
46 2023/04/14 15:12:53,607 2434 [DEBUG ] [Forwarding newSession on session null to remote] netty.channel.DefaultChannelId netty.channel.DefaultChannelId.<clinit>(DefaultChannelId.java:79) - -Dio.netty.processId: 67087 (auto-detected)
47 2023/04/14 15:12:53,610 2437 [DEBUG ] [Forwarding newSession on session null to remote] netty.util.NetUtil netty.util.NetUtil.<clinit>(NetUtil.java:142) - -Djava.net.preferIPv4Stack: true
48 2023/04/14 15:12:53,610 2437 [DEBUG ] [Forwarding newSession on session null to remote] netty.util.NetUtil netty.util.NetUtil.<clinit>(NetUtil.java:143) - -Djava.net.preferIPv6Addresses: false
49 2023/04/14 15:12:53,613 2440 [DEBUG ] [Forwarding newSession on session null to remote] netty.util.NetUtilInitializations netty.util.NetUtilInitializations.determineLoopback(NetUtilInitializations.java:139) - Loopback interface: lo0 (lo0, 0:0:0:0:0:0:0:1%lo0)
50 2023/04/14 15:12:53,614 2441 [DEBUG ] [Forwarding newSession on session null to remote] netty.util.NetUtil netty.util.NetUtil$SoMaxConnAction.run(NetUtil.java:200) - Failed to get SOMAXCONN from sysctl and file /proc/sys/net/core/somaxconn. Default: 128
51 2023/04/14 15:12:53,615 2442 [DEBUG ] [Forwarding newSession on session null to remote] netty.channel.DefaultChannelId netty.channel.DefaultChannelId.<clinit>(DefaultChannelId.java:101) - -Dio.netty.machineId: bc:d0:74:ff:fe:f0:77:f0 (auto-detected)
52 2023/04/14 15:12:53,663 2490 [DEBUG ] [AsyncHttpClient-1-2] netty.buffer.AbstractByteBuf netty.buffer.AbstractByteBuf.<clinit>(AbstractByteBuf.java:63) - -Dio.netty.buffer.checkAccessible: true
53 2023/04/14 15:12:53,664 2491 [DEBUG ] [AsyncHttpClient-1-2] netty.buffer.AbstractByteBuf netty.buffer.AbstractByteBuf.<clinit>(AbstractByteBuf.java:64) - -Dio.netty.buffer.checkBounds: true
54 2023/04/14 15:12:53,665 2492 [DEBUG ] [AsyncHttpClient-1-2] netty.util.ResourceLeakDetectorFactory netty.util.ResourceLeakDetectorFactory$DefaultResourceLeakDetectorFactory.newResourceLeakDetector(ResourceLeakDetectorFactory.java:196) - Loaded default ResourceLeakDetector: io.netty.util.ResourceLeakDetector@337a85bd
55 2023/04/14 15:12:53,680 2507 [DEBUG ] [AsyncHttpClient-1-2] netty.util.Recycler netty.util.Recycler.<clinit>(Recycler.java:85) - -Dio.netty.recycler.maxCapacityPerThread: 4096
56 2023/04/14 15:12:53,680 2507 [DEBUG ] [AsyncHttpClient-1-2] netty.util.Recycler netty.util.Recycler.<clinit>(Recycler.java:86) - -Dio.netty.recycler.ratio: 8
57 2023/04/14 15:12:53,681 2508 [DEBUG ] [AsyncHttpClient-1-2] netty.util.Recycler netty.util.Recycler.<clinit>(Recycler.java:87) - -Dio.netty.recycler.chunkSize: 32
58 2023/04/14 15:12:53,681 2508 [DEBUG ] [AsyncHttpClient-1-2] netty.util.Recycler netty.util.Recycler.<clinit>(Recycler.java:88) - -Dio.netty.recycler.blocking: false
59 2023/04/14 15:12:58,311 7138 [DEBUG ] [AsyncHttpClient-1-2] codec.compression.Brotli codec.compression.Brotli.<clinit>(Brotli.java:38) - brotli4j not in the classpath; Brotli support will be unavailable.
60 2023/04/14 15:12:58,403 7230 [DEBUG ] [TestNG-test=KTtasksTest-1] util.internal.ThreadLocalRandom util.internal.ThreadLocalRandom.newSeed(ThreadLocalRandom.java:214) - -Dio.netty.initialSeedUniquifier: 0xbe1422ca76296434
61 2023/04/14 15:13:26,432 35259 [INFO  ] [TestNG-test=KTtasksTest-1] qa.wrappers.BaseMethod qa.wrappers.BaseMethod.click(BaseMethod.java:481) - Trying to click on element: [[ChromeDriver: chrome on MAC (b38a90138f88dc8fe2dfdde3a6cd8c1c)] -> xpath: //*[@id='bergerMenu']]
62 2023/04/14 15:13:32,024 40851 [INFO  ] [TestNG-test=KTtasksTest-1] qa.wrappers.BaseMethod qa.wrappers.BaseMethod.click(BaseMethod.java:484) - element clicked : [[ChromeDriver: chrome on MAC (b38a90138f88dc8fe2dfdde3a6cd8c1c)] -> xpath: //*[@id='bergerMenu']]
63 2023/04/14 15:13:32,070 40897 [INFO  ] [TestNG-test=KTtasksTest-1] qa.wrappers.BaseMethod qa.wrappers.BaseMethod.click(BaseMethod.java:481) - Trying to click on element: [[ChromeDriver: chrome on MAC (b38a90138f88dc8fe2dfdde3a6cd8c1c)] -> xpath: (//a[text()='Home Users'])[1]]
64 2023/04/14 15:13:36,509 45336 [INFO  ] [TestNG-test=KTtasksTest-1] qa.wrappers.BaseMethod qa.wrappers.BaseMethod.click(BaseMethod.java:484) - element clicked : [[ChromeDriver: chrome on MAC (b38a90138f88dc8fe2dfdde3a6cd8c1c)] -> xpath: (//a[text()='Home Users'])[1]]
65 2023/04/14 15:13:36,589 45416 [INFO  ] [TestNG-test=KTtasksTest-1] qa.wrappers.BaseMethod qa.wrappers.BaseMethod.click(BaseMethod.java:481) - Trying to click on element: [[ChromeDriver: chrome on MAC (b38a90138f88dc8fe2dfdde3a6cd8c1c)] -> xpath: (//a[@title='Paint Calculator'])[1]]
66 2023/04/14 15:13:45,512 54339 [INFO  ] [TestNG-test=KTtasksTest-1] qa.wrappers.BaseMethod qa.wrappers.BaseMethod.click(BaseMethod.java:484) - element clicked : [[ChromeDriver: chrome on MAC (b38a90138f88dc8fe2dfdde3a6cd8c1c)] -> xpath: (//a[@title='Paint Calculator'])[1]]
67 2023/04/14 15:13:48,102 56929 [INFO  ] [TestNG-test=KTtasksTest-1] qa.wrappers.BaseMethod qa.wrappers.BaseMethod.click(BaseMethod.java:481) - Trying to click on element: [[ChromeDriver: chrome on MAC (b38a90138f88dc8fe2dfdde3a6cd8c1c)] -> xpath: //span[text()='Re-Paint']]
68 2023/04/14 15:13:52,430 61257 [INFO  ] [TestNG-test=KTtasksTest-1] qa.wrappers.BaseMethod qa.wrappers.BaseMethod.click(BaseMethod.java:484) - element clicked : [[ChromeDriver: chrome on MAC (b38a90138f88dc8fe2dfdde3a6cd8c1c)] -> xpath: //span[text()='Re-Paint']]
69 2023/04/14 15:14:05,846 74673 [INFO  ] [TestNG-test=KTtasksTest-1] qa.wrappers.BaseMethod qa.wrappers.BaseMethod.click(BaseMethod.java:481) - Trying to click on element: [[ChromeDriver: chrome on MAC (b38a90138f88dc8fe2dfdde3a6cd8c1c)] -> xpath: //button[@data-id='doorsCount']/following-sibling::div/ul/li[@data-original-index='2']/a]
70 2023/04/14 15:14:10,251 79078 [INFO  ] [TestNG-test=KTtasksTest-1] qa.wrappers.BaseMethod qa.wrappers.BaseMethod.click(BaseMethod.java:484) - element clicked : [[ChromeDriver: chrome on MAC (b38a90138f88dc8fe2dfdde3a6cd8c1c)] -> xpath: //button[@data-id='doorsCount']/following-sibling::div/ul/li[@data-original-index='2']/a]
71 2023/04/14 15:14:10,264 79091 [INFO  ] [TestNG-test=KTtasksTest-1] qa.wrappers.BaseMethod qa.wrappers.BaseMethod.click(BaseMethod.java:481) - Trying to click on element: [[ChromeDriver: chrome on MAC (b38a90138f88dc8fe2dfdde3a6cd8c1c)] -> xpath: //input[@id="doors-height"]/parent::span/a[@class='ui-spinner-button ui-spinner-up ui-corner-tr']]
72 2023/04/14 15:14:14,542 83369 [INFO  ] [TestNG-test=KTtasksTest-1] qa.wrappers.BaseMethod qa.wrappers.BaseMethod.click(BaseMethod.java:484) - element clicked : [[ChromeDriver: chrome on MAC (b38a90138f88dc8fe2dfdde3a6cd8c1c)] -> xpath: //input[@id="doors-height"]/parent::span/a[@class='ui-spinner-button ui-spinner-up ui-corner-tr']]
73 2023/04/14 15:14:14,581 83408 [INFO  ] [TestNG-test=KTtasksTest-1] qa.wrappers.BaseMethod qa.wrappers.BaseMethod.click(BaseMethod.java:481) - Trying to click on element: [[ChromeDriver: chrome on MAC (b38a90138f88dc8fe2dfdde3a6cd8c1c)] -> xpath: //input[@id="doors-height"]/parent::span/a[@class='ui-spinner-button ui-spinner-up ui-corner-tr']]
74 2023/04/14 15:14:18,693 87520 [INFO  ] [TestNG-test=KTtasksTest-1] qa.wrappers.BaseMethod qa.wrappers.BaseMethod.click(BaseMethod.java:484) - element clicked : [[ChromeDriver: chrome on MAC (b38a90138f88dc8fe2dfdde3a6cd8c1c)] -> xpath: //input[@id="doors-height"]/parent::span/a[@class='ui-spinner-button ui-spinner-up ui-corner-tr']]
75 2023/04/14 15:14:18,741 87568 [INFO  ] [TestNG-test=KTtasksTest-1] qa.wrappers.BaseMethod qa.wrappers.BaseMethod.click(BaseMethod.java:481) - Trying to click on element: [[ChromeDriver: chrome on MAC (b38a90138f88dc8fe2dfdde3a6cd8c1c)] -> xpath: //input[@id="doors-height"]/parent::span/a[@class='ui-spinner-button ui-spinner-up ui-corner-tr']]
76 2023/04/14 15:14:22,997 91824 [INFO  ] [TestNG-test=KTtasksTest-1] qa.wrappers.BaseMethod qa.wrappers.BaseMethod.click(BaseMethod.java:484) - element clicked : [[ChromeDriver: chrome on MAC (b38a90138f88dc8fe2dfdde3a6cd8c1c)] -> xpath: //input[@id="doors-height"]/parent::span/a[@class='ui-spinner-button ui-spinner-up ui-corner-tr']]
77 2023/04/14 15:14:23,042 91869 [INFO  ] [TestNG-test=KTtasksTest-1] qa.wrappers.BaseMethod qa.wrappers.BaseMethod.click(BaseMethod.java:481) - Trying to click on element: [[ChromeDriver: chrome on MAC (b38a90138f88dc8fe2dfdde3a6cd8c1c)] -> xpath: //input[@id="doors-height"]/parent::span/a[@class='ui-spinner-button ui-spinner-up ui-corner-tr']]
78 2023/04/14 15:14:27,194 96021 [INFO  ] [TestNG-test=KTtasksTest-1] qa.wrappers.BaseMethod qa.wrappers.BaseMethod.click(BaseMethod.java:484) - element clicked : [[ChromeDriver: chrome on MAC (b38a90138f88dc8fe2dfdde3a6cd8c1c)] -> xpath: //input[@id="doors-height"]/parent::span/a[@class='ui-spinner-button ui-spinner-up ui-corner-tr']]
79 2023/04/14 15:14:27,222 96049 [INFO  ] [TestNG-test=KTtasksTest-1] qa.wrappers.BaseMethod qa.wrappers.BaseMethod.click(BaseMethod.java:481) - Trying to click on element: [[ChromeDriver: chrome on MAC (b38a90138f88dc8fe2dfdde3a6cd8c1c)] -> xpath: //input[@id="doors-height"]/parent::span/a[@class='ui-spinner-button ui-spinner-up ui-corner-tr']]
80 2023/04/14 15:14:31,375 100202 [INFO  ] [TestNG-test=KTtasksTest-1] qa.wrappers.BaseMethod qa.wrappers.BaseMethod.click(BaseMethod.java:484) - element clicked : [[ChromeDriver: chrome on MAC (b38a90138f88dc8fe2dfdde3a6cd8c1c)] -> xpath: //input[@id="doors-height"]/parent::span/a[@class='ui-spinner-button ui-spinner-up ui-corner-tr']]
81 2023/04/14 15:14:31,422 100249 [INFO  ] [TestNG-test=KTtasksTest-1] qa.wrappers.BaseMethod qa.wrappers.BaseMethod.click(BaseMethod.java:481) - Trying to click on element: [[ChromeDriver: chrome on MAC (b38a90138f88dc8fe2dfdde3a6cd8c1c)] -> xpath: //input[@id="doors-height"]/parent::span/a[@class='ui-spinner-button ui-spinner-up ui-corner-tr']]
82 2023/04/14 15:14:35,551 104378 [INFO  ] [TestNG-test=KTtasksTest-1] qa.wrappers.BaseMethod qa.wrappers.BaseMethod.click(BaseMethod.java:484) - element clicked : [[ChromeDriver: chrome on MAC (b38a90138f88dc8fe2dfdde3a6cd8c1c)] -> xpath: //input[@id="doors-height"]/parent::span/a[@class='ui-spinner-button ui-spinner-up ui-corner-tr']]
83 2023/04/14 15:14:35,576 104403 [INFO  ] [TestNG-test=KTtasksTest-1] qa.wrappers.BaseMethod qa.wrappers.BaseMethod.click(BaseMethod.java:481) - Trying to click on element: [[ChromeDriver: chrome on MAC (b38a90138f88dc8fe2dfdde3a6cd8c1c)] -> xpath: //input[@name="doorsWidth"]/parent::span/a[@class="ui-spinner-button ui-spinner-up ui-corner-tr"]]
84 2023/04/14 15:14:39,683 108510 [INFO  ] [TestNG-test=KTtasksTest-1] qa.wrappers.BaseMethod qa.wrappers.BaseMethod.click(BaseMethod.java:484) - element clicked : [[ChromeDriver: chrome on MAC (b38a90138f88dc8fe2dfdde3a6cd8c1c)] -> xpath: //input[@name="doorsWidth"]/parent::span/a[@class="ui-spinner-button ui-spinner-up ui-corner-tr"]]
85 2023/04/14 15:14:39,711 108538 [INFO  ] [TestNG-test=KTtasksTest-1] qa.wrappers.BaseMethod qa.wrappers.BaseMethod.click(BaseMethod.java:481) - Trying to click on element: [[ChromeDriver: chrome on MAC (b38a90138f88dc8fe2dfdde3a6cd8c1c)] -> xpath: //input[@name="doorsWidth"]/parent::span/a[@class="ui-spinner-button ui-spinner-up ui-corner-tr"]]
86 2023/04/14 15:14:43,806 112633 [INFO  ] [TestNG-test=KTtasksTest-1] qa.wrappers.BaseMethod qa.wrappers.BaseMethod.click(BaseMethod.java:484) - element clicked : [[ChromeDriver: chrome on MAC (b38a90138f88dc8fe2dfdde3a6cd8c1c)] -> xpath: //input[@name="doorsWidth"]/parent::span/a[@class="ui-spinner-button ui-spinner-up ui-corner-tr"]]
87 2023/04/14 15:14:43,831 112658 [INFO  ] [TestNG-test=KTtasksTest-1] qa.wrappers.BaseMethod qa.wrappers.BaseMethod.click(BaseMethod.java:481) - Trying to click on element: [[ChromeDriver: chrome on MAC (b38a90138f88dc8fe2dfdde3a6cd8c1c)] -> xpath: //input[@name="doorsWidth"]/parent::span/a[@class="ui-spinner-button ui-spinner-up ui-corner-tr"]]
88 2023/04/14 15:14:47,939 116766 [INFO  ] [TestNG-test=KTtasksTest-1] qa.wrappers.BaseMethod qa.wrappers.BaseMethod.click(BaseMethod.java:484) - element clicked : [[ChromeDriver: chrome on MAC (b38a90138f88dc8fe2dfdde3a6cd8c1c)] -> xpath: //input[@name="doorsWidth"]/parent::span/a[@class="ui-spinner-button ui-spinner-up ui-corner-tr"]]
89 2023/04/14 15:14:52,109 120936 [INFO  ] [TestNG-test=KTtasksTest-1] qa.wrappers.BaseMethod qa.wrappers.BaseMethod.click(BaseMethod.java:481) - Trying to click on element: [[ChromeDriver: chrome on MAC (b38a90138f88dc8fe2dfdde3a6cd8c1c)] -> xpath: //button[@data-id="windowsCount"]/following-sibling::div/ul/li[@data-original-index="3"]/a]
90 2023/04/14 15:14:56,388 125215 [INFO  ] [TestNG-test=KTtasksTest-1] qa.wrappers.BaseMethod qa.wrappers.BaseMethod.click(BaseMethod.java:484) - element clicked : [[ChromeDriver: chrome on MAC (b38a90138f88dc8fe2dfdde3a6cd8c1c)] -> xpath: //button[@data-id="windowsCount"]/following-sibling::div/ul/li[@data-original-index="3"]/a]
91 2023/04/14 15:14:56,397 125224 [INFO  ] [TestNG-test=KTtasksTest-1] qa.wrappers.BaseMethod qa.wrappers.BaseMethod.click(BaseMethod.java:481) - Trying to click on element: [[ChromeDriver: chrome on MAC (b38a90138f88dc8fe2dfdde3a6cd8c1c)] -> xpath: //input[@id="windows-height"]/following-sibling::a[@class="ui-spinner-button ui-spinner-up ui-corner-tr"]]
92 2023/04/14 15:15:00,520 129347 [INFO  ] [TestNG-test=KTtasksTest-1] qa.wrappers.BaseMethod qa.wrappers.BaseMethod.click(BaseMethod.java:484) - element clicked : [[ChromeDriver: chrome on MAC (b38a90138f88dc8fe2dfdde3a6cd8c1c)] -> xpath: //input[@id="windows-height"]/following-sibling::a[@class="ui-spinner-button ui-spinner-up ui-corner-tr"]]
93 2023/04/14 15:15:00,604 129431 [INFO  ] [TestNG-test=KTtasksTest-1] qa.wrappers.BaseMethod qa.wrappers.BaseMethod.click(BaseMethod.java:481) - Trying to click on element: [[ChromeDriver: chrome on MAC (b38a90138f88dc8fe2dfdde3a6cd8c1c)] -> xpath: //input[@id="windows-height"]/following-sibling::a[@class="ui-spinner-button ui-spinner-up ui-corner-tr"]]
94 2023/04/14 15:15:04,708 133535 [INFO  ] [TestNG-test=KTtasksTest-1] qa.wrappers.BaseMethod qa.wrappers.BaseMethod.click(BaseMethod.java:484) - element clicked : [[ChromeDriver: chrome on MAC (b38a90138f88dc8fe2dfdde3a6cd8c1c)] -> xpath: //input[@id="windows-height"]/following-sibling::a[@class="ui-spinner-button ui-spinner-up ui-corner-tr"]]
95 2023/04/14 15:15:04,746 133573 [INFO  ] [TestNG-test=KTtasksTest-1] qa.wrappers.BaseMethod qa.wrappers.BaseMethod.click(BaseMethod.java:481) - Trying to click on element: [[ChromeDriver: chrome on MAC (b38a90138f88dc8fe2dfdde3a6cd8c1c)] -> xpath: //input[@id="windows-height"]/following-sibling::a[@class="ui-spinner-button ui-spinner-up ui-corner-tr"]]
96 2023/04/14 15:15:08,842 137669 [INFO  ] [TestNG-test=KTtasksTest-1] qa.wrappers.BaseMethod qa.wrappers.BaseMethod.click(BaseMethod.java:484) - element clicked : [[ChromeDriver: chrome on MAC (b38a90138f88dc8fe2dfdde3a6cd8c1c)] -> xpath: //input[@id="windows-height"]/following-sibling::a[@class="ui-spinner-button ui-spinner-up ui-corner-tr"]]
97 2023/04/14 15:15:08,941 137768 [INFO  ] [TestNG-test=KTtasksTest-1] qa.wrappers.BaseMethod qa.wrappers.BaseMethod.click(BaseMethod.java:481) - Trying to click on element: [[ChromeDriver: chrome on MAC (b38a90138f88dc8fe2dfdde3a6cd8c1c)] -> xpath: //input[@id="windows-width"]/following-sibling::a[@class="ui-spinner-button ui-spinner-up ui-corner-tr"]]
98 2023/04/14 15:15:13,122 141949 [INFO  ] [TestNG-test=KTtasksTest-1] qa.wrappers.BaseMethod qa.wrappers.BaseMethod.click(BaseMethod.java:484) - element clicked : [[ChromeDriver: chrome on MAC (b38a90138f88dc8fe2dfdde3a6cd8c1c)] -> xpath: //input[@id="windows-width"]/following-sibling::a[@class="ui-spinner-button ui-spinner-up ui-corner-tr"]]
99 2023/04/14 15:15:13,209 142036 [INFO  ] [TestNG-test=KTtasksTest-1] qa.wrappers.BaseMethod qa.wrappers.BaseMethod.click(BaseMethod.java:481) - Trying to click on element: [[ChromeDriver: chrome on MAC (b38a90138f88dc8fe2dfdde3a6cd8c1c)] -> xpath: //input[@id="windows-width"]/following-sibling::a[@class="ui-spinner-button ui-spinner-up ui-corner-tr"]]
100 2023/04/14 15:15:17,293 146120 [INFO  ] [TestNG-test=KTtasksTest-1] qa.wrappers.BaseMethod qa.wrappers.BaseMethod.click(BaseMethod.java:484) - element clicked : [[ChromeDriver: chrome on MAC (b38a90138f88dc8fe2dfdde3a6cd8c1c)] -> xpath: //input[@id="windows-width"]/following-sibling::a[@class="ui-spinner-button ui-spinner-up ui-corner-tr"]]
101 2023/04/14 15:15:17,321 146148 [INFO  ] [TestNG-test=KTtasksTest-1] qa.wrappers.BaseMethod qa.wrappers.BaseMethod.click(BaseMethod.java:481) - Trying to click on element: [[ChromeDriver: chrome on MAC (b38a90138f88dc8fe2dfdde3a6cd8c1c)] -> xpath: //input[@id="windows-width"]/following-sibling::a[@class="ui-spinner-button ui-spinner-up ui-corner-tr"]]
102 2023/04/14 15:15:21,413 150240 [INFO  ] [TestNG-test=KTtasksTest-1] qa.wrappers.BaseMethod qa.wrappers.BaseMethod.click(BaseMethod.java:484) - element clicked : [[ChromeDriver: chrome on MAC (b38a90138f88dc8fe2dfdde3a6cd8c1c)] -> xpath: //input[@id="windows-width"]/following-sibling::a[@class="ui-spinner-button ui-spinner-up ui-corner-tr"]]
103 2023/04/14 15:15:28,208 157035 [INFO  ] [TestNG-test=KTtasksTest-1] qa.wrappers.BaseMethod qa.wrappers.BaseMethod.click(BaseMethod.java:481) - Trying to click on element: [[ChromeDriver: chrome on MAC (b38a90138f88dc8fe2dfdde3a6cd8c1c)] -> xpath: //div[@class="owl-controls"]/div/div[text()='next']]
104 2023/04/14 15:15:32,382 161209 [INFO  ] [TestNG-test=KTtasksTest-1] qa.wrappers.BaseMethod qa.wrappers.BaseMethod.click(BaseMethod.java:484) - element clicked : [[ChromeDriver: chrome on MAC (b38a90138f88dc8fe2dfdde3a6cd8c1c)] -> xpath: //div[@class="owl-controls"]/div/div[text()='next']]
105 2023/04/14 15:15:32,933 161760 [INFO  ] [TestNG-test=KTtasksTest-1] qa.wrappers.BaseMethod qa.wrappers.BaseMethod.click(BaseMethod.java:481) - Trying to click on element: [[ChromeDriver: chrome on MAC (b38a90138f88dc8fe2dfdde3a6cd8c1c)] -> xpath: //div[@class="owl-controls"]/div/div[text()='next']]
106 2023/04/14 15:15:37,034 165861 [INFO  ] [TestNG-test=KTtasksTest-1] qa.wrappers.BaseMethod qa.wrappers.BaseMethod.click(BaseMethod.java:484) - element clicked : [[ChromeDriver: chrome on MAC (b38a90138f88dc8fe2dfdde3a6cd8c1c)] -> xpath: //div[@class="owl-controls"]/div/div[text()='next']]
107 2023/04/14 15:15:37,586 166413 [INFO  ] [TestNG-test=KTtasksTest-1] qa.wrappers.BaseMethod qa.wrappers.BaseMethod.click(BaseMethod.java:481) - Trying to click on element: [[ChromeDriver: chrome on MAC (b38a90138f88dc8fe2dfdde3a6cd8c1c)] -> xpath: //div[@class="owl-controls"]/div/div[text()='next']]
108 2023/04/14 15:15:41,738 170565 [INFO  ] [TestNG-test=KTtasksTest-1] qa.wrappers.BaseMethod qa.wrappers.BaseMethod.click(BaseMethod.java:484) - element clicked : [[ChromeDriver: chrome on MAC (b38a90138f88dc8fe2dfdde3a6cd8c1c)] -> xpath: //div[@class="owl-controls"]/div/div[text()='next']]
