1 2023/03/06 15:17:33,142 2115 [DEBUG ] [main] internal.logging.InternalLoggerFactory internal.logging.InternalLoggerFactory.useLog4J2LoggerFactory(InternalLoggerFactory.java:76) - Using Log4J2 as the default logging framework
2 2023/03/06 15:17:33,151 2124 [DEBUG ] [main] netty.util.ResourceLeakDetector netty.util.ResourceLeakDetector.<clinit>(ResourceLeakDetector.java:129) - -Dio.netty.leakDetection.level: simple
3 2023/03/06 15:17:33,151 2124 [DEBUG ] [main] netty.util.ResourceLeakDetector netty.util.ResourceLeakDetector.<clinit>(ResourceLeakDetector.java:130) - -Dio.netty.leakDetection.targetRecords: 4
4 2023/03/06 15:17:33,154 2127 [DEBUG ] [main] netty.util.ResourceLeakDetectorFactory netty.util.ResourceLeakDetectorFactory$DefaultResourceLeakDetectorFactory.newResourceLeakDetector(ResourceLeakDetectorFactory.java:196) - Loaded default ResourceLeakDetector: io.netty.util.ResourceLeakDetector@22c01ab0
5 2023/03/06 15:17:33,167 2140 [DEBUG ] [main] util.internal.PlatformDependent0 util.internal.PlatformDependent0.explicitNoUnsafeCause0(PlatformDependent0.java:460) - -Dio.netty.noUnsafe: false
6 2023/03/06 15:17:33,168 2141 [DEBUG ] [main] util.internal.PlatformDependent0 util.internal.PlatformDependent0.javaVersion0(PlatformDependent0.java:954) - Java version: 8
7 2023/03/06 15:17:33,168 2141 [DEBUG ] [main] util.internal.PlatformDependent0 util.internal.PlatformDependent0.<clinit>(PlatformDependent0.java:135) - sun.misc.Unsafe.theUnsafe: available
8 2023/03/06 15:17:33,169 2142 [DEBUG ] [main] util.internal.PlatformDependent0 util.internal.PlatformDependent0.<clinit>(PlatformDependent0.java:159) - sun.misc.Unsafe.copyMemory: available
9 2023/03/06 15:17:33,170 2143 [DEBUG ] [main] util.internal.PlatformDependent0 util.internal.PlatformDependent0.<clinit>(PlatformDependent0.java:202) - java.nio.Buffer.address: available
10 2023/03/06 15:17:33,170 2143 [DEBUG ] [main] util.internal.PlatformDependent0 util.internal.PlatformDependent0.<clinit>(PlatformDependent0.java:272) - direct buffer constructor: available
11 2023/03/06 15:17:33,171 2144 [DEBUG ] [main] util.internal.PlatformDependent0 util.internal.PlatformDependent0.<clinit>(PlatformDependent0.java:350) - java.nio.Bits.unaligned: available, true
12 2023/03/06 15:17:33,171 2144 [DEBUG ] [main] util.internal.PlatformDependent0 util.internal.PlatformDependent0.<clinit>(PlatformDependent0.java:424) - jdk.internal.misc.Unsafe.allocateUninitializedArray(int): unavailable prior to Java9
13 2023/03/06 15:17:33,171 2144 [DEBUG ] [main] util.internal.PlatformDependent0 util.internal.PlatformDependent0.<clinit>(PlatformDependent0.java:446) - java.nio.DirectByteBuffer.<init>(long, int): available
14 2023/03/06 15:17:33,171 2144 [DEBUG ] [main] util.internal.PlatformDependent util.internal.PlatformDependent.unsafeUnavailabilityCause0(PlatformDependent.java:1116) - sun.misc.Unsafe: available
15 2023/03/06 15:17:33,172 2145 [DEBUG ] [main] util.internal.PlatformDependent util.internal.PlatformDependent.tmpdir0(PlatformDependent.java:1246) - -Dio.netty.tmpdir: /var/folders/b6/k_w0589j24712v_9f8zffkgnct9bh0/T (java.io.tmpdir)
16 2023/03/06 15:17:33,172 2145 [DEBUG ] [main] util.internal.PlatformDependent util.internal.PlatformDependent.bitMode0(PlatformDependent.java:1325) - -Dio.netty.bitMode: 64 (sun.arch.data.model)
17 2023/03/06 15:17:33,174 2147 [DEBUG ] [main] util.internal.PlatformDependent util.internal.PlatformDependent.isOsx0(PlatformDependent.java:1084) - Platform: MacOS
18 2023/03/06 15:17:33,175 2148 [DEBUG ] [main] util.internal.PlatformDependent util.internal.PlatformDependent.<clinit>(PlatformDependent.java:178) - -Dio.netty.maxDirectMemory: 3817865216 bytes
19 2023/03/06 15:17:33,175 2148 [DEBUG ] [main] util.internal.PlatformDependent util.internal.PlatformDependent.<clinit>(PlatformDependent.java:185) - -Dio.netty.uninitializedArrayAllocationThreshold: -1
20 2023/03/06 15:17:33,175 2148 [DEBUG ] [main] util.internal.CleanerJava6 util.internal.CleanerJava6.<clinit>(CleanerJava6.java:92) - java.nio.ByteBuffer.cleaner(): available
21 2023/03/06 15:17:33,176 2149 [DEBUG ] [main] util.internal.PlatformDependent util.internal.PlatformDependent.<clinit>(PlatformDependent.java:205) - -Dio.netty.noPreferDirect: false
22 2023/03/06 15:17:33,180 2153 [DEBUG ] [main] util.internal.PlatformDependent util.internal.PlatformDependent$Mpsc.<clinit>(PlatformDependent.java:967) - org.jctools-core.MpscChunkedArrayQueue: available
23 2023/03/06 15:17:33,194 2167 [DEBUG ] [main] util.internal.InternalThreadLocalMap util.internal.InternalThreadLocalMap.<clinit>(InternalThreadLocalMap.java:86) - -Dio.netty.threadLocalMap.stringBuilder.initialSize: 1024
24 2023/03/06 15:17:33,194 2167 [DEBUG ] [main] util.internal.InternalThreadLocalMap util.internal.InternalThreadLocalMap.<clinit>(InternalThreadLocalMap.java:89) - -Dio.netty.threadLocalMap.stringBuilder.maxSize: 4096
25 2023/03/06 15:17:33,213 2186 [DEBUG ] [main] handler.ssl.JdkSslContext handler.ssl.JdkSslContext.<clinit>(JdkSslContext.java:97) - Default protocols (JDK): [TLSv1.3, TLSv1.2] 
26 2023/03/06 15:17:33,213 2186 [DEBUG ] [main] handler.ssl.JdkSslContext handler.ssl.JdkSslContext.<clinit>(JdkSslContext.java:98) - Default cipher suites (JDK): [TLS_ECDHE_ECDSA_WITH_AES_256_GCM_SHA384, TLS_ECDHE_ECDSA_WITH_AES_128_GCM_SHA256, TLS_ECDHE_RSA_WITH_AES_128_GCM_SHA256, TLS_ECDHE_RSA_WITH_AES_256_GCM_SHA384, TLS_ECDHE_RSA_WITH_AES_128_CBC_SHA, TLS_ECDHE_RSA_WITH_AES_256_CBC_SHA, TLS_RSA_WITH_AES_128_GCM_SHA256, TLS_RSA_WITH_AES_128_CBC_SHA, TLS_RSA_WITH_AES_256_CBC_SHA, TLS_AES_128_GCM_SHA256, TLS_AES_256_GCM_SHA384]
27 2023/03/06 15:17:33,227 2200 [DEBUG ] [main] netty.channel.MultithreadEventLoopGroup netty.channel.MultithreadEventLoopGroup.<clinit>(MultithreadEventLoopGroup.java:44) - -Dio.netty.eventLoopThreads: 16
28 2023/03/06 15:17:33,234 2207 [DEBUG ] [main] channel.nio.NioEventLoop channel.nio.NioEventLoop.<clinit>(NioEventLoop.java:109) - -Dio.netty.noKeySetOptimization: false
29 2023/03/06 15:17:33,234 2207 [DEBUG ] [main] channel.nio.NioEventLoop channel.nio.NioEventLoop.<clinit>(NioEventLoop.java:110) - -Dio.netty.selectorAutoRebuildThreshold: 512
30 2023/03/06 15:17:33,249 2222 [DEBUG ] [main] netty.buffer.PooledByteBufAllocator netty.buffer.PooledByteBufAllocator.<clinit>(PooledByteBufAllocator.java:155) - -Dio.netty.allocator.numHeapArenas: 16
31 2023/03/06 15:17:33,250 2223 [DEBUG ] [main] netty.buffer.PooledByteBufAllocator netty.buffer.PooledByteBufAllocator.<clinit>(PooledByteBufAllocator.java:156) - -Dio.netty.allocator.numDirectArenas: 16
32 2023/03/06 15:17:33,250 2223 [DEBUG ] [main] netty.buffer.PooledByteBufAllocator netty.buffer.PooledByteBufAllocator.<clinit>(PooledByteBufAllocator.java:158) - -Dio.netty.allocator.pageSize: 8192
33 2023/03/06 15:17:33,250 2223 [DEBUG ] [main] netty.buffer.PooledByteBufAllocator netty.buffer.PooledByteBufAllocator.<clinit>(PooledByteBufAllocator.java:163) - -Dio.netty.allocator.maxOrder: 9
34 2023/03/06 15:17:33,250 2223 [DEBUG ] [main] netty.buffer.PooledByteBufAllocator netty.buffer.PooledByteBufAllocator.<clinit>(PooledByteBufAllocator.java:167) - -Dio.netty.allocator.chunkSize: 4194304
35 2023/03/06 15:17:33,250 2223 [DEBUG ] [main] netty.buffer.PooledByteBufAllocator netty.buffer.PooledByteBufAllocator.<clinit>(PooledByteBufAllocator.java:168) - -Dio.netty.allocator.smallCacheSize: 256
36 2023/03/06 15:17:33,250 2223 [DEBUG ] [main] netty.buffer.PooledByteBufAllocator netty.buffer.PooledByteBufAllocator.<clinit>(PooledByteBufAllocator.java:169) - -Dio.netty.allocator.normalCacheSize: 64
37 2023/03/06 15:17:33,251 2224 [DEBUG ] [main] netty.buffer.PooledByteBufAllocator netty.buffer.PooledByteBufAllocator.<clinit>(PooledByteBufAllocator.java:170) - -Dio.netty.allocator.maxCachedBufferCapacity: 32768
38 2023/03/06 15:17:33,251 2224 [DEBUG ] [main] netty.buffer.PooledByteBufAllocator netty.buffer.PooledByteBufAllocator.<clinit>(PooledByteBufAllocator.java:171) - -Dio.netty.allocator.cacheTrimInterval: 8192
39 2023/03/06 15:17:33,251 2224 [DEBUG ] [main] netty.buffer.PooledByteBufAllocator netty.buffer.PooledByteBufAllocator.<clinit>(PooledByteBufAllocator.java:172) - -Dio.netty.allocator.cacheTrimIntervalMillis: 0
40 2023/03/06 15:17:33,251 2224 [DEBUG ] [main] netty.buffer.PooledByteBufAllocator netty.buffer.PooledByteBufAllocator.<clinit>(PooledByteBufAllocator.java:173) - -Dio.netty.allocator.useCacheForAllThreads: false
41 2023/03/06 15:17:33,251 2224 [DEBUG ] [main] netty.buffer.PooledByteBufAllocator netty.buffer.PooledByteBufAllocator.<clinit>(PooledByteBufAllocator.java:174) - -Dio.netty.allocator.maxCachedByteBuffersPerChunk: 1023
42 2023/03/06 15:17:33,259 2232 [DEBUG ] [main] netty.buffer.ByteBufUtil netty.buffer.ByteBufUtil.<clinit>(ByteBufUtil.java:87) - -Dio.netty.allocator.type: pooled
43 2023/03/06 15:17:33,259 2232 [DEBUG ] [main] netty.buffer.ByteBufUtil netty.buffer.ByteBufUtil.<clinit>(ByteBufUtil.java:96) - -Dio.netty.threadLocalDirectBufferSize: 0
44 2023/03/06 15:17:33,260 2233 [DEBUG ] [main] netty.buffer.ByteBufUtil netty.buffer.ByteBufUtil.<clinit>(ByteBufUtil.java:99) - -Dio.netty.maxThreadLocalCharBufferSize: 16384
45 2023/03/06 15:17:33,665 2638 [DEBUG ] [Forwarding newSession on session null to remote] netty.channel.DefaultChannelId netty.channel.DefaultChannelId.<clinit>(DefaultChannelId.java:79) - -Dio.netty.processId: 73203 (auto-detected)
46 2023/03/06 15:17:33,668 2641 [DEBUG ] [Forwarding newSession on session null to remote] netty.util.NetUtil netty.util.NetUtil.<clinit>(NetUtil.java:136) - -Djava.net.preferIPv4Stack: true
47 2023/03/06 15:17:33,669 2642 [DEBUG ] [Forwarding newSession on session null to remote] netty.util.NetUtil netty.util.NetUtil.<clinit>(NetUtil.java:137) - -Djava.net.preferIPv6Addresses: false
48 2023/03/06 15:17:33,671 2644 [DEBUG ] [Forwarding newSession on session null to remote] netty.util.NetUtilInitializations netty.util.NetUtilInitializations.determineLoopback(NetUtilInitializations.java:129) - Loopback interface: lo0 (lo0, 0:0:0:0:0:0:0:1%lo0)
49 2023/03/06 15:17:33,672 2645 [DEBUG ] [Forwarding newSession on session null to remote] netty.util.NetUtil netty.util.NetUtil$SoMaxConnAction.run(NetUtil.java:191) - Failed to get SOMAXCONN from sysctl and file /proc/sys/net/core/somaxconn. Default: 128
50 2023/03/06 15:17:33,674 2647 [DEBUG ] [Forwarding newSession on session null to remote] netty.channel.DefaultChannelId netty.channel.DefaultChannelId.<clinit>(DefaultChannelId.java:101) - -Dio.netty.machineId: bc:d0:74:ff:fe:f0:77:f0 (auto-detected)
51 2023/03/06 15:17:33,719 2692 [DEBUG ] [AsyncHttpClient-1-2] netty.buffer.AbstractByteBuf netty.buffer.AbstractByteBuf.<clinit>(AbstractByteBuf.java:63) - -Dio.netty.buffer.checkAccessible: true
52 2023/03/06 15:17:33,719 2692 [DEBUG ] [AsyncHttpClient-1-2] netty.buffer.AbstractByteBuf netty.buffer.AbstractByteBuf.<clinit>(AbstractByteBuf.java:64) - -Dio.netty.buffer.checkBounds: true
53 2023/03/06 15:17:33,720 2693 [DEBUG ] [AsyncHttpClient-1-2] netty.util.ResourceLeakDetectorFactory netty.util.ResourceLeakDetectorFactory$DefaultResourceLeakDetectorFactory.newResourceLeakDetector(ResourceLeakDetectorFactory.java:196) - Loaded default ResourceLeakDetector: io.netty.util.ResourceLeakDetector@75ee3046
54 2023/03/06 15:17:33,738 2711 [DEBUG ] [AsyncHttpClient-1-2] netty.util.Recycler netty.util.Recycler.<clinit>(Recycler.java:85) - -Dio.netty.recycler.maxCapacityPerThread: 4096
55 2023/03/06 15:17:33,738 2711 [DEBUG ] [AsyncHttpClient-1-2] netty.util.Recycler netty.util.Recycler.<clinit>(Recycler.java:86) - -Dio.netty.recycler.ratio: 8
56 2023/03/06 15:17:33,738 2711 [DEBUG ] [AsyncHttpClient-1-2] netty.util.Recycler netty.util.Recycler.<clinit>(Recycler.java:87) - -Dio.netty.recycler.chunkSize: 32
57 2023/03/06 15:17:33,738 2711 [DEBUG ] [AsyncHttpClient-1-2] netty.util.Recycler netty.util.Recycler.<clinit>(Recycler.java:88) - -Dio.netty.recycler.blocking: false
58 2023/03/06 15:17:38,068 7041 [DEBUG ] [AsyncHttpClient-1-2] codec.compression.Brotli codec.compression.Brotli.<clinit>(Brotli.java:38) - brotli4j not in the classpath; Brotli support will be unavailable.
59 2023/03/06 15:17:38,176 7149 [DEBUG ] [main] util.internal.ThreadLocalRandom util.internal.ThreadLocalRandom.newSeed(ThreadLocalRandom.java:214) - -Dio.netty.initialSeedUniquifier: 0xaa5af2e887fc4644
60 2023/03/06 15:17:53,595 22568 [INFO  ] [main] qa.wrappers.BaseMethod qa.wrappers.BaseMethod.waitForElementToBePresent(BaseMethod.java:924) - Wait for [Element is displayed] to become visible
61 2023/03/06 15:17:53,757 22730 [INFO  ] [main] qa.wrappers.BaseMethod qa.wrappers.BaseMethod.waitForElementToBePresent(BaseMethod.java:929) - [Element is displayed] is visible now
62 2023/03/06 15:17:54,379 23352 [INFO  ] [main] qa.wrappers.BaseMethod qa.wrappers.BaseMethod.click(BaseMethod.java:323) - Trying to click on element: [[ChromeDriver: chrome on MAC (f51cdc3510376d29863c260aa3237e09)] -> xpath: //button[@class='close-banner']]
63 2023/03/06 15:17:58,804 27777 [INFO  ] [main] qa.wrappers.BaseMethod qa.wrappers.BaseMethod.click(BaseMethod.java:326) - element clicked : [[ChromeDriver: chrome on MAC (f51cdc3510376d29863c260aa3237e09)] -> xpath: //button[@class='close-banner']]
64 2023/03/06 15:18:00,870 29843 [INFO  ] [main] qa.wrappers.BaseMethod qa.wrappers.BaseMethod.click(BaseMethod.java:323) - Trying to click on element: [[ChromeDriver: chrome on MAC (f51cdc3510376d29863c260aa3237e09)] -> xpath: //span[@title='I Agree']]
65 2023/03/06 15:18:05,287 34260 [INFO  ] [main] qa.wrappers.BaseMethod qa.wrappers.BaseMethod.click(BaseMethod.java:326) - element clicked : [[ChromeDriver: chrome on MAC (f51cdc3510376d29863c260aa3237e09)] -> xpath: //span[@title='I Agree']]
66 2023/03/06 15:18:25,207 54180 [INFO  ] [main] qa.wrappers.BaseMethod qa.wrappers.BaseMethod.waitForElementToBePresent(BaseMethod.java:924) - Wait for [Element is displayed] to become visible
67 2023/03/06 15:18:25,337 54310 [INFO  ] [main] qa.wrappers.BaseMethod qa.wrappers.BaseMethod.waitForElementToBePresent(BaseMethod.java:929) - [Element is displayed] is visible now
68 2023/03/06 15:18:25,964 54937 [INFO  ] [main] qa.wrappers.BaseMethod qa.wrappers.BaseMethod.click(BaseMethod.java:323) - Trying to click on element: [[ChromeDriver: chrome on MAC (afcf6485d2c8874cf9ab88156415deeb)] -> xpath: //button[@class='close-banner']]
69 2023/03/06 15:18:30,380 59353 [INFO  ] [main] qa.wrappers.BaseMethod qa.wrappers.BaseMethod.click(BaseMethod.java:326) - element clicked : [[ChromeDriver: chrome on MAC (afcf6485d2c8874cf9ab88156415deeb)] -> xpath: //button[@class='close-banner']]
70 2023/03/06 15:18:32,432 61405 [INFO  ] [main] qa.wrappers.BaseMethod qa.wrappers.BaseMethod.click(BaseMethod.java:323) - Trying to click on element: [[ChromeDriver: chrome on MAC (afcf6485d2c8874cf9ab88156415deeb)] -> xpath: //span[@title='I Agree']]
71 2023/03/06 15:18:36,757 65730 [INFO  ] [main] qa.wrappers.BaseMethod qa.wrappers.BaseMethod.click(BaseMethod.java:326) - element clicked : [[ChromeDriver: chrome on MAC (afcf6485d2c8874cf9ab88156415deeb)] -> xpath: //span[@title='I Agree']]
72 2023/03/06 15:18:39,344 68317 [INFO  ] [main] qa.wrappers.BaseMethod qa.wrappers.BaseMethod.click(BaseMethod.java:323) - Trying to click on element: [[ChromeDriver: chrome on MAC (afcf6485d2c8874cf9ab88156415deeb)] -> xpath: //li[@role='tab']]
73 2023/03/06 15:18:43,789 72762 [INFO  ] [main] qa.wrappers.BaseMethod qa.wrappers.BaseMethod.click(BaseMethod.java:326) - element clicked : [[ChromeDriver: chrome on MAC (afcf6485d2c8874cf9ab88156415deeb)] -> xpath: //li[@role='tab']]
74 2023/03/06 15:18:43,836 72809 [INFO  ] [main] qa.wrappers.BaseMethod qa.wrappers.BaseMethod.click(BaseMethod.java:323) - Trying to click on element: [[ChromeDriver: chrome on MAC (afcf6485d2c8874cf9ab88156415deeb)] -> xpath: //li[@role='tab']]
75 2023/03/06 15:18:48,875 77848 [INFO  ] [main] qa.wrappers.BaseMethod qa.wrappers.BaseMethod.click(BaseMethod.java:326) - element clicked : [[ChromeDriver: chrome on MAC (afcf6485d2c8874cf9ab88156415deeb)] -> xpath: //li[@role='tab']]
76 2023/03/06 15:18:48,922 77895 [INFO  ] [main] qa.wrappers.BaseMethod qa.wrappers.BaseMethod.click(BaseMethod.java:323) - Trying to click on element: [[ChromeDriver: chrome on MAC (afcf6485d2c8874cf9ab88156415deeb)] -> xpath: //li[@role='tab']]
77 2023/03/06 15:18:53,045 82018 [INFO  ] [main] qa.wrappers.BaseMethod qa.wrappers.BaseMethod.click(BaseMethod.java:326) - element clicked : [[ChromeDriver: chrome on MAC (afcf6485d2c8874cf9ab88156415deeb)] -> xpath: //li[@role='tab']]
78 2023/03/06 15:18:53,064 82037 [INFO  ] [main] qa.wrappers.BaseMethod qa.wrappers.BaseMethod.click(BaseMethod.java:323) - Trying to click on element: [[ChromeDriver: chrome on MAC (afcf6485d2c8874cf9ab88156415deeb)] -> xpath: //li[@role='tab']]
79 2023/03/06 15:18:57,171 86144 [INFO  ] [main] qa.wrappers.BaseMethod qa.wrappers.BaseMethod.click(BaseMethod.java:326) - element clicked : [[ChromeDriver: chrome on MAC (afcf6485d2c8874cf9ab88156415deeb)] -> xpath: //li[@role='tab']]
80 2023/03/06 15:18:57,187 86160 [INFO  ] [main] qa.wrappers.BaseMethod qa.wrappers.BaseMethod.click(BaseMethod.java:323) - Trying to click on element: [[ChromeDriver: chrome on MAC (afcf6485d2c8874cf9ab88156415deeb)] -> xpath: //li[@role='tab']]
81 2023/03/06 15:19:01,300 90273 [INFO  ] [main] qa.wrappers.BaseMethod qa.wrappers.BaseMethod.click(BaseMethod.java:326) - element clicked : [[ChromeDriver: chrome on MAC (afcf6485d2c8874cf9ab88156415deeb)] -> xpath: //li[@role='tab']]
82 2023/03/06 15:19:23,265 112238 [INFO  ] [main] qa.wrappers.BaseMethod qa.wrappers.BaseMethod.waitForElementToBePresent(BaseMethod.java:924) - Wait for [Element is displayed] to become visible
83 2023/03/06 15:19:23,387 112360 [INFO  ] [main] qa.wrappers.BaseMethod qa.wrappers.BaseMethod.waitForElementToBePresent(BaseMethod.java:929) - [Element is displayed] is visible now
84 2023/03/06 15:19:23,974 112947 [INFO  ] [main] qa.wrappers.BaseMethod qa.wrappers.BaseMethod.click(BaseMethod.java:323) - Trying to click on element: [[ChromeDriver: chrome on MAC (fe6b9cc39bec9b291371684adaa7db47)] -> xpath: //button[@class='close-banner']]
85 2023/03/06 15:19:28,424 117397 [INFO  ] [main] qa.wrappers.BaseMethod qa.wrappers.BaseMethod.click(BaseMethod.java:326) - element clicked : [[ChromeDriver: chrome on MAC (fe6b9cc39bec9b291371684adaa7db47)] -> xpath: //button[@class='close-banner']]
86 2023/03/06 15:19:30,470 119443 [INFO  ] [main] qa.wrappers.BaseMethod qa.wrappers.BaseMethod.click(BaseMethod.java:323) - Trying to click on element: [[ChromeDriver: chrome on MAC (fe6b9cc39bec9b291371684adaa7db47)] -> xpath: //span[@title='I Agree']]
87 2023/03/06 15:19:34,925 123898 [INFO  ] [main] qa.wrappers.BaseMethod qa.wrappers.BaseMethod.click(BaseMethod.java:326) - element clicked : [[ChromeDriver: chrome on MAC (fe6b9cc39bec9b291371684adaa7db47)] -> xpath: //span[@title='I Agree']]
88 2023/03/06 15:19:54,966 143939 [INFO  ] [main] qa.wrappers.BaseMethod qa.wrappers.BaseMethod.waitForElementToBePresent(BaseMethod.java:924) - Wait for [Element is displayed] to become visible
89 2023/03/06 15:19:55,082 144055 [INFO  ] [main] qa.wrappers.BaseMethod qa.wrappers.BaseMethod.waitForElementToBePresent(BaseMethod.java:929) - [Element is displayed] is visible now
90 2023/03/06 15:19:55,667 144640 [INFO  ] [main] qa.wrappers.BaseMethod qa.wrappers.BaseMethod.click(BaseMethod.java:323) - Trying to click on element: [[ChromeDriver: chrome on MAC (9bed7ad99161cd7b22e31c007bf6a0ce)] -> xpath: //button[@class='close-banner']]
91 2023/03/06 15:20:00,078 149051 [INFO  ] [main] qa.wrappers.BaseMethod qa.wrappers.BaseMethod.click(BaseMethod.java:326) - element clicked : [[ChromeDriver: chrome on MAC (9bed7ad99161cd7b22e31c007bf6a0ce)] -> xpath: //button[@class='close-banner']]
92 2023/03/06 15:20:02,136 151109 [INFO  ] [main] qa.wrappers.BaseMethod qa.wrappers.BaseMethod.click(BaseMethod.java:323) - Trying to click on element: [[ChromeDriver: chrome on MAC (9bed7ad99161cd7b22e31c007bf6a0ce)] -> xpath: //span[@title='I Agree']]
93 2023/03/06 15:20:06,465 155438 [INFO  ] [main] qa.wrappers.BaseMethod qa.wrappers.BaseMethod.click(BaseMethod.java:326) - element clicked : [[ChromeDriver: chrome on MAC (9bed7ad99161cd7b22e31c007bf6a0ce)] -> xpath: //span[@title='I Agree']]
94 2023/03/06 15:20:26,529 175502 [INFO  ] [main] qa.wrappers.BaseMethod qa.wrappers.BaseMethod.waitForElementToBePresent(BaseMethod.java:924) - Wait for [Element is displayed] to become visible
95 2023/03/06 15:20:26,677 175650 [INFO  ] [main] qa.wrappers.BaseMethod qa.wrappers.BaseMethod.waitForElementToBePresent(BaseMethod.java:929) - [Element is displayed] is visible now
96 2023/03/06 15:20:27,279 176252 [INFO  ] [main] qa.wrappers.BaseMethod qa.wrappers.BaseMethod.click(BaseMethod.java:323) - Trying to click on element: [[ChromeDriver: chrome on MAC (a87c47cf1685e8d3108dc6ad241e629a)] -> xpath: //button[@class='close-banner']]
97 2023/03/06 15:20:31,706 180679 [INFO  ] [main] qa.wrappers.BaseMethod qa.wrappers.BaseMethod.click(BaseMethod.java:326) - element clicked : [[ChromeDriver: chrome on MAC (a87c47cf1685e8d3108dc6ad241e629a)] -> xpath: //button[@class='close-banner']]
98 2023/03/06 15:20:33,762 182735 [INFO  ] [main] qa.wrappers.BaseMethod qa.wrappers.BaseMethod.click(BaseMethod.java:323) - Trying to click on element: [[ChromeDriver: chrome on MAC (a87c47cf1685e8d3108dc6ad241e629a)] -> xpath: //span[@title='I Agree']]
99 2023/03/06 15:20:38,046 187019 [INFO  ] [main] qa.wrappers.BaseMethod qa.wrappers.BaseMethod.click(BaseMethod.java:326) - element clicked : [[ChromeDriver: chrome on MAC (a87c47cf1685e8d3108dc6ad241e629a)] -> xpath: //span[@title='I Agree']]
100 2023/03/06 15:20:46,759 195732 [INFO  ] [main] qa.wrappers.BaseMethod qa.wrappers.BaseMethod.selectByVisibleText(BaseMethod.java:301) - Trying to select element Value from Dropdown
101 2023/03/06 15:20:46,980 195953 [INFO  ] [main] qa.wrappers.BaseMethod qa.wrappers.BaseMethod.selectByVisibleText(BaseMethod.java:305) - India Value selected from Dropdown: 
102 2023/03/06 15:21:29,661 238634 [INFO  ] [main] qa.wrappers.BaseMethod qa.wrappers.BaseMethod.selectByVisibleText(BaseMethod.java:301) - Trying to select element Value from Dropdown
103 2023/03/06 15:21:29,744 238717 [INFO  ] [main] qa.wrappers.BaseMethod qa.wrappers.BaseMethod.selectByVisibleText(BaseMethod.java:305) - India Value selected from Dropdown: 
104 2023/03/06 15:21:33,780 242753 [INFO  ] [main] qa.wrappers.BaseMethod qa.wrappers.BaseMethod.click(BaseMethod.java:323) - Trying to click on element: [[ChromeDriver: chrome on MAC (a87c47cf1685e8d3108dc6ad241e629a)] -> xpath: //input[@name="subscriptionrelaxedcombination"]]
105 2023/03/06 15:21:38,302 247275 [INFO  ] [main] qa.wrappers.BaseMethod qa.wrappers.BaseMethod.click(BaseMethod.java:326) - element clicked : [[ChromeDriver: chrome on MAC (a87c47cf1685e8d3108dc6ad241e629a)] -> xpath: //input[@name="subscriptionrelaxedcombination"]]
106 2023/03/06 15:22:20,312 289285 [INFO  ] [main] qa.wrappers.BaseMethod qa.wrappers.BaseMethod.waitForElementToBePresent(BaseMethod.java:924) - Wait for [Element is displayed] to become visible
107 2023/03/06 15:22:20,430 289403 [INFO  ] [main] qa.wrappers.BaseMethod qa.wrappers.BaseMethod.waitForElementToBePresent(BaseMethod.java:929) - [Element is displayed] is visible now
108 2023/03/06 15:22:21,031 290004 [INFO  ] [main] qa.wrappers.BaseMethod qa.wrappers.BaseMethod.click(BaseMethod.java:323) - Trying to click on element: [[ChromeDriver: chrome on MAC (4a4d10cf38512602a82e62023799d973)] -> xpath: //button[@class='close-banner']]
109 2023/03/06 15:22:25,466 294439 [INFO  ] [main] qa.wrappers.BaseMethod qa.wrappers.BaseMethod.click(BaseMethod.java:326) - element clicked : [[ChromeDriver: chrome on MAC (4a4d10cf38512602a82e62023799d973)] -> xpath: //button[@class='close-banner']]
110 2023/03/06 15:22:27,511 296484 [INFO  ] [main] qa.wrappers.BaseMethod qa.wrappers.BaseMethod.click(BaseMethod.java:323) - Trying to click on element: [[ChromeDriver: chrome on MAC (4a4d10cf38512602a82e62023799d973)] -> xpath: //span[@title='I Agree']]
111 2023/03/06 15:22:31,825 300798 [INFO  ] [main] qa.wrappers.BaseMethod qa.wrappers.BaseMethod.click(BaseMethod.java:326) - element clicked : [[ChromeDriver: chrome on MAC (4a4d10cf38512602a82e62023799d973)] -> xpath: //span[@title='I Agree']]
