1 2022/08/09 12:02:59,919 2795 [DEBUG ] [TestNG-test=Chrometest-3] internal.logging.InternalLoggerFactory internal.logging.InternalLoggerFactory.useLog4J2LoggerFactory(InternalLoggerFactory.java:76) - Using Log4J2 as the default logging framework
2 2022/08/09 12:02:59,928 2804 [DEBUG ] [TestNG-test=Chrometest-3] netty.util.ResourceLeakDetector netty.util.ResourceLeakDetector.<clinit>(ResourceLeakDetector.java:129) - -Dio.netty.leakDetection.level: simple
3 2022/08/09 12:02:59,929 2805 [DEBUG ] [TestNG-test=Chrometest-3] netty.util.ResourceLeakDetector netty.util.ResourceLeakDetector.<clinit>(ResourceLeakDetector.java:130) - -Dio.netty.leakDetection.targetRecords: 4
4 2022/08/09 12:02:59,934 2810 [DEBUG ] [TestNG-test=Chrometest-3] netty.util.ResourceLeakDetectorFactory netty.util.ResourceLeakDetectorFactory$DefaultResourceLeakDetectorFactory.newResourceLeakDetector(ResourceLeakDetectorFactory.java:196) - Loaded default ResourceLeakDetector: io.netty.util.ResourceLeakDetector@140edc68
5 2022/08/09 12:02:59,958 2834 [DEBUG ] [TestNG-test=Chrometest-3] util.internal.PlatformDependent0 util.internal.PlatformDependent0.explicitNoUnsafeCause0(PlatformDependent0.java:460) - -Dio.netty.noUnsafe: false
6 2022/08/09 12:02:59,959 2835 [DEBUG ] [TestNG-test=Chrometest-3] util.internal.PlatformDependent0 util.internal.PlatformDependent0.javaVersion0(PlatformDependent0.java:954) - Java version: 16
7 2022/08/09 12:02:59,962 2838 [DEBUG ] [TestNG-test=Chrometest-3] util.internal.PlatformDependent0 util.internal.PlatformDependent0.<clinit>(PlatformDependent0.java:135) - sun.misc.Unsafe.theUnsafe: available
8 2022/08/09 12:02:59,964 2840 [DEBUG ] [TestNG-test=Chrometest-3] util.internal.PlatformDependent0 util.internal.PlatformDependent0.<clinit>(PlatformDependent0.java:159) - sun.misc.Unsafe.copyMemory: available
9 2022/08/09 12:02:59,966 2842 [DEBUG ] [TestNG-test=Chrometest-3] util.internal.PlatformDependent0 util.internal.PlatformDependent0.<clinit>(PlatformDependent0.java:202) - java.nio.Buffer.address: available
10 2022/08/09 12:02:59,966 2842 [DEBUG ] [TestNG-test=Chrometest-3] util.internal.PlatformDependent0 util.internal.PlatformDependent0.<clinit>(PlatformDependent0.java:285) - direct buffer constructor: unavailable: Reflective setAccessible(true) disabled
11 2022/08/09 12:02:59,968 2844 [DEBUG ] [TestNG-test=Chrometest-3] util.internal.PlatformDependent0 util.internal.PlatformDependent0.<clinit>(PlatformDependent0.java:350) - java.nio.Bits.unaligned: available, true
12 2022/08/09 12:02:59,971 2847 [DEBUG ] [TestNG-test=Chrometest-3] util.internal.PlatformDependent0 util.internal.PlatformDependent0.<clinit>(PlatformDependent0.java:417) - jdk.internal.misc.Unsafe.allocateUninitializedArray(int): unavailable: class io.netty.util.internal.PlatformDependent0$6 cannot access class jdk.internal.misc.Unsafe (in module java.base) because module java.base does not export jdk.internal.misc to unnamed module @3551a94
13 2022/08/09 12:02:59,973 2849 [DEBUG ] [TestNG-test=Chrometest-3] util.internal.PlatformDependent0 util.internal.PlatformDependent0.<clinit>(PlatformDependent0.java:446) - java.nio.DirectByteBuffer.<init>(long, int): unavailable
14 2022/08/09 12:02:59,973 2849 [DEBUG ] [TestNG-test=Chrometest-3] util.internal.PlatformDependent util.internal.PlatformDependent.unsafeUnavailabilityCause0(PlatformDependent.java:1116) - sun.misc.Unsafe: available
15 2022/08/09 12:02:59,974 2850 [DEBUG ] [TestNG-test=Chrometest-3] util.internal.PlatformDependent util.internal.PlatformDependent.estimateMaxDirectMemory(PlatformDependent.java:1227) - maxDirectMemory: 4234149888 bytes (maybe)
16 2022/08/09 12:02:59,975 2851 [DEBUG ] [TestNG-test=Chrometest-3] util.internal.PlatformDependent util.internal.PlatformDependent.tmpdir0(PlatformDependent.java:1246) - -Dio.netty.tmpdir: C:\Users\10684951\AppData\Local\Temp (java.io.tmpdir)
17 2022/08/09 12:02:59,976 2852 [DEBUG ] [TestNG-test=Chrometest-3] util.internal.PlatformDependent util.internal.PlatformDependent.bitMode0(PlatformDependent.java:1325) - -Dio.netty.bitMode: 64 (sun.arch.data.model)
18 2022/08/09 12:02:59,978 2854 [DEBUG ] [TestNG-test=Chrometest-3] util.internal.PlatformDependent util.internal.PlatformDependent.isWindows0(PlatformDependent.java:1076) - Platform: Windows
19 2022/08/09 12:02:59,979 2855 [DEBUG ] [TestNG-test=Chrometest-3] util.internal.PlatformDependent util.internal.PlatformDependent.<clinit>(PlatformDependent.java:178) - -Dio.netty.maxDirectMemory: -1 bytes
20 2022/08/09 12:02:59,980 2856 [DEBUG ] [TestNG-test=Chrometest-3] util.internal.PlatformDependent util.internal.PlatformDependent.<clinit>(PlatformDependent.java:185) - -Dio.netty.uninitializedArrayAllocationThreshold: -1
21 2022/08/09 12:02:59,981 2857 [DEBUG ] [TestNG-test=Chrometest-3] util.internal.CleanerJava9 util.internal.CleanerJava9.<clinit>(CleanerJava9.java:71) - java.nio.ByteBuffer.cleaner(): available
22 2022/08/09 12:02:59,981 2857 [DEBUG ] [TestNG-test=Chrometest-3] util.internal.PlatformDependent util.internal.PlatformDependent.<clinit>(PlatformDependent.java:205) - -Dio.netty.noPreferDirect: false
23 2022/08/09 12:02:59,993 2869 [DEBUG ] [TestNG-test=Chrometest-3] util.internal.PlatformDependent util.internal.PlatformDependent$Mpsc.<clinit>(PlatformDependent.java:967) - org.jctools-core.MpscChunkedArrayQueue: available
24 2022/08/09 12:03:00,019 2895 [DEBUG ] [TestNG-test=Chrometest-3] util.internal.InternalThreadLocalMap util.internal.InternalThreadLocalMap.<clinit>(InternalThreadLocalMap.java:86) - -Dio.netty.threadLocalMap.stringBuilder.initialSize: 1024
25 2022/08/09 12:03:00,019 2895 [DEBUG ] [TestNG-test=Chrometest-3] util.internal.InternalThreadLocalMap util.internal.InternalThreadLocalMap.<clinit>(InternalThreadLocalMap.java:89) - -Dio.netty.threadLocalMap.stringBuilder.maxSize: 4096
26 2022/08/09 12:03:00,273 3149 [DEBUG ] [TestNG-test=Chrometest-3] handler.ssl.JdkSslContext handler.ssl.JdkSslContext.<clinit>(JdkSslContext.java:97) - Default protocols (JDK): [TLSv1.3, TLSv1.2] 
27 2022/08/09 12:03:00,274 3150 [DEBUG ] [TestNG-test=Chrometest-3] handler.ssl.JdkSslContext handler.ssl.JdkSslContext.<clinit>(JdkSslContext.java:98) - Default cipher suites (JDK): [TLS_ECDHE_ECDSA_WITH_AES_256_GCM_SHA384, TLS_ECDHE_ECDSA_WITH_AES_128_GCM_SHA256, TLS_ECDHE_RSA_WITH_AES_128_GCM_SHA256, TLS_ECDHE_RSA_WITH_AES_256_GCM_SHA384, TLS_ECDHE_RSA_WITH_AES_128_CBC_SHA, TLS_ECDHE_RSA_WITH_AES_256_CBC_SHA, TLS_RSA_WITH_AES_128_GCM_SHA256, TLS_RSA_WITH_AES_128_CBC_SHA, TLS_RSA_WITH_AES_256_CBC_SHA, TLS_AES_128_GCM_SHA256, TLS_AES_256_GCM_SHA384]
28 2022/08/09 12:03:00,326 3202 [DEBUG ] [TestNG-test=Chrometest-3] netty.channel.MultithreadEventLoopGroup netty.channel.MultithreadEventLoopGroup.<clinit>(MultithreadEventLoopGroup.java:44) - -Dio.netty.eventLoopThreads: 16
29 2022/08/09 12:03:00,341 3217 [DEBUG ] [TestNG-test=Chrometest-3] channel.nio.NioEventLoop channel.nio.NioEventLoop.<clinit>(NioEventLoop.java:109) - -Dio.netty.noKeySetOptimization: false
30 2022/08/09 12:03:00,341 3217 [DEBUG ] [TestNG-test=Chrometest-3] channel.nio.NioEventLoop channel.nio.NioEventLoop.<clinit>(NioEventLoop.java:110) - -Dio.netty.selectorAutoRebuildThreshold: 512
31 2022/08/09 12:03:00,488 3364 [DEBUG ] [TestNG-test=Chrometest-3] netty.buffer.PooledByteBufAllocator netty.buffer.PooledByteBufAllocator.<clinit>(PooledByteBufAllocator.java:155) - -Dio.netty.allocator.numHeapArenas: 16
32 2022/08/09 12:03:00,488 3364 [DEBUG ] [TestNG-test=Chrometest-3] netty.buffer.PooledByteBufAllocator netty.buffer.PooledByteBufAllocator.<clinit>(PooledByteBufAllocator.java:156) - -Dio.netty.allocator.numDirectArenas: 16
33 2022/08/09 12:03:00,498 3374 [DEBUG ] [TestNG-test=Chrometest-3] netty.buffer.PooledByteBufAllocator netty.buffer.PooledByteBufAllocator.<clinit>(PooledByteBufAllocator.java:158) - -Dio.netty.allocator.pageSize: 8192
34 2022/08/09 12:03:00,500 3376 [DEBUG ] [TestNG-test=Chrometest-3] netty.buffer.PooledByteBufAllocator netty.buffer.PooledByteBufAllocator.<clinit>(PooledByteBufAllocator.java:163) - -Dio.netty.allocator.maxOrder: 9
35 2022/08/09 12:03:00,501 3377 [DEBUG ] [TestNG-test=Chrometest-3] netty.buffer.PooledByteBufAllocator netty.buffer.PooledByteBufAllocator.<clinit>(PooledByteBufAllocator.java:167) - -Dio.netty.allocator.chunkSize: 4194304
36 2022/08/09 12:03:00,502 3378 [DEBUG ] [TestNG-test=Chrometest-3] netty.buffer.PooledByteBufAllocator netty.buffer.PooledByteBufAllocator.<clinit>(PooledByteBufAllocator.java:168) - -Dio.netty.allocator.smallCacheSize: 256
37 2022/08/09 12:03:00,502 3378 [DEBUG ] [TestNG-test=Chrometest-3] netty.buffer.PooledByteBufAllocator netty.buffer.PooledByteBufAllocator.<clinit>(PooledByteBufAllocator.java:169) - -Dio.netty.allocator.normalCacheSize: 64
38 2022/08/09 12:03:00,502 3378 [DEBUG ] [TestNG-test=Chrometest-3] netty.buffer.PooledByteBufAllocator netty.buffer.PooledByteBufAllocator.<clinit>(PooledByteBufAllocator.java:170) - -Dio.netty.allocator.maxCachedBufferCapacity: 32768
39 2022/08/09 12:03:00,503 3379 [DEBUG ] [TestNG-test=Chrometest-3] netty.buffer.PooledByteBufAllocator netty.buffer.PooledByteBufAllocator.<clinit>(PooledByteBufAllocator.java:171) - -Dio.netty.allocator.cacheTrimInterval: 8192
40 2022/08/09 12:03:00,503 3379 [DEBUG ] [TestNG-test=Chrometest-3] netty.buffer.PooledByteBufAllocator netty.buffer.PooledByteBufAllocator.<clinit>(PooledByteBufAllocator.java:172) - -Dio.netty.allocator.cacheTrimIntervalMillis: 0
41 2022/08/09 12:03:00,504 3380 [DEBUG ] [TestNG-test=Chrometest-3] netty.buffer.PooledByteBufAllocator netty.buffer.PooledByteBufAllocator.<clinit>(PooledByteBufAllocator.java:173) - -Dio.netty.allocator.useCacheForAllThreads: false
42 2022/08/09 12:03:00,504 3380 [DEBUG ] [TestNG-test=Chrometest-3] netty.buffer.PooledByteBufAllocator netty.buffer.PooledByteBufAllocator.<clinit>(PooledByteBufAllocator.java:174) - -Dio.netty.allocator.maxCachedByteBuffersPerChunk: 1023
43 2022/08/09 12:03:00,519 3395 [DEBUG ] [TestNG-test=Chrometest-3] netty.buffer.ByteBufUtil netty.buffer.ByteBufUtil.<clinit>(ByteBufUtil.java:87) - -Dio.netty.allocator.type: pooled
44 2022/08/09 12:03:00,520 3396 [DEBUG ] [TestNG-test=Chrometest-3] netty.buffer.ByteBufUtil netty.buffer.ByteBufUtil.<clinit>(ByteBufUtil.java:96) - -Dio.netty.threadLocalDirectBufferSize: 0
45 2022/08/09 12:03:00,520 3396 [DEBUG ] [TestNG-test=Chrometest-3] netty.buffer.ByteBufUtil netty.buffer.ByteBufUtil.<clinit>(ByteBufUtil.java:99) - -Dio.netty.maxThreadLocalCharBufferSize: 16384
46 2022/08/09 12:03:01,027 3903 [DEBUG ] [Forwarding newSession on session null to remote] netty.channel.DefaultChannelId netty.channel.DefaultChannelId.<clinit>(DefaultChannelId.java:79) - -Dio.netty.processId: 14092 (auto-detected)
47 2022/08/09 12:03:01,030 3906 [DEBUG ] [Forwarding newSession on session null to remote] netty.util.NetUtil netty.util.NetUtil.<clinit>(NetUtil.java:136) - -Djava.net.preferIPv4Stack: true
48 2022/08/09 12:03:01,030 3906 [DEBUG ] [Forwarding newSession on session null to remote] netty.util.NetUtil netty.util.NetUtil.<clinit>(NetUtil.java:137) - -Djava.net.preferIPv6Addresses: false
49 2022/08/09 12:03:01,079 3955 [DEBUG ] [Forwarding newSession on session null to remote] netty.util.NetUtilInitializations netty.util.NetUtilInitializations.determineLoopback(NetUtilInitializations.java:129) - Loopback interface: lo (Software Loopback Interface 1, 127.0.0.1)
50 2022/08/09 12:03:01,082 3958 [DEBUG ] [Forwarding newSession on session null to remote] netty.util.NetUtil netty.util.NetUtil$SoMaxConnAction.run(NetUtil.java:191) - Failed to get SOMAXCONN from sysctl and file \proc\sys\net\core\somaxconn. Default: 200
51 2022/08/09 12:03:01,211 4087 [DEBUG ] [Forwarding newSession on session null to remote] netty.channel.DefaultChannelId netty.channel.DefaultChannelId.<clinit>(DefaultChannelId.java:101) - -Dio.netty.machineId: d4:1b:81:ff:fe:59:ab:63 (auto-detected)
52 2022/08/09 12:03:01,274 4150 [DEBUG ] [AsyncHttpClient-1-2] netty.buffer.AbstractByteBuf netty.buffer.AbstractByteBuf.<clinit>(AbstractByteBuf.java:63) - -Dio.netty.buffer.checkAccessible: true
53 2022/08/09 12:03:01,274 4150 [DEBUG ] [AsyncHttpClient-1-2] netty.buffer.AbstractByteBuf netty.buffer.AbstractByteBuf.<clinit>(AbstractByteBuf.java:64) - -Dio.netty.buffer.checkBounds: true
54 2022/08/09 12:03:01,275 4151 [DEBUG ] [AsyncHttpClient-1-2] netty.util.ResourceLeakDetectorFactory netty.util.ResourceLeakDetectorFactory$DefaultResourceLeakDetectorFactory.newResourceLeakDetector(ResourceLeakDetectorFactory.java:196) - Loaded default ResourceLeakDetector: io.netty.util.ResourceLeakDetector@260a143e
55 2022/08/09 12:03:01,304 4180 [DEBUG ] [AsyncHttpClient-1-3] netty.util.Recycler netty.util.Recycler.<clinit>(Recycler.java:85) - -Dio.netty.recycler.maxCapacityPerThread: 4096
56 2022/08/09 12:03:01,304 4180 [DEBUG ] [AsyncHttpClient-1-3] netty.util.Recycler netty.util.Recycler.<clinit>(Recycler.java:86) - -Dio.netty.recycler.ratio: 8
57 2022/08/09 12:03:01,305 4181 [DEBUG ] [AsyncHttpClient-1-3] netty.util.Recycler netty.util.Recycler.<clinit>(Recycler.java:87) - -Dio.netty.recycler.chunkSize: 32
58 2022/08/09 12:03:01,305 4181 [DEBUG ] [AsyncHttpClient-1-3] netty.util.Recycler netty.util.Recycler.<clinit>(Recycler.java:88) - -Dio.netty.recycler.blocking: false
59 2022/08/09 12:03:21,438 24314 [DEBUG ] [AsyncHttpClient-1-2] codec.compression.Brotli codec.compression.Brotli.<clinit>(Brotli.java:38) - brotli4j not in the classpath; Brotli support will be unavailable.
