1 2022/08/09 10:40:15,791 3899 [DEBUG ] [TestNG-test=Chrometest-3] internal.logging.InternalLoggerFactory internal.logging.InternalLoggerFactory.useLog4J2LoggerFactory(InternalLoggerFactory.java:76) - Using Log4J2 as the default logging framework
2 2022/08/09 10:40:15,808 3916 [DEBUG ] [TestNG-test=Chrometest-3] netty.util.ResourceLeakDetector netty.util.ResourceLeakDetector.<clinit>(ResourceLeakDetector.java:129) - -Dio.netty.leakDetection.level: simple
3 2022/08/09 10:40:15,809 3917 [DEBUG ] [TestNG-test=Chrometest-3] netty.util.ResourceLeakDetector netty.util.ResourceLeakDetector.<clinit>(ResourceLeakDetector.java:130) - -Dio.netty.leakDetection.targetRecords: 4
4 2022/08/09 10:40:15,818 3926 [DEBUG ] [TestNG-test=Chrometest-3] netty.util.ResourceLeakDetectorFactory netty.util.ResourceLeakDetectorFactory$DefaultResourceLeakDetectorFactory.newResourceLeakDetector(ResourceLeakDetectorFactory.java:196) - Loaded default ResourceLeakDetector: io.netty.util.ResourceLeakDetector@7537926d
5 2022/08/09 10:40:15,845 3953 [DEBUG ] [TestNG-test=Chrometest-3] util.internal.PlatformDependent0 util.internal.PlatformDependent0.explicitNoUnsafeCause0(PlatformDependent0.java:460) - -Dio.netty.noUnsafe: false
6 2022/08/09 10:40:15,846 3954 [DEBUG ] [TestNG-test=Chrometest-3] util.internal.PlatformDependent0 util.internal.PlatformDependent0.javaVersion0(PlatformDependent0.java:954) - Java version: 16
7 2022/08/09 10:40:15,847 3955 [DEBUG ] [TestNG-test=Chrometest-3] util.internal.PlatformDependent0 util.internal.PlatformDependent0.<clinit>(PlatformDependent0.java:135) - sun.misc.Unsafe.theUnsafe: available
8 2022/08/09 10:40:15,849 3957 [DEBUG ] [TestNG-test=Chrometest-3] util.internal.PlatformDependent0 util.internal.PlatformDependent0.<clinit>(PlatformDependent0.java:159) - sun.misc.Unsafe.copyMemory: available
9 2022/08/09 10:40:15,850 3958 [DEBUG ] [TestNG-test=Chrometest-3] util.internal.PlatformDependent0 util.internal.PlatformDependent0.<clinit>(PlatformDependent0.java:202) - java.nio.Buffer.address: available
10 2022/08/09 10:40:15,851 3959 [DEBUG ] [TestNG-test=Chrometest-3] util.internal.PlatformDependent0 util.internal.PlatformDependent0.<clinit>(PlatformDependent0.java:285) - direct buffer constructor: unavailable: Reflective setAccessible(true) disabled
11 2022/08/09 10:40:15,852 3960 [DEBUG ] [TestNG-test=Chrometest-3] util.internal.PlatformDependent0 util.internal.PlatformDependent0.<clinit>(PlatformDependent0.java:350) - java.nio.Bits.unaligned: available, true
12 2022/08/09 10:40:15,853 3961 [DEBUG ] [TestNG-test=Chrometest-3] util.internal.PlatformDependent0 util.internal.PlatformDependent0.<clinit>(PlatformDependent0.java:417) - jdk.internal.misc.Unsafe.allocateUninitializedArray(int): unavailable: class io.netty.util.internal.PlatformDependent0$6 cannot access class jdk.internal.misc.Unsafe (in module java.base) because module java.base does not export jdk.internal.misc to unnamed module @3551a94
13 2022/08/09 10:40:15,856 3964 [DEBUG ] [TestNG-test=Chrometest-3] util.internal.PlatformDependent0 util.internal.PlatformDependent0.<clinit>(PlatformDependent0.java:446) - java.nio.DirectByteBuffer.<init>(long, int): unavailable
14 2022/08/09 10:40:15,856 3964 [DEBUG ] [TestNG-test=Chrometest-3] util.internal.PlatformDependent util.internal.PlatformDependent.unsafeUnavailabilityCause0(PlatformDependent.java:1116) - sun.misc.Unsafe: available
15 2022/08/09 10:40:15,857 3965 [DEBUG ] [TestNG-test=Chrometest-3] util.internal.PlatformDependent util.internal.PlatformDependent.estimateMaxDirectMemory(PlatformDependent.java:1227) - maxDirectMemory: 4234149888 bytes (maybe)
16 2022/08/09 10:40:15,857 3965 [DEBUG ] [TestNG-test=Chrometest-3] util.internal.PlatformDependent util.internal.PlatformDependent.tmpdir0(PlatformDependent.java:1246) - -Dio.netty.tmpdir: C:\Users\10684951\AppData\Local\Temp (java.io.tmpdir)
17 2022/08/09 10:40:15,858 3966 [DEBUG ] [TestNG-test=Chrometest-3] util.internal.PlatformDependent util.internal.PlatformDependent.bitMode0(PlatformDependent.java:1325) - -Dio.netty.bitMode: 64 (sun.arch.data.model)
18 2022/08/09 10:40:15,859 3967 [DEBUG ] [TestNG-test=Chrometest-3] util.internal.PlatformDependent util.internal.PlatformDependent.isWindows0(PlatformDependent.java:1076) - Platform: Windows
19 2022/08/09 10:40:15,860 3968 [DEBUG ] [TestNG-test=Chrometest-3] util.internal.PlatformDependent util.internal.PlatformDependent.<clinit>(PlatformDependent.java:178) - -Dio.netty.maxDirectMemory: -1 bytes
20 2022/08/09 10:40:15,860 3968 [DEBUG ] [TestNG-test=Chrometest-3] util.internal.PlatformDependent util.internal.PlatformDependent.<clinit>(PlatformDependent.java:185) - -Dio.netty.uninitializedArrayAllocationThreshold: -1
21 2022/08/09 10:40:15,862 3970 [DEBUG ] [TestNG-test=Chrometest-3] util.internal.CleanerJava9 util.internal.CleanerJava9.<clinit>(CleanerJava9.java:71) - java.nio.ByteBuffer.cleaner(): available
22 2022/08/09 10:40:15,862 3970 [DEBUG ] [TestNG-test=Chrometest-3] util.internal.PlatformDependent util.internal.PlatformDependent.<clinit>(PlatformDependent.java:205) - -Dio.netty.noPreferDirect: false
23 2022/08/09 10:40:15,872 3980 [DEBUG ] [TestNG-test=Chrometest-3] util.internal.PlatformDependent util.internal.PlatformDependent$Mpsc.<clinit>(PlatformDependent.java:967) - org.jctools-core.MpscChunkedArrayQueue: available
24 2022/08/09 10:40:15,898 4006 [DEBUG ] [TestNG-test=Chrometest-3] util.internal.InternalThreadLocalMap util.internal.InternalThreadLocalMap.<clinit>(InternalThreadLocalMap.java:86) - -Dio.netty.threadLocalMap.stringBuilder.initialSize: 1024
25 2022/08/09 10:40:15,899 4007 [DEBUG ] [TestNG-test=Chrometest-3] util.internal.InternalThreadLocalMap util.internal.InternalThreadLocalMap.<clinit>(InternalThreadLocalMap.java:89) - -Dio.netty.threadLocalMap.stringBuilder.maxSize: 4096
26 2022/08/09 10:40:16,121 4229 [DEBUG ] [TestNG-test=Chrometest-3] handler.ssl.JdkSslContext handler.ssl.JdkSslContext.<clinit>(JdkSslContext.java:97) - Default protocols (JDK): [TLSv1.3, TLSv1.2] 
27 2022/08/09 10:40:16,122 4230 [DEBUG ] [TestNG-test=Chrometest-3] handler.ssl.JdkSslContext handler.ssl.JdkSslContext.<clinit>(JdkSslContext.java:98) - Default cipher suites (JDK): [TLS_ECDHE_ECDSA_WITH_AES_256_GCM_SHA384, TLS_ECDHE_ECDSA_WITH_AES_128_GCM_SHA256, TLS_ECDHE_RSA_WITH_AES_128_GCM_SHA256, TLS_ECDHE_RSA_WITH_AES_256_GCM_SHA384, TLS_ECDHE_RSA_WITH_AES_128_CBC_SHA, TLS_ECDHE_RSA_WITH_AES_256_CBC_SHA, TLS_RSA_WITH_AES_128_GCM_SHA256, TLS_RSA_WITH_AES_128_CBC_SHA, TLS_RSA_WITH_AES_256_CBC_SHA, TLS_AES_128_GCM_SHA256, TLS_AES_256_GCM_SHA384]
28 2022/08/09 10:40:16,172 4280 [DEBUG ] [TestNG-test=Chrometest-3] netty.channel.MultithreadEventLoopGroup netty.channel.MultithreadEventLoopGroup.<clinit>(MultithreadEventLoopGroup.java:44) - -Dio.netty.eventLoopThreads: 16
29 2022/08/09 10:40:16,191 4299 [DEBUG ] [TestNG-test=Chrometest-3] channel.nio.NioEventLoop channel.nio.NioEventLoop.<clinit>(NioEventLoop.java:109) - -Dio.netty.noKeySetOptimization: false
30 2022/08/09 10:40:16,191 4299 [DEBUG ] [TestNG-test=Chrometest-3] channel.nio.NioEventLoop channel.nio.NioEventLoop.<clinit>(NioEventLoop.java:110) - -Dio.netty.selectorAutoRebuildThreshold: 512
31 2022/08/09 10:40:16,362 4470 [DEBUG ] [TestNG-test=Chrometest-3] netty.buffer.PooledByteBufAllocator netty.buffer.PooledByteBufAllocator.<clinit>(PooledByteBufAllocator.java:155) - -Dio.netty.allocator.numHeapArenas: 16
32 2022/08/09 10:40:16,363 4471 [DEBUG ] [TestNG-test=Chrometest-3] netty.buffer.PooledByteBufAllocator netty.buffer.PooledByteBufAllocator.<clinit>(PooledByteBufAllocator.java:156) - -Dio.netty.allocator.numDirectArenas: 16
33 2022/08/09 10:40:16,363 4471 [DEBUG ] [TestNG-test=Chrometest-3] netty.buffer.PooledByteBufAllocator netty.buffer.PooledByteBufAllocator.<clinit>(PooledByteBufAllocator.java:158) - -Dio.netty.allocator.pageSize: 8192
34 2022/08/09 10:40:16,364 4472 [DEBUG ] [TestNG-test=Chrometest-3] netty.buffer.PooledByteBufAllocator netty.buffer.PooledByteBufAllocator.<clinit>(PooledByteBufAllocator.java:163) - -Dio.netty.allocator.maxOrder: 9
35 2022/08/09 10:40:16,364 4472 [DEBUG ] [TestNG-test=Chrometest-3] netty.buffer.PooledByteBufAllocator netty.buffer.PooledByteBufAllocator.<clinit>(PooledByteBufAllocator.java:167) - -Dio.netty.allocator.chunkSize: 4194304
36 2022/08/09 10:40:16,364 4472 [DEBUG ] [TestNG-test=Chrometest-3] netty.buffer.PooledByteBufAllocator netty.buffer.PooledByteBufAllocator.<clinit>(PooledByteBufAllocator.java:168) - -Dio.netty.allocator.smallCacheSize: 256
37 2022/08/09 10:40:16,365 4473 [DEBUG ] [TestNG-test=Chrometest-3] netty.buffer.PooledByteBufAllocator netty.buffer.PooledByteBufAllocator.<clinit>(PooledByteBufAllocator.java:169) - -Dio.netty.allocator.normalCacheSize: 64
38 2022/08/09 10:40:16,365 4473 [DEBUG ] [TestNG-test=Chrometest-3] netty.buffer.PooledByteBufAllocator netty.buffer.PooledByteBufAllocator.<clinit>(PooledByteBufAllocator.java:170) - -Dio.netty.allocator.maxCachedBufferCapacity: 32768
39 2022/08/09 10:40:16,365 4473 [DEBUG ] [TestNG-test=Chrometest-3] netty.buffer.PooledByteBufAllocator netty.buffer.PooledByteBufAllocator.<clinit>(PooledByteBufAllocator.java:171) - -Dio.netty.allocator.cacheTrimInterval: 8192
40 2022/08/09 10:40:16,366 4474 [DEBUG ] [TestNG-test=Chrometest-3] netty.buffer.PooledByteBufAllocator netty.buffer.PooledByteBufAllocator.<clinit>(PooledByteBufAllocator.java:172) - -Dio.netty.allocator.cacheTrimIntervalMillis: 0
41 2022/08/09 10:40:16,366 4474 [DEBUG ] [TestNG-test=Chrometest-3] netty.buffer.PooledByteBufAllocator netty.buffer.PooledByteBufAllocator.<clinit>(PooledByteBufAllocator.java:173) - -Dio.netty.allocator.useCacheForAllThreads: false
42 2022/08/09 10:40:16,366 4474 [DEBUG ] [TestNG-test=Chrometest-3] netty.buffer.PooledByteBufAllocator netty.buffer.PooledByteBufAllocator.<clinit>(PooledByteBufAllocator.java:174) - -Dio.netty.allocator.maxCachedByteBuffersPerChunk: 1023
43 2022/08/09 10:40:16,385 4493 [DEBUG ] [TestNG-test=Chrometest-3] netty.buffer.ByteBufUtil netty.buffer.ByteBufUtil.<clinit>(ByteBufUtil.java:87) - -Dio.netty.allocator.type: pooled
44 2022/08/09 10:40:16,386 4494 [DEBUG ] [TestNG-test=Chrometest-3] netty.buffer.ByteBufUtil netty.buffer.ByteBufUtil.<clinit>(ByteBufUtil.java:96) - -Dio.netty.threadLocalDirectBufferSize: 0
45 2022/08/09 10:40:16,386 4494 [DEBUG ] [TestNG-test=Chrometest-3] netty.buffer.ByteBufUtil netty.buffer.ByteBufUtil.<clinit>(ByteBufUtil.java:99) - -Dio.netty.maxThreadLocalCharBufferSize: 16384
46 2022/08/09 10:40:16,895 5003 [DEBUG ] [Forwarding newSession on session null to remote] netty.channel.DefaultChannelId netty.channel.DefaultChannelId.<clinit>(DefaultChannelId.java:79) - -Dio.netty.processId: 18584 (auto-detected)
47 2022/08/09 10:40:16,899 5007 [DEBUG ] [Forwarding newSession on session null to remote] netty.util.NetUtil netty.util.NetUtil.<clinit>(NetUtil.java:136) - -Djava.net.preferIPv4Stack: true
48 2022/08/09 10:40:16,899 5007 [DEBUG ] [Forwarding newSession on session null to remote] netty.util.NetUtil netty.util.NetUtil.<clinit>(NetUtil.java:137) - -Djava.net.preferIPv6Addresses: false
49 2022/08/09 10:40:16,944 5052 [DEBUG ] [Forwarding newSession on session null to remote] netty.util.NetUtilInitializations netty.util.NetUtilInitializations.determineLoopback(NetUtilInitializations.java:129) - Loopback interface: lo (Software Loopback Interface 1, 127.0.0.1)
50 2022/08/09 10:40:16,946 5054 [DEBUG ] [Forwarding newSession on session null to remote] netty.util.NetUtil netty.util.NetUtil$SoMaxConnAction.run(NetUtil.java:191) - Failed to get SOMAXCONN from sysctl and file \proc\sys\net\core\somaxconn. Default: 200
51 2022/08/09 10:40:17,086 5194 [DEBUG ] [Forwarding newSession on session null to remote] netty.channel.DefaultChannelId netty.channel.DefaultChannelId.<clinit>(DefaultChannelId.java:101) - -Dio.netty.machineId: d4:1b:81:ff:fe:59:ab:63 (auto-detected)
52 2022/08/09 10:40:17,154 5262 [DEBUG ] [AsyncHttpClient-1-2] netty.buffer.AbstractByteBuf netty.buffer.AbstractByteBuf.<clinit>(AbstractByteBuf.java:63) - -Dio.netty.buffer.checkAccessible: true
53 2022/08/09 10:40:17,155 5263 [DEBUG ] [AsyncHttpClient-1-2] netty.buffer.AbstractByteBuf netty.buffer.AbstractByteBuf.<clinit>(AbstractByteBuf.java:64) - -Dio.netty.buffer.checkBounds: true
54 2022/08/09 10:40:17,155 5263 [DEBUG ] [AsyncHttpClient-1-2] netty.util.ResourceLeakDetectorFactory netty.util.ResourceLeakDetectorFactory$DefaultResourceLeakDetectorFactory.newResourceLeakDetector(ResourceLeakDetectorFactory.java:196) - Loaded default ResourceLeakDetector: io.netty.util.ResourceLeakDetector@336c4d5c
55 2022/08/09 10:40:17,187 5295 [DEBUG ] [AsyncHttpClient-1-2] netty.util.Recycler netty.util.Recycler.<clinit>(Recycler.java:85) - -Dio.netty.recycler.maxCapacityPerThread: 4096
56 2022/08/09 10:40:17,188 5296 [DEBUG ] [AsyncHttpClient-1-2] netty.util.Recycler netty.util.Recycler.<clinit>(Recycler.java:86) - -Dio.netty.recycler.ratio: 8
57 2022/08/09 10:40:17,188 5296 [DEBUG ] [AsyncHttpClient-1-2] netty.util.Recycler netty.util.Recycler.<clinit>(Recycler.java:87) - -Dio.netty.recycler.chunkSize: 32
58 2022/08/09 10:40:17,188 5296 [DEBUG ] [AsyncHttpClient-1-2] netty.util.Recycler netty.util.Recycler.<clinit>(Recycler.java:88) - -Dio.netty.recycler.blocking: false
59 2022/08/09 10:40:43,839 31947 [DEBUG ] [AsyncHttpClient-1-3] codec.compression.Brotli codec.compression.Brotli.<clinit>(Brotli.java:38) - brotli4j not in the classpath; Brotli support will be unavailable.
60 2022/08/09 10:46:22,447 370555 [INFO  ] [TestNG-test=FirefoxTest-1] qa.wrappers.BaseMethod qa.wrappers.BaseMethod.click(BaseMethod.java:318) - Trying to click on element: [[RemoteWebDriver: chrome on LINUX (555c939723cf8a0b000f26beb3de704d)] -> xpath: //a[text()='Women']]
61 2022/08/09 10:46:26,048 374156 [INFO  ] [TestNG-test=Chrometest-5] qa.wrappers.BaseMethod qa.wrappers.BaseMethod.mouseHover(BaseMethod.java:627) - Trying to mouse hover on element [[RemoteWebDriver: chrome on LINUX (a5ce421bbf65a0d2aac8b514d4522194)] -> xpath: //a[text()='Home & Decor']] using Actions class
62 2022/08/09 10:46:29,149 377257 [INFO  ] [TestNG-test=Chrometest-5] qa.wrappers.BaseMethod qa.wrappers.BaseMethod.mouseHover(BaseMethod.java:644) - Mouse hovered and clicked on element
63 2022/08/09 10:46:29,157 377265 [INFO  ] [TestNG-test=Chrometest-5] qa.wrappers.BaseMethod qa.wrappers.BaseMethod.getAttribute(BaseMethod.java:442) - Trying to title attribute value from DOM
64 2022/08/09 10:46:31,335 379443 [INFO  ] [TestNG-test=FirefoxTest-1] qa.wrappers.BaseMethod qa.wrappers.BaseMethod.click(BaseMethod.java:321) - element clicked : [[RemoteWebDriver: chrome on LINUX (555c939723cf8a0b000f26beb3de704d)] -> xpath: //a[text()='Women']]
65 2022/08/09 10:46:32,935 381043 [INFO  ] [TestNG-test=Chrometest-5] qa.wrappers.BaseMethod qa.wrappers.BaseMethod.click(BaseMethod.java:318) - Trying to click on element: [[RemoteWebDriver: chrome on LINUX (a5ce421bbf65a0d2aac8b514d4522194)] -> xpath: //li[@class='item last']//a]
66 2022/08/09 10:46:40,636 388744 [INFO  ] [TestNG-test=FirefoxTest-2] qa.wrappers.BaseMethod qa.wrappers.BaseMethod.click(BaseMethod.java:318) - Trying to click on element: [[RemoteWebDriver: chrome on LINUX (555c939723cf8a0b000f26beb3de704d)] -> xpath: //button[@title='Search']]
67 2022/08/09 10:46:49,981 398089 [INFO  ] [TestNG-test=Chrometest-5] qa.wrappers.BaseMethod qa.wrappers.BaseMethod.click(BaseMethod.java:321) - element clicked : Proxy element for: DefaultElementLocator 'By.xpath: //li[@class='item last']//a'
68 2022/08/09 10:46:51,943 400051 [INFO  ] [TestNG-test=Chrometest-5] qa.wrappers.BaseMethod qa.wrappers.BaseMethod.click(BaseMethod.java:318) - Trying to click on element: [[RemoteWebDriver: chrome on LINUX (a5ce421bbf65a0d2aac8b514d4522194)] -> xpath: //ul[@id='downloadable-links-list']//li//input]
69 2022/08/09 10:46:56,036 404144 [INFO  ] [TestNG-test=FirefoxTest-2] qa.wrappers.BaseMethod qa.wrappers.BaseMethod.click(BaseMethod.java:321) - element clicked : [[RemoteWebDriver: chrome on LINUX (555c939723cf8a0b000f26beb3de704d)] -> xpath: //button[@title='Search']]
70 2022/08/09 10:46:59,530 407638 [INFO  ] [TestNG-test=Chrometest-5] qa.wrappers.BaseMethod qa.wrappers.BaseMethod.click(BaseMethod.java:321) - element clicked : [[RemoteWebDriver: chrome on LINUX (a5ce421bbf65a0d2aac8b514d4522194)] -> xpath: //ul[@id='downloadable-links-list']//li//input]
71 2022/08/09 10:47:00,156 408264 [INFO  ] [TestNG-test=Chrometest-5] qa.wrappers.BaseMethod qa.wrappers.BaseMethod.clickUsingIndex(BaseMethod.java:326) - Trying to click on1 element: [[[RemoteWebDriver: chrome on LINUX (a5ce421bbf65a0d2aac8b514d4522194)] -> xpath: //button[@title='Add to Cart']], [[RemoteWebDriver: chrome on LINUX (a5ce421bbf65a0d2aac8b514d4522194)] -> xpath: //button[@title='Add to Cart']]]
72 2022/08/09 10:47:01,343 409451 [INFO  ] [TestNG-test=FirefoxTest-3] qa.wrappers.BaseMethod qa.wrappers.BaseMethod.selectByVisibleText(BaseMethod.java:296) - Trying to select element Value from Dropdown
73 2022/08/09 10:47:06,741 414849 [INFO  ] [TestNG-test=FirefoxTest-3] qa.wrappers.BaseMethod qa.wrappers.BaseMethod.selectByVisibleText(BaseMethod.java:300) - German Value selected from Dropdown: 
74 2022/08/09 10:47:12,934 421042 [INFO  ] [TestNG-test=Chrometest-5] qa.wrappers.BaseMethod qa.wrappers.BaseMethod.clickUsingIndex(BaseMethod.java:329) - element clicked : [[[RemoteWebDriver: chrome on LINUX (a5ce421bbf65a0d2aac8b514d4522194)] -> xpath: //button[@title='Add to Cart']]]
75 2022/08/09 10:47:13,236 421344 [INFO  ] [TestNG-test=Chrometest-5] qa.wrappers.BaseMethod qa.wrappers.BaseMethod.click(BaseMethod.java:318) - Trying to click on element: [[RemoteWebDriver: chrome on LINUX (a5ce421bbf65a0d2aac8b514d4522194)] -> xpath: //button[@title='Proceed to Checkout']]
76 2022/08/09 10:47:29,537 437645 [INFO  ] [TestNG-test=Chrometest-5] qa.wrappers.BaseMethod qa.wrappers.BaseMethod.click(BaseMethod.java:321) - element clicked : Proxy element for: DefaultElementLocator 'By.xpath: //button[@title='Proceed to Checkout']'
77 2022/08/09 10:47:32,345 440453 [INFO  ] [TestNG-test=Chrometest-4] qa.wrappers.BaseMethod qa.wrappers.BaseMethod.getAttribute(BaseMethod.java:442) - Trying to href attribute value from DOM
78 2022/08/09 10:47:33,036 441144 [INFO  ] [TestNG-test=Chrometest-4] qa.wrappers.BaseMethod qa.wrappers.BaseMethod.newTab(BaseMethod.java:129) - New tab opened 
79 2022/08/09 10:47:40,743 448851 [INFO  ] [TestNG-test=Chrometest-1] qa.wrappers.BaseMethod qa.wrappers.BaseMethod.click(BaseMethod.java:318) - Trying to click on element: [[RemoteWebDriver: chrome on LINUX (a5ce421bbf65a0d2aac8b514d4522194)] -> xpath: //a[text()='Women']]
80 2022/08/09 10:47:49,249 457357 [INFO  ] [TestNG-test=Chrometest-1] qa.wrappers.BaseMethod qa.wrappers.BaseMethod.click(BaseMethod.java:321) - element clicked : [[RemoteWebDriver: chrome on LINUX (a5ce421bbf65a0d2aac8b514d4522194)] -> xpath: //a[text()='Women']]
81 2022/08/09 10:47:52,842 460950 [INFO  ] [TestNG-test=Chrometest-3] qa.wrappers.BaseMethod qa.wrappers.BaseMethod.selectByVisibleText(BaseMethod.java:296) - Trying to select element Value from Dropdown
82 2022/08/09 10:47:55,428 463536 [INFO  ] [TestNG-test=Chrometest-3] qa.wrappers.BaseMethod qa.wrappers.BaseMethod.selectByVisibleText(BaseMethod.java:300) - German Value selected from Dropdown: 
83 2022/08/09 10:48:26,141 494249 [INFO  ] [TestNG-test=FirefoxTest-4] qa.wrappers.BaseMethod qa.wrappers.BaseMethod.getAttribute(BaseMethod.java:442) - Trying to href attribute value from DOM
84 2022/08/09 10:48:31,433 499541 [INFO  ] [TestNG-test=FirefoxTest-4] qa.wrappers.BaseMethod qa.wrappers.BaseMethod.newTab(BaseMethod.java:129) - New tab opened 
85 2022/08/09 10:48:37,436 505544 [INFO  ] [TestNG-test=FirefoxTest-5] qa.wrappers.BaseMethod qa.wrappers.BaseMethod.mouseHover(BaseMethod.java:627) - Trying to mouse hover on element [[RemoteWebDriver: chrome on LINUX (0d7b22edc717a78adc56898540899dd6)] -> xpath: //a[text()='Home & Decor']] using Actions class
86 2022/08/09 10:48:40,036 508144 [INFO  ] [TestNG-test=FirefoxTest-5] qa.wrappers.BaseMethod qa.wrappers.BaseMethod.mouseHover(BaseMethod.java:644) - Mouse hovered and clicked on element
87 2022/08/09 10:48:40,047 508155 [INFO  ] [TestNG-test=FirefoxTest-5] qa.wrappers.BaseMethod qa.wrappers.BaseMethod.getAttribute(BaseMethod.java:442) - Trying to title attribute value from DOM
88 2022/08/09 10:48:42,748 510856 [INFO  ] [TestNG-test=FirefoxTest-5] qa.wrappers.BaseMethod qa.wrappers.BaseMethod.click(BaseMethod.java:318) - Trying to click on element: [[RemoteWebDriver: chrome on LINUX (0d7b22edc717a78adc56898540899dd6)] -> xpath: //li[@class='item last']//a]
89 2022/08/09 10:48:58,536 526644 [INFO  ] [TestNG-test=FirefoxTest-5] qa.wrappers.BaseMethod qa.wrappers.BaseMethod.click(BaseMethod.java:321) - element clicked : Proxy element for: DefaultElementLocator 'By.xpath: //li[@class='item last']//a'
90 2022/08/09 10:49:00,136 528244 [INFO  ] [TestNG-test=FirefoxTest-5] qa.wrappers.BaseMethod qa.wrappers.BaseMethod.click(BaseMethod.java:318) - Trying to click on element: [[RemoteWebDriver: chrome on LINUX (0d7b22edc717a78adc56898540899dd6)] -> xpath: //ul[@id='downloadable-links-list']//li//input]
91 2022/08/09 10:49:06,341 534449 [INFO  ] [TestNG-test=FirefoxTest-5] qa.wrappers.BaseMethod qa.wrappers.BaseMethod.click(BaseMethod.java:321) - element clicked : [[RemoteWebDriver: chrome on LINUX (0d7b22edc717a78adc56898540899dd6)] -> xpath: //ul[@id='downloadable-links-list']//li//input]
92 2022/08/09 10:49:06,936 535044 [INFO  ] [TestNG-test=FirefoxTest-5] qa.wrappers.BaseMethod qa.wrappers.BaseMethod.clickUsingIndex(BaseMethod.java:326) - Trying to click on1 element: [[[RemoteWebDriver: chrome on LINUX (0d7b22edc717a78adc56898540899dd6)] -> xpath: //button[@title='Add to Cart']], [[RemoteWebDriver: chrome on LINUX (0d7b22edc717a78adc56898540899dd6)] -> xpath: //button[@title='Add to Cart']]]
93 2022/08/09 10:49:19,034 547142 [INFO  ] [TestNG-test=Chrometest-2] qa.wrappers.BaseMethod qa.wrappers.BaseMethod.click(BaseMethod.java:318) - Trying to click on element: [[RemoteWebDriver: chrome on LINUX (a5ce421bbf65a0d2aac8b514d4522194)] -> xpath: //button[@title='Search']]
94 2022/08/09 10:49:22,144 550252 [INFO  ] [TestNG-test=FirefoxTest-5] qa.wrappers.BaseMethod qa.wrappers.BaseMethod.clickUsingIndex(BaseMethod.java:329) - element clicked : [[[RemoteWebDriver: chrome on LINUX (0d7b22edc717a78adc56898540899dd6)] -> xpath: //button[@title='Add to Cart']]]
95 2022/08/09 10:49:23,047 551155 [INFO  ] [TestNG-test=FirefoxTest-5] qa.wrappers.BaseMethod qa.wrappers.BaseMethod.click(BaseMethod.java:318) - Trying to click on element: [[RemoteWebDriver: chrome on LINUX (0d7b22edc717a78adc56898540899dd6)] -> xpath: //button[@title='Proceed to Checkout']]
96 2022/08/09 10:49:27,044 555152 [INFO  ] [TestNG-test=Chrometest-2] qa.wrappers.BaseMethod qa.wrappers.BaseMethod.click(BaseMethod.java:321) - element clicked : [[RemoteWebDriver: chrome on LINUX (a5ce421bbf65a0d2aac8b514d4522194)] -> xpath: //button[@title='Search']]
97 2022/08/09 10:49:39,840 567948 [INFO  ] [TestNG-test=FirefoxTest-5] qa.wrappers.BaseMethod qa.wrappers.BaseMethod.click(BaseMethod.java:321) - element clicked : Proxy element for: DefaultElementLocator 'By.xpath: //button[@title='Proceed to Checkout']'
