1 2023/04/14 15:18:43,062 1809 [DEBUG ] [TestNG-test=KTtasksTest-1] internal.logging.InternalLoggerFactory internal.logging.InternalLoggerFactory.useLog4J2LoggerFactory(InternalLoggerFactory.java:76) - Using Log4J2 as the default logging framework
2 2023/04/14 15:18:43,069 1816 [DEBUG ] [TestNG-test=KTtasksTest-1] netty.util.ResourceLeakDetector netty.util.ResourceLeakDetector.<clinit>(ResourceLeakDetector.java:129) - -Dio.netty.leakDetection.level: simple
3 2023/04/14 15:18:43,069 1816 [DEBUG ] [TestNG-test=KTtasksTest-1] netty.util.ResourceLeakDetector netty.util.ResourceLeakDetector.<clinit>(ResourceLeakDetector.java:130) - -Dio.netty.leakDetection.targetRecords: 4
4 2023/04/14 15:18:43,075 1822 [DEBUG ] [TestNG-test=KTtasksTest-1] netty.util.ResourceLeakDetectorFactory netty.util.ResourceLeakDetectorFactory$DefaultResourceLeakDetectorFactory.newResourceLeakDetector(ResourceLeakDetectorFactory.java:196) - Loaded default ResourceLeakDetector: io.netty.util.ResourceLeakDetector@7c8e284e
5 2023/04/14 15:18:43,090 1837 [DEBUG ] [TestNG-test=KTtasksTest-1] util.internal.PlatformDependent0 util.internal.PlatformDependent0.explicitNoUnsafeCause0(PlatformDependent0.java:496) - -Dio.netty.noUnsafe: false
6 2023/04/14 15:18:43,090 1837 [DEBUG ] [TestNG-test=KTtasksTest-1] util.internal.PlatformDependent0 util.internal.PlatformDependent0.javaVersion0(PlatformDependent0.java:1000) - Java version: 8
7 2023/04/14 15:18:43,091 1838 [DEBUG ] [TestNG-test=KTtasksTest-1] util.internal.PlatformDependent0 util.internal.PlatformDependent0.<clinit>(PlatformDependent0.java:137) - sun.misc.Unsafe.theUnsafe: available
8 2023/04/14 15:18:43,092 1839 [DEBUG ] [TestNG-test=KTtasksTest-1] util.internal.PlatformDependent0 util.internal.PlatformDependent0.<clinit>(PlatformDependent0.java:161) - sun.misc.Unsafe.copyMemory: available
9 2023/04/14 15:18:43,092 1839 [DEBUG ] [TestNG-test=KTtasksTest-1] util.internal.PlatformDependent0 util.internal.PlatformDependent0.<clinit>(PlatformDependent0.java:193) - sun.misc.Unsafe.storeFence: available
10 2023/04/14 15:18:43,093 1840 [DEBUG ] [TestNG-test=KTtasksTest-1] util.internal.PlatformDependent0 util.internal.PlatformDependent0.<clinit>(PlatformDependent0.java:236) - java.nio.Buffer.address: available
11 2023/04/14 15:18:43,093 1840 [DEBUG ] [TestNG-test=KTtasksTest-1] util.internal.PlatformDependent0 util.internal.PlatformDependent0.<clinit>(PlatformDependent0.java:307) - direct buffer constructor: available
12 2023/04/14 15:18:43,094 1841 [DEBUG ] [TestNG-test=KTtasksTest-1] util.internal.PlatformDependent0 util.internal.PlatformDependent0.<clinit>(PlatformDependent0.java:385) - java.nio.Bits.unaligned: available, true
13 2023/04/14 15:18:43,094 1841 [DEBUG ] [TestNG-test=KTtasksTest-1] util.internal.PlatformDependent0 util.internal.PlatformDependent0.<clinit>(PlatformDependent0.java:459) - jdk.internal.misc.Unsafe.allocateUninitializedArray(int): unavailable prior to Java9
14 2023/04/14 15:18:43,095 1842 [DEBUG ] [TestNG-test=KTtasksTest-1] util.internal.PlatformDependent0 util.internal.PlatformDependent0.<clinit>(PlatformDependent0.java:482) - java.nio.DirectByteBuffer.<init>(long, int): available
15 2023/04/14 15:18:43,095 1842 [DEBUG ] [TestNG-test=KTtasksTest-1] util.internal.PlatformDependent util.internal.PlatformDependent.unsafeUnavailabilityCause0(PlatformDependent.java:1159) - sun.misc.Unsafe: available
16 2023/04/14 15:18:43,096 1843 [DEBUG ] [TestNG-test=KTtasksTest-1] util.internal.PlatformDependent util.internal.PlatformDependent.tmpdir0(PlatformDependent.java:1289) - -Dio.netty.tmpdir: /var/folders/b6/k_w0589j24712v_9f8zffkgnct9bh0/T (java.io.tmpdir)
17 2023/04/14 15:18:43,096 1843 [DEBUG ] [TestNG-test=KTtasksTest-1] util.internal.PlatformDependent util.internal.PlatformDependent.bitMode0(PlatformDependent.java:1368) - -Dio.netty.bitMode: 64 (sun.arch.data.model)
18 2023/04/14 15:18:43,098 1845 [DEBUG ] [TestNG-test=KTtasksTest-1] util.internal.PlatformDependent util.internal.PlatformDependent.isOsx0(PlatformDependent.java:1127) - Platform: MacOS
19 2023/04/14 15:18:43,099 1846 [DEBUG ] [TestNG-test=KTtasksTest-1] util.internal.PlatformDependent util.internal.PlatformDependent.<clinit>(PlatformDependent.java:178) - -Dio.netty.maxDirectMemory: 3817865216 bytes
20 2023/04/14 15:18:43,099 1846 [DEBUG ] [TestNG-test=KTtasksTest-1] util.internal.PlatformDependent util.internal.PlatformDependent.<clinit>(PlatformDependent.java:185) - -Dio.netty.uninitializedArrayAllocationThreshold: -1
21 2023/04/14 15:18:43,100 1847 [DEBUG ] [TestNG-test=KTtasksTest-1] util.internal.CleanerJava6 util.internal.CleanerJava6.<clinit>(CleanerJava6.java:92) - java.nio.ByteBuffer.cleaner(): available
22 2023/04/14 15:18:43,100 1847 [DEBUG ] [TestNG-test=KTtasksTest-1] util.internal.PlatformDependent util.internal.PlatformDependent.<clinit>(PlatformDependent.java:205) - -Dio.netty.noPreferDirect: false
23 2023/04/14 15:18:43,107 1854 [DEBUG ] [TestNG-test=KTtasksTest-1] util.internal.PlatformDependent util.internal.PlatformDependent$Mpsc.<clinit>(PlatformDependent.java:1010) - org.jctools-core.MpscChunkedArrayQueue: available
24 2023/04/14 15:18:43,120 1867 [DEBUG ] [TestNG-test=KTtasksTest-1] util.internal.InternalThreadLocalMap util.internal.InternalThreadLocalMap.<clinit>(InternalThreadLocalMap.java:100) - -Dio.netty.threadLocalMap.stringBuilder.initialSize: 1024
25 2023/04/14 15:18:43,120 1867 [DEBUG ] [TestNG-test=KTtasksTest-1] util.internal.InternalThreadLocalMap util.internal.InternalThreadLocalMap.<clinit>(InternalThreadLocalMap.java:101) - -Dio.netty.threadLocalMap.stringBuilder.maxSize: 4096
26 2023/04/14 15:18:43,314 2061 [DEBUG ] [TestNG-test=KTtasksTest-1] handler.ssl.JdkSslContext handler.ssl.JdkSslContext.<clinit>(JdkSslContext.java:83) - Default protocols (JDK): [TLSv1.3, TLSv1.2] 
27 2023/04/14 15:18:43,314 2061 [DEBUG ] [TestNG-test=KTtasksTest-1] handler.ssl.JdkSslContext handler.ssl.JdkSslContext.<clinit>(JdkSslContext.java:84) - Default cipher suites (JDK): [TLS_ECDHE_ECDSA_WITH_AES_256_GCM_SHA384, TLS_ECDHE_ECDSA_WITH_AES_128_GCM_SHA256, TLS_ECDHE_RSA_WITH_AES_128_GCM_SHA256, TLS_ECDHE_RSA_WITH_AES_256_GCM_SHA384, TLS_ECDHE_RSA_WITH_AES_128_CBC_SHA, TLS_ECDHE_RSA_WITH_AES_256_CBC_SHA, TLS_RSA_WITH_AES_128_GCM_SHA256, TLS_RSA_WITH_AES_128_CBC_SHA, TLS_RSA_WITH_AES_256_CBC_SHA, TLS_AES_128_GCM_SHA256, TLS_AES_256_GCM_SHA384]
28 2023/04/14 15:18:43,334 2081 [DEBUG ] [TestNG-test=KTtasksTest-1] netty.channel.MultithreadEventLoopGroup netty.channel.MultithreadEventLoopGroup.<clinit>(MultithreadEventLoopGroup.java:44) - -Dio.netty.eventLoopThreads: 16
29 2023/04/14 15:18:43,340 2087 [DEBUG ] [TestNG-test=KTtasksTest-1] channel.nio.NioEventLoop channel.nio.NioEventLoop.<clinit>(NioEventLoop.java:110) - -Dio.netty.noKeySetOptimization: false
30 2023/04/14 15:18:43,340 2087 [DEBUG ] [TestNG-test=KTtasksTest-1] channel.nio.NioEventLoop channel.nio.NioEventLoop.<clinit>(NioEventLoop.java:111) - -Dio.netty.selectorAutoRebuildThreshold: 512
31 2023/04/14 15:18:43,362 2109 [DEBUG ] [TestNG-test=KTtasksTest-1] netty.buffer.PooledByteBufAllocator netty.buffer.PooledByteBufAllocator.<clinit>(PooledByteBufAllocator.java:157) - -Dio.netty.allocator.numHeapArenas: 16
32 2023/04/14 15:18:43,362 2109 [DEBUG ] [TestNG-test=KTtasksTest-1] netty.buffer.PooledByteBufAllocator netty.buffer.PooledByteBufAllocator.<clinit>(PooledByteBufAllocator.java:158) - -Dio.netty.allocator.numDirectArenas: 16
33 2023/04/14 15:18:43,362 2109 [DEBUG ] [TestNG-test=KTtasksTest-1] netty.buffer.PooledByteBufAllocator netty.buffer.PooledByteBufAllocator.<clinit>(PooledByteBufAllocator.java:160) - -Dio.netty.allocator.pageSize: 8192
34 2023/04/14 15:18:43,362 2109 [DEBUG ] [TestNG-test=KTtasksTest-1] netty.buffer.PooledByteBufAllocator netty.buffer.PooledByteBufAllocator.<clinit>(PooledByteBufAllocator.java:165) - -Dio.netty.allocator.maxOrder: 9
35 2023/04/14 15:18:43,362 2109 [DEBUG ] [TestNG-test=KTtasksTest-1] netty.buffer.PooledByteBufAllocator netty.buffer.PooledByteBufAllocator.<clinit>(PooledByteBufAllocator.java:169) - -Dio.netty.allocator.chunkSize: 4194304
36 2023/04/14 15:18:43,363 2110 [DEBUG ] [TestNG-test=KTtasksTest-1] netty.buffer.PooledByteBufAllocator netty.buffer.PooledByteBufAllocator.<clinit>(PooledByteBufAllocator.java:170) - -Dio.netty.allocator.smallCacheSize: 256
37 2023/04/14 15:18:43,363 2110 [DEBUG ] [TestNG-test=KTtasksTest-1] netty.buffer.PooledByteBufAllocator netty.buffer.PooledByteBufAllocator.<clinit>(PooledByteBufAllocator.java:171) - -Dio.netty.allocator.normalCacheSize: 64
38 2023/04/14 15:18:43,363 2110 [DEBUG ] [TestNG-test=KTtasksTest-1] netty.buffer.PooledByteBufAllocator netty.buffer.PooledByteBufAllocator.<clinit>(PooledByteBufAllocator.java:172) - -Dio.netty.allocator.maxCachedBufferCapacity: 32768
39 2023/04/14 15:18:43,363 2110 [DEBUG ] [TestNG-test=KTtasksTest-1] netty.buffer.PooledByteBufAllocator netty.buffer.PooledByteBufAllocator.<clinit>(PooledByteBufAllocator.java:173) - -Dio.netty.allocator.cacheTrimInterval: 8192
40 2023/04/14 15:18:43,363 2110 [DEBUG ] [TestNG-test=KTtasksTest-1] netty.buffer.PooledByteBufAllocator netty.buffer.PooledByteBufAllocator.<clinit>(PooledByteBufAllocator.java:174) - -Dio.netty.allocator.cacheTrimIntervalMillis: 0
41 2023/04/14 15:18:43,363 2110 [DEBUG ] [TestNG-test=KTtasksTest-1] netty.buffer.PooledByteBufAllocator netty.buffer.PooledByteBufAllocator.<clinit>(PooledByteBufAllocator.java:175) - -Dio.netty.allocator.useCacheForAllThreads: false
42 2023/04/14 15:18:43,364 2111 [DEBUG ] [TestNG-test=KTtasksTest-1] netty.buffer.PooledByteBufAllocator netty.buffer.PooledByteBufAllocator.<clinit>(PooledByteBufAllocator.java:176) - -Dio.netty.allocator.maxCachedByteBuffersPerChunk: 1023
43 2023/04/14 15:18:43,372 2119 [DEBUG ] [TestNG-test=KTtasksTest-1] netty.buffer.ByteBufUtil netty.buffer.ByteBufUtil.<clinit>(ByteBufUtil.java:87) - -Dio.netty.allocator.type: pooled
44 2023/04/14 15:18:43,373 2120 [DEBUG ] [TestNG-test=KTtasksTest-1] netty.buffer.ByteBufUtil netty.buffer.ByteBufUtil.<clinit>(ByteBufUtil.java:96) - -Dio.netty.threadLocalDirectBufferSize: 0
45 2023/04/14 15:18:43,373 2120 [DEBUG ] [TestNG-test=KTtasksTest-1] netty.buffer.ByteBufUtil netty.buffer.ByteBufUtil.<clinit>(ByteBufUtil.java:99) - -Dio.netty.maxThreadLocalCharBufferSize: 16384
46 2023/04/14 15:18:43,708 2455 [DEBUG ] [Forwarding newSession on session null to remote] netty.channel.DefaultChannelId netty.channel.DefaultChannelId.<clinit>(DefaultChannelId.java:79) - -Dio.netty.processId: 69411 (auto-detected)
47 2023/04/14 15:18:43,710 2457 [DEBUG ] [Forwarding newSession on session null to remote] netty.util.NetUtil netty.util.NetUtil.<clinit>(NetUtil.java:142) - -Djava.net.preferIPv4Stack: true
48 2023/04/14 15:18:43,711 2458 [DEBUG ] [Forwarding newSession on session null to remote] netty.util.NetUtil netty.util.NetUtil.<clinit>(NetUtil.java:143) - -Djava.net.preferIPv6Addresses: false
49 2023/04/14 15:18:43,712 2459 [DEBUG ] [Forwarding newSession on session null to remote] netty.util.NetUtilInitializations netty.util.NetUtilInitializations.determineLoopback(NetUtilInitializations.java:139) - Loopback interface: lo0 (lo0, 0:0:0:0:0:0:0:1%lo0)
50 2023/04/14 15:18:43,713 2460 [DEBUG ] [Forwarding newSession on session null to remote] netty.util.NetUtil netty.util.NetUtil$SoMaxConnAction.run(NetUtil.java:200) - Failed to get SOMAXCONN from sysctl and file /proc/sys/net/core/somaxconn. Default: 128
51 2023/04/14 15:18:43,715 2462 [DEBUG ] [Forwarding newSession on session null to remote] netty.channel.DefaultChannelId netty.channel.DefaultChannelId.<clinit>(DefaultChannelId.java:101) - -Dio.netty.machineId: bc:d0:74:ff:fe:f0:77:f0 (auto-detected)
52 2023/04/14 15:18:43,760 2507 [DEBUG ] [AsyncHttpClient-1-2] netty.buffer.AbstractByteBuf netty.buffer.AbstractByteBuf.<clinit>(AbstractByteBuf.java:63) - -Dio.netty.buffer.checkAccessible: true
53 2023/04/14 15:18:43,761 2508 [DEBUG ] [AsyncHttpClient-1-2] netty.buffer.AbstractByteBuf netty.buffer.AbstractByteBuf.<clinit>(AbstractByteBuf.java:64) - -Dio.netty.buffer.checkBounds: true
54 2023/04/14 15:18:43,761 2508 [DEBUG ] [AsyncHttpClient-1-2] netty.util.ResourceLeakDetectorFactory netty.util.ResourceLeakDetectorFactory$DefaultResourceLeakDetectorFactory.newResourceLeakDetector(ResourceLeakDetectorFactory.java:196) - Loaded default ResourceLeakDetector: io.netty.util.ResourceLeakDetector@199b9a02
55 2023/04/14 15:18:43,775 2522 [DEBUG ] [AsyncHttpClient-1-2] netty.util.Recycler netty.util.Recycler.<clinit>(Recycler.java:85) - -Dio.netty.recycler.maxCapacityPerThread: 4096
56 2023/04/14 15:18:43,775 2522 [DEBUG ] [AsyncHttpClient-1-2] netty.util.Recycler netty.util.Recycler.<clinit>(Recycler.java:86) - -Dio.netty.recycler.ratio: 8
57 2023/04/14 15:18:43,775 2522 [DEBUG ] [AsyncHttpClient-1-2] netty.util.Recycler netty.util.Recycler.<clinit>(Recycler.java:87) - -Dio.netty.recycler.chunkSize: 32
58 2023/04/14 15:18:43,775 2522 [DEBUG ] [AsyncHttpClient-1-2] netty.util.Recycler netty.util.Recycler.<clinit>(Recycler.java:88) - -Dio.netty.recycler.blocking: false
59 2023/04/14 15:18:48,371 7118 [DEBUG ] [AsyncHttpClient-1-2] codec.compression.Brotli codec.compression.Brotli.<clinit>(Brotli.java:38) - brotli4j not in the classpath; Brotli support will be unavailable.
60 2023/04/14 15:18:48,459 7206 [DEBUG ] [TestNG-test=KTtasksTest-1] util.internal.ThreadLocalRandom util.internal.ThreadLocalRandom.newSeed(ThreadLocalRandom.java:214) - -Dio.netty.initialSeedUniquifier: 0x7047a382e624e5d4
61 2023/04/14 15:19:16,855 35602 [INFO  ] [TestNG-test=KTtasksTest-1] qa.wrappers.BaseMethod qa.wrappers.BaseMethod.click(BaseMethod.java:481) - Trying to click on element: [[ChromeDriver: chrome on MAC (3224ce103fc82a5171b526bb1e0d4157)] -> xpath: //*[@id='bergerMenu']]
62 2023/04/14 15:19:22,030 40777 [INFO  ] [TestNG-test=KTtasksTest-1] qa.wrappers.BaseMethod qa.wrappers.BaseMethod.click(BaseMethod.java:484) - element clicked : [[ChromeDriver: chrome on MAC (3224ce103fc82a5171b526bb1e0d4157)] -> xpath: //*[@id='bergerMenu']]
63 2023/04/14 15:19:22,112 40859 [INFO  ] [TestNG-test=KTtasksTest-1] qa.wrappers.BaseMethod qa.wrappers.BaseMethod.click(BaseMethod.java:481) - Trying to click on element: [[ChromeDriver: chrome on MAC (3224ce103fc82a5171b526bb1e0d4157)] -> xpath: (//a[text()='Home Users'])[1]]
64 2023/04/14 15:19:26,498 45245 [INFO  ] [TestNG-test=KTtasksTest-1] qa.wrappers.BaseMethod qa.wrappers.BaseMethod.click(BaseMethod.java:484) - element clicked : [[ChromeDriver: chrome on MAC (3224ce103fc82a5171b526bb1e0d4157)] -> xpath: (//a[text()='Home Users'])[1]]
65 2023/04/14 15:19:26,553 45300 [INFO  ] [TestNG-test=KTtasksTest-1] qa.wrappers.BaseMethod qa.wrappers.BaseMethod.click(BaseMethod.java:481) - Trying to click on element: [[ChromeDriver: chrome on MAC (3224ce103fc82a5171b526bb1e0d4157)] -> xpath: (//a[@title='Paint Calculator'])[1]]
66 2023/04/14 15:19:35,440 54187 [INFO  ] [TestNG-test=KTtasksTest-1] qa.wrappers.BaseMethod qa.wrappers.BaseMethod.click(BaseMethod.java:484) - element clicked : [[ChromeDriver: chrome on MAC (3224ce103fc82a5171b526bb1e0d4157)] -> xpath: (//a[@title='Paint Calculator'])[1]]
67 2023/04/14 15:19:38,037 56784 [INFO  ] [TestNG-test=KTtasksTest-1] qa.wrappers.BaseMethod qa.wrappers.BaseMethod.click(BaseMethod.java:481) - Trying to click on element: [[ChromeDriver: chrome on MAC (3224ce103fc82a5171b526bb1e0d4157)] -> xpath: //span[text()='Re-Paint']]
68 2023/04/14 15:19:42,454 61201 [INFO  ] [TestNG-test=KTtasksTest-1] qa.wrappers.BaseMethod qa.wrappers.BaseMethod.click(BaseMethod.java:484) - element clicked : [[ChromeDriver: chrome on MAC (3224ce103fc82a5171b526bb1e0d4157)] -> xpath: //span[text()='Re-Paint']]
69 2023/04/14 15:19:55,508 74255 [INFO  ] [TestNG-test=KTtasksTest-1] qa.wrappers.BaseMethod qa.wrappers.BaseMethod.click(BaseMethod.java:481) - Trying to click on element: [[ChromeDriver: chrome on MAC (3224ce103fc82a5171b526bb1e0d4157)] -> xpath: //button[@data-id='doorsCount']/following-sibling::div/ul/li[@data-original-index='2']/a]
70 2023/04/14 15:19:59,888 78635 [INFO  ] [TestNG-test=KTtasksTest-1] qa.wrappers.BaseMethod qa.wrappers.BaseMethod.click(BaseMethod.java:484) - element clicked : [[ChromeDriver: chrome on MAC (3224ce103fc82a5171b526bb1e0d4157)] -> xpath: //button[@data-id='doorsCount']/following-sibling::div/ul/li[@data-original-index='2']/a]
71 2023/04/14 15:19:59,911 78658 [INFO  ] [TestNG-test=KTtasksTest-1] qa.wrappers.BaseMethod qa.wrappers.BaseMethod.click(BaseMethod.java:481) - Trying to click on element: [[ChromeDriver: chrome on MAC (3224ce103fc82a5171b526bb1e0d4157)] -> xpath: //input[@id="doors-height"]/parent::span/a[@class='ui-spinner-button ui-spinner-up ui-corner-tr']]
72 2023/04/14 15:20:04,131 82878 [INFO  ] [TestNG-test=KTtasksTest-1] qa.wrappers.BaseMethod qa.wrappers.BaseMethod.click(BaseMethod.java:484) - element clicked : [[ChromeDriver: chrome on MAC (3224ce103fc82a5171b526bb1e0d4157)] -> xpath: //input[@id="doors-height"]/parent::span/a[@class='ui-spinner-button ui-spinner-up ui-corner-tr']]
73 2023/04/14 15:20:04,171 82918 [INFO  ] [TestNG-test=KTtasksTest-1] qa.wrappers.BaseMethod qa.wrappers.BaseMethod.click(BaseMethod.java:481) - Trying to click on element: [[ChromeDriver: chrome on MAC (3224ce103fc82a5171b526bb1e0d4157)] -> xpath: //input[@id="doors-height"]/parent::span/a[@class='ui-spinner-button ui-spinner-up ui-corner-tr']]
74 2023/04/14 15:20:08,262 87009 [INFO  ] [TestNG-test=KTtasksTest-1] qa.wrappers.BaseMethod qa.wrappers.BaseMethod.click(BaseMethod.java:484) - element clicked : [[ChromeDriver: chrome on MAC (3224ce103fc82a5171b526bb1e0d4157)] -> xpath: //input[@id="doors-height"]/parent::span/a[@class='ui-spinner-button ui-spinner-up ui-corner-tr']]
75 2023/04/14 15:20:08,306 87053 [INFO  ] [TestNG-test=KTtasksTest-1] qa.wrappers.BaseMethod qa.wrappers.BaseMethod.click(BaseMethod.java:481) - Trying to click on element: [[ChromeDriver: chrome on MAC (3224ce103fc82a5171b526bb1e0d4157)] -> xpath: //input[@id="doors-height"]/parent::span/a[@class='ui-spinner-button ui-spinner-up ui-corner-tr']]
76 2023/04/14 15:20:12,532 91279 [INFO  ] [TestNG-test=KTtasksTest-1] qa.wrappers.BaseMethod qa.wrappers.BaseMethod.click(BaseMethod.java:484) - element clicked : [[ChromeDriver: chrome on MAC (3224ce103fc82a5171b526bb1e0d4157)] -> xpath: //input[@id="doors-height"]/parent::span/a[@class='ui-spinner-button ui-spinner-up ui-corner-tr']]
77 2023/04/14 15:20:12,596 91343 [INFO  ] [TestNG-test=KTtasksTest-1] qa.wrappers.BaseMethod qa.wrappers.BaseMethod.click(BaseMethod.java:481) - Trying to click on element: [[ChromeDriver: chrome on MAC (3224ce103fc82a5171b526bb1e0d4157)] -> xpath: //input[@id="doors-height"]/parent::span/a[@class='ui-spinner-button ui-spinner-up ui-corner-tr']]
78 2023/04/14 15:20:16,739 95486 [INFO  ] [TestNG-test=KTtasksTest-1] qa.wrappers.BaseMethod qa.wrappers.BaseMethod.click(BaseMethod.java:484) - element clicked : [[ChromeDriver: chrome on MAC (3224ce103fc82a5171b526bb1e0d4157)] -> xpath: //input[@id="doors-height"]/parent::span/a[@class='ui-spinner-button ui-spinner-up ui-corner-tr']]
79 2023/04/14 15:20:16,766 95513 [INFO  ] [TestNG-test=KTtasksTest-1] qa.wrappers.BaseMethod qa.wrappers.BaseMethod.click(BaseMethod.java:481) - Trying to click on element: [[ChromeDriver: chrome on MAC (3224ce103fc82a5171b526bb1e0d4157)] -> xpath: //input[@id="doors-height"]/parent::span/a[@class='ui-spinner-button ui-spinner-up ui-corner-tr']]
80 2023/04/14 15:20:20,886 99633 [INFO  ] [TestNG-test=KTtasksTest-1] qa.wrappers.BaseMethod qa.wrappers.BaseMethod.click(BaseMethod.java:484) - element clicked : [[ChromeDriver: chrome on MAC (3224ce103fc82a5171b526bb1e0d4157)] -> xpath: //input[@id="doors-height"]/parent::span/a[@class='ui-spinner-button ui-spinner-up ui-corner-tr']]
81 2023/04/14 15:20:20,917 99664 [INFO  ] [TestNG-test=KTtasksTest-1] qa.wrappers.BaseMethod qa.wrappers.BaseMethod.click(BaseMethod.java:481) - Trying to click on element: [[ChromeDriver: chrome on MAC (3224ce103fc82a5171b526bb1e0d4157)] -> xpath: //input[@id="doors-height"]/parent::span/a[@class='ui-spinner-button ui-spinner-up ui-corner-tr']]
82 2023/04/14 15:20:25,032 103779 [INFO  ] [TestNG-test=KTtasksTest-1] qa.wrappers.BaseMethod qa.wrappers.BaseMethod.click(BaseMethod.java:484) - element clicked : [[ChromeDriver: chrome on MAC (3224ce103fc82a5171b526bb1e0d4157)] -> xpath: //input[@id="doors-height"]/parent::span/a[@class='ui-spinner-button ui-spinner-up ui-corner-tr']]
83 2023/04/14 15:20:25,064 103811 [INFO  ] [TestNG-test=KTtasksTest-1] qa.wrappers.BaseMethod qa.wrappers.BaseMethod.click(BaseMethod.java:481) - Trying to click on element: [[ChromeDriver: chrome on MAC (3224ce103fc82a5171b526bb1e0d4157)] -> xpath: //input[@name="doorsWidth"]/parent::span/a[@class="ui-spinner-button ui-spinner-up ui-corner-tr"]]
84 2023/04/14 15:20:29,209 107956 [INFO  ] [TestNG-test=KTtasksTest-1] qa.wrappers.BaseMethod qa.wrappers.BaseMethod.click(BaseMethod.java:484) - element clicked : [[ChromeDriver: chrome on MAC (3224ce103fc82a5171b526bb1e0d4157)] -> xpath: //input[@name="doorsWidth"]/parent::span/a[@class="ui-spinner-button ui-spinner-up ui-corner-tr"]]
85 2023/04/14 15:20:29,248 107995 [INFO  ] [TestNG-test=KTtasksTest-1] qa.wrappers.BaseMethod qa.wrappers.BaseMethod.click(BaseMethod.java:481) - Trying to click on element: [[ChromeDriver: chrome on MAC (3224ce103fc82a5171b526bb1e0d4157)] -> xpath: //input[@name="doorsWidth"]/parent::span/a[@class="ui-spinner-button ui-spinner-up ui-corner-tr"]]
86 2023/04/14 15:20:33,350 112097 [INFO  ] [TestNG-test=KTtasksTest-1] qa.wrappers.BaseMethod qa.wrappers.BaseMethod.click(BaseMethod.java:484) - element clicked : [[ChromeDriver: chrome on MAC (3224ce103fc82a5171b526bb1e0d4157)] -> xpath: //input[@name="doorsWidth"]/parent::span/a[@class="ui-spinner-button ui-spinner-up ui-corner-tr"]]
87 2023/04/14 15:20:33,374 112121 [INFO  ] [TestNG-test=KTtasksTest-1] qa.wrappers.BaseMethod qa.wrappers.BaseMethod.click(BaseMethod.java:481) - Trying to click on element: [[ChromeDriver: chrome on MAC (3224ce103fc82a5171b526bb1e0d4157)] -> xpath: //input[@name="doorsWidth"]/parent::span/a[@class="ui-spinner-button ui-spinner-up ui-corner-tr"]]
88 2023/04/14 15:20:37,487 116234 [INFO  ] [TestNG-test=KTtasksTest-1] qa.wrappers.BaseMethod qa.wrappers.BaseMethod.click(BaseMethod.java:484) - element clicked : [[ChromeDriver: chrome on MAC (3224ce103fc82a5171b526bb1e0d4157)] -> xpath: //input[@name="doorsWidth"]/parent::span/a[@class="ui-spinner-button ui-spinner-up ui-corner-tr"]]
89 2023/04/14 15:20:41,693 120440 [INFO  ] [TestNG-test=KTtasksTest-1] qa.wrappers.BaseMethod qa.wrappers.BaseMethod.click(BaseMethod.java:481) - Trying to click on element: [[ChromeDriver: chrome on MAC (3224ce103fc82a5171b526bb1e0d4157)] -> xpath: //button[@data-id="windowsCount"]/following-sibling::div/ul/li[@data-original-index="3"]/a]
90 2023/04/14 15:20:45,949 124696 [INFO  ] [TestNG-test=KTtasksTest-1] qa.wrappers.BaseMethod qa.wrappers.BaseMethod.click(BaseMethod.java:484) - element clicked : [[ChromeDriver: chrome on MAC (3224ce103fc82a5171b526bb1e0d4157)] -> xpath: //button[@data-id="windowsCount"]/following-sibling::div/ul/li[@data-original-index="3"]/a]
91 2023/04/14 15:20:45,958 124705 [INFO  ] [TestNG-test=KTtasksTest-1] qa.wrappers.BaseMethod qa.wrappers.BaseMethod.click(BaseMethod.java:481) - Trying to click on element: [[ChromeDriver: chrome on MAC (3224ce103fc82a5171b526bb1e0d4157)] -> xpath: //input[@id="windows-height"]/following-sibling::a[@class="ui-spinner-button ui-spinner-up ui-corner-tr"]]
92 2023/04/14 15:20:50,060 128807 [INFO  ] [TestNG-test=KTtasksTest-1] qa.wrappers.BaseMethod qa.wrappers.BaseMethod.click(BaseMethod.java:484) - element clicked : [[ChromeDriver: chrome on MAC (3224ce103fc82a5171b526bb1e0d4157)] -> xpath: //input[@id="windows-height"]/following-sibling::a[@class="ui-spinner-button ui-spinner-up ui-corner-tr"]]
93 2023/04/14 15:20:50,103 128850 [INFO  ] [TestNG-test=KTtasksTest-1] qa.wrappers.BaseMethod qa.wrappers.BaseMethod.click(BaseMethod.java:481) - Trying to click on element: [[ChromeDriver: chrome on MAC (3224ce103fc82a5171b526bb1e0d4157)] -> xpath: //input[@id="windows-height"]/following-sibling::a[@class="ui-spinner-button ui-spinner-up ui-corner-tr"]]
94 2023/04/14 15:20:54,177 132924 [INFO  ] [TestNG-test=KTtasksTest-1] qa.wrappers.BaseMethod qa.wrappers.BaseMethod.click(BaseMethod.java:484) - element clicked : [[ChromeDriver: chrome on MAC (3224ce103fc82a5171b526bb1e0d4157)] -> xpath: //input[@id="windows-height"]/following-sibling::a[@class="ui-spinner-button ui-spinner-up ui-corner-tr"]]
95 2023/04/14 15:20:54,202 132949 [INFO  ] [TestNG-test=KTtasksTest-1] qa.wrappers.BaseMethod qa.wrappers.BaseMethod.click(BaseMethod.java:481) - Trying to click on element: [[ChromeDriver: chrome on MAC (3224ce103fc82a5171b526bb1e0d4157)] -> xpath: //input[@id="windows-height"]/following-sibling::a[@class="ui-spinner-button ui-spinner-up ui-corner-tr"]]
96 2023/04/14 15:20:58,273 137020 [INFO  ] [TestNG-test=KTtasksTest-1] qa.wrappers.BaseMethod qa.wrappers.BaseMethod.click(BaseMethod.java:484) - element clicked : [[ChromeDriver: chrome on MAC (3224ce103fc82a5171b526bb1e0d4157)] -> xpath: //input[@id="windows-height"]/following-sibling::a[@class="ui-spinner-button ui-spinner-up ui-corner-tr"]]
97 2023/04/14 15:20:58,366 137113 [INFO  ] [TestNG-test=KTtasksTest-1] qa.wrappers.BaseMethod qa.wrappers.BaseMethod.click(BaseMethod.java:481) - Trying to click on element: [[ChromeDriver: chrome on MAC (3224ce103fc82a5171b526bb1e0d4157)] -> xpath: //input[@id="windows-width"]/following-sibling::a[@class="ui-spinner-button ui-spinner-up ui-corner-tr"]]
98 2023/04/14 15:21:02,508 141255 [INFO  ] [TestNG-test=KTtasksTest-1] qa.wrappers.BaseMethod qa.wrappers.BaseMethod.click(BaseMethod.java:484) - element clicked : [[ChromeDriver: chrome on MAC (3224ce103fc82a5171b526bb1e0d4157)] -> xpath: //input[@id="windows-width"]/following-sibling::a[@class="ui-spinner-button ui-spinner-up ui-corner-tr"]]
99 2023/04/14 15:21:02,536 141283 [INFO  ] [TestNG-test=KTtasksTest-1] qa.wrappers.BaseMethod qa.wrappers.BaseMethod.click(BaseMethod.java:481) - Trying to click on element: [[ChromeDriver: chrome on MAC (3224ce103fc82a5171b526bb1e0d4157)] -> xpath: //input[@id="windows-width"]/following-sibling::a[@class="ui-spinner-button ui-spinner-up ui-corner-tr"]]
100 2023/04/14 15:21:06,665 145412 [INFO  ] [TestNG-test=KTtasksTest-1] qa.wrappers.BaseMethod qa.wrappers.BaseMethod.click(BaseMethod.java:484) - element clicked : [[ChromeDriver: chrome on MAC (3224ce103fc82a5171b526bb1e0d4157)] -> xpath: //input[@id="windows-width"]/following-sibling::a[@class="ui-spinner-button ui-spinner-up ui-corner-tr"]]
101 2023/04/14 15:21:06,736 145483 [INFO  ] [TestNG-test=KTtasksTest-1] qa.wrappers.BaseMethod qa.wrappers.BaseMethod.click(BaseMethod.java:481) - Trying to click on element: [[ChromeDriver: chrome on MAC (3224ce103fc82a5171b526bb1e0d4157)] -> xpath: //input[@id="windows-width"]/following-sibling::a[@class="ui-spinner-button ui-spinner-up ui-corner-tr"]]
102 2023/04/14 15:21:10,901 149648 [INFO  ] [TestNG-test=KTtasksTest-1] qa.wrappers.BaseMethod qa.wrappers.BaseMethod.click(BaseMethod.java:484) - element clicked : [[ChromeDriver: chrome on MAC (3224ce103fc82a5171b526bb1e0d4157)] -> xpath: //input[@id="windows-width"]/following-sibling::a[@class="ui-spinner-button ui-spinner-up ui-corner-tr"]]
103 2023/04/14 15:21:17,713 156460 [INFO  ] [TestNG-test=KTtasksTest-1] qa.wrappers.BaseMethod qa.wrappers.BaseMethod.click(BaseMethod.java:481) - Trying to click on element: [[ChromeDriver: chrome on MAC (3224ce103fc82a5171b526bb1e0d4157)] -> xpath: //div[@class="owl-controls"]/div/div[text()='next']]
104 2023/04/14 15:21:21,931 160678 [INFO  ] [TestNG-test=KTtasksTest-1] qa.wrappers.BaseMethod qa.wrappers.BaseMethod.click(BaseMethod.java:484) - element clicked : [[ChromeDriver: chrome on MAC (3224ce103fc82a5171b526bb1e0d4157)] -> xpath: //div[@class="owl-controls"]/div/div[text()='next']]
105 2023/04/14 15:21:22,477 161224 [INFO  ] [TestNG-test=KTtasksTest-1] qa.wrappers.BaseMethod qa.wrappers.BaseMethod.click(BaseMethod.java:481) - Trying to click on element: [[ChromeDriver: chrome on MAC (3224ce103fc82a5171b526bb1e0d4157)] -> xpath: //div[@class="owl-controls"]/div/div[text()='next']]
106 2023/04/14 15:21:26,585 165332 [INFO  ] [TestNG-test=KTtasksTest-1] qa.wrappers.BaseMethod qa.wrappers.BaseMethod.click(BaseMethod.java:484) - element clicked : [[ChromeDriver: chrome on MAC (3224ce103fc82a5171b526bb1e0d4157)] -> xpath: //div[@class="owl-controls"]/div/div[text()='next']]
107 2023/04/14 15:21:27,134 165881 [INFO  ] [TestNG-test=KTtasksTest-1] qa.wrappers.BaseMethod qa.wrappers.BaseMethod.click(BaseMethod.java:481) - Trying to click on element: [[ChromeDriver: chrome on MAC (3224ce103fc82a5171b526bb1e0d4157)] -> xpath: //div[@class="owl-controls"]/div/div[text()='next']]
108 2023/04/14 15:21:31,332 170079 [INFO  ] [TestNG-test=KTtasksTest-1] qa.wrappers.BaseMethod qa.wrappers.BaseMethod.click(BaseMethod.java:484) - element clicked : [[ChromeDriver: chrome on MAC (3224ce103fc82a5171b526bb1e0d4157)] -> xpath: //div[@class="owl-controls"]/div/div[text()='next']]
109 2023/04/14 15:21:40,640 179387 [INFO  ] [TestNG-test=KTtasksTest-1] qa.wrappers.BaseMethod qa.wrappers.BaseMethod.click(BaseMethod.java:481) - Trying to click on element: [[ChromeDriver: chrome on MAC (3224ce103fc82a5171b526bb1e0d4157)] -> xpath: //div[@id="contactUsFormPopup"]/div/div/div/button[@class="close"]]
