1 2022/08/09 15:13:03,627 3440 [DEBUG ] [TestNG-test=EdgefoxTest-2] internal.logging.InternalLoggerFactory internal.logging.InternalLoggerFactory.useLog4J2LoggerFactory(InternalLoggerFactory.java:76) - Using Log4J2 as the default logging framework
2 2022/08/09 15:13:03,641 3454 [DEBUG ] [TestNG-test=EdgefoxTest-2] netty.util.ResourceLeakDetector netty.util.ResourceLeakDetector.<clinit>(ResourceLeakDetector.java:129) - -Dio.netty.leakDetection.level: simple
3 2022/08/09 15:13:03,642 3455 [DEBUG ] [TestNG-test=EdgefoxTest-2] netty.util.ResourceLeakDetector netty.util.ResourceLeakDetector.<clinit>(ResourceLeakDetector.java:130) - -Dio.netty.leakDetection.targetRecords: 4
4 2022/08/09 15:13:03,648 3461 [DEBUG ] [TestNG-test=EdgefoxTest-2] netty.util.ResourceLeakDetectorFactory netty.util.ResourceLeakDetectorFactory$DefaultResourceLeakDetectorFactory.newResourceLeakDetector(ResourceLeakDetectorFactory.java:196) - Loaded default ResourceLeakDetector: io.netty.util.ResourceLeakDetector@e857483
5 2022/08/09 15:13:03,677 3490 [DEBUG ] [TestNG-test=EdgefoxTest-2] util.internal.PlatformDependent0 util.internal.PlatformDependent0.explicitNoUnsafeCause0(PlatformDependent0.java:460) - -Dio.netty.noUnsafe: false
6 2022/08/09 15:13:03,677 3490 [DEBUG ] [TestNG-test=EdgefoxTest-2] util.internal.PlatformDependent0 util.internal.PlatformDependent0.javaVersion0(PlatformDependent0.java:954) - Java version: 16
7 2022/08/09 15:13:03,678 3491 [DEBUG ] [TestNG-test=EdgefoxTest-2] util.internal.PlatformDependent0 util.internal.PlatformDependent0.<clinit>(PlatformDependent0.java:135) - sun.misc.Unsafe.theUnsafe: available
8 2022/08/09 15:13:03,680 3493 [DEBUG ] [TestNG-test=EdgefoxTest-2] util.internal.PlatformDependent0 util.internal.PlatformDependent0.<clinit>(PlatformDependent0.java:159) - sun.misc.Unsafe.copyMemory: available
9 2022/08/09 15:13:03,681 3494 [DEBUG ] [TestNG-test=EdgefoxTest-2] util.internal.PlatformDependent0 util.internal.PlatformDependent0.<clinit>(PlatformDependent0.java:202) - java.nio.Buffer.address: available
10 2022/08/09 15:13:03,683 3496 [DEBUG ] [TestNG-test=EdgefoxTest-2] util.internal.PlatformDependent0 util.internal.PlatformDependent0.<clinit>(PlatformDependent0.java:285) - direct buffer constructor: unavailable: Reflective setAccessible(true) disabled
11 2022/08/09 15:13:03,684 3497 [DEBUG ] [TestNG-test=EdgefoxTest-2] util.internal.PlatformDependent0 util.internal.PlatformDependent0.<clinit>(PlatformDependent0.java:350) - java.nio.Bits.unaligned: available, true
12 2022/08/09 15:13:03,686 3499 [DEBUG ] [TestNG-test=EdgefoxTest-2] util.internal.PlatformDependent0 util.internal.PlatformDependent0.<clinit>(PlatformDependent0.java:417) - jdk.internal.misc.Unsafe.allocateUninitializedArray(int): unavailable: class io.netty.util.internal.PlatformDependent0$6 cannot access class jdk.internal.misc.Unsafe (in module java.base) because module java.base does not export jdk.internal.misc to unnamed module @3551a94
13 2022/08/09 15:13:03,689 3502 [DEBUG ] [TestNG-test=EdgefoxTest-2] util.internal.PlatformDependent0 util.internal.PlatformDependent0.<clinit>(PlatformDependent0.java:446) - java.nio.DirectByteBuffer.<init>(long, int): unavailable
14 2022/08/09 15:13:03,690 3503 [DEBUG ] [TestNG-test=EdgefoxTest-2] util.internal.PlatformDependent util.internal.PlatformDependent.unsafeUnavailabilityCause0(PlatformDependent.java:1116) - sun.misc.Unsafe: available
15 2022/08/09 15:13:03,691 3504 [DEBUG ] [TestNG-test=EdgefoxTest-2] util.internal.PlatformDependent util.internal.PlatformDependent.estimateMaxDirectMemory(PlatformDependent.java:1227) - maxDirectMemory: 4234149888 bytes (maybe)
16 2022/08/09 15:13:03,691 3504 [DEBUG ] [TestNG-test=EdgefoxTest-2] util.internal.PlatformDependent util.internal.PlatformDependent.tmpdir0(PlatformDependent.java:1246) - -Dio.netty.tmpdir: C:\Users\10684951\AppData\Local\Temp (java.io.tmpdir)
17 2022/08/09 15:13:03,692 3505 [DEBUG ] [TestNG-test=EdgefoxTest-2] util.internal.PlatformDependent util.internal.PlatformDependent.bitMode0(PlatformDependent.java:1325) - -Dio.netty.bitMode: 64 (sun.arch.data.model)
18 2022/08/09 15:13:03,694 3507 [DEBUG ] [TestNG-test=EdgefoxTest-2] util.internal.PlatformDependent util.internal.PlatformDependent.isWindows0(PlatformDependent.java:1076) - Platform: Windows
19 2022/08/09 15:13:03,695 3508 [DEBUG ] [TestNG-test=EdgefoxTest-2] util.internal.PlatformDependent util.internal.PlatformDependent.<clinit>(PlatformDependent.java:178) - -Dio.netty.maxDirectMemory: -1 bytes
20 2022/08/09 15:13:03,695 3508 [DEBUG ] [TestNG-test=EdgefoxTest-2] util.internal.PlatformDependent util.internal.PlatformDependent.<clinit>(PlatformDependent.java:185) - -Dio.netty.uninitializedArrayAllocationThreshold: -1
21 2022/08/09 15:13:03,697 3510 [DEBUG ] [TestNG-test=EdgefoxTest-2] util.internal.CleanerJava9 util.internal.CleanerJava9.<clinit>(CleanerJava9.java:71) - java.nio.ByteBuffer.cleaner(): available
22 2022/08/09 15:13:03,697 3510 [DEBUG ] [TestNG-test=EdgefoxTest-2] util.internal.PlatformDependent util.internal.PlatformDependent.<clinit>(PlatformDependent.java:205) - -Dio.netty.noPreferDirect: false
23 2022/08/09 15:13:03,711 3524 [DEBUG ] [TestNG-test=EdgefoxTest-2] util.internal.PlatformDependent util.internal.PlatformDependent$Mpsc.<clinit>(PlatformDependent.java:967) - org.jctools-core.MpscChunkedArrayQueue: available
24 2022/08/09 15:13:03,741 3554 [DEBUG ] [TestNG-test=EdgefoxTest-2] util.internal.InternalThreadLocalMap util.internal.InternalThreadLocalMap.<clinit>(InternalThreadLocalMap.java:86) - -Dio.netty.threadLocalMap.stringBuilder.initialSize: 1024
25 2022/08/09 15:13:03,741 3554 [DEBUG ] [TestNG-test=EdgefoxTest-2] util.internal.InternalThreadLocalMap util.internal.InternalThreadLocalMap.<clinit>(InternalThreadLocalMap.java:89) - -Dio.netty.threadLocalMap.stringBuilder.maxSize: 4096
26 2022/08/09 15:13:04,008 3821 [DEBUG ] [TestNG-test=EdgefoxTest-2] handler.ssl.JdkSslContext handler.ssl.JdkSslContext.<clinit>(JdkSslContext.java:97) - Default protocols (JDK): [TLSv1.3, TLSv1.2] 
27 2022/08/09 15:13:04,008 3821 [DEBUG ] [TestNG-test=EdgefoxTest-2] handler.ssl.JdkSslContext handler.ssl.JdkSslContext.<clinit>(JdkSslContext.java:98) - Default cipher suites (JDK): [TLS_ECDHE_ECDSA_WITH_AES_256_GCM_SHA384, TLS_ECDHE_ECDSA_WITH_AES_128_GCM_SHA256, TLS_ECDHE_RSA_WITH_AES_128_GCM_SHA256, TLS_ECDHE_RSA_WITH_AES_256_GCM_SHA384, TLS_ECDHE_RSA_WITH_AES_128_CBC_SHA, TLS_ECDHE_RSA_WITH_AES_256_CBC_SHA, TLS_RSA_WITH_AES_128_GCM_SHA256, TLS_RSA_WITH_AES_128_CBC_SHA, TLS_RSA_WITH_AES_256_CBC_SHA, TLS_AES_128_GCM_SHA256, TLS_AES_256_GCM_SHA384]
28 2022/08/09 15:13:04,051 3864 [DEBUG ] [TestNG-test=EdgefoxTest-2] netty.channel.MultithreadEventLoopGroup netty.channel.MultithreadEventLoopGroup.<clinit>(MultithreadEventLoopGroup.java:44) - -Dio.netty.eventLoopThreads: 16
29 2022/08/09 15:13:04,067 3880 [DEBUG ] [TestNG-test=EdgefoxTest-2] channel.nio.NioEventLoop channel.nio.NioEventLoop.<clinit>(NioEventLoop.java:109) - -Dio.netty.noKeySetOptimization: false
30 2022/08/09 15:13:04,067 3880 [DEBUG ] [TestNG-test=EdgefoxTest-2] channel.nio.NioEventLoop channel.nio.NioEventLoop.<clinit>(NioEventLoop.java:110) - -Dio.netty.selectorAutoRebuildThreshold: 512
31 2022/08/09 15:13:04,204 4017 [DEBUG ] [TestNG-test=EdgefoxTest-2] netty.buffer.PooledByteBufAllocator netty.buffer.PooledByteBufAllocator.<clinit>(PooledByteBufAllocator.java:155) - -Dio.netty.allocator.numHeapArenas: 16
32 2022/08/09 15:13:04,205 4018 [DEBUG ] [TestNG-test=EdgefoxTest-2] netty.buffer.PooledByteBufAllocator netty.buffer.PooledByteBufAllocator.<clinit>(PooledByteBufAllocator.java:156) - -Dio.netty.allocator.numDirectArenas: 16
33 2022/08/09 15:13:04,205 4018 [DEBUG ] [TestNG-test=EdgefoxTest-2] netty.buffer.PooledByteBufAllocator netty.buffer.PooledByteBufAllocator.<clinit>(PooledByteBufAllocator.java:158) - -Dio.netty.allocator.pageSize: 8192
34 2022/08/09 15:13:04,205 4018 [DEBUG ] [TestNG-test=EdgefoxTest-2] netty.buffer.PooledByteBufAllocator netty.buffer.PooledByteBufAllocator.<clinit>(PooledByteBufAllocator.java:163) - -Dio.netty.allocator.maxOrder: 9
35 2022/08/09 15:13:04,205 4018 [DEBUG ] [TestNG-test=EdgefoxTest-2] netty.buffer.PooledByteBufAllocator netty.buffer.PooledByteBufAllocator.<clinit>(PooledByteBufAllocator.java:167) - -Dio.netty.allocator.chunkSize: 4194304
36 2022/08/09 15:13:04,206 4019 [DEBUG ] [TestNG-test=EdgefoxTest-2] netty.buffer.PooledByteBufAllocator netty.buffer.PooledByteBufAllocator.<clinit>(PooledByteBufAllocator.java:168) - -Dio.netty.allocator.smallCacheSize: 256
37 2022/08/09 15:13:04,206 4019 [DEBUG ] [TestNG-test=EdgefoxTest-2] netty.buffer.PooledByteBufAllocator netty.buffer.PooledByteBufAllocator.<clinit>(PooledByteBufAllocator.java:169) - -Dio.netty.allocator.normalCacheSize: 64
38 2022/08/09 15:13:04,206 4019 [DEBUG ] [TestNG-test=EdgefoxTest-2] netty.buffer.PooledByteBufAllocator netty.buffer.PooledByteBufAllocator.<clinit>(PooledByteBufAllocator.java:170) - -Dio.netty.allocator.maxCachedBufferCapacity: 32768
39 2022/08/09 15:13:04,206 4019 [DEBUG ] [TestNG-test=EdgefoxTest-2] netty.buffer.PooledByteBufAllocator netty.buffer.PooledByteBufAllocator.<clinit>(PooledByteBufAllocator.java:171) - -Dio.netty.allocator.cacheTrimInterval: 8192
40 2022/08/09 15:13:04,207 4020 [DEBUG ] [TestNG-test=EdgefoxTest-2] netty.buffer.PooledByteBufAllocator netty.buffer.PooledByteBufAllocator.<clinit>(PooledByteBufAllocator.java:172) - -Dio.netty.allocator.cacheTrimIntervalMillis: 0
41 2022/08/09 15:13:04,207 4020 [DEBUG ] [TestNG-test=EdgefoxTest-2] netty.buffer.PooledByteBufAllocator netty.buffer.PooledByteBufAllocator.<clinit>(PooledByteBufAllocator.java:173) - -Dio.netty.allocator.useCacheForAllThreads: false
42 2022/08/09 15:13:04,207 4020 [DEBUG ] [TestNG-test=EdgefoxTest-2] netty.buffer.PooledByteBufAllocator netty.buffer.PooledByteBufAllocator.<clinit>(PooledByteBufAllocator.java:174) - -Dio.netty.allocator.maxCachedByteBuffersPerChunk: 1023
43 2022/08/09 15:13:04,221 4034 [DEBUG ] [TestNG-test=EdgefoxTest-2] netty.buffer.ByteBufUtil netty.buffer.ByteBufUtil.<clinit>(ByteBufUtil.java:87) - -Dio.netty.allocator.type: pooled
44 2022/08/09 15:13:04,222 4035 [DEBUG ] [TestNG-test=EdgefoxTest-2] netty.buffer.ByteBufUtil netty.buffer.ByteBufUtil.<clinit>(ByteBufUtil.java:96) - -Dio.netty.threadLocalDirectBufferSize: 0
45 2022/08/09 15:13:04,222 4035 [DEBUG ] [TestNG-test=EdgefoxTest-2] netty.buffer.ByteBufUtil netty.buffer.ByteBufUtil.<clinit>(ByteBufUtil.java:99) - -Dio.netty.maxThreadLocalCharBufferSize: 16384
46 2022/08/09 15:13:04,629 4442 [DEBUG ] [Forwarding newSession on session null to remote] netty.channel.DefaultChannelId netty.channel.DefaultChannelId.<clinit>(DefaultChannelId.java:79) - -Dio.netty.processId: 2876 (auto-detected)
47 2022/08/09 15:13:04,633 4446 [DEBUG ] [Forwarding newSession on session null to remote] netty.util.NetUtil netty.util.NetUtil.<clinit>(NetUtil.java:136) - -Djava.net.preferIPv4Stack: true
48 2022/08/09 15:13:04,633 4446 [DEBUG ] [Forwarding newSession on session null to remote] netty.util.NetUtil netty.util.NetUtil.<clinit>(NetUtil.java:137) - -Djava.net.preferIPv6Addresses: false
49 2022/08/09 15:13:04,674 4487 [DEBUG ] [Forwarding newSession on session null to remote] netty.util.NetUtilInitializations netty.util.NetUtilInitializations.determineLoopback(NetUtilInitializations.java:129) - Loopback interface: lo (Software Loopback Interface 1, 127.0.0.1)
50 2022/08/09 15:13:04,675 4488 [DEBUG ] [Forwarding newSession on session null to remote] netty.util.NetUtil netty.util.NetUtil$SoMaxConnAction.run(NetUtil.java:191) - Failed to get SOMAXCONN from sysctl and file \proc\sys\net\core\somaxconn. Default: 200
51 2022/08/09 15:13:04,800 4613 [DEBUG ] [Forwarding newSession on session null to remote] netty.channel.DefaultChannelId netty.channel.DefaultChannelId.<clinit>(DefaultChannelId.java:101) - -Dio.netty.machineId: d4:1b:81:ff:fe:59:ab:63 (auto-detected)
52 2022/08/09 15:13:04,873 4686 [DEBUG ] [AsyncHttpClient-1-2] netty.buffer.AbstractByteBuf netty.buffer.AbstractByteBuf.<clinit>(AbstractByteBuf.java:63) - -Dio.netty.buffer.checkAccessible: true
53 2022/08/09 15:13:04,874 4687 [DEBUG ] [AsyncHttpClient-1-2] netty.buffer.AbstractByteBuf netty.buffer.AbstractByteBuf.<clinit>(AbstractByteBuf.java:64) - -Dio.netty.buffer.checkBounds: true
54 2022/08/09 15:13:04,874 4687 [DEBUG ] [AsyncHttpClient-1-2] netty.util.ResourceLeakDetectorFactory netty.util.ResourceLeakDetectorFactory$DefaultResourceLeakDetectorFactory.newResourceLeakDetector(ResourceLeakDetectorFactory.java:196) - Loaded default ResourceLeakDetector: io.netty.util.ResourceLeakDetector@714aabf3
55 2022/08/09 15:13:04,917 4730 [DEBUG ] [AsyncHttpClient-1-2] netty.util.Recycler netty.util.Recycler.<clinit>(Recycler.java:85) - -Dio.netty.recycler.maxCapacityPerThread: 4096
56 2022/08/09 15:13:04,918 4731 [DEBUG ] [AsyncHttpClient-1-2] netty.util.Recycler netty.util.Recycler.<clinit>(Recycler.java:86) - -Dio.netty.recycler.ratio: 8
57 2022/08/09 15:13:04,919 4732 [DEBUG ] [AsyncHttpClient-1-2] netty.util.Recycler netty.util.Recycler.<clinit>(Recycler.java:87) - -Dio.netty.recycler.chunkSize: 32
58 2022/08/09 15:13:04,919 4732 [DEBUG ] [AsyncHttpClient-1-2] netty.util.Recycler netty.util.Recycler.<clinit>(Recycler.java:88) - -Dio.netty.recycler.blocking: false
59 2022/08/09 15:13:32,311 32124 [DEBUG ] [AsyncHttpClient-1-2] codec.compression.Brotli codec.compression.Brotli.<clinit>(Brotli.java:38) - brotli4j not in the classpath; Brotli support will be unavailable.
60 2022/08/09 15:18:42,119 341932 [INFO  ] [TestNG-test=FirefoxTest-4] qa.wrappers.BaseMethod qa.wrappers.BaseMethod.getAttribute(BaseMethod.java:442) - Trying to href attribute value from DOM
61 2022/08/09 15:18:47,200 347013 [INFO  ] [TestNG-test=FirefoxTest-4] qa.wrappers.BaseMethod qa.wrappers.BaseMethod.newTab(BaseMethod.java:129) - New tab opened 
62 2022/08/09 15:18:57,793 357606 [INFO  ] [TestNG-test=FirefoxTest-2] qa.wrappers.BaseMethod qa.wrappers.BaseMethod.click(BaseMethod.java:318) - Trying to click on element: [[RemoteWebDriver: chrome on LINUX (8bf8560ac8113cb006abde622d7ff77f)] -> xpath: //button[@title='Search']]
63 2022/08/09 15:19:05,291 365104 [INFO  ] [TestNG-test=FirefoxTest-2] qa.wrappers.BaseMethod qa.wrappers.BaseMethod.click(BaseMethod.java:321) - element clicked : [[RemoteWebDriver: chrome on LINUX (8bf8560ac8113cb006abde622d7ff77f)] -> xpath: //button[@title='Search']]
64 2022/08/09 15:19:07,292 367105 [INFO  ] [TestNG-test=EdgefoxTest-5] qa.wrappers.BaseMethod qa.wrappers.BaseMethod.mouseHover(BaseMethod.java:627) - Trying to mouse hover on element [[RemoteWebDriver: chrome on LINUX (fdb18439e3ce2d887d1f3ca7436e286d)] -> xpath: //a[text()='Home & Decor']] using Actions class
65 2022/08/09 15:19:07,594 367407 [INFO  ] [TestNG-test=FirefoxTest-5] qa.wrappers.BaseMethod qa.wrappers.BaseMethod.mouseHover(BaseMethod.java:627) - Trying to mouse hover on element [[RemoteWebDriver: chrome on LINUX (8bf8560ac8113cb006abde622d7ff77f)] -> xpath: //a[text()='Home & Decor']] using Actions class
66 2022/08/09 15:19:09,991 369804 [ERROR ] [TestNG-test=FirefoxTest-5] qa.wrappers.BaseMethod qa.wrappers.BaseMethod.mouseHover(BaseMethod.java:639) - [[RemoteWebDriver: chrome on LINUX (8bf8560ac8113cb006abde622d7ff77f)] -> xpath: //a[text()='Home & Decor']] StaleElementReferenceException 
67 2022/08/09 15:19:21,290 381103 [INFO  ] [TestNG-test=EdgefoxTest-5] qa.wrappers.BaseMethod qa.wrappers.BaseMethod.mouseHover(BaseMethod.java:644) - Mouse hovered and clicked on element
68 2022/08/09 15:19:21,302 381115 [INFO  ] [TestNG-test=EdgefoxTest-5] qa.wrappers.BaseMethod qa.wrappers.BaseMethod.getAttribute(BaseMethod.java:442) - Trying to title attribute value from DOM
69 2022/08/09 15:19:42,407 402220 [INFO  ] [TestNG-test=EdgefoxTest-5] qa.wrappers.BaseMethod qa.wrappers.BaseMethod.click(BaseMethod.java:318) - Trying to click on element: [[RemoteWebDriver: chrome on LINUX (fdb18439e3ce2d887d1f3ca7436e286d)] -> xpath: //li[@class='item last']//a]
70 2022/08/09 15:19:44,318 404131 [INFO  ] [TestNG-test=FirefoxTest-3] qa.wrappers.BaseMethod qa.wrappers.BaseMethod.selectByVisibleText(BaseMethod.java:296) - Trying to select element Value from Dropdown
71 2022/08/09 15:19:46,391 406204 [INFO  ] [TestNG-test=FirefoxTest-3] qa.wrappers.BaseMethod qa.wrappers.BaseMethod.selectByVisibleText(BaseMethod.java:300) - German Value selected from Dropdown: 
72 2022/08/09 15:19:49,891 409704 [INFO  ] [TestNG-test=FirefoxTest-1] qa.wrappers.BaseMethod qa.wrappers.BaseMethod.click(BaseMethod.java:318) - Trying to click on element: [[RemoteWebDriver: chrome on LINUX (8bf8560ac8113cb006abde622d7ff77f)] -> xpath: //a[text()='Women']]
73 2022/08/09 15:19:57,605 417418 [INFO  ] [TestNG-test=EdgefoxTest-5] qa.wrappers.BaseMethod qa.wrappers.BaseMethod.click(BaseMethod.java:321) - element clicked : Proxy element for: DefaultElementLocator 'By.xpath: //li[@class='item last']//a'
74 2022/08/09 15:19:58,608 418421 [INFO  ] [TestNG-test=EdgefoxTest-5] qa.wrappers.BaseMethod qa.wrappers.BaseMethod.click(BaseMethod.java:318) - Trying to click on element: [[RemoteWebDriver: chrome on LINUX (fdb18439e3ce2d887d1f3ca7436e286d)] -> xpath: //ul[@id='downloadable-links-list']//li//input]
75 2022/08/09 15:20:00,697 420510 [INFO  ] [TestNG-test=FirefoxTest-1] qa.wrappers.BaseMethod qa.wrappers.BaseMethod.click(BaseMethod.java:321) - element clicked : [[RemoteWebDriver: chrome on LINUX (8bf8560ac8113cb006abde622d7ff77f)] -> xpath: //a[text()='Women']]
76 2022/08/09 15:20:03,792 423605 [INFO  ] [TestNG-test=EdgefoxTest-5] qa.wrappers.BaseMethod qa.wrappers.BaseMethod.click(BaseMethod.java:321) - element clicked : [[RemoteWebDriver: chrome on LINUX (fdb18439e3ce2d887d1f3ca7436e286d)] -> xpath: //ul[@id='downloadable-links-list']//li//input]
77 2022/08/09 15:20:03,897 423710 [INFO  ] [TestNG-test=EdgefoxTest-5] qa.wrappers.BaseMethod qa.wrappers.BaseMethod.clickUsingIndex(BaseMethod.java:326) - Trying to click on1 element: [[[RemoteWebDriver: chrome on LINUX (fdb18439e3ce2d887d1f3ca7436e286d)] -> xpath: //button[@title='Add to Cart']], [[RemoteWebDriver: chrome on LINUX (fdb18439e3ce2d887d1f3ca7436e286d)] -> xpath: //button[@title='Add to Cart']]]
78 2022/08/09 15:20:11,994 431807 [INFO  ] [TestNG-test=EdgefoxTest-5] qa.wrappers.BaseMethod qa.wrappers.BaseMethod.clickUsingIndex(BaseMethod.java:329) - element clicked : [[[RemoteWebDriver: chrome on LINUX (fdb18439e3ce2d887d1f3ca7436e286d)] -> xpath: //button[@title='Add to Cart']]]
79 2022/08/09 15:20:12,707 432520 [INFO  ] [TestNG-test=EdgefoxTest-5] qa.wrappers.BaseMethod qa.wrappers.BaseMethod.click(BaseMethod.java:318) - Trying to click on element: [[RemoteWebDriver: chrome on LINUX (fdb18439e3ce2d887d1f3ca7436e286d)] -> xpath: //button[@title='Proceed to Checkout']]
80 2022/08/09 15:20:27,805 447618 [INFO  ] [TestNG-test=EdgefoxTest-5] qa.wrappers.BaseMethod qa.wrappers.BaseMethod.click(BaseMethod.java:321) - element clicked : Proxy element for: DefaultElementLocator 'By.xpath: //button[@title='Proceed to Checkout']'
81 2022/08/09 15:20:32,319 452132 [INFO  ] [TestNG-test=EdgefoxTest-3] qa.wrappers.BaseMethod qa.wrappers.BaseMethod.selectByVisibleText(BaseMethod.java:296) - Trying to select element Value from Dropdown
82 2022/08/09 15:20:34,101 453914 [INFO  ] [TestNG-test=EdgefoxTest-3] qa.wrappers.BaseMethod qa.wrappers.BaseMethod.selectByVisibleText(BaseMethod.java:300) - German Value selected from Dropdown: 
83 2022/08/09 15:20:36,989 456802 [INFO  ] [TestNG-test=EdgefoxTest-1] qa.wrappers.BaseMethod qa.wrappers.BaseMethod.click(BaseMethod.java:318) - Trying to click on element: [[RemoteWebDriver: chrome on LINUX (fdb18439e3ce2d887d1f3ca7436e286d)] -> xpath: //a[text()='Women']]
84 2022/08/09 15:20:44,200 464013 [INFO  ] [TestNG-test=EdgefoxTest-1] qa.wrappers.BaseMethod qa.wrappers.BaseMethod.click(BaseMethod.java:321) - element clicked : [[RemoteWebDriver: chrome on LINUX (fdb18439e3ce2d887d1f3ca7436e286d)] -> xpath: //a[text()='Women']]
85 2022/08/09 15:20:51,506 471319 [INFO  ] [TestNG-test=EdgefoxTest-2] qa.wrappers.BaseMethod qa.wrappers.BaseMethod.click(BaseMethod.java:318) - Trying to click on element: [[RemoteWebDriver: chrome on LINUX (8dc0142b84c8851fcd669e521333a9a4)] -> xpath: //button[@title='Search']]
86 2022/08/09 15:20:59,192 479005 [INFO  ] [TestNG-test=EdgefoxTest-2] qa.wrappers.BaseMethod qa.wrappers.BaseMethod.click(BaseMethod.java:321) - element clicked : [[RemoteWebDriver: chrome on LINUX (8dc0142b84c8851fcd669e521333a9a4)] -> xpath: //button[@title='Search']]
87 2022/08/09 15:21:00,790 480603 [INFO  ] [TestNG-test=EdgefoxTest-4] qa.wrappers.BaseMethod qa.wrappers.BaseMethod.getAttribute(BaseMethod.java:442) - Trying to href attribute value from DOM
88 2022/08/09 15:21:01,605 481418 [INFO  ] [TestNG-test=EdgefoxTest-4] qa.wrappers.BaseMethod qa.wrappers.BaseMethod.newTab(BaseMethod.java:129) - New tab opened 
