1 2022/08/08 15:12:56,347 4426 [DEBUG ] [TestNG-test=FirefoxTest-1] internal.logging.InternalLoggerFactory internal.logging.InternalLoggerFactory.useLog4J2LoggerFactory(InternalLoggerFactory.java:76) - Using Log4J2 as the default logging framework
2 2022/08/08 15:12:56,386 4465 [DEBUG ] [TestNG-test=FirefoxTest-1] netty.util.ResourceLeakDetector netty.util.ResourceLeakDetector.<clinit>(ResourceLeakDetector.java:129) - -Dio.netty.leakDetection.level: simple
3 2022/08/08 15:12:56,387 4466 [DEBUG ] [TestNG-test=FirefoxTest-1] netty.util.ResourceLeakDetector netty.util.ResourceLeakDetector.<clinit>(ResourceLeakDetector.java:130) - -Dio.netty.leakDetection.targetRecords: 4
4 2022/08/08 15:12:56,402 4481 [DEBUG ] [TestNG-test=FirefoxTest-1] netty.util.ResourceLeakDetectorFactory netty.util.ResourceLeakDetectorFactory$DefaultResourceLeakDetectorFactory.newResourceLeakDetector(ResourceLeakDetectorFactory.java:196) - Loaded default ResourceLeakDetector: io.netty.util.ResourceLeakDetector@21a5abb7
5 2022/08/08 15:12:56,444 4523 [DEBUG ] [TestNG-test=FirefoxTest-1] util.internal.PlatformDependent0 util.internal.PlatformDependent0.explicitNoUnsafeCause0(PlatformDependent0.java:460) - -Dio.netty.noUnsafe: false
6 2022/08/08 15:12:56,445 4524 [DEBUG ] [TestNG-test=FirefoxTest-1] util.internal.PlatformDependent0 util.internal.PlatformDependent0.javaVersion0(PlatformDependent0.java:954) - Java version: 16
7 2022/08/08 15:12:56,447 4526 [DEBUG ] [TestNG-test=FirefoxTest-1] util.internal.PlatformDependent0 util.internal.PlatformDependent0.<clinit>(PlatformDependent0.java:135) - sun.misc.Unsafe.theUnsafe: available
8 2022/08/08 15:12:56,449 4528 [DEBUG ] [TestNG-test=FirefoxTest-1] util.internal.PlatformDependent0 util.internal.PlatformDependent0.<clinit>(PlatformDependent0.java:159) - sun.misc.Unsafe.copyMemory: available
9 2022/08/08 15:12:56,451 4530 [DEBUG ] [TestNG-test=FirefoxTest-1] util.internal.PlatformDependent0 util.internal.PlatformDependent0.<clinit>(PlatformDependent0.java:202) - java.nio.Buffer.address: available
10 2022/08/08 15:12:56,452 4531 [DEBUG ] [TestNG-test=FirefoxTest-1] util.internal.PlatformDependent0 util.internal.PlatformDependent0.<clinit>(PlatformDependent0.java:285) - direct buffer constructor: unavailable: Reflective setAccessible(true) disabled
11 2022/08/08 15:12:56,453 4532 [DEBUG ] [TestNG-test=FirefoxTest-1] util.internal.PlatformDependent0 util.internal.PlatformDependent0.<clinit>(PlatformDependent0.java:350) - java.nio.Bits.unaligned: available, true
12 2022/08/08 15:12:56,455 4534 [DEBUG ] [TestNG-test=FirefoxTest-1] util.internal.PlatformDependent0 util.internal.PlatformDependent0.<clinit>(PlatformDependent0.java:417) - jdk.internal.misc.Unsafe.allocateUninitializedArray(int): unavailable: class io.netty.util.internal.PlatformDependent0$6 cannot access class jdk.internal.misc.Unsafe (in module java.base) because module java.base does not export jdk.internal.misc to unnamed module @3551a94
13 2022/08/08 15:12:56,459 4538 [DEBUG ] [TestNG-test=FirefoxTest-1] util.internal.PlatformDependent0 util.internal.PlatformDependent0.<clinit>(PlatformDependent0.java:446) - java.nio.DirectByteBuffer.<init>(long, int): unavailable
14 2022/08/08 15:12:56,460 4539 [DEBUG ] [TestNG-test=FirefoxTest-1] util.internal.PlatformDependent util.internal.PlatformDependent.unsafeUnavailabilityCause0(PlatformDependent.java:1116) - sun.misc.Unsafe: available
15 2022/08/08 15:12:56,461 4540 [DEBUG ] [TestNG-test=FirefoxTest-1] util.internal.PlatformDependent util.internal.PlatformDependent.estimateMaxDirectMemory(PlatformDependent.java:1227) - maxDirectMemory: 4234149888 bytes (maybe)
16 2022/08/08 15:12:56,462 4541 [DEBUG ] [TestNG-test=FirefoxTest-1] util.internal.PlatformDependent util.internal.PlatformDependent.tmpdir0(PlatformDependent.java:1246) - -Dio.netty.tmpdir: C:\Users\10684951\AppData\Local\Temp (java.io.tmpdir)
17 2022/08/08 15:12:56,462 4541 [DEBUG ] [TestNG-test=FirefoxTest-1] util.internal.PlatformDependent util.internal.PlatformDependent.bitMode0(PlatformDependent.java:1325) - -Dio.netty.bitMode: 64 (sun.arch.data.model)
18 2022/08/08 15:12:56,464 4543 [DEBUG ] [TestNG-test=FirefoxTest-1] util.internal.PlatformDependent util.internal.PlatformDependent.isWindows0(PlatformDependent.java:1076) - Platform: Windows
19 2022/08/08 15:12:56,466 4545 [DEBUG ] [TestNG-test=FirefoxTest-1] util.internal.PlatformDependent util.internal.PlatformDependent.<clinit>(PlatformDependent.java:178) - -Dio.netty.maxDirectMemory: -1 bytes
20 2022/08/08 15:12:56,466 4545 [DEBUG ] [TestNG-test=FirefoxTest-1] util.internal.PlatformDependent util.internal.PlatformDependent.<clinit>(PlatformDependent.java:185) - -Dio.netty.uninitializedArrayAllocationThreshold: -1
21 2022/08/08 15:12:56,470 4549 [DEBUG ] [TestNG-test=FirefoxTest-1] util.internal.CleanerJava9 util.internal.CleanerJava9.<clinit>(CleanerJava9.java:71) - java.nio.ByteBuffer.cleaner(): available
22 2022/08/08 15:12:56,471 4550 [DEBUG ] [TestNG-test=FirefoxTest-1] util.internal.PlatformDependent util.internal.PlatformDependent.<clinit>(PlatformDependent.java:205) - -Dio.netty.noPreferDirect: false
23 2022/08/08 15:12:56,494 4573 [DEBUG ] [TestNG-test=FirefoxTest-1] util.internal.PlatformDependent util.internal.PlatformDependent$Mpsc.<clinit>(PlatformDependent.java:967) - org.jctools-core.MpscChunkedArrayQueue: available
24 2022/08/08 15:12:56,547 4626 [DEBUG ] [TestNG-test=FirefoxTest-1] util.internal.InternalThreadLocalMap util.internal.InternalThreadLocalMap.<clinit>(InternalThreadLocalMap.java:86) - -Dio.netty.threadLocalMap.stringBuilder.initialSize: 1024
25 2022/08/08 15:12:56,549 4628 [DEBUG ] [TestNG-test=FirefoxTest-1] util.internal.InternalThreadLocalMap util.internal.InternalThreadLocalMap.<clinit>(InternalThreadLocalMap.java:89) - -Dio.netty.threadLocalMap.stringBuilder.maxSize: 4096
26 2022/08/08 15:12:57,003 5082 [DEBUG ] [TestNG-test=FirefoxTest-1] handler.ssl.JdkSslContext handler.ssl.JdkSslContext.<clinit>(JdkSslContext.java:97) - Default protocols (JDK): [TLSv1.3, TLSv1.2] 
27 2022/08/08 15:12:57,004 5083 [DEBUG ] [TestNG-test=FirefoxTest-1] handler.ssl.JdkSslContext handler.ssl.JdkSslContext.<clinit>(JdkSslContext.java:98) - Default cipher suites (JDK): [TLS_ECDHE_ECDSA_WITH_AES_256_GCM_SHA384, TLS_ECDHE_ECDSA_WITH_AES_128_GCM_SHA256, TLS_ECDHE_RSA_WITH_AES_128_GCM_SHA256, TLS_ECDHE_RSA_WITH_AES_256_GCM_SHA384, TLS_ECDHE_RSA_WITH_AES_128_CBC_SHA, TLS_ECDHE_RSA_WITH_AES_256_CBC_SHA, TLS_RSA_WITH_AES_128_GCM_SHA256, TLS_RSA_WITH_AES_128_CBC_SHA, TLS_RSA_WITH_AES_256_CBC_SHA, TLS_AES_128_GCM_SHA256, TLS_AES_256_GCM_SHA384]
28 2022/08/08 15:12:57,059 5138 [DEBUG ] [TestNG-test=FirefoxTest-1] netty.channel.MultithreadEventLoopGroup netty.channel.MultithreadEventLoopGroup.<clinit>(MultithreadEventLoopGroup.java:44) - -Dio.netty.eventLoopThreads: 16
29 2022/08/08 15:12:57,076 5155 [DEBUG ] [TestNG-test=FirefoxTest-1] channel.nio.NioEventLoop channel.nio.NioEventLoop.<clinit>(NioEventLoop.java:109) - -Dio.netty.noKeySetOptimization: false
30 2022/08/08 15:12:57,077 5156 [DEBUG ] [TestNG-test=FirefoxTest-1] channel.nio.NioEventLoop channel.nio.NioEventLoop.<clinit>(NioEventLoop.java:110) - -Dio.netty.selectorAutoRebuildThreshold: 512
31 2022/08/08 15:12:57,231 5310 [DEBUG ] [TestNG-test=FirefoxTest-1] netty.buffer.PooledByteBufAllocator netty.buffer.PooledByteBufAllocator.<clinit>(PooledByteBufAllocator.java:155) - -Dio.netty.allocator.numHeapArenas: 16
32 2022/08/08 15:12:57,232 5311 [DEBUG ] [TestNG-test=FirefoxTest-1] netty.buffer.PooledByteBufAllocator netty.buffer.PooledByteBufAllocator.<clinit>(PooledByteBufAllocator.java:156) - -Dio.netty.allocator.numDirectArenas: 16
33 2022/08/08 15:12:57,232 5311 [DEBUG ] [TestNG-test=FirefoxTest-1] netty.buffer.PooledByteBufAllocator netty.buffer.PooledByteBufAllocator.<clinit>(PooledByteBufAllocator.java:158) - -Dio.netty.allocator.pageSize: 8192
34 2022/08/08 15:12:57,232 5311 [DEBUG ] [TestNG-test=FirefoxTest-1] netty.buffer.PooledByteBufAllocator netty.buffer.PooledByteBufAllocator.<clinit>(PooledByteBufAllocator.java:163) - -Dio.netty.allocator.maxOrder: 9
35 2022/08/08 15:12:57,233 5312 [DEBUG ] [TestNG-test=FirefoxTest-1] netty.buffer.PooledByteBufAllocator netty.buffer.PooledByteBufAllocator.<clinit>(PooledByteBufAllocator.java:167) - -Dio.netty.allocator.chunkSize: 4194304
36 2022/08/08 15:12:57,233 5312 [DEBUG ] [TestNG-test=FirefoxTest-1] netty.buffer.PooledByteBufAllocator netty.buffer.PooledByteBufAllocator.<clinit>(PooledByteBufAllocator.java:168) - -Dio.netty.allocator.smallCacheSize: 256
37 2022/08/08 15:12:57,234 5313 [DEBUG ] [TestNG-test=FirefoxTest-1] netty.buffer.PooledByteBufAllocator netty.buffer.PooledByteBufAllocator.<clinit>(PooledByteBufAllocator.java:169) - -Dio.netty.allocator.normalCacheSize: 64
38 2022/08/08 15:12:57,234 5313 [DEBUG ] [TestNG-test=FirefoxTest-1] netty.buffer.PooledByteBufAllocator netty.buffer.PooledByteBufAllocator.<clinit>(PooledByteBufAllocator.java:170) - -Dio.netty.allocator.maxCachedBufferCapacity: 32768
39 2022/08/08 15:12:57,234 5313 [DEBUG ] [TestNG-test=FirefoxTest-1] netty.buffer.PooledByteBufAllocator netty.buffer.PooledByteBufAllocator.<clinit>(PooledByteBufAllocator.java:171) - -Dio.netty.allocator.cacheTrimInterval: 8192
40 2022/08/08 15:12:57,235 5314 [DEBUG ] [TestNG-test=FirefoxTest-1] netty.buffer.PooledByteBufAllocator netty.buffer.PooledByteBufAllocator.<clinit>(PooledByteBufAllocator.java:172) - -Dio.netty.allocator.cacheTrimIntervalMillis: 0
41 2022/08/08 15:12:57,235 5314 [DEBUG ] [TestNG-test=FirefoxTest-1] netty.buffer.PooledByteBufAllocator netty.buffer.PooledByteBufAllocator.<clinit>(PooledByteBufAllocator.java:173) - -Dio.netty.allocator.useCacheForAllThreads: false
42 2022/08/08 15:12:57,236 5315 [DEBUG ] [TestNG-test=FirefoxTest-1] netty.buffer.PooledByteBufAllocator netty.buffer.PooledByteBufAllocator.<clinit>(PooledByteBufAllocator.java:174) - -Dio.netty.allocator.maxCachedByteBuffersPerChunk: 1023
43 2022/08/08 15:12:57,252 5331 [DEBUG ] [TestNG-test=FirefoxTest-1] netty.buffer.ByteBufUtil netty.buffer.ByteBufUtil.<clinit>(ByteBufUtil.java:87) - -Dio.netty.allocator.type: pooled
44 2022/08/08 15:12:57,252 5331 [DEBUG ] [TestNG-test=FirefoxTest-1] netty.buffer.ByteBufUtil netty.buffer.ByteBufUtil.<clinit>(ByteBufUtil.java:96) - -Dio.netty.threadLocalDirectBufferSize: 0
45 2022/08/08 15:12:57,253 5332 [DEBUG ] [TestNG-test=FirefoxTest-1] netty.buffer.ByteBufUtil netty.buffer.ByteBufUtil.<clinit>(ByteBufUtil.java:99) - -Dio.netty.maxThreadLocalCharBufferSize: 16384
46 2022/08/08 15:12:57,843 5922 [DEBUG ] [Forwarding newSession on session null to remote] netty.channel.DefaultChannelId netty.channel.DefaultChannelId.<clinit>(DefaultChannelId.java:79) - -Dio.netty.processId: 11016 (auto-detected)
47 2022/08/08 15:12:57,847 5926 [DEBUG ] [Forwarding newSession on session null to remote] netty.util.NetUtil netty.util.NetUtil.<clinit>(NetUtil.java:136) - -Djava.net.preferIPv4Stack: true
48 2022/08/08 15:12:57,847 5926 [DEBUG ] [Forwarding newSession on session null to remote] netty.util.NetUtil netty.util.NetUtil.<clinit>(NetUtil.java:137) - -Djava.net.preferIPv6Addresses: false
49 2022/08/08 15:12:57,904 5983 [DEBUG ] [Forwarding newSession on session null to remote] netty.util.NetUtilInitializations netty.util.NetUtilInitializations.determineLoopback(NetUtilInitializations.java:129) - Loopback interface: lo (Software Loopback Interface 1, 127.0.0.1)
50 2022/08/08 15:12:57,907 5986 [DEBUG ] [Forwarding newSession on session null to remote] netty.util.NetUtil netty.util.NetUtil$SoMaxConnAction.run(NetUtil.java:191) - Failed to get SOMAXCONN from sysctl and file \proc\sys\net\core\somaxconn. Default: 200
51 2022/08/08 15:12:58,048 6127 [DEBUG ] [Forwarding newSession on session null to remote] netty.channel.DefaultChannelId netty.channel.DefaultChannelId.<clinit>(DefaultChannelId.java:101) - -Dio.netty.machineId: d4:1b:81:ff:fe:59:ab:63 (auto-detected)
52 2022/08/08 15:12:58,126 6205 [DEBUG ] [AsyncHttpClient-1-2] netty.buffer.AbstractByteBuf netty.buffer.AbstractByteBuf.<clinit>(AbstractByteBuf.java:63) - -Dio.netty.buffer.checkAccessible: true
53 2022/08/08 15:12:58,127 6206 [DEBUG ] [AsyncHttpClient-1-2] netty.buffer.AbstractByteBuf netty.buffer.AbstractByteBuf.<clinit>(AbstractByteBuf.java:64) - -Dio.netty.buffer.checkBounds: true
54 2022/08/08 15:12:58,128 6207 [DEBUG ] [AsyncHttpClient-1-2] netty.util.ResourceLeakDetectorFactory netty.util.ResourceLeakDetectorFactory$DefaultResourceLeakDetectorFactory.newResourceLeakDetector(ResourceLeakDetectorFactory.java:196) - Loaded default ResourceLeakDetector: io.netty.util.ResourceLeakDetector@39b170de
55 2022/08/08 15:12:58,165 6244 [DEBUG ] [AsyncHttpClient-1-2] netty.util.Recycler netty.util.Recycler.<clinit>(Recycler.java:85) - -Dio.netty.recycler.maxCapacityPerThread: 4096
56 2022/08/08 15:12:58,166 6245 [DEBUG ] [AsyncHttpClient-1-2] netty.util.Recycler netty.util.Recycler.<clinit>(Recycler.java:86) - -Dio.netty.recycler.ratio: 8
57 2022/08/08 15:12:58,166 6245 [DEBUG ] [AsyncHttpClient-1-2] netty.util.Recycler netty.util.Recycler.<clinit>(Recycler.java:87) - -Dio.netty.recycler.chunkSize: 32
58 2022/08/08 15:12:58,166 6245 [DEBUG ] [AsyncHttpClient-1-2] netty.util.Recycler netty.util.Recycler.<clinit>(Recycler.java:88) - -Dio.netty.recycler.blocking: false
59 2022/08/08 15:13:29,491 37570 [DEBUG ] [AsyncHttpClient-1-2] codec.compression.Brotli codec.compression.Brotli.<clinit>(Brotli.java:38) - brotli4j not in the classpath; Brotli support will be unavailable.
60 2022/08/08 15:21:09,432 497511 [INFO  ] [TestNG-test=FirefoxTest-3] qa.wrappers.BaseMethod qa.wrappers.BaseMethod.selectByVisibleText(BaseMethod.java:296) - Trying to select element Value from Dropdown
61 2022/08/08 15:21:19,990 508069 [INFO  ] [TestNG-test=FirefoxTest-3] qa.wrappers.BaseMethod qa.wrappers.BaseMethod.selectByVisibleText(BaseMethod.java:300) - German Value selected from Dropdown: 
62 2022/08/08 15:21:25,481 513560 [INFO  ] [TestNG-test=FirefoxTest-5] qa.wrappers.BaseMethod qa.wrappers.BaseMethod.mouseHover(BaseMethod.java:627) - Trying to mouse hover on element [[RemoteWebDriver: chrome on LINUX (c9383eb2177aed878b389f48f2ce6c6c)] -> xpath: //a[text()='Home & Decor']] using Actions class
63 2022/08/08 15:21:40,886 528965 [ERROR ] [TestNG-test=FirefoxTest-5] qa.wrappers.BaseMethod qa.wrappers.BaseMethod.mouseHover(BaseMethod.java:639) - [[RemoteWebDriver: chrome on LINUX (c9383eb2177aed878b389f48f2ce6c6c)] -> xpath: //a[text()='Home & Decor']] StaleElementReferenceException 
64 2022/08/08 15:21:44,896 532975 [INFO  ] [TestNG-test=EdgeTest-5] qa.wrappers.BaseMethod qa.wrappers.BaseMethod.mouseHover(BaseMethod.java:627) - Trying to mouse hover on element [[RemoteWebDriver: chrome on LINUX (b5272b53029b77a493b0d86cf3332078)] -> xpath: //a[text()='Home & Decor']] using Actions class
65 2022/08/08 15:21:56,582 544661 [INFO  ] [TestNG-test=EdgeTest-5] qa.wrappers.BaseMethod qa.wrappers.BaseMethod.mouseHover(BaseMethod.java:644) - Mouse hovered and clicked on element
66 2022/08/08 15:21:56,589 544668 [INFO  ] [TestNG-test=EdgeTest-5] qa.wrappers.BaseMethod qa.wrappers.BaseMethod.getAttribute(BaseMethod.java:442) - Trying to title attribute value from DOM
67 2022/08/08 15:21:57,287 545366 [INFO  ] [TestNG-test=Chrometest-2] qa.wrappers.BaseMethod qa.wrappers.BaseMethod.click(BaseMethod.java:318) - Trying to click on element: [[RemoteWebDriver: chrome on LINUX (b5272b53029b77a493b0d86cf3332078)] -> xpath: //button[@title='Search']]
68 2022/08/08 15:21:59,493 547572 [INFO  ] [TestNG-test=EdgeTest-5] qa.wrappers.BaseMethod qa.wrappers.BaseMethod.click(BaseMethod.java:318) - Trying to click on element: [[RemoteWebDriver: chrome on LINUX (b5272b53029b77a493b0d86cf3332078)] -> xpath: //li[@class='item last']//a]
69 2022/08/08 15:22:03,597 551676 [INFO  ] [TestNG-test=Chrometest-2] qa.wrappers.BaseMethod qa.wrappers.BaseMethod.click(BaseMethod.java:321) - element clicked : [[RemoteWebDriver: chrome on LINUX (b5272b53029b77a493b0d86cf3332078)] -> xpath: //button[@title='Search']]
70 2022/08/08 15:22:15,396 563475 [INFO  ] [TestNG-test=Chrometest-5] qa.wrappers.BaseMethod qa.wrappers.BaseMethod.mouseHover(BaseMethod.java:627) - Trying to mouse hover on element [[RemoteWebDriver: chrome on LINUX (b5272b53029b77a493b0d86cf3332078)] -> xpath: //a[text()='Home & Decor']] using Actions class
71 2022/08/08 15:22:31,289 579368 [INFO  ] [TestNG-test=EdgeTest-5] qa.wrappers.BaseMethod qa.wrappers.BaseMethod.click(BaseMethod.java:321) - element clicked : Proxy element for: DefaultElementLocator 'By.xpath: //li[@class='item last']//a'
72 2022/08/08 15:22:34,381 582460 [INFO  ] [TestNG-test=FirefoxTest-2] qa.wrappers.BaseMethod qa.wrappers.BaseMethod.click(BaseMethod.java:318) - Trying to click on element: [[RemoteWebDriver: chrome on LINUX (c9383eb2177aed878b389f48f2ce6c6c)] -> xpath: //button[@title='Search']]
73 2022/08/08 15:22:36,296 584375 [INFO  ] [TestNG-test=Chrometest-5] qa.wrappers.BaseMethod qa.wrappers.BaseMethod.mouseHover(BaseMethod.java:644) - Mouse hovered and clicked on element
74 2022/08/08 15:22:47,106 595185 [INFO  ] [TestNG-test=Chrometest-5] qa.wrappers.BaseMethod qa.wrappers.BaseMethod.getAttribute(BaseMethod.java:442) - Trying to title attribute value from DOM
75 2022/08/08 15:22:48,283 596362 [INFO  ] [TestNG-test=Chrometest-5] qa.wrappers.BaseMethod qa.wrappers.BaseMethod.click(BaseMethod.java:318) - Trying to click on element: [[RemoteWebDriver: chrome on LINUX (b5272b53029b77a493b0d86cf3332078)] -> xpath: //li[@class='item last']//a]
76 2022/08/08 15:22:49,108 597187 [INFO  ] [TestNG-test=EdgeTest-3] qa.wrappers.BaseMethod qa.wrappers.BaseMethod.selectByVisibleText(BaseMethod.java:296) - Trying to select element Value from Dropdown
77 2022/08/08 15:22:53,599 601678 [INFO  ] [TestNG-test=FirefoxTest-2] qa.wrappers.BaseMethod qa.wrappers.BaseMethod.click(BaseMethod.java:321) - element clicked : [[RemoteWebDriver: chrome on LINUX (c9383eb2177aed878b389f48f2ce6c6c)] -> xpath: //button[@title='Search']]
78 2022/08/08 15:22:55,282 603361 [INFO  ] [TestNG-test=EdgeTest-3] qa.wrappers.BaseMethod qa.wrappers.BaseMethod.selectByVisibleText(BaseMethod.java:300) - German Value selected from Dropdown: 
79 2022/08/08 15:22:55,799 603878 [INFO  ] [TestNG-test=FirefoxTest-1] qa.wrappers.BaseMethod qa.wrappers.BaseMethod.click(BaseMethod.java:318) - Trying to click on element: [[RemoteWebDriver: chrome on LINUX (b5272b53029b77a493b0d86cf3332078)] -> xpath: //a[text()='Women']]
80 2022/08/08 15:23:11,914 619993 [INFO  ] [TestNG-test=Chrometest-5] qa.wrappers.BaseMethod qa.wrappers.BaseMethod.click(BaseMethod.java:321) - element clicked : Proxy element for: DefaultElementLocator 'By.xpath: //li[@class='item last']//a'
81 2022/08/08 15:23:12,197 620276 [INFO  ] [TestNG-test=EdgeTest-1] qa.wrappers.BaseMethod qa.wrappers.BaseMethod.click(BaseMethod.java:318) - Trying to click on element: [[RemoteWebDriver: chrome on LINUX (b5272b53029b77a493b0d86cf3332078)] -> xpath: //a[text()='Women']]
82 2022/08/08 15:23:24,389 632468 [INFO  ] [TestNG-test=Chrometest-4] qa.wrappers.BaseMethod qa.wrappers.BaseMethod.getAttribute(BaseMethod.java:442) - Trying to href attribute value from DOM
83 2022/08/08 15:23:24,481 632560 [INFO  ] [TestNG-test=FirefoxTest-1] qa.wrappers.BaseMethod qa.wrappers.BaseMethod.click(BaseMethod.java:321) - element clicked : [[RemoteWebDriver: chrome on LINUX (b5272b53029b77a493b0d86cf3332078)] -> xpath: //a[text()='Women']]
84 2022/08/08 15:23:25,091 633170 [INFO  ] [TestNG-test=Chrometest-4] qa.wrappers.BaseMethod qa.wrappers.BaseMethod.newTab(BaseMethod.java:129) - New tab opened 
85 2022/08/08 15:23:26,285 634364 [INFO  ] [TestNG-test=FirefoxTest-4] qa.wrappers.BaseMethod qa.wrappers.BaseMethod.getAttribute(BaseMethod.java:442) - Trying to href attribute value from DOM
86 2022/08/08 15:23:37,082 645161 [INFO  ] [TestNG-test=EdgeTest-4] qa.wrappers.BaseMethod qa.wrappers.BaseMethod.getAttribute(BaseMethod.java:442) - Trying to href attribute value from DOM
87 2022/08/08 15:23:51,996 660075 [INFO  ] [TestNG-test=EdgeTest-4] qa.wrappers.BaseMethod qa.wrappers.BaseMethod.newTab(BaseMethod.java:129) - New tab opened 
88 2022/08/08 15:23:53,417 661496 [INFO  ] [TestNG-test=Chrometest-3] qa.wrappers.BaseMethod qa.wrappers.BaseMethod.selectByVisibleText(BaseMethod.java:296) - Trying to select element Value from Dropdown
89 2022/08/08 15:23:58,690 666769 [INFO  ] [TestNG-test=Chrometest-3] qa.wrappers.BaseMethod qa.wrappers.BaseMethod.selectByVisibleText(BaseMethod.java:300) - German Value selected from Dropdown: 
90 2022/08/08 15:24:00,409 668488 [INFO  ] [TestNG-test=Chrometest-1] qa.wrappers.BaseMethod qa.wrappers.BaseMethod.click(BaseMethod.java:318) - Trying to click on element: [[RemoteWebDriver: chrome on LINUX (b5272b53029b77a493b0d86cf3332078)] -> xpath: //a[text()='Women']]
91 2022/08/08 15:24:09,399 677478 [INFO  ] [TestNG-test=Chrometest-1] qa.wrappers.BaseMethod qa.wrappers.BaseMethod.click(BaseMethod.java:321) - element clicked : [[RemoteWebDriver: chrome on LINUX (b5272b53029b77a493b0d86cf3332078)] -> xpath: //a[text()='Women']]
92 2022/08/08 15:28:10,193 918272 [INFO  ] [TestNG-test=EdgeTest-2] qa.wrappers.BaseMethod qa.wrappers.BaseMethod.click(BaseMethod.java:318) - Trying to click on element: [[RemoteWebDriver: chrome on LINUX (f4b35fff39cf9eef06addc19a40f4c36)] -> xpath: //button[@title='Search']]
93 2022/08/08 15:28:59,497 967576 [INFO  ] [TestNG-test=EdgeTest-2] qa.wrappers.BaseMethod qa.wrappers.BaseMethod.click(BaseMethod.java:321) - element clicked : [[RemoteWebDriver: chrome on LINUX (f4b35fff39cf9eef06addc19a40f4c36)] -> xpath: //button[@title='Search']]
