1 2023/04/06 19:13:41,374 2054 [DEBUG ] [TestNG-test=HBSOTest-4] internal.logging.InternalLoggerFactory internal.logging.InternalLoggerFactory.useLog4J2LoggerFactory(InternalLoggerFactory.java:76) - Using Log4J2 as the default logging framework
2 2023/04/06 19:13:41,380 2060 [DEBUG ] [TestNG-test=HBSOTest-4] netty.util.ResourceLeakDetector netty.util.ResourceLeakDetector.<clinit>(ResourceLeakDetector.java:129) - -Dio.netty.leakDetection.level: simple
3 2023/04/06 19:13:41,380 2060 [DEBUG ] [TestNG-test=HBSOTest-4] netty.util.ResourceLeakDetector netty.util.ResourceLeakDetector.<clinit>(ResourceLeakDetector.java:130) - -Dio.netty.leakDetection.targetRecords: 4
4 2023/04/06 19:13:41,387 2067 [DEBUG ] [TestNG-test=HBSOTest-4] netty.util.ResourceLeakDetectorFactory netty.util.ResourceLeakDetectorFactory$DefaultResourceLeakDetectorFactory.newResourceLeakDetector(ResourceLeakDetectorFactory.java:196) - Loaded default ResourceLeakDetector: io.netty.util.ResourceLeakDetector@714d0eb1
5 2023/04/06 19:13:41,401 2081 [DEBUG ] [TestNG-test=HBSOTest-4] util.internal.PlatformDependent0 util.internal.PlatformDependent0.explicitNoUnsafeCause0(PlatformDependent0.java:496) - -Dio.netty.noUnsafe: false
6 2023/04/06 19:13:41,402 2082 [DEBUG ] [TestNG-test=HBSOTest-4] util.internal.PlatformDependent0 util.internal.PlatformDependent0.javaVersion0(PlatformDependent0.java:1000) - Java version: 8
7 2023/04/06 19:13:41,402 2082 [DEBUG ] [TestNG-test=HBSOTest-4] util.internal.PlatformDependent0 util.internal.PlatformDependent0.<clinit>(PlatformDependent0.java:137) - sun.misc.Unsafe.theUnsafe: available
8 2023/04/06 19:13:41,404 2084 [DEBUG ] [TestNG-test=HBSOTest-4] util.internal.PlatformDependent0 util.internal.PlatformDependent0.<clinit>(PlatformDependent0.java:161) - sun.misc.Unsafe.copyMemory: available
9 2023/04/06 19:13:41,404 2084 [DEBUG ] [TestNG-test=HBSOTest-4] util.internal.PlatformDependent0 util.internal.PlatformDependent0.<clinit>(PlatformDependent0.java:193) - sun.misc.Unsafe.storeFence: available
10 2023/04/06 19:13:41,404 2084 [DEBUG ] [TestNG-test=HBSOTest-4] util.internal.PlatformDependent0 util.internal.PlatformDependent0.<clinit>(PlatformDependent0.java:236) - java.nio.Buffer.address: available
11 2023/04/06 19:13:41,405 2085 [DEBUG ] [TestNG-test=HBSOTest-4] util.internal.PlatformDependent0 util.internal.PlatformDependent0.<clinit>(PlatformDependent0.java:307) - direct buffer constructor: available
12 2023/04/06 19:13:41,405 2085 [DEBUG ] [TestNG-test=HBSOTest-4] util.internal.PlatformDependent0 util.internal.PlatformDependent0.<clinit>(PlatformDependent0.java:385) - java.nio.Bits.unaligned: available, true
13 2023/04/06 19:13:41,406 2086 [DEBUG ] [TestNG-test=HBSOTest-4] util.internal.PlatformDependent0 util.internal.PlatformDependent0.<clinit>(PlatformDependent0.java:459) - jdk.internal.misc.Unsafe.allocateUninitializedArray(int): unavailable prior to Java9
14 2023/04/06 19:13:41,406 2086 [DEBUG ] [TestNG-test=HBSOTest-4] util.internal.PlatformDependent0 util.internal.PlatformDependent0.<clinit>(PlatformDependent0.java:482) - java.nio.DirectByteBuffer.<init>(long, int): available
15 2023/04/06 19:13:41,407 2087 [DEBUG ] [TestNG-test=HBSOTest-4] util.internal.PlatformDependent util.internal.PlatformDependent.unsafeUnavailabilityCause0(PlatformDependent.java:1159) - sun.misc.Unsafe: available
16 2023/04/06 19:13:41,407 2087 [DEBUG ] [TestNG-test=HBSOTest-4] util.internal.PlatformDependent util.internal.PlatformDependent.tmpdir0(PlatformDependent.java:1289) - -Dio.netty.tmpdir: /var/folders/b6/k_w0589j24712v_9f8zffkgnct9bh0/T (java.io.tmpdir)
17 2023/04/06 19:13:41,408 2088 [DEBUG ] [TestNG-test=HBSOTest-4] util.internal.PlatformDependent util.internal.PlatformDependent.bitMode0(PlatformDependent.java:1368) - -Dio.netty.bitMode: 64 (sun.arch.data.model)
18 2023/04/06 19:13:41,411 2091 [DEBUG ] [TestNG-test=HBSOTest-4] util.internal.PlatformDependent util.internal.PlatformDependent.isOsx0(PlatformDependent.java:1127) - Platform: MacOS
19 2023/04/06 19:13:41,412 2092 [DEBUG ] [TestNG-test=HBSOTest-4] util.internal.PlatformDependent util.internal.PlatformDependent.<clinit>(PlatformDependent.java:178) - -Dio.netty.maxDirectMemory: 3817865216 bytes
20 2023/04/06 19:13:41,412 2092 [DEBUG ] [TestNG-test=HBSOTest-4] util.internal.PlatformDependent util.internal.PlatformDependent.<clinit>(PlatformDependent.java:185) - -Dio.netty.uninitializedArrayAllocationThreshold: -1
21 2023/04/06 19:13:41,413 2093 [DEBUG ] [TestNG-test=HBSOTest-4] util.internal.CleanerJava6 util.internal.CleanerJava6.<clinit>(CleanerJava6.java:92) - java.nio.ByteBuffer.cleaner(): available
22 2023/04/06 19:13:41,413 2093 [DEBUG ] [TestNG-test=HBSOTest-4] util.internal.PlatformDependent util.internal.PlatformDependent.<clinit>(PlatformDependent.java:205) - -Dio.netty.noPreferDirect: false
23 2023/04/06 19:13:41,418 2098 [DEBUG ] [TestNG-test=HBSOTest-4] util.internal.PlatformDependent util.internal.PlatformDependent$Mpsc.<clinit>(PlatformDependent.java:1010) - org.jctools-core.MpscChunkedArrayQueue: available
24 2023/04/06 19:13:41,431 2111 [DEBUG ] [TestNG-test=HBSOTest-4] util.internal.InternalThreadLocalMap util.internal.InternalThreadLocalMap.<clinit>(InternalThreadLocalMap.java:100) - -Dio.netty.threadLocalMap.stringBuilder.initialSize: 1024
25 2023/04/06 19:13:41,431 2111 [DEBUG ] [TestNG-test=HBSOTest-4] util.internal.InternalThreadLocalMap util.internal.InternalThreadLocalMap.<clinit>(InternalThreadLocalMap.java:101) - -Dio.netty.threadLocalMap.stringBuilder.maxSize: 4096
26 2023/04/06 19:13:41,624 2304 [DEBUG ] [TestNG-test=HBSOTest-4] handler.ssl.JdkSslContext handler.ssl.JdkSslContext.<clinit>(JdkSslContext.java:83) - Default protocols (JDK): [TLSv1.3, TLSv1.2] 
27 2023/04/06 19:13:41,625 2305 [DEBUG ] [TestNG-test=HBSOTest-4] handler.ssl.JdkSslContext handler.ssl.JdkSslContext.<clinit>(JdkSslContext.java:84) - Default cipher suites (JDK): [TLS_ECDHE_ECDSA_WITH_AES_256_GCM_SHA384, TLS_ECDHE_ECDSA_WITH_AES_128_GCM_SHA256, TLS_ECDHE_RSA_WITH_AES_128_GCM_SHA256, TLS_ECDHE_RSA_WITH_AES_256_GCM_SHA384, TLS_ECDHE_RSA_WITH_AES_128_CBC_SHA, TLS_ECDHE_RSA_WITH_AES_256_CBC_SHA, TLS_RSA_WITH_AES_128_GCM_SHA256, TLS_RSA_WITH_AES_128_CBC_SHA, TLS_RSA_WITH_AES_256_CBC_SHA, TLS_AES_128_GCM_SHA256, TLS_AES_256_GCM_SHA384]
28 2023/04/06 19:13:41,646 2326 [DEBUG ] [TestNG-test=HBSOTest-4] netty.channel.MultithreadEventLoopGroup netty.channel.MultithreadEventLoopGroup.<clinit>(MultithreadEventLoopGroup.java:44) - -Dio.netty.eventLoopThreads: 16
29 2023/04/06 19:13:41,652 2332 [DEBUG ] [TestNG-test=HBSOTest-4] channel.nio.NioEventLoop channel.nio.NioEventLoop.<clinit>(NioEventLoop.java:110) - -Dio.netty.noKeySetOptimization: false
30 2023/04/06 19:13:41,652 2332 [DEBUG ] [TestNG-test=HBSOTest-4] channel.nio.NioEventLoop channel.nio.NioEventLoop.<clinit>(NioEventLoop.java:111) - -Dio.netty.selectorAutoRebuildThreshold: 512
31 2023/04/06 19:13:41,671 2351 [DEBUG ] [TestNG-test=HBSOTest-4] netty.buffer.PooledByteBufAllocator netty.buffer.PooledByteBufAllocator.<clinit>(PooledByteBufAllocator.java:157) - -Dio.netty.allocator.numHeapArenas: 16
32 2023/04/06 19:13:41,671 2351 [DEBUG ] [TestNG-test=HBSOTest-4] netty.buffer.PooledByteBufAllocator netty.buffer.PooledByteBufAllocator.<clinit>(PooledByteBufAllocator.java:158) - -Dio.netty.allocator.numDirectArenas: 16
33 2023/04/06 19:13:41,671 2351 [DEBUG ] [TestNG-test=HBSOTest-4] netty.buffer.PooledByteBufAllocator netty.buffer.PooledByteBufAllocator.<clinit>(PooledByteBufAllocator.java:160) - -Dio.netty.allocator.pageSize: 8192
34 2023/04/06 19:13:41,671 2351 [DEBUG ] [TestNG-test=HBSOTest-4] netty.buffer.PooledByteBufAllocator netty.buffer.PooledByteBufAllocator.<clinit>(PooledByteBufAllocator.java:165) - -Dio.netty.allocator.maxOrder: 9
35 2023/04/06 19:13:41,671 2351 [DEBUG ] [TestNG-test=HBSOTest-4] netty.buffer.PooledByteBufAllocator netty.buffer.PooledByteBufAllocator.<clinit>(PooledByteBufAllocator.java:169) - -Dio.netty.allocator.chunkSize: 4194304
36 2023/04/06 19:13:41,672 2352 [DEBUG ] [TestNG-test=HBSOTest-4] netty.buffer.PooledByteBufAllocator netty.buffer.PooledByteBufAllocator.<clinit>(PooledByteBufAllocator.java:170) - -Dio.netty.allocator.smallCacheSize: 256
37 2023/04/06 19:13:41,672 2352 [DEBUG ] [TestNG-test=HBSOTest-4] netty.buffer.PooledByteBufAllocator netty.buffer.PooledByteBufAllocator.<clinit>(PooledByteBufAllocator.java:171) - -Dio.netty.allocator.normalCacheSize: 64
38 2023/04/06 19:13:41,672 2352 [DEBUG ] [TestNG-test=HBSOTest-4] netty.buffer.PooledByteBufAllocator netty.buffer.PooledByteBufAllocator.<clinit>(PooledByteBufAllocator.java:172) - -Dio.netty.allocator.maxCachedBufferCapacity: 32768
39 2023/04/06 19:13:41,672 2352 [DEBUG ] [TestNG-test=HBSOTest-4] netty.buffer.PooledByteBufAllocator netty.buffer.PooledByteBufAllocator.<clinit>(PooledByteBufAllocator.java:173) - -Dio.netty.allocator.cacheTrimInterval: 8192
40 2023/04/06 19:13:41,672 2352 [DEBUG ] [TestNG-test=HBSOTest-4] netty.buffer.PooledByteBufAllocator netty.buffer.PooledByteBufAllocator.<clinit>(PooledByteBufAllocator.java:174) - -Dio.netty.allocator.cacheTrimIntervalMillis: 0
41 2023/04/06 19:13:41,672 2352 [DEBUG ] [TestNG-test=HBSOTest-4] netty.buffer.PooledByteBufAllocator netty.buffer.PooledByteBufAllocator.<clinit>(PooledByteBufAllocator.java:175) - -Dio.netty.allocator.useCacheForAllThreads: false
42 2023/04/06 19:13:41,672 2352 [DEBUG ] [TestNG-test=HBSOTest-4] netty.buffer.PooledByteBufAllocator netty.buffer.PooledByteBufAllocator.<clinit>(PooledByteBufAllocator.java:176) - -Dio.netty.allocator.maxCachedByteBuffersPerChunk: 1023
43 2023/04/06 19:13:41,681 2361 [DEBUG ] [TestNG-test=HBSOTest-4] netty.buffer.ByteBufUtil netty.buffer.ByteBufUtil.<clinit>(ByteBufUtil.java:87) - -Dio.netty.allocator.type: pooled
44 2023/04/06 19:13:41,682 2362 [DEBUG ] [TestNG-test=HBSOTest-4] netty.buffer.ByteBufUtil netty.buffer.ByteBufUtil.<clinit>(ByteBufUtil.java:96) - -Dio.netty.threadLocalDirectBufferSize: 0
45 2023/04/06 19:13:41,682 2362 [DEBUG ] [TestNG-test=HBSOTest-4] netty.buffer.ByteBufUtil netty.buffer.ByteBufUtil.<clinit>(ByteBufUtil.java:99) - -Dio.netty.maxThreadLocalCharBufferSize: 16384
46 2023/04/06 19:13:41,958 2638 [DEBUG ] [Forwarding newSession on session null to remote] netty.channel.DefaultChannelId netty.channel.DefaultChannelId.<clinit>(DefaultChannelId.java:79) - -Dio.netty.processId: 51415 (auto-detected)
47 2023/04/06 19:13:41,961 2641 [DEBUG ] [Forwarding newSession on session null to remote] netty.util.NetUtil netty.util.NetUtil.<clinit>(NetUtil.java:142) - -Djava.net.preferIPv4Stack: true
48 2023/04/06 19:13:41,961 2641 [DEBUG ] [Forwarding newSession on session null to remote] netty.util.NetUtil netty.util.NetUtil.<clinit>(NetUtil.java:143) - -Djava.net.preferIPv6Addresses: false
49 2023/04/06 19:13:41,962 2642 [DEBUG ] [Forwarding newSession on session null to remote] netty.util.NetUtilInitializations netty.util.NetUtilInitializations.determineLoopback(NetUtilInitializations.java:139) - Loopback interface: lo0 (lo0, 0:0:0:0:0:0:0:1%lo0)
50 2023/04/06 19:13:41,963 2643 [DEBUG ] [Forwarding newSession on session null to remote] netty.util.NetUtil netty.util.NetUtil$SoMaxConnAction.run(NetUtil.java:200) - Failed to get SOMAXCONN from sysctl and file /proc/sys/net/core/somaxconn. Default: 128
51 2023/04/06 19:13:41,965 2645 [DEBUG ] [Forwarding newSession on session null to remote] netty.channel.DefaultChannelId netty.channel.DefaultChannelId.<clinit>(DefaultChannelId.java:101) - -Dio.netty.machineId: bc:d0:74:ff:fe:f0:77:f0 (auto-detected)
52 2023/04/06 19:13:42,016 2696 [DEBUG ] [AsyncHttpClient-1-2] netty.buffer.AbstractByteBuf netty.buffer.AbstractByteBuf.<clinit>(AbstractByteBuf.java:63) - -Dio.netty.buffer.checkAccessible: true
53 2023/04/06 19:13:42,017 2697 [DEBUG ] [AsyncHttpClient-1-2] netty.buffer.AbstractByteBuf netty.buffer.AbstractByteBuf.<clinit>(AbstractByteBuf.java:64) - -Dio.netty.buffer.checkBounds: true
54 2023/04/06 19:13:42,017 2697 [DEBUG ] [AsyncHttpClient-1-2] netty.util.ResourceLeakDetectorFactory netty.util.ResourceLeakDetectorFactory$DefaultResourceLeakDetectorFactory.newResourceLeakDetector(ResourceLeakDetectorFactory.java:196) - Loaded default ResourceLeakDetector: io.netty.util.ResourceLeakDetector@4f3d8c2e
55 2023/04/06 19:13:42,080 2760 [DEBUG ] [AsyncHttpClient-1-2] netty.util.Recycler netty.util.Recycler.<clinit>(Recycler.java:85) - -Dio.netty.recycler.maxCapacityPerThread: 4096
56 2023/04/06 19:13:42,081 2761 [DEBUG ] [AsyncHttpClient-1-2] netty.util.Recycler netty.util.Recycler.<clinit>(Recycler.java:86) - -Dio.netty.recycler.ratio: 8
57 2023/04/06 19:13:42,081 2761 [DEBUG ] [AsyncHttpClient-1-2] netty.util.Recycler netty.util.Recycler.<clinit>(Recycler.java:87) - -Dio.netty.recycler.chunkSize: 32
58 2023/04/06 19:13:42,081 2761 [DEBUG ] [AsyncHttpClient-1-2] netty.util.Recycler netty.util.Recycler.<clinit>(Recycler.java:88) - -Dio.netty.recycler.blocking: false
59 2023/04/06 19:13:48,509 9189 [DEBUG ] [AsyncHttpClient-1-2] codec.compression.Brotli codec.compression.Brotli.<clinit>(Brotli.java:38) - brotli4j not in the classpath; Brotli support will be unavailable.
60 2023/04/06 19:17:48,758 249438 [INFO  ] [TestNG-test=HBSOTest-1] qa.wrappers.BaseMethod qa.wrappers.BaseMethod.click(BaseMethod.java:323) - Trying to click on element: [[RemoteWebDriver: chrome on LINUX (d7291cdc2d91d61a78fef3555d640db8)] -> xpath: //div[@class="course-card-header"]//a[text()='Business Essentials']]
61 2023/04/06 19:18:05,234 265914 [INFO  ] [TestNG-test=HBSOTest-1] qa.wrappers.BaseMethod qa.wrappers.BaseMethod.click(BaseMethod.java:326) - element clicked : [[RemoteWebDriver: chrome on LINUX (d7291cdc2d91d61a78fef3555d640db8)] -> xpath: //div[@class="course-card-header"]//a[text()='Business Essentials']]
62 2023/04/06 19:18:38,420 299100 [INFO  ] [TestNG-test=HBSOTest-1] qa.wrappers.BaseMethod qa.wrappers.BaseMethod.click(BaseMethod.java:323) - Trying to click on element: [[RemoteWebDriver: chrome on LINUX (d7291cdc2d91d61a78fef3555d640db8)] -> xpath: //a[text()='What you earn']]
63 2023/04/06 19:18:47,103 307783 [INFO  ] [TestNG-test=HBSOTest-1] qa.wrappers.BaseMethod qa.wrappers.BaseMethod.click(BaseMethod.java:326) - element clicked : [[RemoteWebDriver: chrome on LINUX (d7291cdc2d91d61a78fef3555d640db8)] -> xpath: //a[text()='What you earn']]
64 2023/04/06 19:18:49,726 310406 [INFO  ] [TestNG-test=HBSOTest-1] qa.wrappers.BaseMethod qa.wrappers.BaseMethod.click(BaseMethod.java:323) - Trying to click on element: [[RemoteWebDriver: chrome on LINUX (d7291cdc2d91d61a78fef3555d640db8)] -> xpath: //a[text()='Syllabus']]
65 2023/04/06 19:18:54,963 315643 [INFO  ] [TestNG-test=HBSOTest-1] qa.wrappers.BaseMethod qa.wrappers.BaseMethod.click(BaseMethod.java:326) - element clicked : [[RemoteWebDriver: chrome on LINUX (d7291cdc2d91d61a78fef3555d640db8)] -> xpath: //a[text()='Syllabus']]
66 2023/04/06 19:18:56,538 317218 [INFO  ] [TestNG-test=HBSOTest-1] qa.wrappers.BaseMethod qa.wrappers.BaseMethod.click(BaseMethod.java:323) - Trying to click on element: [[RemoteWebDriver: chrome on LINUX (d7291cdc2d91d61a78fef3555d640db8)] -> xpath: (//div[@class='card']/dl/dt/a)[1]]
67 2023/04/06 19:19:01,642 322322 [INFO  ] [TestNG-test=HBSOTest-1] qa.wrappers.BaseMethod qa.wrappers.BaseMethod.click(BaseMethod.java:326) - element clicked : [[RemoteWebDriver: chrome on LINUX (d7291cdc2d91d61a78fef3555d640db8)] -> xpath: (//div[@class='card']/dl/dt/a)[1]]
68 2023/04/06 19:19:05,649 326329 [INFO  ] [TestNG-test=HBSOTest-1] qa.wrappers.BaseMethod qa.wrappers.BaseMethod.click(BaseMethod.java:323) - Trying to click on element: [[RemoteWebDriver: chrome on LINUX (d7291cdc2d91d61a78fef3555d640db8)] -> xpath: //a[text()='Enrollment']]
69 2023/04/06 19:19:10,762 331442 [INFO  ] [TestNG-test=HBSOTest-1] qa.wrappers.BaseMethod qa.wrappers.BaseMethod.click(BaseMethod.java:326) - element clicked : [[RemoteWebDriver: chrome on LINUX (d7291cdc2d91d61a78fef3555d640db8)] -> xpath: //a[text()='Enrollment']]
70 2023/04/06 19:19:13,814 334494 [INFO  ] [TestNG-test=HBSOTest-1] qa.wrappers.BaseMethod qa.wrappers.BaseMethod.click(BaseMethod.java:323) - Trying to click on element: [[RemoteWebDriver: chrome on LINUX (d7291cdc2d91d61a78fef3555d640db8)] -> xpath: (//a[text()='FAQs'])[1]]
71 2023/04/06 19:19:19,732 340412 [INFO  ] [TestNG-test=HBSOTest-1] qa.wrappers.BaseMethod qa.wrappers.BaseMethod.click(BaseMethod.java:326) - element clicked : [[RemoteWebDriver: chrome on LINUX (d7291cdc2d91d61a78fef3555d640db8)] -> xpath: (//a[text()='FAQs'])[1]]
72 2023/04/06 19:19:21,227 341907 [INFO  ] [TestNG-test=HBSOTest-1] qa.wrappers.BaseMethod qa.wrappers.BaseMethod.click(BaseMethod.java:323) - Trying to click on element: [[RemoteWebDriver: chrome on LINUX (d7291cdc2d91d61a78fef3555d640db8)] -> xpath: (//h2[text()='Business Analytics FAQs']/parent::div/div/div/a[@role="button"])[1]]
73 2023/04/06 19:19:27,260 347940 [INFO  ] [TestNG-test=HBSOTest-1] qa.wrappers.BaseMethod qa.wrappers.BaseMethod.click(BaseMethod.java:326) - element clicked : [[RemoteWebDriver: chrome on LINUX (d7291cdc2d91d61a78fef3555d640db8)] -> xpath: (//h2[text()='Business Analytics FAQs']/parent::div/div/div/a[@role="button"])[1]]
74 2023/04/06 19:19:30,872 351552 [INFO  ] [TestNG-test=HBSOTest-1] qa.wrappers.BaseMethod qa.wrappers.BaseMethod.click(BaseMethod.java:323) - Trying to click on element: [[RemoteWebDriver: chrome on LINUX (d7291cdc2d91d61a78fef3555d640db8)] -> xpath: (//h2[text()='Business Analytics FAQs']/parent::div/div/div/a[@role="button"])[1]]
75 2023/04/06 19:19:36,483 357163 [INFO  ] [TestNG-test=HBSOTest-1] qa.wrappers.BaseMethod qa.wrappers.BaseMethod.click(BaseMethod.java:326) - element clicked : [[RemoteWebDriver: chrome on LINUX (d7291cdc2d91d61a78fef3555d640db8)] -> xpath: (//h2[text()='Business Analytics FAQs']/parent::div/div/div/a[@role="button"])[1]]
76 2023/04/06 19:24:00,289 620969 [INFO  ] [TestNG-test=HBSOTest-3] qa.wrappers.BaseMethod qa.wrappers.BaseMethod.click(BaseMethod.java:323) - Trying to click on element: [[RemoteWebDriver: chrome on LINUX (d7291cdc2d91d61a78fef3555d640db8)] -> xpath: //div[@class='drift-widget-avatar circle drift-controller-icon--avatar-avatar']]
77 2023/04/06 19:31:33,049 1073729 [INFO  ] [TestNG-test=HBSOTest-1] qa.wrappers.BaseMethod qa.wrappers.BaseMethod.click(BaseMethod.java:323) - Trying to click on element: [[RemoteWebDriver: chrome on LINUX (0d8fee8f127c90bbb7b11485786a6a42)] -> xpath: //div[@class="course-card-header"]//a[text()='Business Essentials']]
78 2023/04/06 19:31:50,856 1091536 [INFO  ] [TestNG-test=HBSOTest-1] qa.wrappers.BaseMethod qa.wrappers.BaseMethod.click(BaseMethod.java:326) - element clicked : [[RemoteWebDriver: chrome on LINUX (0d8fee8f127c90bbb7b11485786a6a42)] -> xpath: //div[@class="course-card-header"]//a[text()='Business Essentials']]
79 2023/04/06 19:33:46,003 1206683 [INFO  ] [TestNG-test=HBSOTest-4] qa.wrappers.BaseMethod qa.wrappers.BaseMethod.click(BaseMethod.java:323) - Trying to click on element: [[RemoteWebDriver: chrome on LINUX (0d8fee8f127c90bbb7b11485786a6a42)] -> xpath: //a[@class='bx-close bx-close-link bx-close-inside']]
80 2023/04/06 19:33:52,189 1212869 [INFO  ] [TestNG-test=HBSOTest-4] qa.wrappers.BaseMethod qa.wrappers.BaseMethod.click(BaseMethod.java:326) - element clicked : [[RemoteWebDriver: chrome on LINUX (0d8fee8f127c90bbb7b11485786a6a42)] -> xpath: //a[@class='bx-close bx-close-link bx-close-inside']]
81 2023/04/06 19:42:33,145 1733825 [INFO  ] [TestNG-test=HBSOTest-2] qa.wrappers.BaseMethod qa.wrappers.BaseMethod.click(BaseMethod.java:323) - Trying to click on element: [[RemoteWebDriver: chrome on LINUX (7b128138e19b94b1d2d1400a266b64ad)] -> xpath: //a[@class='bx-close bx-close-link bx-close-inside']]
82 2023/04/06 19:42:38,920 1739600 [INFO  ] [TestNG-test=HBSOTest-2] qa.wrappers.BaseMethod qa.wrappers.BaseMethod.click(BaseMethod.java:326) - element clicked : [[RemoteWebDriver: chrome on LINUX (7b128138e19b94b1d2d1400a266b64ad)] -> xpath: //a[@class='bx-close bx-close-link bx-close-inside']]
83 2023/04/06 19:42:40,091 1740771 [INFO  ] [TestNG-test=HBSOTest-2] qa.wrappers.BaseMethod qa.wrappers.BaseMethod.click(BaseMethod.java:323) - Trying to click on element: [[RemoteWebDriver: chrome on LINUX (7b128138e19b94b1d2d1400a266b64ad)] -> xpath: (//a[@class='universal-banner-menu-toggle'])[2]]
84 2023/04/06 19:42:55,906 1756586 [INFO  ] [TestNG-test=HBSOTest-2] qa.wrappers.BaseMethod qa.wrappers.BaseMethod.click(BaseMethod.java:326) - element clicked : Proxy element for: DefaultElementLocator 'By.xpath: (//a[@class='universal-banner-menu-toggle'])[2]'
85 2023/04/06 19:42:56,193 1756873 [INFO  ] [TestNG-test=HBSOTest-2] qa.wrappers.BaseMethod qa.wrappers.BaseMethod.click(BaseMethod.java:323) - Trying to click on element: [[RemoteWebDriver: chrome on LINUX (7b128138e19b94b1d2d1400a266b64ad)] -> xpath: //a[@id='slidernav-insights']]
86 2023/04/06 19:43:01,490 1762170 [INFO  ] [TestNG-test=HBSOTest-2] qa.wrappers.BaseMethod qa.wrappers.BaseMethod.click(BaseMethod.java:326) - element clicked : [[RemoteWebDriver: chrome on LINUX (7b128138e19b94b1d2d1400a266b64ad)] -> xpath: //a[@id='slidernav-insights']]
