1 2022/07/06 16:50:17,189 6132 [DEBUG ] [main] internal.logging.InternalLoggerFactory internal.logging.InternalLoggerFactory.useLog4J2LoggerFactory(InternalLoggerFactory.java:76) - Using Log4J2 as the default logging framework
2 2022/07/06 16:50:17,204 6147 [DEBUG ] [main] netty.util.ResourceLeakDetector netty.util.ResourceLeakDetector.<clinit>(ResourceLeakDetector.java:129) - -Dio.netty.leakDetection.level: simple
3 2022/07/06 16:50:17,205 6148 [DEBUG ] [main] netty.util.ResourceLeakDetector netty.util.ResourceLeakDetector.<clinit>(ResourceLeakDetector.java:130) - -Dio.netty.leakDetection.targetRecords: 4
4 2022/07/06 16:50:17,213 6156 [DEBUG ] [main] netty.util.ResourceLeakDetectorFactory netty.util.ResourceLeakDetectorFactory$DefaultResourceLeakDetectorFactory.newResourceLeakDetector(ResourceLeakDetectorFactory.java:196) - Loaded default ResourceLeakDetector: io.netty.util.ResourceLeakDetector@5f254608
5 2022/07/06 16:50:17,241 6184 [DEBUG ] [main] util.internal.PlatformDependent0 util.internal.PlatformDependent0.explicitNoUnsafeCause0(PlatformDependent0.java:460) - -Dio.netty.noUnsafe: false
6 2022/07/06 16:50:17,241 6184 [DEBUG ] [main] util.internal.PlatformDependent0 util.internal.PlatformDependent0.javaVersion0(PlatformDependent0.java:954) - Java version: 15
7 2022/07/06 16:50:17,243 6186 [DEBUG ] [main] util.internal.PlatformDependent0 util.internal.PlatformDependent0.<clinit>(PlatformDependent0.java:135) - sun.misc.Unsafe.theUnsafe: available
8 2022/07/06 16:50:17,245 6188 [DEBUG ] [main] util.internal.PlatformDependent0 util.internal.PlatformDependent0.<clinit>(PlatformDependent0.java:159) - sun.misc.Unsafe.copyMemory: available
9 2022/07/06 16:50:17,247 6190 [DEBUG ] [main] util.internal.PlatformDependent0 util.internal.PlatformDependent0.<clinit>(PlatformDependent0.java:202) - java.nio.Buffer.address: available
10 2022/07/06 16:50:17,248 6191 [DEBUG ] [main] util.internal.PlatformDependent0 util.internal.PlatformDependent0.<clinit>(PlatformDependent0.java:285) - direct buffer constructor: unavailable: Reflective setAccessible(true) disabled
11 2022/07/06 16:50:17,250 6193 [DEBUG ] [main] util.internal.PlatformDependent0 util.internal.PlatformDependent0.<clinit>(PlatformDependent0.java:350) - java.nio.Bits.unaligned: available, true
12 2022/07/06 16:50:17,252 6195 [DEBUG ] [main] util.internal.PlatformDependent0 util.internal.PlatformDependent0.<clinit>(PlatformDependent0.java:417) - jdk.internal.misc.Unsafe.allocateUninitializedArray(int): unavailable: class io.netty.util.internal.PlatformDependent0$6 cannot access class jdk.internal.misc.Unsafe (in module java.base) because module java.base does not export jdk.internal.misc to unnamed module @77865933
13 2022/07/06 16:50:17,257 6200 [DEBUG ] [main] util.internal.PlatformDependent0 util.internal.PlatformDependent0.<clinit>(PlatformDependent0.java:446) - java.nio.DirectByteBuffer.<init>(long, int): unavailable
14 2022/07/06 16:50:17,257 6200 [DEBUG ] [main] util.internal.PlatformDependent util.internal.PlatformDependent.unsafeUnavailabilityCause0(PlatformDependent.java:1116) - sun.misc.Unsafe: available
15 2022/07/06 16:50:17,258 6201 [DEBUG ] [main] util.internal.PlatformDependent util.internal.PlatformDependent.estimateMaxDirectMemory(PlatformDependent.java:1227) - maxDirectMemory: 4213178368 bytes (maybe)
16 2022/07/06 16:50:17,259 6202 [DEBUG ] [main] util.internal.PlatformDependent util.internal.PlatformDependent.tmpdir0(PlatformDependent.java:1246) - -Dio.netty.tmpdir: C:\Users\10678144\AppData\Local\Temp (java.io.tmpdir)
17 2022/07/06 16:50:17,260 6203 [DEBUG ] [main] util.internal.PlatformDependent util.internal.PlatformDependent.bitMode0(PlatformDependent.java:1325) - -Dio.netty.bitMode: 64 (sun.arch.data.model)
18 2022/07/06 16:50:17,261 6204 [DEBUG ] [main] util.internal.PlatformDependent util.internal.PlatformDependent.isWindows0(PlatformDependent.java:1076) - Platform: Windows
19 2022/07/06 16:50:17,262 6205 [DEBUG ] [main] util.internal.PlatformDependent util.internal.PlatformDependent.<clinit>(PlatformDependent.java:178) - -Dio.netty.maxDirectMemory: -1 bytes
20 2022/07/06 16:50:17,263 6206 [DEBUG ] [main] util.internal.PlatformDependent util.internal.PlatformDependent.<clinit>(PlatformDependent.java:185) - -Dio.netty.uninitializedArrayAllocationThreshold: -1
21 2022/07/06 16:50:17,265 6208 [DEBUG ] [main] util.internal.CleanerJava9 util.internal.CleanerJava9.<clinit>(CleanerJava9.java:71) - java.nio.ByteBuffer.cleaner(): available
22 2022/07/06 16:50:17,266 6209 [DEBUG ] [main] util.internal.PlatformDependent util.internal.PlatformDependent.<clinit>(PlatformDependent.java:205) - -Dio.netty.noPreferDirect: false
23 2022/07/06 16:50:17,276 6219 [DEBUG ] [main] util.internal.PlatformDependent util.internal.PlatformDependent$Mpsc.<clinit>(PlatformDependent.java:967) - org.jctools-core.MpscChunkedArrayQueue: available
24 2022/07/06 16:50:17,312 6255 [DEBUG ] [main] util.internal.InternalThreadLocalMap util.internal.InternalThreadLocalMap.<clinit>(InternalThreadLocalMap.java:86) - -Dio.netty.threadLocalMap.stringBuilder.initialSize: 1024
25 2022/07/06 16:50:17,313 6256 [DEBUG ] [main] util.internal.InternalThreadLocalMap util.internal.InternalThreadLocalMap.<clinit>(InternalThreadLocalMap.java:89) - -Dio.netty.threadLocalMap.stringBuilder.maxSize: 4096
26 2022/07/06 16:50:17,345 6288 [DEBUG ] [main] handler.ssl.JdkSslContext handler.ssl.JdkSslContext.<clinit>(JdkSslContext.java:97) - Default protocols (JDK): [TLSv1.3, TLSv1.2, TLSv1.1, TLSv1] 
27 2022/07/06 16:50:17,346 6289 [DEBUG ] [main] handler.ssl.JdkSslContext handler.ssl.JdkSslContext.<clinit>(JdkSslContext.java:98) - Default cipher suites (JDK): [TLS_ECDHE_ECDSA_WITH_AES_256_GCM_SHA384, TLS_ECDHE_ECDSA_WITH_AES_128_GCM_SHA256, TLS_ECDHE_RSA_WITH_AES_128_GCM_SHA256, TLS_ECDHE_RSA_WITH_AES_256_GCM_SHA384, TLS_ECDHE_RSA_WITH_AES_128_CBC_SHA, TLS_ECDHE_RSA_WITH_AES_256_CBC_SHA, TLS_RSA_WITH_AES_128_GCM_SHA256, TLS_RSA_WITH_AES_128_CBC_SHA, TLS_RSA_WITH_AES_256_CBC_SHA, TLS_AES_128_GCM_SHA256, TLS_AES_256_GCM_SHA384]
28 2022/07/06 16:50:17,402 6345 [DEBUG ] [main] netty.channel.MultithreadEventLoopGroup netty.channel.MultithreadEventLoopGroup.<clinit>(MultithreadEventLoopGroup.java:44) - -Dio.netty.eventLoopThreads: 16
29 2022/07/06 16:50:17,429 6372 [DEBUG ] [main] channel.nio.NioEventLoop channel.nio.NioEventLoop.<clinit>(NioEventLoop.java:109) - -Dio.netty.noKeySetOptimization: false
30 2022/07/06 16:50:17,430 6373 [DEBUG ] [main] channel.nio.NioEventLoop channel.nio.NioEventLoop.<clinit>(NioEventLoop.java:110) - -Dio.netty.selectorAutoRebuildThreshold: 512
31 2022/07/06 16:50:17,527 6470 [DEBUG ] [main] netty.buffer.PooledByteBufAllocator netty.buffer.PooledByteBufAllocator.<clinit>(PooledByteBufAllocator.java:155) - -Dio.netty.allocator.numHeapArenas: 16
32 2022/07/06 16:50:17,528 6471 [DEBUG ] [main] netty.buffer.PooledByteBufAllocator netty.buffer.PooledByteBufAllocator.<clinit>(PooledByteBufAllocator.java:156) - -Dio.netty.allocator.numDirectArenas: 16
33 2022/07/06 16:50:17,528 6471 [DEBUG ] [main] netty.buffer.PooledByteBufAllocator netty.buffer.PooledByteBufAllocator.<clinit>(PooledByteBufAllocator.java:158) - -Dio.netty.allocator.pageSize: 8192
34 2022/07/06 16:50:17,529 6472 [DEBUG ] [main] netty.buffer.PooledByteBufAllocator netty.buffer.PooledByteBufAllocator.<clinit>(PooledByteBufAllocator.java:163) - -Dio.netty.allocator.maxOrder: 9
35 2022/07/06 16:50:17,529 6472 [DEBUG ] [main] netty.buffer.PooledByteBufAllocator netty.buffer.PooledByteBufAllocator.<clinit>(PooledByteBufAllocator.java:167) - -Dio.netty.allocator.chunkSize: 4194304
36 2022/07/06 16:50:17,530 6473 [DEBUG ] [main] netty.buffer.PooledByteBufAllocator netty.buffer.PooledByteBufAllocator.<clinit>(PooledByteBufAllocator.java:168) - -Dio.netty.allocator.smallCacheSize: 256
37 2022/07/06 16:50:17,530 6473 [DEBUG ] [main] netty.buffer.PooledByteBufAllocator netty.buffer.PooledByteBufAllocator.<clinit>(PooledByteBufAllocator.java:169) - -Dio.netty.allocator.normalCacheSize: 64
38 2022/07/06 16:50:17,530 6473 [DEBUG ] [main] netty.buffer.PooledByteBufAllocator netty.buffer.PooledByteBufAllocator.<clinit>(PooledByteBufAllocator.java:170) - -Dio.netty.allocator.maxCachedBufferCapacity: 32768
39 2022/07/06 16:50:17,531 6474 [DEBUG ] [main] netty.buffer.PooledByteBufAllocator netty.buffer.PooledByteBufAllocator.<clinit>(PooledByteBufAllocator.java:171) - -Dio.netty.allocator.cacheTrimInterval: 8192
40 2022/07/06 16:50:17,532 6475 [DEBUG ] [main] netty.buffer.PooledByteBufAllocator netty.buffer.PooledByteBufAllocator.<clinit>(PooledByteBufAllocator.java:172) - -Dio.netty.allocator.cacheTrimIntervalMillis: 0
41 2022/07/06 16:50:17,532 6475 [DEBUG ] [main] netty.buffer.PooledByteBufAllocator netty.buffer.PooledByteBufAllocator.<clinit>(PooledByteBufAllocator.java:173) - -Dio.netty.allocator.useCacheForAllThreads: false
42 2022/07/06 16:50:17,533 6476 [DEBUG ] [main] netty.buffer.PooledByteBufAllocator netty.buffer.PooledByteBufAllocator.<clinit>(PooledByteBufAllocator.java:174) - -Dio.netty.allocator.maxCachedByteBuffersPerChunk: 1023
43 2022/07/06 16:50:17,552 6495 [DEBUG ] [main] netty.buffer.ByteBufUtil netty.buffer.ByteBufUtil.<clinit>(ByteBufUtil.java:87) - -Dio.netty.allocator.type: pooled
44 2022/07/06 16:50:17,554 6497 [DEBUG ] [main] netty.buffer.ByteBufUtil netty.buffer.ByteBufUtil.<clinit>(ByteBufUtil.java:96) - -Dio.netty.threadLocalDirectBufferSize: 0
45 2022/07/06 16:50:17,554 6497 [DEBUG ] [main] netty.buffer.ByteBufUtil netty.buffer.ByteBufUtil.<clinit>(ByteBufUtil.java:99) - -Dio.netty.maxThreadLocalCharBufferSize: 16384
46 2022/07/06 16:50:19,630 8573 [DEBUG ] [Forwarding newSession on session null to remote] netty.channel.DefaultChannelId netty.channel.DefaultChannelId.<clinit>(DefaultChannelId.java:79) - -Dio.netty.processId: 20116 (auto-detected)
47 2022/07/06 16:50:19,636 8579 [DEBUG ] [Forwarding newSession on session null to remote] netty.util.NetUtil netty.util.NetUtil.<clinit>(NetUtil.java:136) - -Djava.net.preferIPv4Stack: true
48 2022/07/06 16:50:19,637 8580 [DEBUG ] [Forwarding newSession on session null to remote] netty.util.NetUtil netty.util.NetUtil.<clinit>(NetUtil.java:137) - -Djava.net.preferIPv6Addresses: false
49 2022/07/06 16:50:19,652 8595 [DEBUG ] [Forwarding newSession on session null to remote] netty.util.NetUtilInitializations netty.util.NetUtilInitializations.determineLoopback(NetUtilInitializations.java:129) - Loopback interface: lo (Software Loopback Interface 1, 127.0.0.1)
50 2022/07/06 16:50:19,653 8596 [DEBUG ] [Forwarding newSession on session null to remote] netty.util.NetUtil netty.util.NetUtil$SoMaxConnAction.run(NetUtil.java:191) - Failed to get SOMAXCONN from sysctl and file \proc\sys\net\core\somaxconn. Default: 200
51 2022/07/06 16:50:19,676 8619 [DEBUG ] [Forwarding newSession on session null to remote] netty.channel.DefaultChannelId netty.channel.DefaultChannelId.<clinit>(DefaultChannelId.java:101) - -Dio.netty.machineId: 70:9c:d1:ff:fe:87:fe:ec (auto-detected)
52 2022/07/06 16:50:19,773 8716 [DEBUG ] [AsyncHttpClient-1-2] netty.buffer.AbstractByteBuf netty.buffer.AbstractByteBuf.<clinit>(AbstractByteBuf.java:63) - -Dio.netty.buffer.checkAccessible: true
53 2022/07/06 16:50:19,774 8717 [DEBUG ] [AsyncHttpClient-1-2] netty.buffer.AbstractByteBuf netty.buffer.AbstractByteBuf.<clinit>(AbstractByteBuf.java:64) - -Dio.netty.buffer.checkBounds: true
54 2022/07/06 16:50:19,774 8717 [DEBUG ] [AsyncHttpClient-1-2] netty.util.ResourceLeakDetectorFactory netty.util.ResourceLeakDetectorFactory$DefaultResourceLeakDetectorFactory.newResourceLeakDetector(ResourceLeakDetectorFactory.java:196) - Loaded default ResourceLeakDetector: io.netty.util.ResourceLeakDetector@1f2b4649
55 2022/07/06 16:50:19,831 8774 [DEBUG ] [AsyncHttpClient-1-2] netty.util.Recycler netty.util.Recycler.<clinit>(Recycler.java:85) - -Dio.netty.recycler.maxCapacityPerThread: 4096
56 2022/07/06 16:50:19,832 8775 [DEBUG ] [AsyncHttpClient-1-2] netty.util.Recycler netty.util.Recycler.<clinit>(Recycler.java:86) - -Dio.netty.recycler.ratio: 8
57 2022/07/06 16:50:19,832 8775 [DEBUG ] [AsyncHttpClient-1-2] netty.util.Recycler netty.util.Recycler.<clinit>(Recycler.java:87) - -Dio.netty.recycler.chunkSize: 32
58 2022/07/06 16:50:19,832 8775 [DEBUG ] [AsyncHttpClient-1-2] netty.util.Recycler netty.util.Recycler.<clinit>(Recycler.java:88) - -Dio.netty.recycler.blocking: false
59 2022/07/06 16:50:21,095 10038 [DEBUG ] [AsyncHttpClient-1-2] codec.compression.Brotli codec.compression.Brotli.<clinit>(Brotli.java:38) - brotli4j not in the classpath; Brotli support will be unavailable.
60 2022/07/06 16:50:21,372 10315 [DEBUG ] [main] util.internal.ThreadLocalRandom util.internal.ThreadLocalRandom.newSeed(ThreadLocalRandom.java:214) - -Dio.netty.initialSeedUniquifier: 0x23d2ae5dc79307b6
61 2022/07/06 16:50:21,533 10476 [INFO  ] [main] qa.utils.WebEventListener qa.utils.WebEventListener.beforeNavigateTo(WebEventListener.java:35) - Before navigating to: 'http://demo-store.seleniumacademy.com/'
62 2022/07/06 16:50:21,541 10484 [INFO  ] [main] qa.utils.WebEventListener qa.utils.WebEventListener.afterNavigateTo(WebEventListener.java:40) - Navigated to:'http://demo-store.seleniumacademy.com/'
63 2022/07/06 16:50:21,634 10577 [INFO  ] [main] qa.utils.WebEventListener qa.utils.WebEventListener.beforeFindBy(WebEventListener.java:103) - Trying to find Element By : By.xpath: //a[text()='Women']
64 2022/07/06 16:50:27,909 16852 [INFO  ] [main] qa.utils.WebEventListener qa.utils.WebEventListener.afterFindBy(WebEventListener.java:109) - Found Element By : By.xpath: //a[text()='Women']
65 2022/07/06 16:50:27,915 16858 [INFO  ] [main] qa.wrappers.BaseMethod qa.wrappers.BaseMethod.click(BaseMethod.java:318) - Trying to click on element: [[ChromeDriver: chrome on WINDOWS (eb240ec530b52814f14fed16e4ca2c50)] -> xpath: //a[text()='Women']]
66 2022/07/06 16:50:42,592 31535 [INFO  ] [main] qa.utils.WebEventListener qa.utils.WebEventListener.beforeFindBy(WebEventListener.java:103) - Trying to find Element By : By.xpath: //a[text()='Women']
67 2022/07/06 16:50:42,605 31548 [INFO  ] [main] qa.utils.WebEventListener qa.utils.WebEventListener.afterFindBy(WebEventListener.java:109) - Found Element By : By.xpath: //a[text()='Women']
68 2022/07/06 16:50:42,605 31548 [INFO  ] [main] qa.utils.WebEventListener qa.utils.WebEventListener.beforeClickOn(WebEventListener.java:58) - Trying to click on: [[ChromeDriver: chrome on WINDOWS (eb240ec530b52814f14fed16e4ca2c50)] -> xpath: //a[text()='Women']]
69 2022/07/06 16:50:42,645 31588 [INFO  ] [main] qa.utils.WebEventListener qa.utils.WebEventListener.afterClickOn(WebEventListener.java:64) - Clicked on: [[ChromeDriver: chrome on WINDOWS (eb240ec530b52814f14fed16e4ca2c50)] -> xpath: //a[text()='Women']]
70 2022/07/06 16:50:42,646 31589 [INFO  ] [main] qa.utils.WebEventListener qa.utils.WebEventListener.beforeFindBy(WebEventListener.java:103) - Trying to find Element By : By.xpath: //a[text()='Women']
71 2022/07/06 16:50:43,498 32441 [INFO  ] [main] qa.utils.WebEventListener qa.utils.WebEventListener.afterFindBy(WebEventListener.java:109) - Found Element By : By.xpath: //a[text()='Women']
72 2022/07/06 16:50:43,499 32442 [INFO  ] [main] qa.wrappers.BaseMethod qa.wrappers.BaseMethod.click(BaseMethod.java:321) - element clicked : [[ChromeDriver: chrome on WINDOWS (eb240ec530b52814f14fed16e4ca2c50)] -> xpath: //a[text()='Women']]
73 2022/07/06 16:50:44,011 32954 [INFO  ] [main] qa.utils.WebEventListener qa.utils.WebEventListener.beforeFindBy(WebEventListener.java:103) - Trying to find Element By : By.xpath: //h1[text()='Women']
74 2022/07/06 16:50:44,024 32967 [INFO  ] [main] qa.utils.WebEventListener qa.utils.WebEventListener.afterFindBy(WebEventListener.java:109) - Found Element By : By.xpath: //h1[text()='Women']
75 2022/07/06 16:50:46,545 35488 [INFO  ] [main] qa.utils.WebEventListener qa.utils.WebEventListener.beforeNavigateTo(WebEventListener.java:35) - Before navigating to: 'http://demo-store.seleniumacademy.com/'
76 2022/07/06 16:50:46,552 35495 [INFO  ] [main] qa.utils.WebEventListener qa.utils.WebEventListener.afterNavigateTo(WebEventListener.java:40) - Navigated to:'http://demo-store.seleniumacademy.com/'
77 2022/07/06 16:51:08,767 57710 [INFO  ] [main] qa.utils.WebEventListener qa.utils.WebEventListener.beforeFindBy(WebEventListener.java:103) - Trying to find Element By : By.id: search
78 2022/07/06 16:51:08,777 57720 [INFO  ] [main] qa.utils.WebEventListener qa.utils.WebEventListener.afterFindBy(WebEventListener.java:109) - Found Element By : By.id: search
79 2022/07/06 16:51:08,822 57765 [INFO  ] [main] qa.utils.WebEventListener qa.utils.WebEventListener.beforeFindBy(WebEventListener.java:103) - Trying to find Element By : By.xpath: //button[@title='Search']
80 2022/07/06 16:51:08,834 57777 [INFO  ] [main] qa.utils.WebEventListener qa.utils.WebEventListener.afterFindBy(WebEventListener.java:109) - Found Element By : By.xpath: //button[@title='Search']
81 2022/07/06 16:51:08,834 57777 [INFO  ] [main] qa.wrappers.BaseMethod qa.wrappers.BaseMethod.click(BaseMethod.java:318) - Trying to click on element: [[ChromeDriver: chrome on WINDOWS (af0f3941ae3a145b3a4081f7eb358dbd)] -> xpath: //button[@title='Search']]
82 2022/07/06 16:51:12,865 61808 [INFO  ] [main] qa.utils.WebEventListener qa.utils.WebEventListener.beforeFindBy(WebEventListener.java:103) - Trying to find Element By : By.xpath: //button[@title='Search']
83 2022/07/06 16:51:12,874 61817 [INFO  ] [main] qa.utils.WebEventListener qa.utils.WebEventListener.afterFindBy(WebEventListener.java:109) - Found Element By : By.xpath: //button[@title='Search']
84 2022/07/06 16:51:12,874 61817 [INFO  ] [main] qa.utils.WebEventListener qa.utils.WebEventListener.beforeClickOn(WebEventListener.java:58) - Trying to click on: [[ChromeDriver: chrome on WINDOWS (af0f3941ae3a145b3a4081f7eb358dbd)] -> xpath: //button[@title='Search']]
85 2022/07/06 16:51:12,918 61861 [INFO  ] [main] qa.utils.WebEventListener qa.utils.WebEventListener.afterClickOn(WebEventListener.java:64) - Clicked on: [[ChromeDriver: chrome on WINDOWS (af0f3941ae3a145b3a4081f7eb358dbd)] -> xpath: //button[@title='Search']]
86 2022/07/06 16:51:12,918 61861 [INFO  ] [main] qa.utils.WebEventListener qa.utils.WebEventListener.beforeFindBy(WebEventListener.java:103) - Trying to find Element By : By.xpath: //button[@title='Search']
87 2022/07/06 16:51:13,987 62930 [INFO  ] [main] qa.utils.WebEventListener qa.utils.WebEventListener.afterFindBy(WebEventListener.java:109) - Found Element By : By.xpath: //button[@title='Search']
88 2022/07/06 16:51:13,988 62931 [INFO  ] [main] qa.wrappers.BaseMethod qa.wrappers.BaseMethod.click(BaseMethod.java:321) - element clicked : [[ChromeDriver: chrome on WINDOWS (af0f3941ae3a145b3a4081f7eb358dbd)] -> xpath: //button[@title='Search']]
89 2022/07/06 16:51:14,490 63433 [INFO  ] [main] qa.utils.WebEventListener qa.utils.WebEventListener.beforeFindBy(WebEventListener.java:103) - Trying to find Element By : By.xpath: //h1[contains(text(),'shirts')]
90 2022/07/06 16:51:14,504 63447 [INFO  ] [main] qa.utils.WebEventListener qa.utils.WebEventListener.afterFindBy(WebEventListener.java:109) - Found Element By : By.xpath: //h1[contains(text(),'shirts')]
91 2022/07/06 16:51:17,110 66053 [INFO  ] [main] qa.utils.WebEventListener qa.utils.WebEventListener.beforeNavigateTo(WebEventListener.java:35) - Before navigating to: 'http://demo-store.seleniumacademy.com/'
92 2022/07/06 16:51:17,124 66067 [INFO  ] [main] qa.utils.WebEventListener qa.utils.WebEventListener.afterNavigateTo(WebEventListener.java:40) - Navigated to:'http://demo-store.seleniumacademy.com/'
93 2022/07/06 16:51:19,138 68081 [INFO  ] [main] qa.wrappers.BaseMethod qa.wrappers.BaseMethod.selectByVisibleText(BaseMethod.java:296) - Trying to select element Value from Dropdown
94 2022/07/06 16:51:19,140 68083 [INFO  ] [main] qa.utils.WebEventListener qa.utils.WebEventListener.beforeFindBy(WebEventListener.java:103) - Trying to find Element By : By.id: select-language
95 2022/07/06 16:51:26,069 75012 [INFO  ] [main] qa.utils.WebEventListener qa.utils.WebEventListener.afterFindBy(WebEventListener.java:109) - Found Element By : By.id: select-language
96 2022/07/06 16:51:26,088 75031 [INFO  ] [main] qa.utils.WebEventListener qa.utils.WebEventListener.beforeFindBy(WebEventListener.java:103) - Trying to find Element By : By.id: select-language
97 2022/07/06 16:51:26,112 75055 [INFO  ] [main] qa.utils.WebEventListener qa.utils.WebEventListener.afterFindBy(WebEventListener.java:109) - Found Element By : By.id: select-language
98 2022/07/06 16:51:26,182 75125 [INFO  ] [main] qa.utils.WebEventListener qa.utils.WebEventListener.beforeFindBy(WebEventListener.java:103) - Trying to find Element By : By.id: select-language
99 2022/07/06 16:51:26,192 75135 [INFO  ] [main] qa.utils.WebEventListener qa.utils.WebEventListener.afterFindBy(WebEventListener.java:109) - Found Element By : By.id: select-language
100 2022/07/06 16:51:26,192 75135 [INFO  ] [main] qa.utils.WebEventListener qa.utils.WebEventListener.beforeFindBy(WebEventListener.java:103) - Trying to find Element By : By.xpath: .//option[normalize-space(.) = "German"]
101 2022/07/06 16:51:26,215 75158 [INFO  ] [main] qa.utils.WebEventListener qa.utils.WebEventListener.afterFindBy(WebEventListener.java:109) - Found Element By : By.xpath: .//option[normalize-space(.) = "German"]
102 2022/07/06 16:51:26,224 75167 [INFO  ] [main] qa.utils.WebEventListener qa.utils.WebEventListener.beforeClickOn(WebEventListener.java:58) - Trying to click on: [[[[ChromeDriver: chrome on WINDOWS (b6dedcded4538b8412cb45321f701696)] -> id: select-language]] -> xpath: .//option[normalize-space(.) = "German"]]
103 2022/07/06 16:51:26,259 75202 [INFO  ] [main] qa.utils.WebEventListener qa.utils.WebEventListener.afterClickOn(WebEventListener.java:64) - Clicked on: [[[[ChromeDriver: chrome on WINDOWS (b6dedcded4538b8412cb45321f701696)] -> id: select-language]] -> xpath: .//option[normalize-space(.) = "German"]]
104 2022/07/06 16:51:26,259 75202 [INFO  ] [main] qa.wrappers.BaseMethod qa.wrappers.BaseMethod.selectByVisibleText(BaseMethod.java:300) - German Value selected from Dropdown: 
105 2022/07/06 16:51:26,762 75705 [INFO  ] [main] qa.utils.WebEventListener qa.utils.WebEventListener.beforeFindBy(WebEventListener.java:103) - Trying to find Element By : By.className: welcome-msg
106 2022/07/06 16:51:31,764 80707 [INFO  ] [main] qa.utils.WebEventListener qa.utils.WebEventListener.afterFindBy(WebEventListener.java:109) - Found Element By : By.className: welcome-msg
107 2022/07/06 16:51:34,137 83080 [INFO  ] [main] qa.utils.WebEventListener qa.utils.WebEventListener.beforeNavigateTo(WebEventListener.java:35) - Before navigating to: 'http://demo-store.seleniumacademy.com/'
108 2022/07/06 16:51:34,146 83089 [INFO  ] [main] qa.utils.WebEventListener qa.utils.WebEventListener.afterNavigateTo(WebEventListener.java:40) - Navigated to:'http://demo-store.seleniumacademy.com/'
109 2022/07/06 16:51:34,156 83099 [INFO  ] [main] qa.wrappers.BaseMethod qa.wrappers.BaseMethod.getAttribute(BaseMethod.java:442) - Trying to href attribute value from DOM
110 2022/07/06 16:51:34,157 83100 [INFO  ] [main] qa.utils.WebEventListener qa.utils.WebEventListener.beforeFindBy(WebEventListener.java:103) - Trying to find Element By : By.xpath: //a[text()='Accessories']
111 2022/07/06 16:52:10,995 119938 [INFO  ] [main] qa.utils.WebEventListener qa.utils.WebEventListener.beforeNavigateTo(WebEventListener.java:35) - Before navigating to: 'http://demo-store.seleniumacademy.com/'
112 2022/07/06 16:52:11,008 119951 [INFO  ] [main] qa.utils.WebEventListener qa.utils.WebEventListener.afterNavigateTo(WebEventListener.java:40) - Navigated to:'http://demo-store.seleniumacademy.com/'
113 2022/07/06 16:52:11,018 119961 [INFO  ] [main] qa.utils.WebEventListener qa.utils.WebEventListener.beforeFindBy(WebEventListener.java:103) - Trying to find Element By : By.xpath: //a[text()='Home & Decor']
114 2022/07/06 16:52:16,247 125190 [INFO  ] [main] qa.utils.WebEventListener qa.utils.WebEventListener.afterFindBy(WebEventListener.java:109) - Found Element By : By.xpath: //a[text()='Home & Decor']
115 2022/07/06 16:52:16,247 125190 [INFO  ] [main] qa.wrappers.BaseMethod qa.wrappers.BaseMethod.mouseHover(BaseMethod.java:627) - Trying to mouse hover on element [[ChromeDriver: chrome on WINDOWS (7f67344c82e7c5d05da1e832af6a29ca)] -> xpath: //a[text()='Home & Decor']] using Actions class
116 2022/07/06 16:52:16,251 125194 [INFO  ] [main] qa.utils.WebEventListener qa.utils.WebEventListener.beforeFindBy(WebEventListener.java:103) - Trying to find Element By : By.xpath: //a[text()='Home & Decor']
117 2022/07/06 16:52:16,268 125211 [INFO  ] [main] qa.utils.WebEventListener qa.utils.WebEventListener.afterFindBy(WebEventListener.java:109) - Found Element By : By.xpath: //a[text()='Home & Decor']
118 2022/07/06 16:52:16,351 125294 [INFO  ] [Forwarding actions on session 7f67344c82e7c5d05da1e832af6a29ca to remote] qa.utils.WebEventListener qa.utils.WebEventListener.beforeFindBy(WebEventListener.java:103) - Trying to find Element By : By.xpath: //a[text()='Home & Decor']
119 2022/07/06 16:52:16,358 125301 [INFO  ] [Forwarding actions on session 7f67344c82e7c5d05da1e832af6a29ca to remote] qa.utils.WebEventListener qa.utils.WebEventListener.afterFindBy(WebEventListener.java:109) - Found Element By : By.xpath: //a[text()='Home & Decor']
120 2022/07/06 16:52:16,358 125301 [INFO  ] [Forwarding actions on session 7f67344c82e7c5d05da1e832af6a29ca to remote] qa.utils.WebEventListener qa.utils.WebEventListener.beforeFindBy(WebEventListener.java:103) - Trying to find Element By : By.xpath: //a[text()='Books & Music']
121 2022/07/06 16:52:16,372 125315 [INFO  ] [Forwarding actions on session 7f67344c82e7c5d05da1e832af6a29ca to remote] qa.utils.WebEventListener qa.utils.WebEventListener.afterFindBy(WebEventListener.java:109) - Found Element By : By.xpath: //a[text()='Books & Music']
122 2022/07/06 16:52:16,645 125588 [INFO  ] [main] qa.wrappers.BaseMethod qa.wrappers.BaseMethod.mouseHover(BaseMethod.java:644) - Mouse hovered and clicked on element
123 2022/07/06 16:52:16,652 125595 [INFO  ] [main] qa.wrappers.BaseMethod qa.wrappers.BaseMethod.getAttribute(BaseMethod.java:442) - Trying to title attribute value from DOM
124 2022/07/06 16:52:16,652 125595 [INFO  ] [main] qa.utils.WebEventListener qa.utils.WebEventListener.beforeFindBy(WebEventListener.java:103) - Trying to find Element By : By.xpath: //li[@class='item last']//a
125 2022/07/06 16:52:20,598 129541 [INFO  ] [main] qa.utils.WebEventListener qa.utils.WebEventListener.afterFindBy(WebEventListener.java:109) - Found Element By : By.xpath: //li[@class='item last']//a
126 2022/07/06 16:52:20,621 129564 [INFO  ] [main] qa.utils.WebEventListener qa.utils.WebEventListener.beforeFindBy(WebEventListener.java:103) - Trying to find Element By : By.xpath: //li[@class='item last']//a
127 2022/07/06 16:52:20,631 129574 [INFO  ] [main] qa.utils.WebEventListener qa.utils.WebEventListener.afterFindBy(WebEventListener.java:109) - Found Element By : By.xpath: //li[@class='item last']//a
128 2022/07/06 16:52:20,631 129574 [INFO  ] [main] qa.wrappers.BaseMethod qa.wrappers.BaseMethod.click(BaseMethod.java:318) - Trying to click on element: [[ChromeDriver: chrome on WINDOWS (7f67344c82e7c5d05da1e832af6a29ca)] -> xpath: //li[@class='item last']//a]
129 2022/07/06 16:52:26,175 135118 [INFO  ] [main] qa.utils.WebEventListener qa.utils.WebEventListener.beforeFindBy(WebEventListener.java:103) - Trying to find Element By : By.xpath: //li[@class='item last']//a
130 2022/07/06 16:52:26,181 135124 [INFO  ] [main] qa.utils.WebEventListener qa.utils.WebEventListener.afterFindBy(WebEventListener.java:109) - Found Element By : By.xpath: //li[@class='item last']//a
131 2022/07/06 16:52:26,181 135124 [INFO  ] [main] qa.utils.WebEventListener qa.utils.WebEventListener.beforeClickOn(WebEventListener.java:58) - Trying to click on: [[ChromeDriver: chrome on WINDOWS (7f67344c82e7c5d05da1e832af6a29ca)] -> xpath: //li[@class='item last']//a]
132 2022/07/06 16:52:26,215 135158 [INFO  ] [main] qa.utils.WebEventListener qa.utils.WebEventListener.afterClickOn(WebEventListener.java:64) - Clicked on: [[ChromeDriver: chrome on WINDOWS (7f67344c82e7c5d05da1e832af6a29ca)] -> xpath: //li[@class='item last']//a]
133 2022/07/06 16:52:26,216 135159 [INFO  ] [main] qa.utils.WebEventListener qa.utils.WebEventListener.beforeFindBy(WebEventListener.java:103) - Trying to find Element By : By.xpath: //li[@class='item last']//a
134 2022/07/06 16:52:36,223 145166 [INFO  ] [main] qa.wrappers.BaseMethod qa.wrappers.BaseMethod.click(BaseMethod.java:321) - element clicked : Proxy element for: DefaultElementLocator 'By.xpath: //li[@class='item last']//a'
135 2022/07/06 16:52:36,727 145670 [INFO  ] [main] qa.utils.WebEventListener qa.utils.WebEventListener.beforeFindBy(WebEventListener.java:103) - Trying to find Element By : By.xpath: //span[text()='In stock']
136 2022/07/06 16:52:36,738 145681 [INFO  ] [main] qa.utils.WebEventListener qa.utils.WebEventListener.afterFindBy(WebEventListener.java:109) - Found Element By : By.xpath: //span[text()='In stock']
137 2022/07/06 16:52:36,752 145695 [INFO  ] [main] qa.utils.WebEventListener qa.utils.WebEventListener.beforeFindBy(WebEventListener.java:103) - Trying to find Element By : By.xpath: //ul[@id='downloadable-links-list']//li//input
138 2022/07/06 16:52:36,761 145704 [INFO  ] [main] qa.utils.WebEventListener qa.utils.WebEventListener.afterFindBy(WebEventListener.java:109) - Found Element By : By.xpath: //ul[@id='downloadable-links-list']//li//input
139 2022/07/06 16:52:36,761 145704 [INFO  ] [main] qa.wrappers.BaseMethod qa.wrappers.BaseMethod.click(BaseMethod.java:318) - Trying to click on element: [[ChromeDriver: chrome on WINDOWS (7f67344c82e7c5d05da1e832af6a29ca)] -> xpath: //ul[@id='downloadable-links-list']//li//input]
140 2022/07/06 16:52:56,000 164943 [INFO  ] [main] qa.utils.WebEventListener qa.utils.WebEventListener.beforeFindBy(WebEventListener.java:103) - Trying to find Element By : By.xpath: //ul[@id='downloadable-links-list']//li//input
141 2022/07/06 16:52:56,006 164949 [INFO  ] [main] qa.utils.WebEventListener qa.utils.WebEventListener.afterFindBy(WebEventListener.java:109) - Found Element By : By.xpath: //ul[@id='downloadable-links-list']//li//input
142 2022/07/06 16:52:56,007 164950 [INFO  ] [main] qa.utils.WebEventListener qa.utils.WebEventListener.beforeClickOn(WebEventListener.java:58) - Trying to click on: [[ChromeDriver: chrome on WINDOWS (7f67344c82e7c5d05da1e832af6a29ca)] -> xpath: //ul[@id='downloadable-links-list']//li//input]
143 2022/07/06 16:52:56,045 164988 [INFO  ] [main] qa.utils.WebEventListener qa.utils.WebEventListener.afterClickOn(WebEventListener.java:64) - Clicked on: [[ChromeDriver: chrome on WINDOWS (7f67344c82e7c5d05da1e832af6a29ca)] -> xpath: //ul[@id='downloadable-links-list']//li//input]
144 2022/07/06 16:52:56,045 164988 [INFO  ] [main] qa.utils.WebEventListener qa.utils.WebEventListener.beforeFindBy(WebEventListener.java:103) - Trying to find Element By : By.xpath: //ul[@id='downloadable-links-list']//li//input
145 2022/07/06 16:52:56,052 164995 [INFO  ] [main] qa.utils.WebEventListener qa.utils.WebEventListener.afterFindBy(WebEventListener.java:109) - Found Element By : By.xpath: //ul[@id='downloadable-links-list']//li//input
146 2022/07/06 16:52:56,052 164995 [INFO  ] [main] qa.wrappers.BaseMethod qa.wrappers.BaseMethod.click(BaseMethod.java:321) - element clicked : [[ChromeDriver: chrome on WINDOWS (7f67344c82e7c5d05da1e832af6a29ca)] -> xpath: //ul[@id='downloadable-links-list']//li//input]
147 2022/07/06 16:52:56,053 164996 [INFO  ] [main] qa.utils.WebEventListener qa.utils.WebEventListener.beforeFindBy(WebEventListener.java:103) - Trying to find Element By : By.xpath: //button[@title='Add to Cart']
148 2022/07/06 16:52:56,064 165007 [INFO  ] [main] qa.utils.WebEventListener qa.utils.WebEventListener.afterFindBy(WebEventListener.java:109) - Found Element By : By.xpath: //button[@title='Add to Cart']
149 2022/07/06 16:52:56,064 165007 [INFO  ] [main] qa.wrappers.BaseMethod qa.wrappers.BaseMethod.clickUsingIndex(BaseMethod.java:326) - Trying to click on1 element: [[[ChromeDriver: chrome on WINDOWS (7f67344c82e7c5d05da1e832af6a29ca)] -> xpath: //button[@title='Add to Cart']], [[ChromeDriver: chrome on WINDOWS (7f67344c82e7c5d05da1e832af6a29ca)] -> xpath: //button[@title='Add to Cart']]]
150 2022/07/06 16:53:00,083 169026 [INFO  ] [main] qa.utils.WebEventListener qa.utils.WebEventListener.beforeFindBy(WebEventListener.java:103) - Trying to find Element By : By.xpath: //button[@title='Add to Cart']
151 2022/07/06 16:53:00,089 169032 [INFO  ] [main] qa.utils.WebEventListener qa.utils.WebEventListener.afterFindBy(WebEventListener.java:109) - Found Element By : By.xpath: //button[@title='Add to Cart']
152 2022/07/06 16:53:00,089 169032 [INFO  ] [main] qa.utils.WebEventListener qa.utils.WebEventListener.beforeClickOn(WebEventListener.java:58) - Trying to click on: [[ChromeDriver: chrome on WINDOWS (7f67344c82e7c5d05da1e832af6a29ca)] -> xpath: //button[@title='Add to Cart']]
153 2022/07/06 16:53:00,124 169067 [INFO  ] [main] qa.utils.WebEventListener qa.utils.WebEventListener.afterClickOn(WebEventListener.java:64) - Clicked on: [[ChromeDriver: chrome on WINDOWS (7f67344c82e7c5d05da1e832af6a29ca)] -> xpath: //button[@title='Add to Cart']]
154 2022/07/06 16:53:00,125 169068 [INFO  ] [main] qa.utils.WebEventListener qa.utils.WebEventListener.beforeFindBy(WebEventListener.java:103) - Trying to find Element By : By.xpath: //button[@title='Add to Cart']
155 2022/07/06 16:53:05,498 174441 [INFO  ] [main] qa.utils.WebEventListener qa.utils.WebEventListener.afterFindBy(WebEventListener.java:109) - Found Element By : By.xpath: //button[@title='Add to Cart']
156 2022/07/06 16:53:05,498 174441 [INFO  ] [main] qa.wrappers.BaseMethod qa.wrappers.BaseMethod.clickUsingIndex(BaseMethod.java:329) - element clicked : [[[ChromeDriver: chrome on WINDOWS (7f67344c82e7c5d05da1e832af6a29ca)] -> xpath: //button[@title='Add to Cart']]]
157 2022/07/06 16:53:05,499 174442 [INFO  ] [main] qa.utils.WebEventListener qa.utils.WebEventListener.beforeFindBy(WebEventListener.java:103) - Trying to find Element By : By.xpath: //button[@title='Proceed to Checkout']
158 2022/07/06 16:53:05,545 174488 [INFO  ] [main] qa.utils.WebEventListener qa.utils.WebEventListener.afterFindBy(WebEventListener.java:109) - Found Element By : By.xpath: //button[@title='Proceed to Checkout']
159 2022/07/06 16:53:05,545 174488 [INFO  ] [main] qa.wrappers.BaseMethod qa.wrappers.BaseMethod.click(BaseMethod.java:318) - Trying to click on element: [[ChromeDriver: chrome on WINDOWS (7f67344c82e7c5d05da1e832af6a29ca)] -> xpath: //button[@title='Proceed to Checkout']]
160 2022/07/06 16:53:09,565 178508 [INFO  ] [main] qa.utils.WebEventListener qa.utils.WebEventListener.beforeFindBy(WebEventListener.java:103) - Trying to find Element By : By.xpath: //button[@title='Proceed to Checkout']
161 2022/07/06 16:53:09,570 178513 [INFO  ] [main] qa.utils.WebEventListener qa.utils.WebEventListener.afterFindBy(WebEventListener.java:109) - Found Element By : By.xpath: //button[@title='Proceed to Checkout']
162 2022/07/06 16:53:09,571 178514 [INFO  ] [main] qa.utils.WebEventListener qa.utils.WebEventListener.beforeClickOn(WebEventListener.java:58) - Trying to click on: [[ChromeDriver: chrome on WINDOWS (7f67344c82e7c5d05da1e832af6a29ca)] -> xpath: //button[@title='Proceed to Checkout']]
163 2022/07/06 16:53:09,602 178545 [INFO  ] [main] qa.utils.WebEventListener qa.utils.WebEventListener.afterClickOn(WebEventListener.java:64) - Clicked on: [[ChromeDriver: chrome on WINDOWS (7f67344c82e7c5d05da1e832af6a29ca)] -> xpath: //button[@title='Proceed to Checkout']]
164 2022/07/06 16:53:09,603 178546 [INFO  ] [main] qa.utils.WebEventListener qa.utils.WebEventListener.beforeFindBy(WebEventListener.java:103) - Trying to find Element By : By.xpath: //button[@title='Proceed to Checkout']
165 2022/07/06 16:53:19,655 188598 [INFO  ] [main] qa.wrappers.BaseMethod qa.wrappers.BaseMethod.click(BaseMethod.java:321) - element clicked : Proxy element for: DefaultElementLocator 'By.xpath: //button[@title='Proceed to Checkout']'
166 2022/07/06 16:53:20,164 189107 [INFO  ] [main] qa.utils.WebEventListener qa.utils.WebEventListener.beforeFindBy(WebEventListener.java:103) - Trying to find Element By : By.xpath: //span[text()='Register']
167 2022/07/06 16:53:20,176 189119 [INFO  ] [main] qa.utils.WebEventListener qa.utils.WebEventListener.afterFindBy(WebEventListener.java:109) - Found Element By : By.xpath: //span[text()='Register']
168 2022/07/06 16:53:20,707 189650 [INFO  ] [main] qa.utils.WebEventListener qa.utils.WebEventListener.beforeFindBy(WebEventListener.java:103) - Trying to find Element By : By.id: login-password
169 2022/07/06 16:53:20,716 189659 [INFO  ] [main] qa.utils.WebEventListener qa.utils.WebEventListener.afterFindBy(WebEventListener.java:109) - Found Element By : By.id: login-password
170 2022/07/06 16:53:21,236 190179 [INFO  ] [main] qa.utils.WebEventListener qa.utils.WebEventListener.beforeFindBy(WebEventListener.java:103) - Trying to find Element By : By.id: login-emails
171 2022/07/06 16:53:33,274 202217 [INFO  ] [main] qa.utils.WebEventListener qa.utils.WebEventListener.beforeNavigateTo(WebEventListener.java:35) - Before navigating to: 'http://demo-store.seleniumacademy.com/'
172 2022/07/06 16:53:33,276 202219 [INFO  ] [main] qa.utils.WebEventListener qa.utils.WebEventListener.afterNavigateTo(WebEventListener.java:40) - Navigated to:'http://demo-store.seleniumacademy.com/'
173 2022/07/06 16:53:33,870 202813 [INFO  ] [main] qa.utils.WebEventListener qa.utils.WebEventListener.beforeFindBy(WebEventListener.java:103) - Trying to find Element By : By.xpath: //nav[@id='nav']//a[contains(@class,'level0')]
174 2022/07/06 16:53:43,931 212874 [INFO  ] [main] qa.utils.WebEventListener qa.utils.WebEventListener.afterFindBy(WebEventListener.java:109) - Found Element By : By.xpath: //nav[@id='nav']//a[contains(@class,'level0')]
175 2022/07/06 16:53:47,782 216725 [INFO  ] [main] qa.utils.WebEventListener qa.utils.WebEventListener.beforeNavigateTo(WebEventListener.java:35) - Before navigating to: 'http://demo-store.seleniumacademy.com/'
176 2022/07/06 16:53:47,785 216728 [INFO  ] [main] qa.utils.WebEventListener qa.utils.WebEventListener.afterNavigateTo(WebEventListener.java:40) - Navigated to:'http://demo-store.seleniumacademy.com/'
177 2022/07/06 16:53:47,794 216737 [INFO  ] [main] qa.utils.WebEventListener qa.utils.WebEventListener.beforeNavigateTo(WebEventListener.java:35) - Before navigating to: 'http://juliemr.github.io/protractor-demo/'
178 2022/07/06 16:53:47,805 216748 [INFO  ] [main] qa.utils.WebEventListener qa.utils.WebEventListener.afterNavigateTo(WebEventListener.java:40) - Navigated to:'http://juliemr.github.io/protractor-demo/'
179 2022/07/06 16:53:57,815 226758 [INFO  ] [main] qa.utils.WebEventListener qa.utils.WebEventListener.beforeFindBy(WebEventListener.java:103) - Trying to find Element By : model(first)
180 2022/07/06 16:53:57,822 226765 [INFO  ] [main] qa.utils.WebEventListener qa.utils.WebEventListener.afterFindBy(WebEventListener.java:109) - Found Element By : model(first)
181 2022/07/06 16:53:59,880 228823 [INFO  ] [main] qa.utils.WebEventListener qa.utils.WebEventListener.beforeFindBy(WebEventListener.java:103) - Trying to find Element By : model(second)
182 2022/07/06 16:53:59,886 228829 [INFO  ] [main] qa.utils.WebEventListener qa.utils.WebEventListener.afterFindBy(WebEventListener.java:109) - Found Element By : model(second)
183 2022/07/06 16:54:01,941 230884 [INFO  ] [main] qa.utils.WebEventListener qa.utils.WebEventListener.beforeFindBy(WebEventListener.java:103) - Trying to find Element By : searchText(Go!)
184 2022/07/06 16:54:01,948 230891 [INFO  ] [main] qa.utils.WebEventListener qa.utils.WebEventListener.afterFindBy(WebEventListener.java:109) - Found Element By : searchText(Go!)
185 2022/07/06 16:54:01,949 230892 [INFO  ] [main] qa.utils.WebEventListener qa.utils.WebEventListener.beforeClickOn(WebEventListener.java:58) - Trying to click on: [org.openqa.selenium.remote.RemoteWebElement@c508fccd -> unknown locator]
186 2022/07/06 16:54:01,986 230929 [INFO  ] [main] qa.utils.WebEventListener qa.utils.WebEventListener.afterClickOn(WebEventListener.java:64) - Clicked on: [org.openqa.selenium.remote.RemoteWebElement@c508fccd -> unknown locator]
