1 2023/03/14 15:06:25,402 3570 [DEBUG ] [main] internal.logging.InternalLoggerFactory internal.logging.InternalLoggerFactory.useLog4J2LoggerFactory(InternalLoggerFactory.java:76) - Using Log4J2 as the default logging framework
2 2023/03/14 15:06:25,409 3577 [DEBUG ] [main] netty.util.ResourceLeakDetector netty.util.ResourceLeakDetector.<clinit>(ResourceLeakDetector.java:129) - -Dio.netty.leakDetection.level: simple
3 2023/03/14 15:06:25,410 3578 [DEBUG ] [main] netty.util.ResourceLeakDetector netty.util.ResourceLeakDetector.<clinit>(ResourceLeakDetector.java:130) - -Dio.netty.leakDetection.targetRecords: 4
4 2023/03/14 15:06:25,414 3582 [DEBUG ] [main] netty.util.ResourceLeakDetectorFactory netty.util.ResourceLeakDetectorFactory$DefaultResourceLeakDetectorFactory.newResourceLeakDetector(ResourceLeakDetectorFactory.java:196) - Loaded default ResourceLeakDetector: io.netty.util.ResourceLeakDetector@3015db78
5 2023/03/14 15:06:25,502 3670 [DEBUG ] [main] util.internal.PlatformDependent0 util.internal.PlatformDependent0.explicitNoUnsafeCause0(PlatformDependent0.java:496) - -Dio.netty.noUnsafe: false
6 2023/03/14 15:06:25,508 3676 [DEBUG ] [main] util.internal.PlatformDependent0 util.internal.PlatformDependent0.javaVersion0(PlatformDependent0.java:1000) - Java version: 8
7 2023/03/14 15:06:25,513 3681 [DEBUG ] [main] util.internal.PlatformDependent0 util.internal.PlatformDependent0.<clinit>(PlatformDependent0.java:137) - sun.misc.Unsafe.theUnsafe: available
8 2023/03/14 15:06:25,522 3690 [DEBUG ] [main] util.internal.PlatformDependent0 util.internal.PlatformDependent0.<clinit>(PlatformDependent0.java:161) - sun.misc.Unsafe.copyMemory: available
9 2023/03/14 15:06:25,523 3691 [DEBUG ] [main] util.internal.PlatformDependent0 util.internal.PlatformDependent0.<clinit>(PlatformDependent0.java:193) - sun.misc.Unsafe.storeFence: available
10 2023/03/14 15:06:25,524 3692 [DEBUG ] [main] util.internal.PlatformDependent0 util.internal.PlatformDependent0.<clinit>(PlatformDependent0.java:236) - java.nio.Buffer.address: available
11 2023/03/14 15:06:25,525 3693 [DEBUG ] [main] util.internal.PlatformDependent0 util.internal.PlatformDependent0.<clinit>(PlatformDependent0.java:307) - direct buffer constructor: available
12 2023/03/14 15:06:25,526 3694 [DEBUG ] [main] util.internal.PlatformDependent0 util.internal.PlatformDependent0.<clinit>(PlatformDependent0.java:385) - java.nio.Bits.unaligned: available, true
13 2023/03/14 15:06:25,530 3698 [DEBUG ] [main] util.internal.PlatformDependent0 util.internal.PlatformDependent0.<clinit>(PlatformDependent0.java:459) - jdk.internal.misc.Unsafe.allocateUninitializedArray(int): unavailable prior to Java9
14 2023/03/14 15:06:25,533 3701 [DEBUG ] [main] util.internal.PlatformDependent0 util.internal.PlatformDependent0.<clinit>(PlatformDependent0.java:482) - java.nio.DirectByteBuffer.<init>(long, int): available
15 2023/03/14 15:06:25,534 3702 [DEBUG ] [main] util.internal.PlatformDependent util.internal.PlatformDependent.unsafeUnavailabilityCause0(PlatformDependent.java:1159) - sun.misc.Unsafe: available
16 2023/03/14 15:06:25,537 3705 [DEBUG ] [main] util.internal.PlatformDependent util.internal.PlatformDependent.tmpdir0(PlatformDependent.java:1289) - -Dio.netty.tmpdir: /var/folders/b6/k_w0589j24712v_9f8zffkgnct9bh0/T (java.io.tmpdir)
17 2023/03/14 15:06:25,538 3706 [DEBUG ] [main] util.internal.PlatformDependent util.internal.PlatformDependent.bitMode0(PlatformDependent.java:1368) - -Dio.netty.bitMode: 64 (sun.arch.data.model)
18 2023/03/14 15:06:25,544 3712 [DEBUG ] [main] util.internal.PlatformDependent util.internal.PlatformDependent.isOsx0(PlatformDependent.java:1127) - Platform: MacOS
19 2023/03/14 15:06:25,546 3714 [DEBUG ] [main] util.internal.PlatformDependent util.internal.PlatformDependent.<clinit>(PlatformDependent.java:178) - -Dio.netty.maxDirectMemory: 3817865216 bytes
20 2023/03/14 15:06:25,548 3716 [DEBUG ] [main] util.internal.PlatformDependent util.internal.PlatformDependent.<clinit>(PlatformDependent.java:185) - -Dio.netty.uninitializedArrayAllocationThreshold: -1
21 2023/03/14 15:06:25,550 3718 [DEBUG ] [main] util.internal.CleanerJava6 util.internal.CleanerJava6.<clinit>(CleanerJava6.java:92) - java.nio.ByteBuffer.cleaner(): available
22 2023/03/14 15:06:25,552 3720 [DEBUG ] [main] util.internal.PlatformDependent util.internal.PlatformDependent.<clinit>(PlatformDependent.java:205) - -Dio.netty.noPreferDirect: false
23 2023/03/14 15:06:25,560 3728 [DEBUG ] [main] util.internal.PlatformDependent util.internal.PlatformDependent$Mpsc.<clinit>(PlatformDependent.java:1010) - org.jctools-core.MpscChunkedArrayQueue: available
24 2023/03/14 15:06:25,596 3764 [DEBUG ] [main] util.internal.InternalThreadLocalMap util.internal.InternalThreadLocalMap.<clinit>(InternalThreadLocalMap.java:100) - -Dio.netty.threadLocalMap.stringBuilder.initialSize: 1024
25 2023/03/14 15:06:25,599 3767 [DEBUG ] [main] util.internal.InternalThreadLocalMap util.internal.InternalThreadLocalMap.<clinit>(InternalThreadLocalMap.java:101) - -Dio.netty.threadLocalMap.stringBuilder.maxSize: 4096
26 2023/03/14 15:06:25,616 3784 [DEBUG ] [main] handler.ssl.JdkSslContext handler.ssl.JdkSslContext.<clinit>(JdkSslContext.java:83) - Default protocols (JDK): [TLSv1.3, TLSv1.2] 
27 2023/03/14 15:06:25,617 3785 [DEBUG ] [main] handler.ssl.JdkSslContext handler.ssl.JdkSslContext.<clinit>(JdkSslContext.java:84) - Default cipher suites (JDK): [TLS_ECDHE_ECDSA_WITH_AES_256_GCM_SHA384, TLS_ECDHE_ECDSA_WITH_AES_128_GCM_SHA256, TLS_ECDHE_RSA_WITH_AES_128_GCM_SHA256, TLS_ECDHE_RSA_WITH_AES_256_GCM_SHA384, TLS_ECDHE_RSA_WITH_AES_128_CBC_SHA, TLS_ECDHE_RSA_WITH_AES_256_CBC_SHA, TLS_RSA_WITH_AES_128_GCM_SHA256, TLS_RSA_WITH_AES_128_CBC_SHA, TLS_RSA_WITH_AES_256_CBC_SHA, TLS_AES_128_GCM_SHA256, TLS_AES_256_GCM_SHA384]
28 2023/03/14 15:06:25,647 3815 [DEBUG ] [main] netty.channel.MultithreadEventLoopGroup netty.channel.MultithreadEventLoopGroup.<clinit>(MultithreadEventLoopGroup.java:44) - -Dio.netty.eventLoopThreads: 16
29 2023/03/14 15:06:25,657 3825 [DEBUG ] [main] channel.nio.NioEventLoop channel.nio.NioEventLoop.<clinit>(NioEventLoop.java:110) - -Dio.netty.noKeySetOptimization: false
30 2023/03/14 15:06:25,658 3826 [DEBUG ] [main] channel.nio.NioEventLoop channel.nio.NioEventLoop.<clinit>(NioEventLoop.java:111) - -Dio.netty.selectorAutoRebuildThreshold: 512
31 2023/03/14 15:06:25,687 3855 [DEBUG ] [main] netty.buffer.PooledByteBufAllocator netty.buffer.PooledByteBufAllocator.<clinit>(PooledByteBufAllocator.java:157) - -Dio.netty.allocator.numHeapArenas: 16
32 2023/03/14 15:06:25,688 3856 [DEBUG ] [main] netty.buffer.PooledByteBufAllocator netty.buffer.PooledByteBufAllocator.<clinit>(PooledByteBufAllocator.java:158) - -Dio.netty.allocator.numDirectArenas: 16
33 2023/03/14 15:06:25,688 3856 [DEBUG ] [main] netty.buffer.PooledByteBufAllocator netty.buffer.PooledByteBufAllocator.<clinit>(PooledByteBufAllocator.java:160) - -Dio.netty.allocator.pageSize: 8192
34 2023/03/14 15:06:25,688 3856 [DEBUG ] [main] netty.buffer.PooledByteBufAllocator netty.buffer.PooledByteBufAllocator.<clinit>(PooledByteBufAllocator.java:165) - -Dio.netty.allocator.maxOrder: 9
35 2023/03/14 15:06:25,688 3856 [DEBUG ] [main] netty.buffer.PooledByteBufAllocator netty.buffer.PooledByteBufAllocator.<clinit>(PooledByteBufAllocator.java:169) - -Dio.netty.allocator.chunkSize: 4194304
36 2023/03/14 15:06:25,688 3856 [DEBUG ] [main] netty.buffer.PooledByteBufAllocator netty.buffer.PooledByteBufAllocator.<clinit>(PooledByteBufAllocator.java:170) - -Dio.netty.allocator.smallCacheSize: 256
37 2023/03/14 15:06:25,688 3856 [DEBUG ] [main] netty.buffer.PooledByteBufAllocator netty.buffer.PooledByteBufAllocator.<clinit>(PooledByteBufAllocator.java:171) - -Dio.netty.allocator.normalCacheSize: 64
38 2023/03/14 15:06:25,688 3856 [DEBUG ] [main] netty.buffer.PooledByteBufAllocator netty.buffer.PooledByteBufAllocator.<clinit>(PooledByteBufAllocator.java:172) - -Dio.netty.allocator.maxCachedBufferCapacity: 32768
39 2023/03/14 15:06:25,688 3856 [DEBUG ] [main] netty.buffer.PooledByteBufAllocator netty.buffer.PooledByteBufAllocator.<clinit>(PooledByteBufAllocator.java:173) - -Dio.netty.allocator.cacheTrimInterval: 8192
40 2023/03/14 15:06:25,689 3857 [DEBUG ] [main] netty.buffer.PooledByteBufAllocator netty.buffer.PooledByteBufAllocator.<clinit>(PooledByteBufAllocator.java:174) - -Dio.netty.allocator.cacheTrimIntervalMillis: 0
41 2023/03/14 15:06:25,689 3857 [DEBUG ] [main] netty.buffer.PooledByteBufAllocator netty.buffer.PooledByteBufAllocator.<clinit>(PooledByteBufAllocator.java:175) - -Dio.netty.allocator.useCacheForAllThreads: false
42 2023/03/14 15:06:25,689 3857 [DEBUG ] [main] netty.buffer.PooledByteBufAllocator netty.buffer.PooledByteBufAllocator.<clinit>(PooledByteBufAllocator.java:176) - -Dio.netty.allocator.maxCachedByteBuffersPerChunk: 1023
43 2023/03/14 15:06:25,700 3868 [DEBUG ] [main] netty.buffer.ByteBufUtil netty.buffer.ByteBufUtil.<clinit>(ByteBufUtil.java:87) - -Dio.netty.allocator.type: pooled
44 2023/03/14 15:06:25,701 3869 [DEBUG ] [main] netty.buffer.ByteBufUtil netty.buffer.ByteBufUtil.<clinit>(ByteBufUtil.java:96) - -Dio.netty.threadLocalDirectBufferSize: 0
45 2023/03/14 15:06:25,701 3869 [DEBUG ] [main] netty.buffer.ByteBufUtil netty.buffer.ByteBufUtil.<clinit>(ByteBufUtil.java:99) - -Dio.netty.maxThreadLocalCharBufferSize: 16384
46 2023/03/14 15:06:25,947 4115 [DEBUG ] [Forwarding newSession on session null to remote] netty.channel.DefaultChannelId netty.channel.DefaultChannelId.<clinit>(DefaultChannelId.java:79) - -Dio.netty.processId: 29171 (auto-detected)
47 2023/03/14 15:06:25,949 4117 [DEBUG ] [Forwarding newSession on session null to remote] netty.util.NetUtil netty.util.NetUtil.<clinit>(NetUtil.java:142) - -Djava.net.preferIPv4Stack: true
48 2023/03/14 15:06:25,949 4117 [DEBUG ] [Forwarding newSession on session null to remote] netty.util.NetUtil netty.util.NetUtil.<clinit>(NetUtil.java:143) - -Djava.net.preferIPv6Addresses: false
49 2023/03/14 15:06:25,951 4119 [DEBUG ] [Forwarding newSession on session null to remote] netty.util.NetUtilInitializations netty.util.NetUtilInitializations.determineLoopback(NetUtilInitializations.java:139) - Loopback interface: lo0 (lo0, 0:0:0:0:0:0:0:1%lo0)
50 2023/03/14 15:06:25,952 4120 [DEBUG ] [Forwarding newSession on session null to remote] netty.util.NetUtil netty.util.NetUtil$SoMaxConnAction.run(NetUtil.java:200) - Failed to get SOMAXCONN from sysctl and file /proc/sys/net/core/somaxconn. Default: 128
51 2023/03/14 15:06:25,954 4122 [DEBUG ] [Forwarding newSession on session null to remote] netty.channel.DefaultChannelId netty.channel.DefaultChannelId.<clinit>(DefaultChannelId.java:101) - -Dio.netty.machineId: bc:d0:74:ff:fe:f0:77:f0 (auto-detected)
52 2023/03/14 15:06:26,003 4171 [DEBUG ] [AsyncHttpClient-1-2] netty.buffer.AbstractByteBuf netty.buffer.AbstractByteBuf.<clinit>(AbstractByteBuf.java:63) - -Dio.netty.buffer.checkAccessible: true
53 2023/03/14 15:06:26,005 4173 [DEBUG ] [AsyncHttpClient-1-2] netty.buffer.AbstractByteBuf netty.buffer.AbstractByteBuf.<clinit>(AbstractByteBuf.java:64) - -Dio.netty.buffer.checkBounds: true
54 2023/03/14 15:06:26,005 4173 [DEBUG ] [AsyncHttpClient-1-2] netty.util.ResourceLeakDetectorFactory netty.util.ResourceLeakDetectorFactory$DefaultResourceLeakDetectorFactory.newResourceLeakDetector(ResourceLeakDetectorFactory.java:196) - Loaded default ResourceLeakDetector: io.netty.util.ResourceLeakDetector@b54a0a4
55 2023/03/14 15:06:26,054 4222 [DEBUG ] [AsyncHttpClient-1-2] netty.util.Recycler netty.util.Recycler.<clinit>(Recycler.java:85) - -Dio.netty.recycler.maxCapacityPerThread: 4096
56 2023/03/14 15:06:26,054 4222 [DEBUG ] [AsyncHttpClient-1-2] netty.util.Recycler netty.util.Recycler.<clinit>(Recycler.java:86) - -Dio.netty.recycler.ratio: 8
57 2023/03/14 15:06:26,054 4222 [DEBUG ] [AsyncHttpClient-1-2] netty.util.Recycler netty.util.Recycler.<clinit>(Recycler.java:87) - -Dio.netty.recycler.chunkSize: 32
58 2023/03/14 15:06:26,054 4222 [DEBUG ] [AsyncHttpClient-1-2] netty.util.Recycler netty.util.Recycler.<clinit>(Recycler.java:88) - -Dio.netty.recycler.blocking: false
59 2023/03/14 15:06:38,318 16486 [DEBUG ] [AsyncHttpClient-1-2] codec.compression.Brotli codec.compression.Brotli.<clinit>(Brotli.java:38) - brotli4j not in the classpath; Brotli support will be unavailable.
60 2023/03/14 15:08:21,988 120156 [INFO  ] [main] qa.wrappers.BaseMethod qa.wrappers.BaseMethod.click(BaseMethod.java:323) - Trying to click on element: [[RemoteWebDriver: chrome on LINUX (ecdf738660b5c4f8a9d4aab7960f8c32)] -> xpath: //div[@class="course-card-header"]//a[text()='Business Essentials']]
61 2023/03/14 15:08:36,452 134620 [INFO  ] [main] qa.wrappers.BaseMethod qa.wrappers.BaseMethod.click(BaseMethod.java:326) - element clicked : Proxy element for: DefaultElementLocator 'By.xpath: //div[@class="course-card-header"]//a[text()='Business Essentials']'
62 2023/03/14 15:08:54,140 152308 [INFO  ] [main] qa.wrappers.BaseMethod qa.wrappers.BaseMethod.click(BaseMethod.java:323) - Trying to click on element: [[RemoteWebDriver: chrome on LINUX (ecdf738660b5c4f8a9d4aab7960f8c32)] -> xpath: //a[text()='What you earn']]
63 2023/03/14 15:08:59,090 157258 [INFO  ] [main] qa.wrappers.BaseMethod qa.wrappers.BaseMethod.click(BaseMethod.java:326) - element clicked : [[RemoteWebDriver: chrome on LINUX (ecdf738660b5c4f8a9d4aab7960f8c32)] -> xpath: //a[text()='What you earn']]
64 2023/03/14 15:09:01,149 159317 [INFO  ] [main] qa.wrappers.BaseMethod qa.wrappers.BaseMethod.click(BaseMethod.java:323) - Trying to click on element: [[RemoteWebDriver: chrome on LINUX (ecdf738660b5c4f8a9d4aab7960f8c32)] -> xpath: //a[text()='Syllabus']]
65 2023/03/14 15:09:05,573 163741 [INFO  ] [main] qa.wrappers.BaseMethod qa.wrappers.BaseMethod.click(BaseMethod.java:326) - element clicked : [[RemoteWebDriver: chrome on LINUX (ecdf738660b5c4f8a9d4aab7960f8c32)] -> xpath: //a[text()='Syllabus']]
66 2023/03/14 15:09:06,737 164905 [INFO  ] [main] qa.wrappers.BaseMethod qa.wrappers.BaseMethod.click(BaseMethod.java:323) - Trying to click on element: [[RemoteWebDriver: chrome on LINUX (ecdf738660b5c4f8a9d4aab7960f8c32)] -> xpath: (//div[@class='card']/dl/dt/a)[1]]
67 2023/03/14 15:09:11,175 169343 [INFO  ] [main] qa.wrappers.BaseMethod qa.wrappers.BaseMethod.click(BaseMethod.java:326) - element clicked : [[RemoteWebDriver: chrome on LINUX (ecdf738660b5c4f8a9d4aab7960f8c32)] -> xpath: (//div[@class='card']/dl/dt/a)[1]]
68 2023/03/14 15:09:14,016 172184 [INFO  ] [main] qa.wrappers.BaseMethod qa.wrappers.BaseMethod.click(BaseMethod.java:323) - Trying to click on element: [[RemoteWebDriver: chrome on LINUX (ecdf738660b5c4f8a9d4aab7960f8c32)] -> xpath: //a[text()='Enrollment']]
69 2023/03/14 15:09:18,460 176628 [INFO  ] [main] qa.wrappers.BaseMethod qa.wrappers.BaseMethod.click(BaseMethod.java:326) - element clicked : [[RemoteWebDriver: chrome on LINUX (ecdf738660b5c4f8a9d4aab7960f8c32)] -> xpath: //a[text()='Enrollment']]
70 2023/03/14 15:09:20,281 178449 [INFO  ] [main] qa.wrappers.BaseMethod qa.wrappers.BaseMethod.click(BaseMethod.java:323) - Trying to click on element: [[RemoteWebDriver: chrome on LINUX (ecdf738660b5c4f8a9d4aab7960f8c32)] -> xpath: (//a[text()='FAQs'])[1]]
71 2023/03/14 15:09:24,864 183032 [INFO  ] [main] qa.wrappers.BaseMethod qa.wrappers.BaseMethod.click(BaseMethod.java:326) - element clicked : [[RemoteWebDriver: chrome on LINUX (ecdf738660b5c4f8a9d4aab7960f8c32)] -> xpath: (//a[text()='FAQs'])[1]]
72 2023/03/14 15:09:26,217 184385 [INFO  ] [main] qa.wrappers.BaseMethod qa.wrappers.BaseMethod.click(BaseMethod.java:323) - Trying to click on element: [[RemoteWebDriver: chrome on LINUX (ecdf738660b5c4f8a9d4aab7960f8c32)] -> xpath: (//h2[text()='Business Analytics FAQs']/parent::div/div/div/a[@role="button"])[1]]
73 2023/03/14 15:09:30,678 188846 [INFO  ] [main] qa.wrappers.BaseMethod qa.wrappers.BaseMethod.click(BaseMethod.java:326) - element clicked : [[RemoteWebDriver: chrome on LINUX (ecdf738660b5c4f8a9d4aab7960f8c32)] -> xpath: (//h2[text()='Business Analytics FAQs']/parent::div/div/div/a[@role="button"])[1]]
74 2023/03/14 15:09:33,022 191190 [INFO  ] [main] qa.wrappers.BaseMethod qa.wrappers.BaseMethod.click(BaseMethod.java:323) - Trying to click on element: [[RemoteWebDriver: chrome on LINUX (ecdf738660b5c4f8a9d4aab7960f8c32)] -> xpath: (//h2[text()='Business Analytics FAQs']/parent::div/div/div/a[@role="button"])[1]]
75 2023/03/14 15:09:37,401 195569 [INFO  ] [main] qa.wrappers.BaseMethod qa.wrappers.BaseMethod.click(BaseMethod.java:326) - element clicked : [[RemoteWebDriver: chrome on LINUX (ecdf738660b5c4f8a9d4aab7960f8c32)] -> xpath: (//h2[text()='Business Analytics FAQs']/parent::div/div/div/a[@role="button"])[1]]
76 2023/03/14 15:12:50,102 388270 [INFO  ] [main] qa.wrappers.BaseMethod qa.wrappers.BaseMethod.click(BaseMethod.java:323) - Trying to click on element: [[RemoteWebDriver: chrome on LINUX (2f7444cc2c489d581eca1c7a5c441c28)] -> xpath: //a[@class='bx-close bx-close-link bx-close-inside']]
77 2023/03/14 15:12:54,676 392844 [INFO  ] [main] qa.wrappers.BaseMethod qa.wrappers.BaseMethod.click(BaseMethod.java:326) - element clicked : [[RemoteWebDriver: chrome on LINUX (2f7444cc2c489d581eca1c7a5c441c28)] -> xpath: //a[@class='bx-close bx-close-link bx-close-inside']]
78 2023/03/14 15:13:06,611 404779 [INFO  ] [main] qa.wrappers.BaseMethod qa.wrappers.BaseMethod.click(BaseMethod.java:323) - Trying to click on element: [[RemoteWebDriver: chrome on LINUX (2f7444cc2c489d581eca1c7a5c441c28)] -> xpath: //div[@class="course-card-header"]//a[text()='Business Essentials']]
79 2023/03/14 15:13:20,995 419163 [INFO  ] [main] qa.wrappers.BaseMethod qa.wrappers.BaseMethod.click(BaseMethod.java:326) - element clicked : Proxy element for: DefaultElementLocator 'By.xpath: //div[@class="course-card-header"]//a[text()='Business Essentials']'
80 2023/03/14 15:13:37,636 435804 [INFO  ] [main] qa.wrappers.BaseMethod qa.wrappers.BaseMethod.click(BaseMethod.java:323) - Trying to click on element: [[RemoteWebDriver: chrome on LINUX (2f7444cc2c489d581eca1c7a5c441c28)] -> xpath: //a[text()='What you earn']]
81 2023/03/14 15:13:42,161 440329 [INFO  ] [main] qa.wrappers.BaseMethod qa.wrappers.BaseMethod.click(BaseMethod.java:326) - element clicked : [[RemoteWebDriver: chrome on LINUX (2f7444cc2c489d581eca1c7a5c441c28)] -> xpath: //a[text()='What you earn']]
82 2023/03/14 15:13:44,280 442448 [INFO  ] [main] qa.wrappers.BaseMethod qa.wrappers.BaseMethod.click(BaseMethod.java:323) - Trying to click on element: [[RemoteWebDriver: chrome on LINUX (2f7444cc2c489d581eca1c7a5c441c28)] -> xpath: //a[text()='Syllabus']]
83 2023/03/14 15:13:48,672 446840 [INFO  ] [main] qa.wrappers.BaseMethod qa.wrappers.BaseMethod.click(BaseMethod.java:326) - element clicked : [[RemoteWebDriver: chrome on LINUX (2f7444cc2c489d581eca1c7a5c441c28)] -> xpath: //a[text()='Syllabus']]
84 2023/03/14 15:13:49,812 447980 [INFO  ] [main] qa.wrappers.BaseMethod qa.wrappers.BaseMethod.click(BaseMethod.java:323) - Trying to click on element: [[RemoteWebDriver: chrome on LINUX (2f7444cc2c489d581eca1c7a5c441c28)] -> xpath: (//div[@class='card']/dl/dt/a)[1]]
85 2023/03/14 15:13:54,236 452404 [INFO  ] [main] qa.wrappers.BaseMethod qa.wrappers.BaseMethod.click(BaseMethod.java:326) - element clicked : [[RemoteWebDriver: chrome on LINUX (2f7444cc2c489d581eca1c7a5c441c28)] -> xpath: (//div[@class='card']/dl/dt/a)[1]]
86 2023/03/14 15:13:57,021 455189 [INFO  ] [main] qa.wrappers.BaseMethod qa.wrappers.BaseMethod.click(BaseMethod.java:323) - Trying to click on element: [[RemoteWebDriver: chrome on LINUX (2f7444cc2c489d581eca1c7a5c441c28)] -> xpath: //a[text()='Enrollment']]
87 2023/03/14 15:14:01,413 459581 [INFO  ] [main] qa.wrappers.BaseMethod qa.wrappers.BaseMethod.click(BaseMethod.java:326) - element clicked : [[RemoteWebDriver: chrome on LINUX (2f7444cc2c489d581eca1c7a5c441c28)] -> xpath: //a[text()='Enrollment']]
88 2023/03/14 15:14:03,257 461425 [INFO  ] [main] qa.wrappers.BaseMethod qa.wrappers.BaseMethod.click(BaseMethod.java:323) - Trying to click on element: [[RemoteWebDriver: chrome on LINUX (2f7444cc2c489d581eca1c7a5c441c28)] -> xpath: (//a[text()='FAQs'])[1]]
89 2023/03/14 15:14:07,732 465900 [INFO  ] [main] qa.wrappers.BaseMethod qa.wrappers.BaseMethod.click(BaseMethod.java:326) - element clicked : [[RemoteWebDriver: chrome on LINUX (2f7444cc2c489d581eca1c7a5c441c28)] -> xpath: (//a[text()='FAQs'])[1]]
90 2023/03/14 15:14:08,848 467016 [INFO  ] [main] qa.wrappers.BaseMethod qa.wrappers.BaseMethod.click(BaseMethod.java:323) - Trying to click on element: [[RemoteWebDriver: chrome on LINUX (2f7444cc2c489d581eca1c7a5c441c28)] -> xpath: (//h2[text()='Business Analytics FAQs']/parent::div/div/div/a[@role="button"])[1]]
91 2023/03/14 15:14:13,262 471430 [INFO  ] [main] qa.wrappers.BaseMethod qa.wrappers.BaseMethod.click(BaseMethod.java:326) - element clicked : [[RemoteWebDriver: chrome on LINUX (2f7444cc2c489d581eca1c7a5c441c28)] -> xpath: (//h2[text()='Business Analytics FAQs']/parent::div/div/div/a[@role="button"])[1]]
92 2023/03/14 15:14:15,577 473745 [INFO  ] [main] qa.wrappers.BaseMethod qa.wrappers.BaseMethod.click(BaseMethod.java:323) - Trying to click on element: [[RemoteWebDriver: chrome on LINUX (2f7444cc2c489d581eca1c7a5c441c28)] -> xpath: (//h2[text()='Business Analytics FAQs']/parent::div/div/div/a[@role="button"])[1]]
93 2023/03/14 15:14:19,988 478156 [INFO  ] [main] qa.wrappers.BaseMethod qa.wrappers.BaseMethod.click(BaseMethod.java:326) - element clicked : [[RemoteWebDriver: chrome on LINUX (2f7444cc2c489d581eca1c7a5c441c28)] -> xpath: (//h2[text()='Business Analytics FAQs']/parent::div/div/div/a[@role="button"])[1]]
