1 2023/03/14 16:14:56,123 2893 [DEBUG ] [main] internal.logging.InternalLoggerFactory internal.logging.InternalLoggerFactory.useLog4J2LoggerFactory(InternalLoggerFactory.java:76) - Using Log4J2 as the default logging framework
2 2023/03/14 16:14:56,137 2907 [DEBUG ] [main] netty.util.ResourceLeakDetector netty.util.ResourceLeakDetector.<clinit>(ResourceLeakDetector.java:129) - -Dio.netty.leakDetection.level: simple
3 2023/03/14 16:14:56,137 2907 [DEBUG ] [main] netty.util.ResourceLeakDetector netty.util.ResourceLeakDetector.<clinit>(ResourceLeakDetector.java:130) - -Dio.netty.leakDetection.targetRecords: 4
4 2023/03/14 16:14:56,141 2911 [DEBUG ] [main] netty.util.ResourceLeakDetectorFactory netty.util.ResourceLeakDetectorFactory$DefaultResourceLeakDetectorFactory.newResourceLeakDetector(ResourceLeakDetectorFactory.java:196) - Loaded default ResourceLeakDetector: io.netty.util.ResourceLeakDetector@7906578e
5 2023/03/14 16:14:56,163 2933 [DEBUG ] [main] util.internal.PlatformDependent0 util.internal.PlatformDependent0.explicitNoUnsafeCause0(PlatformDependent0.java:496) - -Dio.netty.noUnsafe: false
6 2023/03/14 16:14:56,164 2934 [DEBUG ] [main] util.internal.PlatformDependent0 util.internal.PlatformDependent0.javaVersion0(PlatformDependent0.java:1000) - Java version: 8
7 2023/03/14 16:14:56,165 2935 [DEBUG ] [main] util.internal.PlatformDependent0 util.internal.PlatformDependent0.<clinit>(PlatformDependent0.java:137) - sun.misc.Unsafe.theUnsafe: available
8 2023/03/14 16:14:56,167 2937 [DEBUG ] [main] util.internal.PlatformDependent0 util.internal.PlatformDependent0.<clinit>(PlatformDependent0.java:161) - sun.misc.Unsafe.copyMemory: available
9 2023/03/14 16:14:56,168 2938 [DEBUG ] [main] util.internal.PlatformDependent0 util.internal.PlatformDependent0.<clinit>(PlatformDependent0.java:193) - sun.misc.Unsafe.storeFence: available
10 2023/03/14 16:14:56,169 2939 [DEBUG ] [main] util.internal.PlatformDependent0 util.internal.PlatformDependent0.<clinit>(PlatformDependent0.java:236) - java.nio.Buffer.address: available
11 2023/03/14 16:14:56,170 2940 [DEBUG ] [main] util.internal.PlatformDependent0 util.internal.PlatformDependent0.<clinit>(PlatformDependent0.java:307) - direct buffer constructor: available
12 2023/03/14 16:14:56,171 2941 [DEBUG ] [main] util.internal.PlatformDependent0 util.internal.PlatformDependent0.<clinit>(PlatformDependent0.java:385) - java.nio.Bits.unaligned: available, true
13 2023/03/14 16:14:56,171 2941 [DEBUG ] [main] util.internal.PlatformDependent0 util.internal.PlatformDependent0.<clinit>(PlatformDependent0.java:459) - jdk.internal.misc.Unsafe.allocateUninitializedArray(int): unavailable prior to Java9
14 2023/03/14 16:14:56,171 2941 [DEBUG ] [main] util.internal.PlatformDependent0 util.internal.PlatformDependent0.<clinit>(PlatformDependent0.java:482) - java.nio.DirectByteBuffer.<init>(long, int): available
15 2023/03/14 16:14:56,171 2941 [DEBUG ] [main] util.internal.PlatformDependent util.internal.PlatformDependent.unsafeUnavailabilityCause0(PlatformDependent.java:1159) - sun.misc.Unsafe: available
16 2023/03/14 16:14:56,173 2943 [DEBUG ] [main] util.internal.PlatformDependent util.internal.PlatformDependent.tmpdir0(PlatformDependent.java:1289) - -Dio.netty.tmpdir: /var/folders/b6/k_w0589j24712v_9f8zffkgnct9bh0/T (java.io.tmpdir)
17 2023/03/14 16:14:56,173 2943 [DEBUG ] [main] util.internal.PlatformDependent util.internal.PlatformDependent.bitMode0(PlatformDependent.java:1368) - -Dio.netty.bitMode: 64 (sun.arch.data.model)
18 2023/03/14 16:14:56,178 2948 [DEBUG ] [main] util.internal.PlatformDependent util.internal.PlatformDependent.isOsx0(PlatformDependent.java:1127) - Platform: MacOS
19 2023/03/14 16:14:56,180 2950 [DEBUG ] [main] util.internal.PlatformDependent util.internal.PlatformDependent.<clinit>(PlatformDependent.java:178) - -Dio.netty.maxDirectMemory: 3817865216 bytes
20 2023/03/14 16:14:56,181 2951 [DEBUG ] [main] util.internal.PlatformDependent util.internal.PlatformDependent.<clinit>(PlatformDependent.java:185) - -Dio.netty.uninitializedArrayAllocationThreshold: -1
21 2023/03/14 16:14:56,182 2952 [DEBUG ] [main] util.internal.CleanerJava6 util.internal.CleanerJava6.<clinit>(CleanerJava6.java:92) - java.nio.ByteBuffer.cleaner(): available
22 2023/03/14 16:14:56,183 2953 [DEBUG ] [main] util.internal.PlatformDependent util.internal.PlatformDependent.<clinit>(PlatformDependent.java:205) - -Dio.netty.noPreferDirect: false
23 2023/03/14 16:14:56,189 2959 [DEBUG ] [main] util.internal.PlatformDependent util.internal.PlatformDependent$Mpsc.<clinit>(PlatformDependent.java:1010) - org.jctools-core.MpscChunkedArrayQueue: available
24 2023/03/14 16:14:56,210 2980 [DEBUG ] [main] util.internal.InternalThreadLocalMap util.internal.InternalThreadLocalMap.<clinit>(InternalThreadLocalMap.java:100) - -Dio.netty.threadLocalMap.stringBuilder.initialSize: 1024
25 2023/03/14 16:14:56,210 2980 [DEBUG ] [main] util.internal.InternalThreadLocalMap util.internal.InternalThreadLocalMap.<clinit>(InternalThreadLocalMap.java:101) - -Dio.netty.threadLocalMap.stringBuilder.maxSize: 4096
26 2023/03/14 16:14:56,229 2999 [DEBUG ] [main] handler.ssl.JdkSslContext handler.ssl.JdkSslContext.<clinit>(JdkSslContext.java:83) - Default protocols (JDK): [TLSv1.3, TLSv1.2] 
27 2023/03/14 16:14:56,229 2999 [DEBUG ] [main] handler.ssl.JdkSslContext handler.ssl.JdkSslContext.<clinit>(JdkSslContext.java:84) - Default cipher suites (JDK): [TLS_ECDHE_ECDSA_WITH_AES_256_GCM_SHA384, TLS_ECDHE_ECDSA_WITH_AES_128_GCM_SHA256, TLS_ECDHE_RSA_WITH_AES_128_GCM_SHA256, TLS_ECDHE_RSA_WITH_AES_256_GCM_SHA384, TLS_ECDHE_RSA_WITH_AES_128_CBC_SHA, TLS_ECDHE_RSA_WITH_AES_256_CBC_SHA, TLS_RSA_WITH_AES_128_GCM_SHA256, TLS_RSA_WITH_AES_128_CBC_SHA, TLS_RSA_WITH_AES_256_CBC_SHA, TLS_AES_128_GCM_SHA256, TLS_AES_256_GCM_SHA384]
28 2023/03/14 16:14:56,256 3026 [DEBUG ] [main] netty.channel.MultithreadEventLoopGroup netty.channel.MultithreadEventLoopGroup.<clinit>(MultithreadEventLoopGroup.java:44) - -Dio.netty.eventLoopThreads: 16
29 2023/03/14 16:14:56,264 3034 [DEBUG ] [main] channel.nio.NioEventLoop channel.nio.NioEventLoop.<clinit>(NioEventLoop.java:110) - -Dio.netty.noKeySetOptimization: false
30 2023/03/14 16:14:56,265 3035 [DEBUG ] [main] channel.nio.NioEventLoop channel.nio.NioEventLoop.<clinit>(NioEventLoop.java:111) - -Dio.netty.selectorAutoRebuildThreshold: 512
31 2023/03/14 16:14:56,350 3120 [DEBUG ] [main] netty.buffer.PooledByteBufAllocator netty.buffer.PooledByteBufAllocator.<clinit>(PooledByteBufAllocator.java:157) - -Dio.netty.allocator.numHeapArenas: 16
32 2023/03/14 16:14:56,353 3123 [DEBUG ] [main] netty.buffer.PooledByteBufAllocator netty.buffer.PooledByteBufAllocator.<clinit>(PooledByteBufAllocator.java:158) - -Dio.netty.allocator.numDirectArenas: 16
33 2023/03/14 16:14:56,353 3123 [DEBUG ] [main] netty.buffer.PooledByteBufAllocator netty.buffer.PooledByteBufAllocator.<clinit>(PooledByteBufAllocator.java:160) - -Dio.netty.allocator.pageSize: 8192
34 2023/03/14 16:14:56,353 3123 [DEBUG ] [main] netty.buffer.PooledByteBufAllocator netty.buffer.PooledByteBufAllocator.<clinit>(PooledByteBufAllocator.java:165) - -Dio.netty.allocator.maxOrder: 9
35 2023/03/14 16:14:56,353 3123 [DEBUG ] [main] netty.buffer.PooledByteBufAllocator netty.buffer.PooledByteBufAllocator.<clinit>(PooledByteBufAllocator.java:169) - -Dio.netty.allocator.chunkSize: 4194304
36 2023/03/14 16:14:56,353 3123 [DEBUG ] [main] netty.buffer.PooledByteBufAllocator netty.buffer.PooledByteBufAllocator.<clinit>(PooledByteBufAllocator.java:170) - -Dio.netty.allocator.smallCacheSize: 256
37 2023/03/14 16:14:56,354 3124 [DEBUG ] [main] netty.buffer.PooledByteBufAllocator netty.buffer.PooledByteBufAllocator.<clinit>(PooledByteBufAllocator.java:171) - -Dio.netty.allocator.normalCacheSize: 64
38 2023/03/14 16:14:56,354 3124 [DEBUG ] [main] netty.buffer.PooledByteBufAllocator netty.buffer.PooledByteBufAllocator.<clinit>(PooledByteBufAllocator.java:172) - -Dio.netty.allocator.maxCachedBufferCapacity: 32768
39 2023/03/14 16:14:56,354 3124 [DEBUG ] [main] netty.buffer.PooledByteBufAllocator netty.buffer.PooledByteBufAllocator.<clinit>(PooledByteBufAllocator.java:173) - -Dio.netty.allocator.cacheTrimInterval: 8192
40 2023/03/14 16:14:56,357 3127 [DEBUG ] [main] netty.buffer.PooledByteBufAllocator netty.buffer.PooledByteBufAllocator.<clinit>(PooledByteBufAllocator.java:174) - -Dio.netty.allocator.cacheTrimIntervalMillis: 0
41 2023/03/14 16:14:56,358 3128 [DEBUG ] [main] netty.buffer.PooledByteBufAllocator netty.buffer.PooledByteBufAllocator.<clinit>(PooledByteBufAllocator.java:175) - -Dio.netty.allocator.useCacheForAllThreads: false
42 2023/03/14 16:14:56,359 3129 [DEBUG ] [main] netty.buffer.PooledByteBufAllocator netty.buffer.PooledByteBufAllocator.<clinit>(PooledByteBufAllocator.java:176) - -Dio.netty.allocator.maxCachedByteBuffersPerChunk: 1023
43 2023/03/14 16:14:56,372 3142 [DEBUG ] [main] netty.buffer.ByteBufUtil netty.buffer.ByteBufUtil.<clinit>(ByteBufUtil.java:87) - -Dio.netty.allocator.type: pooled
44 2023/03/14 16:14:56,377 3147 [DEBUG ] [main] netty.buffer.ByteBufUtil netty.buffer.ByteBufUtil.<clinit>(ByteBufUtil.java:96) - -Dio.netty.threadLocalDirectBufferSize: 0
45 2023/03/14 16:14:56,377 3147 [DEBUG ] [main] netty.buffer.ByteBufUtil netty.buffer.ByteBufUtil.<clinit>(ByteBufUtil.java:99) - -Dio.netty.maxThreadLocalCharBufferSize: 16384
46 2023/03/14 16:14:56,791 3561 [DEBUG ] [Forwarding newSession on session null to remote] netty.channel.DefaultChannelId netty.channel.DefaultChannelId.<clinit>(DefaultChannelId.java:79) - -Dio.netty.processId: 59085 (auto-detected)
47 2023/03/14 16:14:56,793 3563 [DEBUG ] [Forwarding newSession on session null to remote] netty.util.NetUtil netty.util.NetUtil.<clinit>(NetUtil.java:142) - -Djava.net.preferIPv4Stack: true
48 2023/03/14 16:14:56,793 3563 [DEBUG ] [Forwarding newSession on session null to remote] netty.util.NetUtil netty.util.NetUtil.<clinit>(NetUtil.java:143) - -Djava.net.preferIPv6Addresses: false
49 2023/03/14 16:14:56,795 3565 [DEBUG ] [Forwarding newSession on session null to remote] netty.util.NetUtilInitializations netty.util.NetUtilInitializations.determineLoopback(NetUtilInitializations.java:139) - Loopback interface: lo0 (lo0, 0:0:0:0:0:0:0:1%lo0)
50 2023/03/14 16:14:56,796 3566 [DEBUG ] [Forwarding newSession on session null to remote] netty.util.NetUtil netty.util.NetUtil$SoMaxConnAction.run(NetUtil.java:200) - Failed to get SOMAXCONN from sysctl and file /proc/sys/net/core/somaxconn. Default: 128
51 2023/03/14 16:14:56,797 3567 [DEBUG ] [Forwarding newSession on session null to remote] netty.channel.DefaultChannelId netty.channel.DefaultChannelId.<clinit>(DefaultChannelId.java:101) - -Dio.netty.machineId: bc:d0:74:ff:fe:f0:77:f0 (auto-detected)
52 2023/03/14 16:14:56,844 3614 [DEBUG ] [AsyncHttpClient-1-2] netty.buffer.AbstractByteBuf netty.buffer.AbstractByteBuf.<clinit>(AbstractByteBuf.java:63) - -Dio.netty.buffer.checkAccessible: true
53 2023/03/14 16:14:56,845 3615 [DEBUG ] [AsyncHttpClient-1-2] netty.buffer.AbstractByteBuf netty.buffer.AbstractByteBuf.<clinit>(AbstractByteBuf.java:64) - -Dio.netty.buffer.checkBounds: true
54 2023/03/14 16:14:56,846 3616 [DEBUG ] [AsyncHttpClient-1-2] netty.util.ResourceLeakDetectorFactory netty.util.ResourceLeakDetectorFactory$DefaultResourceLeakDetectorFactory.newResourceLeakDetector(ResourceLeakDetectorFactory.java:196) - Loaded default ResourceLeakDetector: io.netty.util.ResourceLeakDetector@3126a4e7
55 2023/03/14 16:14:56,860 3630 [DEBUG ] [AsyncHttpClient-1-2] netty.util.Recycler netty.util.Recycler.<clinit>(Recycler.java:85) - -Dio.netty.recycler.maxCapacityPerThread: 4096
56 2023/03/14 16:14:56,861 3631 [DEBUG ] [AsyncHttpClient-1-2] netty.util.Recycler netty.util.Recycler.<clinit>(Recycler.java:86) - -Dio.netty.recycler.ratio: 8
57 2023/03/14 16:14:56,861 3631 [DEBUG ] [AsyncHttpClient-1-2] netty.util.Recycler netty.util.Recycler.<clinit>(Recycler.java:87) - -Dio.netty.recycler.chunkSize: 32
58 2023/03/14 16:14:56,861 3631 [DEBUG ] [AsyncHttpClient-1-2] netty.util.Recycler netty.util.Recycler.<clinit>(Recycler.java:88) - -Dio.netty.recycler.blocking: false
59 2023/03/14 16:15:01,565 8335 [DEBUG ] [AsyncHttpClient-1-2] codec.compression.Brotli codec.compression.Brotli.<clinit>(Brotli.java:38) - brotli4j not in the classpath; Brotli support will be unavailable.
60 2023/03/14 16:15:01,659 8429 [DEBUG ] [main] util.internal.ThreadLocalRandom util.internal.ThreadLocalRandom.newSeed(ThreadLocalRandom.java:214) - -Dio.netty.initialSeedUniquifier: 0x3f217b9d24890dd9
61 2023/03/14 16:16:27,911 94681 [INFO  ] [main] qa.wrappers.BaseMethod qa.wrappers.BaseMethod.click(BaseMethod.java:323) - Trying to click on element: [[ChromeDriver: chrome on MAC (a3fe9ff9e4a849c0aadbe43849ce1620)] -> xpath: //a[@class='bx-close bx-close-link bx-close-inside']]
62 2023/03/14 16:16:33,817 100587 [INFO  ] [main] qa.wrappers.BaseMethod qa.wrappers.BaseMethod.click(BaseMethod.java:326) - element clicked : [[ChromeDriver: chrome on MAC (a3fe9ff9e4a849c0aadbe43849ce1620)] -> xpath: //a[@class='bx-close bx-close-link bx-close-inside']]
63 2023/03/14 16:16:45,716 112486 [INFO  ] [main] qa.wrappers.BaseMethod qa.wrappers.BaseMethod.click(BaseMethod.java:323) - Trying to click on element: [[ChromeDriver: chrome on MAC (a3fe9ff9e4a849c0aadbe43849ce1620)] -> xpath: //div[@class="course-card-header"]//a[text()='Business Essentials']]
64 2023/03/14 16:16:49,864 116634 [INFO  ] [main] qa.wrappers.BaseMethod qa.wrappers.BaseMethod.click(BaseMethod.java:326) - element clicked : [[ChromeDriver: chrome on MAC (a3fe9ff9e4a849c0aadbe43849ce1620)] -> xpath: //div[@class="course-card-header"]//a[text()='Business Essentials']]
