1 2023/04/13 12:57:22,039 1923 [DEBUG ] [TestNG-test=IrvineTest-1] internal.logging.InternalLoggerFactory internal.logging.InternalLoggerFactory.useLog4J2LoggerFactory(InternalLoggerFactory.java:76) - Using Log4J2 as the default logging framework
2 2023/04/13 12:57:22,046 1930 [DEBUG ] [TestNG-test=IrvineTest-1] netty.util.ResourceLeakDetector netty.util.ResourceLeakDetector.<clinit>(ResourceLeakDetector.java:129) - -Dio.netty.leakDetection.level: simple
3 2023/04/13 12:57:22,046 1930 [DEBUG ] [TestNG-test=IrvineTest-1] netty.util.ResourceLeakDetector netty.util.ResourceLeakDetector.<clinit>(ResourceLeakDetector.java:130) - -Dio.netty.leakDetection.targetRecords: 4
4 2023/04/13 12:57:22,052 1936 [DEBUG ] [TestNG-test=IrvineTest-1] netty.util.ResourceLeakDetectorFactory netty.util.ResourceLeakDetectorFactory$DefaultResourceLeakDetectorFactory.newResourceLeakDetector(ResourceLeakDetectorFactory.java:196) - Loaded default ResourceLeakDetector: io.netty.util.ResourceLeakDetector@7adb2a7
5 2023/04/13 12:57:22,066 1950 [DEBUG ] [TestNG-test=IrvineTest-1] util.internal.PlatformDependent0 util.internal.PlatformDependent0.explicitNoUnsafeCause0(PlatformDependent0.java:496) - -Dio.netty.noUnsafe: false
6 2023/04/13 12:57:22,067 1951 [DEBUG ] [TestNG-test=IrvineTest-1] util.internal.PlatformDependent0 util.internal.PlatformDependent0.javaVersion0(PlatformDependent0.java:1000) - Java version: 8
7 2023/04/13 12:57:22,067 1951 [DEBUG ] [TestNG-test=IrvineTest-1] util.internal.PlatformDependent0 util.internal.PlatformDependent0.<clinit>(PlatformDependent0.java:137) - sun.misc.Unsafe.theUnsafe: available
8 2023/04/13 12:57:22,068 1952 [DEBUG ] [TestNG-test=IrvineTest-1] util.internal.PlatformDependent0 util.internal.PlatformDependent0.<clinit>(PlatformDependent0.java:161) - sun.misc.Unsafe.copyMemory: available
9 2023/04/13 12:57:22,069 1953 [DEBUG ] [TestNG-test=IrvineTest-1] util.internal.PlatformDependent0 util.internal.PlatformDependent0.<clinit>(PlatformDependent0.java:193) - sun.misc.Unsafe.storeFence: available
10 2023/04/13 12:57:22,069 1953 [DEBUG ] [TestNG-test=IrvineTest-1] util.internal.PlatformDependent0 util.internal.PlatformDependent0.<clinit>(PlatformDependent0.java:236) - java.nio.Buffer.address: available
11 2023/04/13 12:57:22,070 1954 [DEBUG ] [TestNG-test=IrvineTest-1] util.internal.PlatformDependent0 util.internal.PlatformDependent0.<clinit>(PlatformDependent0.java:307) - direct buffer constructor: available
12 2023/04/13 12:57:22,070 1954 [DEBUG ] [TestNG-test=IrvineTest-1] util.internal.PlatformDependent0 util.internal.PlatformDependent0.<clinit>(PlatformDependent0.java:385) - java.nio.Bits.unaligned: available, true
13 2023/04/13 12:57:22,071 1955 [DEBUG ] [TestNG-test=IrvineTest-1] util.internal.PlatformDependent0 util.internal.PlatformDependent0.<clinit>(PlatformDependent0.java:459) - jdk.internal.misc.Unsafe.allocateUninitializedArray(int): unavailable prior to Java9
14 2023/04/13 12:57:22,071 1955 [DEBUG ] [TestNG-test=IrvineTest-1] util.internal.PlatformDependent0 util.internal.PlatformDependent0.<clinit>(PlatformDependent0.java:482) - java.nio.DirectByteBuffer.<init>(long, int): available
15 2023/04/13 12:57:22,072 1956 [DEBUG ] [TestNG-test=IrvineTest-1] util.internal.PlatformDependent util.internal.PlatformDependent.unsafeUnavailabilityCause0(PlatformDependent.java:1159) - sun.misc.Unsafe: available
16 2023/04/13 12:57:22,072 1956 [DEBUG ] [TestNG-test=IrvineTest-1] util.internal.PlatformDependent util.internal.PlatformDependent.tmpdir0(PlatformDependent.java:1289) - -Dio.netty.tmpdir: /var/folders/b6/k_w0589j24712v_9f8zffkgnct9bh0/T (java.io.tmpdir)
17 2023/04/13 12:57:22,073 1957 [DEBUG ] [TestNG-test=IrvineTest-1] util.internal.PlatformDependent util.internal.PlatformDependent.bitMode0(PlatformDependent.java:1368) - -Dio.netty.bitMode: 64 (sun.arch.data.model)
18 2023/04/13 12:57:22,077 1961 [DEBUG ] [TestNG-test=IrvineTest-1] util.internal.PlatformDependent util.internal.PlatformDependent.isOsx0(PlatformDependent.java:1127) - Platform: MacOS
19 2023/04/13 12:57:22,078 1962 [DEBUG ] [TestNG-test=IrvineTest-1] util.internal.PlatformDependent util.internal.PlatformDependent.<clinit>(PlatformDependent.java:178) - -Dio.netty.maxDirectMemory: 3817865216 bytes
20 2023/04/13 12:57:22,078 1962 [DEBUG ] [TestNG-test=IrvineTest-1] util.internal.PlatformDependent util.internal.PlatformDependent.<clinit>(PlatformDependent.java:185) - -Dio.netty.uninitializedArrayAllocationThreshold: -1
21 2023/04/13 12:57:22,078 1962 [DEBUG ] [TestNG-test=IrvineTest-1] util.internal.CleanerJava6 util.internal.CleanerJava6.<clinit>(CleanerJava6.java:92) - java.nio.ByteBuffer.cleaner(): available
22 2023/04/13 12:57:22,079 1963 [DEBUG ] [TestNG-test=IrvineTest-1] util.internal.PlatformDependent util.internal.PlatformDependent.<clinit>(PlatformDependent.java:205) - -Dio.netty.noPreferDirect: false
23 2023/04/13 12:57:22,085 1969 [DEBUG ] [TestNG-test=IrvineTest-1] util.internal.PlatformDependent util.internal.PlatformDependent$Mpsc.<clinit>(PlatformDependent.java:1010) - org.jctools-core.MpscChunkedArrayQueue: available
24 2023/04/13 12:57:22,098 1982 [DEBUG ] [TestNG-test=IrvineTest-1] util.internal.InternalThreadLocalMap util.internal.InternalThreadLocalMap.<clinit>(InternalThreadLocalMap.java:100) - -Dio.netty.threadLocalMap.stringBuilder.initialSize: 1024
25 2023/04/13 12:57:22,098 1982 [DEBUG ] [TestNG-test=IrvineTest-1] util.internal.InternalThreadLocalMap util.internal.InternalThreadLocalMap.<clinit>(InternalThreadLocalMap.java:101) - -Dio.netty.threadLocalMap.stringBuilder.maxSize: 4096
26 2023/04/13 12:57:22,286 2170 [DEBUG ] [TestNG-test=IrvineTest-1] handler.ssl.JdkSslContext handler.ssl.JdkSslContext.<clinit>(JdkSslContext.java:83) - Default protocols (JDK): [TLSv1.3, TLSv1.2] 
27 2023/04/13 12:57:22,286 2170 [DEBUG ] [TestNG-test=IrvineTest-1] handler.ssl.JdkSslContext handler.ssl.JdkSslContext.<clinit>(JdkSslContext.java:84) - Default cipher suites (JDK): [TLS_ECDHE_ECDSA_WITH_AES_256_GCM_SHA384, TLS_ECDHE_ECDSA_WITH_AES_128_GCM_SHA256, TLS_ECDHE_RSA_WITH_AES_128_GCM_SHA256, TLS_ECDHE_RSA_WITH_AES_256_GCM_SHA384, TLS_ECDHE_RSA_WITH_AES_128_CBC_SHA, TLS_ECDHE_RSA_WITH_AES_256_CBC_SHA, TLS_RSA_WITH_AES_128_GCM_SHA256, TLS_RSA_WITH_AES_128_CBC_SHA, TLS_RSA_WITH_AES_256_CBC_SHA, TLS_AES_128_GCM_SHA256, TLS_AES_256_GCM_SHA384]
28 2023/04/13 12:57:22,306 2190 [DEBUG ] [TestNG-test=IrvineTest-1] netty.channel.MultithreadEventLoopGroup netty.channel.MultithreadEventLoopGroup.<clinit>(MultithreadEventLoopGroup.java:44) - -Dio.netty.eventLoopThreads: 16
29 2023/04/13 12:57:22,312 2196 [DEBUG ] [TestNG-test=IrvineTest-1] channel.nio.NioEventLoop channel.nio.NioEventLoop.<clinit>(NioEventLoop.java:110) - -Dio.netty.noKeySetOptimization: false
30 2023/04/13 12:57:22,312 2196 [DEBUG ] [TestNG-test=IrvineTest-1] channel.nio.NioEventLoop channel.nio.NioEventLoop.<clinit>(NioEventLoop.java:111) - -Dio.netty.selectorAutoRebuildThreshold: 512
31 2023/04/13 12:57:22,330 2214 [DEBUG ] [TestNG-test=IrvineTest-1] netty.buffer.PooledByteBufAllocator netty.buffer.PooledByteBufAllocator.<clinit>(PooledByteBufAllocator.java:157) - -Dio.netty.allocator.numHeapArenas: 16
32 2023/04/13 12:57:22,330 2214 [DEBUG ] [TestNG-test=IrvineTest-1] netty.buffer.PooledByteBufAllocator netty.buffer.PooledByteBufAllocator.<clinit>(PooledByteBufAllocator.java:158) - -Dio.netty.allocator.numDirectArenas: 16
33 2023/04/13 12:57:22,330 2214 [DEBUG ] [TestNG-test=IrvineTest-1] netty.buffer.PooledByteBufAllocator netty.buffer.PooledByteBufAllocator.<clinit>(PooledByteBufAllocator.java:160) - -Dio.netty.allocator.pageSize: 8192
34 2023/04/13 12:57:22,330 2214 [DEBUG ] [TestNG-test=IrvineTest-1] netty.buffer.PooledByteBufAllocator netty.buffer.PooledByteBufAllocator.<clinit>(PooledByteBufAllocator.java:165) - -Dio.netty.allocator.maxOrder: 9
35 2023/04/13 12:57:22,330 2214 [DEBUG ] [TestNG-test=IrvineTest-1] netty.buffer.PooledByteBufAllocator netty.buffer.PooledByteBufAllocator.<clinit>(PooledByteBufAllocator.java:169) - -Dio.netty.allocator.chunkSize: 4194304
36 2023/04/13 12:57:22,331 2215 [DEBUG ] [TestNG-test=IrvineTest-1] netty.buffer.PooledByteBufAllocator netty.buffer.PooledByteBufAllocator.<clinit>(PooledByteBufAllocator.java:170) - -Dio.netty.allocator.smallCacheSize: 256
37 2023/04/13 12:57:22,331 2215 [DEBUG ] [TestNG-test=IrvineTest-1] netty.buffer.PooledByteBufAllocator netty.buffer.PooledByteBufAllocator.<clinit>(PooledByteBufAllocator.java:171) - -Dio.netty.allocator.normalCacheSize: 64
38 2023/04/13 12:57:22,331 2215 [DEBUG ] [TestNG-test=IrvineTest-1] netty.buffer.PooledByteBufAllocator netty.buffer.PooledByteBufAllocator.<clinit>(PooledByteBufAllocator.java:172) - -Dio.netty.allocator.maxCachedBufferCapacity: 32768
39 2023/04/13 12:57:22,331 2215 [DEBUG ] [TestNG-test=IrvineTest-1] netty.buffer.PooledByteBufAllocator netty.buffer.PooledByteBufAllocator.<clinit>(PooledByteBufAllocator.java:173) - -Dio.netty.allocator.cacheTrimInterval: 8192
40 2023/04/13 12:57:22,331 2215 [DEBUG ] [TestNG-test=IrvineTest-1] netty.buffer.PooledByteBufAllocator netty.buffer.PooledByteBufAllocator.<clinit>(PooledByteBufAllocator.java:174) - -Dio.netty.allocator.cacheTrimIntervalMillis: 0
41 2023/04/13 12:57:22,331 2215 [DEBUG ] [TestNG-test=IrvineTest-1] netty.buffer.PooledByteBufAllocator netty.buffer.PooledByteBufAllocator.<clinit>(PooledByteBufAllocator.java:175) - -Dio.netty.allocator.useCacheForAllThreads: false
42 2023/04/13 12:57:22,331 2215 [DEBUG ] [TestNG-test=IrvineTest-1] netty.buffer.PooledByteBufAllocator netty.buffer.PooledByteBufAllocator.<clinit>(PooledByteBufAllocator.java:176) - -Dio.netty.allocator.maxCachedByteBuffersPerChunk: 1023
43 2023/04/13 12:57:22,340 2224 [DEBUG ] [TestNG-test=IrvineTest-1] netty.buffer.ByteBufUtil netty.buffer.ByteBufUtil.<clinit>(ByteBufUtil.java:87) - -Dio.netty.allocator.type: pooled
44 2023/04/13 12:57:22,341 2225 [DEBUG ] [TestNG-test=IrvineTest-1] netty.buffer.ByteBufUtil netty.buffer.ByteBufUtil.<clinit>(ByteBufUtil.java:96) - -Dio.netty.threadLocalDirectBufferSize: 0
45 2023/04/13 12:57:22,341 2225 [DEBUG ] [TestNG-test=IrvineTest-1] netty.buffer.ByteBufUtil netty.buffer.ByteBufUtil.<clinit>(ByteBufUtil.java:99) - -Dio.netty.maxThreadLocalCharBufferSize: 16384
46 2023/04/13 12:57:22,668 2552 [DEBUG ] [Forwarding newSession on session null to remote] netty.channel.DefaultChannelId netty.channel.DefaultChannelId.<clinit>(DefaultChannelId.java:79) - -Dio.netty.processId: 41260 (auto-detected)
47 2023/04/13 12:57:22,670 2554 [DEBUG ] [Forwarding newSession on session null to remote] netty.util.NetUtil netty.util.NetUtil.<clinit>(NetUtil.java:142) - -Djava.net.preferIPv4Stack: true
48 2023/04/13 12:57:22,671 2555 [DEBUG ] [Forwarding newSession on session null to remote] netty.util.NetUtil netty.util.NetUtil.<clinit>(NetUtil.java:143) - -Djava.net.preferIPv6Addresses: false
49 2023/04/13 12:57:22,673 2557 [DEBUG ] [Forwarding newSession on session null to remote] netty.util.NetUtilInitializations netty.util.NetUtilInitializations.determineLoopback(NetUtilInitializations.java:139) - Loopback interface: lo0 (lo0, 0:0:0:0:0:0:0:1%lo0)
50 2023/04/13 12:57:22,674 2558 [DEBUG ] [Forwarding newSession on session null to remote] netty.util.NetUtil netty.util.NetUtil$SoMaxConnAction.run(NetUtil.java:200) - Failed to get SOMAXCONN from sysctl and file /proc/sys/net/core/somaxconn. Default: 128
51 2023/04/13 12:57:22,675 2559 [DEBUG ] [Forwarding newSession on session null to remote] netty.channel.DefaultChannelId netty.channel.DefaultChannelId.<clinit>(DefaultChannelId.java:101) - -Dio.netty.machineId: bc:d0:74:ff:fe:f0:77:f0 (auto-detected)
52 2023/04/13 12:57:22,720 2604 [DEBUG ] [AsyncHttpClient-1-2] netty.buffer.AbstractByteBuf netty.buffer.AbstractByteBuf.<clinit>(AbstractByteBuf.java:63) - -Dio.netty.buffer.checkAccessible: true
53 2023/04/13 12:57:22,722 2606 [DEBUG ] [AsyncHttpClient-1-2] netty.buffer.AbstractByteBuf netty.buffer.AbstractByteBuf.<clinit>(AbstractByteBuf.java:64) - -Dio.netty.buffer.checkBounds: true
54 2023/04/13 12:57:22,722 2606 [DEBUG ] [AsyncHttpClient-1-2] netty.util.ResourceLeakDetectorFactory netty.util.ResourceLeakDetectorFactory$DefaultResourceLeakDetectorFactory.newResourceLeakDetector(ResourceLeakDetectorFactory.java:196) - Loaded default ResourceLeakDetector: io.netty.util.ResourceLeakDetector@199b9a02
55 2023/04/13 12:57:22,737 2621 [DEBUG ] [AsyncHttpClient-1-2] netty.util.Recycler netty.util.Recycler.<clinit>(Recycler.java:85) - -Dio.netty.recycler.maxCapacityPerThread: 4096
56 2023/04/13 12:57:22,738 2622 [DEBUG ] [AsyncHttpClient-1-2] netty.util.Recycler netty.util.Recycler.<clinit>(Recycler.java:86) - -Dio.netty.recycler.ratio: 8
57 2023/04/13 12:57:22,738 2622 [DEBUG ] [AsyncHttpClient-1-2] netty.util.Recycler netty.util.Recycler.<clinit>(Recycler.java:87) - -Dio.netty.recycler.chunkSize: 32
58 2023/04/13 12:57:22,738 2622 [DEBUG ] [AsyncHttpClient-1-2] netty.util.Recycler netty.util.Recycler.<clinit>(Recycler.java:88) - -Dio.netty.recycler.blocking: false
59 2023/04/13 12:57:27,371 7255 [DEBUG ] [AsyncHttpClient-1-2] codec.compression.Brotli codec.compression.Brotli.<clinit>(Brotli.java:38) - brotli4j not in the classpath; Brotli support will be unavailable.
60 2023/04/13 12:57:27,470 7354 [DEBUG ] [TestNG-test=IrvineTest-1] util.internal.ThreadLocalRandom util.internal.ThreadLocalRandom.newSeed(ThreadLocalRandom.java:214) - -Dio.netty.initialSeedUniquifier: 0xa8f66d1d152a2cba
61 2023/04/13 12:58:03,921 43805 [INFO  ] [TestNG-test=IrvineTest-1] qa.wrappers.BaseMethod qa.wrappers.BaseMethod.click(BaseMethod.java:481) - Trying to click on element: [[ChromeDriver: chrome on MAC (a3f38da4ec7a23154883b56fc582b3cf)] -> xpath: //li[@class="main-menu-list-item"]/a[contains(text(),'Airport Area')]]
62 2023/04/13 12:58:17,682 57566 [INFO  ] [TestNG-test=IrvineTest-1] qa.wrappers.BaseMethod qa.wrappers.BaseMethod.click(BaseMethod.java:484) - element clicked : [[ChromeDriver: chrome on MAC (a3f38da4ec7a23154883b56fc582b3cf)] -> xpath: //li[@class="main-menu-list-item"]/a[contains(text(),'Airport Area')]]
63 2023/04/13 12:58:20,721 60605 [INFO  ] [TestNG-test=IrvineTest-1] qa.wrappers.BaseMethod qa.wrappers.BaseMethod.click(BaseMethod.java:481) - Trying to click on element: [[ChromeDriver: chrome on MAC (a3f38da4ec7a23154883b56fc582b3cf)] -> xpath: //a[text()='Availability']]
64 2023/04/13 12:58:25,074 64958 [INFO  ] [TestNG-test=IrvineTest-1] qa.wrappers.BaseMethod qa.wrappers.BaseMethod.click(BaseMethod.java:484) - element clicked : [[ChromeDriver: chrome on MAC (a3f38da4ec7a23154883b56fc582b3cf)] -> xpath: //a[text()='Availability']]
65 2023/04/13 12:58:29,882 69766 [INFO  ] [TestNG-test=IrvineTest-1] qa.wrappers.BaseMethod qa.wrappers.BaseMethod.click(BaseMethod.java:481) - Trying to click on element: [[ChromeDriver: chrome on MAC (a3f38da4ec7a23154883b56fc582b3cf)] -> xpath: //button[@aria-label="list view"]]
66 2023/04/13 12:58:35,502 75386 [INFO  ] [TestNG-test=IrvineTest-1] qa.wrappers.BaseMethod qa.wrappers.BaseMethod.click(BaseMethod.java:484) - element clicked : [[ChromeDriver: chrome on MAC (a3f38da4ec7a23154883b56fc582b3cf)] -> xpath: //button[@aria-label="list view"]]
67 2023/04/13 12:58:36,548 76432 [INFO  ] [TestNG-test=IrvineTest-1] qa.wrappers.BaseMethod qa.wrappers.BaseMethod.click(BaseMethod.java:481) - Trying to click on element: [[ChromeDriver: chrome on MAC (a3f38da4ec7a23154883b56fc582b3cf)] -> xpath: (//span[@class='hovered-red ico-icon-heart-outline-red fav-icon'])[1]]
68 2023/04/13 12:58:40,862 80746 [INFO  ] [TestNG-test=IrvineTest-1] qa.wrappers.BaseMethod qa.wrappers.BaseMethod.click(BaseMethod.java:484) - element clicked : [[ChromeDriver: chrome on MAC (a3f38da4ec7a23154883b56fc582b3cf)] -> xpath: (//span[@class='hovered-red ico-icon-heart-outline-red fav-icon'])[1]]
69 2023/04/13 12:58:40,871 80755 [INFO  ] [TestNG-test=IrvineTest-1] qa.wrappers.BaseMethod qa.wrappers.BaseMethod.click(BaseMethod.java:481) - Trying to click on element: [[ChromeDriver: chrome on MAC (a3f38da4ec7a23154883b56fc582b3cf)] -> xpath: //div[@class="availabilities-viewer__header-btns"]/span[@class="favorites-button-wrap"]/button[@class="btn secondary-btn"]/a]
70 2023/04/13 12:59:06,249 106133 [INFO  ] [TestNG-test=IrvineTest-1] qa.wrappers.BaseMethod qa.wrappers.BaseMethod.click(BaseMethod.java:484) - element clicked : Proxy element for: DefaultElementLocator 'By.xpath: //div[@class="availabilities-viewer__header-btns"]/span[@class="favorites-button-wrap"]/button[@class="btn secondary-btn"]/a'
71 2023/04/13 12:59:09,839 109723 [INFO  ] [TestNG-test=IrvineTest-1] qa.wrappers.BaseMethod qa.wrappers.BaseMethod.click(BaseMethod.java:481) - Trying to click on element: [[ChromeDriver: chrome on MAC (a3f38da4ec7a23154883b56fc582b3cf)] -> xpath: //span[text()='Download']/parent::button]
72 2023/04/13 12:59:24,249 124133 [INFO  ] [TestNG-test=IrvineTest-1] qa.wrappers.BaseMethod qa.wrappers.BaseMethod.click(BaseMethod.java:484) - element clicked : Proxy element for: DefaultElementLocator 'By.xpath: //span[text()='Download']/parent::button'
73 2023/04/13 12:59:25,283 125167 [INFO  ] [TestNG-test=IrvineTest-1] qa.wrappers.BaseMethod qa.wrappers.BaseMethod.click(BaseMethod.java:481) - Trying to click on element: [[ChromeDriver: chrome on MAC (a3f38da4ec7a23154883b56fc582b3cf)] -> xpath: //span[text()='Download Now']/parent::button]
74 2023/04/13 12:59:29,530 129414 [INFO  ] [TestNG-test=IrvineTest-1] qa.wrappers.BaseMethod qa.wrappers.BaseMethod.click(BaseMethod.java:484) - element clicked : [[ChromeDriver: chrome on MAC (a3f38da4ec7a23154883b56fc582b3cf)] -> xpath: //span[text()='Download Now']/parent::button]
