1 2022/08/09 12:23:27,794 3337 [DEBUG ] [TestNG-test=Chrometest-4] internal.logging.InternalLoggerFactory internal.logging.InternalLoggerFactory.useLog4J2LoggerFactory(InternalLoggerFactory.java:76) - Using Log4J2 as the default logging framework
2 2022/08/09 12:23:27,806 3349 [DEBUG ] [TestNG-test=Chrometest-4] netty.util.ResourceLeakDetector netty.util.ResourceLeakDetector.<clinit>(ResourceLeakDetector.java:129) - -Dio.netty.leakDetection.level: simple
3 2022/08/09 12:23:27,806 3349 [DEBUG ] [TestNG-test=Chrometest-4] netty.util.ResourceLeakDetector netty.util.ResourceLeakDetector.<clinit>(ResourceLeakDetector.java:130) - -Dio.netty.leakDetection.targetRecords: 4
4 2022/08/09 12:23:27,813 3356 [DEBUG ] [TestNG-test=Chrometest-4] netty.util.ResourceLeakDetectorFactory netty.util.ResourceLeakDetectorFactory$DefaultResourceLeakDetectorFactory.newResourceLeakDetector(ResourceLeakDetectorFactory.java:196) - Loaded default ResourceLeakDetector: io.netty.util.ResourceLeakDetector@353bcfb
5 2022/08/09 12:23:27,837 3380 [DEBUG ] [TestNG-test=Chrometest-4] util.internal.PlatformDependent0 util.internal.PlatformDependent0.explicitNoUnsafeCause0(PlatformDependent0.java:460) - -Dio.netty.noUnsafe: false
6 2022/08/09 12:23:27,837 3380 [DEBUG ] [TestNG-test=Chrometest-4] util.internal.PlatformDependent0 util.internal.PlatformDependent0.javaVersion0(PlatformDependent0.java:954) - Java version: 16
7 2022/08/09 12:23:27,838 3381 [DEBUG ] [TestNG-test=Chrometest-4] util.internal.PlatformDependent0 util.internal.PlatformDependent0.<clinit>(PlatformDependent0.java:135) - sun.misc.Unsafe.theUnsafe: available
8 2022/08/09 12:23:27,839 3382 [DEBUG ] [TestNG-test=Chrometest-4] util.internal.PlatformDependent0 util.internal.PlatformDependent0.<clinit>(PlatformDependent0.java:159) - sun.misc.Unsafe.copyMemory: available
9 2022/08/09 12:23:27,841 3384 [DEBUG ] [TestNG-test=Chrometest-4] util.internal.PlatformDependent0 util.internal.PlatformDependent0.<clinit>(PlatformDependent0.java:202) - java.nio.Buffer.address: available
10 2022/08/09 12:23:27,841 3384 [DEBUG ] [TestNG-test=Chrometest-4] util.internal.PlatformDependent0 util.internal.PlatformDependent0.<clinit>(PlatformDependent0.java:285) - direct buffer constructor: unavailable: Reflective setAccessible(true) disabled
11 2022/08/09 12:23:27,843 3386 [DEBUG ] [TestNG-test=Chrometest-4] util.internal.PlatformDependent0 util.internal.PlatformDependent0.<clinit>(PlatformDependent0.java:350) - java.nio.Bits.unaligned: available, true
12 2022/08/09 12:23:27,844 3387 [DEBUG ] [TestNG-test=Chrometest-4] util.internal.PlatformDependent0 util.internal.PlatformDependent0.<clinit>(PlatformDependent0.java:417) - jdk.internal.misc.Unsafe.allocateUninitializedArray(int): unavailable: class io.netty.util.internal.PlatformDependent0$6 cannot access class jdk.internal.misc.Unsafe (in module java.base) because module java.base does not export jdk.internal.misc to unnamed module @3551a94
13 2022/08/09 12:23:27,846 3389 [DEBUG ] [TestNG-test=Chrometest-4] util.internal.PlatformDependent0 util.internal.PlatformDependent0.<clinit>(PlatformDependent0.java:446) - java.nio.DirectByteBuffer.<init>(long, int): unavailable
14 2022/08/09 12:23:27,846 3389 [DEBUG ] [TestNG-test=Chrometest-4] util.internal.PlatformDependent util.internal.PlatformDependent.unsafeUnavailabilityCause0(PlatformDependent.java:1116) - sun.misc.Unsafe: available
15 2022/08/09 12:23:27,847 3390 [DEBUG ] [TestNG-test=Chrometest-4] util.internal.PlatformDependent util.internal.PlatformDependent.estimateMaxDirectMemory(PlatformDependent.java:1227) - maxDirectMemory: 4234149888 bytes (maybe)
16 2022/08/09 12:23:27,847 3390 [DEBUG ] [TestNG-test=Chrometest-4] util.internal.PlatformDependent util.internal.PlatformDependent.tmpdir0(PlatformDependent.java:1246) - -Dio.netty.tmpdir: C:\Users\10684951\AppData\Local\Temp (java.io.tmpdir)
17 2022/08/09 12:23:27,848 3391 [DEBUG ] [TestNG-test=Chrometest-4] util.internal.PlatformDependent util.internal.PlatformDependent.bitMode0(PlatformDependent.java:1325) - -Dio.netty.bitMode: 64 (sun.arch.data.model)
18 2022/08/09 12:23:27,849 3392 [DEBUG ] [TestNG-test=Chrometest-4] util.internal.PlatformDependent util.internal.PlatformDependent.isWindows0(PlatformDependent.java:1076) - Platform: Windows
19 2022/08/09 12:23:27,850 3393 [DEBUG ] [TestNG-test=Chrometest-4] util.internal.PlatformDependent util.internal.PlatformDependent.<clinit>(PlatformDependent.java:178) - -Dio.netty.maxDirectMemory: -1 bytes
20 2022/08/09 12:23:27,851 3394 [DEBUG ] [TestNG-test=Chrometest-4] util.internal.PlatformDependent util.internal.PlatformDependent.<clinit>(PlatformDependent.java:185) - -Dio.netty.uninitializedArrayAllocationThreshold: -1
21 2022/08/09 12:23:27,852 3395 [DEBUG ] [TestNG-test=Chrometest-4] util.internal.CleanerJava9 util.internal.CleanerJava9.<clinit>(CleanerJava9.java:71) - java.nio.ByteBuffer.cleaner(): available
22 2022/08/09 12:23:27,852 3395 [DEBUG ] [TestNG-test=Chrometest-4] util.internal.PlatformDependent util.internal.PlatformDependent.<clinit>(PlatformDependent.java:205) - -Dio.netty.noPreferDirect: false
23 2022/08/09 12:23:27,872 3415 [DEBUG ] [TestNG-test=Chrometest-4] util.internal.PlatformDependent util.internal.PlatformDependent$Mpsc.<clinit>(PlatformDependent.java:967) - org.jctools-core.MpscChunkedArrayQueue: available
24 2022/08/09 12:23:27,899 3442 [DEBUG ] [TestNG-test=Chrometest-4] util.internal.InternalThreadLocalMap util.internal.InternalThreadLocalMap.<clinit>(InternalThreadLocalMap.java:86) - -Dio.netty.threadLocalMap.stringBuilder.initialSize: 1024
25 2022/08/09 12:23:27,899 3442 [DEBUG ] [TestNG-test=Chrometest-4] util.internal.InternalThreadLocalMap util.internal.InternalThreadLocalMap.<clinit>(InternalThreadLocalMap.java:89) - -Dio.netty.threadLocalMap.stringBuilder.maxSize: 4096
26 2022/08/09 12:23:28,153 3696 [DEBUG ] [TestNG-test=Chrometest-4] handler.ssl.JdkSslContext handler.ssl.JdkSslContext.<clinit>(JdkSslContext.java:97) - Default protocols (JDK): [TLSv1.3, TLSv1.2] 
27 2022/08/09 12:23:28,154 3697 [DEBUG ] [TestNG-test=Chrometest-4] handler.ssl.JdkSslContext handler.ssl.JdkSslContext.<clinit>(JdkSslContext.java:98) - Default cipher suites (JDK): [TLS_ECDHE_ECDSA_WITH_AES_256_GCM_SHA384, TLS_ECDHE_ECDSA_WITH_AES_128_GCM_SHA256, TLS_ECDHE_RSA_WITH_AES_128_GCM_SHA256, TLS_ECDHE_RSA_WITH_AES_256_GCM_SHA384, TLS_ECDHE_RSA_WITH_AES_128_CBC_SHA, TLS_ECDHE_RSA_WITH_AES_256_CBC_SHA, TLS_RSA_WITH_AES_128_GCM_SHA256, TLS_RSA_WITH_AES_128_CBC_SHA, TLS_RSA_WITH_AES_256_CBC_SHA, TLS_AES_128_GCM_SHA256, TLS_AES_256_GCM_SHA384]
28 2022/08/09 12:23:28,190 3733 [DEBUG ] [TestNG-test=Chrometest-4] netty.channel.MultithreadEventLoopGroup netty.channel.MultithreadEventLoopGroup.<clinit>(MultithreadEventLoopGroup.java:44) - -Dio.netty.eventLoopThreads: 16
29 2022/08/09 12:23:28,205 3748 [DEBUG ] [TestNG-test=Chrometest-4] channel.nio.NioEventLoop channel.nio.NioEventLoop.<clinit>(NioEventLoop.java:109) - -Dio.netty.noKeySetOptimization: false
30 2022/08/09 12:23:28,206 3749 [DEBUG ] [TestNG-test=Chrometest-4] channel.nio.NioEventLoop channel.nio.NioEventLoop.<clinit>(NioEventLoop.java:110) - -Dio.netty.selectorAutoRebuildThreshold: 512
31 2022/08/09 12:23:28,356 3899 [DEBUG ] [TestNG-test=Chrometest-4] netty.buffer.PooledByteBufAllocator netty.buffer.PooledByteBufAllocator.<clinit>(PooledByteBufAllocator.java:155) - -Dio.netty.allocator.numHeapArenas: 16
32 2022/08/09 12:23:28,356 3899 [DEBUG ] [TestNG-test=Chrometest-4] netty.buffer.PooledByteBufAllocator netty.buffer.PooledByteBufAllocator.<clinit>(PooledByteBufAllocator.java:156) - -Dio.netty.allocator.numDirectArenas: 16
33 2022/08/09 12:23:28,357 3900 [DEBUG ] [TestNG-test=Chrometest-4] netty.buffer.PooledByteBufAllocator netty.buffer.PooledByteBufAllocator.<clinit>(PooledByteBufAllocator.java:158) - -Dio.netty.allocator.pageSize: 8192
34 2022/08/09 12:23:28,357 3900 [DEBUG ] [TestNG-test=Chrometest-4] netty.buffer.PooledByteBufAllocator netty.buffer.PooledByteBufAllocator.<clinit>(PooledByteBufAllocator.java:163) - -Dio.netty.allocator.maxOrder: 9
35 2022/08/09 12:23:28,358 3901 [DEBUG ] [TestNG-test=Chrometest-4] netty.buffer.PooledByteBufAllocator netty.buffer.PooledByteBufAllocator.<clinit>(PooledByteBufAllocator.java:167) - -Dio.netty.allocator.chunkSize: 4194304
36 2022/08/09 12:23:28,358 3901 [DEBUG ] [TestNG-test=Chrometest-4] netty.buffer.PooledByteBufAllocator netty.buffer.PooledByteBufAllocator.<clinit>(PooledByteBufAllocator.java:168) - -Dio.netty.allocator.smallCacheSize: 256
37 2022/08/09 12:23:28,358 3901 [DEBUG ] [TestNG-test=Chrometest-4] netty.buffer.PooledByteBufAllocator netty.buffer.PooledByteBufAllocator.<clinit>(PooledByteBufAllocator.java:169) - -Dio.netty.allocator.normalCacheSize: 64
38 2022/08/09 12:23:28,359 3902 [DEBUG ] [TestNG-test=Chrometest-4] netty.buffer.PooledByteBufAllocator netty.buffer.PooledByteBufAllocator.<clinit>(PooledByteBufAllocator.java:170) - -Dio.netty.allocator.maxCachedBufferCapacity: 32768
39 2022/08/09 12:23:28,360 3903 [DEBUG ] [TestNG-test=Chrometest-4] netty.buffer.PooledByteBufAllocator netty.buffer.PooledByteBufAllocator.<clinit>(PooledByteBufAllocator.java:171) - -Dio.netty.allocator.cacheTrimInterval: 8192
40 2022/08/09 12:23:28,360 3903 [DEBUG ] [TestNG-test=Chrometest-4] netty.buffer.PooledByteBufAllocator netty.buffer.PooledByteBufAllocator.<clinit>(PooledByteBufAllocator.java:172) - -Dio.netty.allocator.cacheTrimIntervalMillis: 0
41 2022/08/09 12:23:28,361 3904 [DEBUG ] [TestNG-test=Chrometest-4] netty.buffer.PooledByteBufAllocator netty.buffer.PooledByteBufAllocator.<clinit>(PooledByteBufAllocator.java:173) - -Dio.netty.allocator.useCacheForAllThreads: false
42 2022/08/09 12:23:28,361 3904 [DEBUG ] [TestNG-test=Chrometest-4] netty.buffer.PooledByteBufAllocator netty.buffer.PooledByteBufAllocator.<clinit>(PooledByteBufAllocator.java:174) - -Dio.netty.allocator.maxCachedByteBuffersPerChunk: 1023
43 2022/08/09 12:23:28,377 3920 [DEBUG ] [TestNG-test=Chrometest-4] netty.buffer.ByteBufUtil netty.buffer.ByteBufUtil.<clinit>(ByteBufUtil.java:87) - -Dio.netty.allocator.type: pooled
44 2022/08/09 12:23:28,377 3920 [DEBUG ] [TestNG-test=Chrometest-4] netty.buffer.ByteBufUtil netty.buffer.ByteBufUtil.<clinit>(ByteBufUtil.java:96) - -Dio.netty.threadLocalDirectBufferSize: 0
45 2022/08/09 12:23:28,378 3921 [DEBUG ] [TestNG-test=Chrometest-4] netty.buffer.ByteBufUtil netty.buffer.ByteBufUtil.<clinit>(ByteBufUtil.java:99) - -Dio.netty.maxThreadLocalCharBufferSize: 16384
46 2022/08/09 12:23:28,924 4467 [DEBUG ] [Forwarding newSession on session null to remote] netty.channel.DefaultChannelId netty.channel.DefaultChannelId.<clinit>(DefaultChannelId.java:79) - -Dio.netty.processId: 18660 (auto-detected)
47 2022/08/09 12:23:28,927 4470 [DEBUG ] [Forwarding newSession on session null to remote] netty.util.NetUtil netty.util.NetUtil.<clinit>(NetUtil.java:136) - -Djava.net.preferIPv4Stack: true
48 2022/08/09 12:23:28,927 4470 [DEBUG ] [Forwarding newSession on session null to remote] netty.util.NetUtil netty.util.NetUtil.<clinit>(NetUtil.java:137) - -Djava.net.preferIPv6Addresses: false
49 2022/08/09 12:23:28,973 4516 [DEBUG ] [Forwarding newSession on session null to remote] netty.util.NetUtilInitializations netty.util.NetUtilInitializations.determineLoopback(NetUtilInitializations.java:129) - Loopback interface: lo (Software Loopback Interface 1, 127.0.0.1)
50 2022/08/09 12:23:28,975 4518 [DEBUG ] [Forwarding newSession on session null to remote] netty.util.NetUtil netty.util.NetUtil$SoMaxConnAction.run(NetUtil.java:191) - Failed to get SOMAXCONN from sysctl and file \proc\sys\net\core\somaxconn. Default: 200
51 2022/08/09 12:23:29,098 4641 [DEBUG ] [Forwarding newSession on session null to remote] netty.channel.DefaultChannelId netty.channel.DefaultChannelId.<clinit>(DefaultChannelId.java:101) - -Dio.netty.machineId: d4:1b:81:ff:fe:59:ab:63 (auto-detected)
52 2022/08/09 12:23:29,180 4723 [DEBUG ] [AsyncHttpClient-1-3] netty.buffer.AbstractByteBuf netty.buffer.AbstractByteBuf.<clinit>(AbstractByteBuf.java:63) - -Dio.netty.buffer.checkAccessible: true
53 2022/08/09 12:23:29,180 4723 [DEBUG ] [AsyncHttpClient-1-3] netty.buffer.AbstractByteBuf netty.buffer.AbstractByteBuf.<clinit>(AbstractByteBuf.java:64) - -Dio.netty.buffer.checkBounds: true
54 2022/08/09 12:23:29,181 4724 [DEBUG ] [AsyncHttpClient-1-3] netty.util.ResourceLeakDetectorFactory netty.util.ResourceLeakDetectorFactory$DefaultResourceLeakDetectorFactory.newResourceLeakDetector(ResourceLeakDetectorFactory.java:196) - Loaded default ResourceLeakDetector: io.netty.util.ResourceLeakDetector@41efbc36
55 2022/08/09 12:23:29,219 4762 [DEBUG ] [AsyncHttpClient-1-3] netty.util.Recycler netty.util.Recycler.<clinit>(Recycler.java:85) - -Dio.netty.recycler.maxCapacityPerThread: 4096
56 2022/08/09 12:23:29,219 4762 [DEBUG ] [AsyncHttpClient-1-3] netty.util.Recycler netty.util.Recycler.<clinit>(Recycler.java:86) - -Dio.netty.recycler.ratio: 8
57 2022/08/09 12:23:29,220 4763 [DEBUG ] [AsyncHttpClient-1-3] netty.util.Recycler netty.util.Recycler.<clinit>(Recycler.java:87) - -Dio.netty.recycler.chunkSize: 32
58 2022/08/09 12:23:29,220 4763 [DEBUG ] [AsyncHttpClient-1-3] netty.util.Recycler netty.util.Recycler.<clinit>(Recycler.java:88) - -Dio.netty.recycler.blocking: false
