1 2023/04/17 19:58:32,714 2037 [DEBUG ] [TestNG-test=KTtasksTest-1] internal.logging.InternalLoggerFactory internal.logging.InternalLoggerFactory.useLog4J2LoggerFactory(InternalLoggerFactory.java:76) - Using Log4J2 as the default logging framework
2 2023/04/17 19:58:32,720 2043 [DEBUG ] [TestNG-test=KTtasksTest-1] netty.util.ResourceLeakDetector netty.util.ResourceLeakDetector.<clinit>(ResourceLeakDetector.java:129) - -Dio.netty.leakDetection.level: simple
3 2023/04/17 19:58:32,721 2044 [DEBUG ] [TestNG-test=KTtasksTest-1] netty.util.ResourceLeakDetector netty.util.ResourceLeakDetector.<clinit>(ResourceLeakDetector.java:130) - -Dio.netty.leakDetection.targetRecords: 4
4 2023/04/17 19:58:32,727 2050 [DEBUG ] [TestNG-test=KTtasksTest-1] netty.util.ResourceLeakDetectorFactory netty.util.ResourceLeakDetectorFactory$DefaultResourceLeakDetectorFactory.newResourceLeakDetector(ResourceLeakDetectorFactory.java:196) - Loaded default ResourceLeakDetector: io.netty.util.ResourceLeakDetector@3e03261
5 2023/04/17 19:58:32,742 2065 [DEBUG ] [TestNG-test=KTtasksTest-1] util.internal.PlatformDependent0 util.internal.PlatformDependent0.explicitNoUnsafeCause0(PlatformDependent0.java:496) - -Dio.netty.noUnsafe: false
6 2023/04/17 19:58:32,742 2065 [DEBUG ] [TestNG-test=KTtasksTest-1] util.internal.PlatformDependent0 util.internal.PlatformDependent0.javaVersion0(PlatformDependent0.java:1000) - Java version: 8
7 2023/04/17 19:58:32,743 2066 [DEBUG ] [TestNG-test=KTtasksTest-1] util.internal.PlatformDependent0 util.internal.PlatformDependent0.<clinit>(PlatformDependent0.java:137) - sun.misc.Unsafe.theUnsafe: available
8 2023/04/17 19:58:32,744 2067 [DEBUG ] [TestNG-test=KTtasksTest-1] util.internal.PlatformDependent0 util.internal.PlatformDependent0.<clinit>(PlatformDependent0.java:161) - sun.misc.Unsafe.copyMemory: available
9 2023/04/17 19:58:32,744 2067 [DEBUG ] [TestNG-test=KTtasksTest-1] util.internal.PlatformDependent0 util.internal.PlatformDependent0.<clinit>(PlatformDependent0.java:193) - sun.misc.Unsafe.storeFence: available
10 2023/04/17 19:58:32,745 2068 [DEBUG ] [TestNG-test=KTtasksTest-1] util.internal.PlatformDependent0 util.internal.PlatformDependent0.<clinit>(PlatformDependent0.java:236) - java.nio.Buffer.address: available
11 2023/04/17 19:58:32,745 2068 [DEBUG ] [TestNG-test=KTtasksTest-1] util.internal.PlatformDependent0 util.internal.PlatformDependent0.<clinit>(PlatformDependent0.java:307) - direct buffer constructor: available
12 2023/04/17 19:58:32,746 2069 [DEBUG ] [TestNG-test=KTtasksTest-1] util.internal.PlatformDependent0 util.internal.PlatformDependent0.<clinit>(PlatformDependent0.java:385) - java.nio.Bits.unaligned: available, true
13 2023/04/17 19:58:32,746 2069 [DEBUG ] [TestNG-test=KTtasksTest-1] util.internal.PlatformDependent0 util.internal.PlatformDependent0.<clinit>(PlatformDependent0.java:459) - jdk.internal.misc.Unsafe.allocateUninitializedArray(int): unavailable prior to Java9
14 2023/04/17 19:58:32,747 2070 [DEBUG ] [TestNG-test=KTtasksTest-1] util.internal.PlatformDependent0 util.internal.PlatformDependent0.<clinit>(PlatformDependent0.java:482) - java.nio.DirectByteBuffer.<init>(long, int): available
15 2023/04/17 19:58:32,747 2070 [DEBUG ] [TestNG-test=KTtasksTest-1] util.internal.PlatformDependent util.internal.PlatformDependent.unsafeUnavailabilityCause0(PlatformDependent.java:1159) - sun.misc.Unsafe: available
16 2023/04/17 19:58:32,748 2071 [DEBUG ] [TestNG-test=KTtasksTest-1] util.internal.PlatformDependent util.internal.PlatformDependent.tmpdir0(PlatformDependent.java:1289) - -Dio.netty.tmpdir: /var/folders/b6/k_w0589j24712v_9f8zffkgnct9bh0/T (java.io.tmpdir)
17 2023/04/17 19:58:32,748 2071 [DEBUG ] [TestNG-test=KTtasksTest-1] util.internal.PlatformDependent util.internal.PlatformDependent.bitMode0(PlatformDependent.java:1368) - -Dio.netty.bitMode: 64 (sun.arch.data.model)
18 2023/04/17 19:58:32,750 2073 [DEBUG ] [TestNG-test=KTtasksTest-1] util.internal.PlatformDependent util.internal.PlatformDependent.isOsx0(PlatformDependent.java:1127) - Platform: MacOS
19 2023/04/17 19:58:32,751 2074 [DEBUG ] [TestNG-test=KTtasksTest-1] util.internal.PlatformDependent util.internal.PlatformDependent.<clinit>(PlatformDependent.java:178) - -Dio.netty.maxDirectMemory: 3817865216 bytes
20 2023/04/17 19:58:32,751 2074 [DEBUG ] [TestNG-test=KTtasksTest-1] util.internal.PlatformDependent util.internal.PlatformDependent.<clinit>(PlatformDependent.java:185) - -Dio.netty.uninitializedArrayAllocationThreshold: -1
21 2023/04/17 19:58:32,752 2075 [DEBUG ] [TestNG-test=KTtasksTest-1] util.internal.CleanerJava6 util.internal.CleanerJava6.<clinit>(CleanerJava6.java:92) - java.nio.ByteBuffer.cleaner(): available
22 2023/04/17 19:58:32,752 2075 [DEBUG ] [TestNG-test=KTtasksTest-1] util.internal.PlatformDependent util.internal.PlatformDependent.<clinit>(PlatformDependent.java:205) - -Dio.netty.noPreferDirect: false
23 2023/04/17 19:58:32,759 2082 [DEBUG ] [TestNG-test=KTtasksTest-1] util.internal.PlatformDependent util.internal.PlatformDependent$Mpsc.<clinit>(PlatformDependent.java:1010) - org.jctools-core.MpscChunkedArrayQueue: available
24 2023/04/17 19:58:32,776 2099 [DEBUG ] [TestNG-test=KTtasksTest-1] util.internal.InternalThreadLocalMap util.internal.InternalThreadLocalMap.<clinit>(InternalThreadLocalMap.java:100) - -Dio.netty.threadLocalMap.stringBuilder.initialSize: 1024
25 2023/04/17 19:58:32,776 2099 [DEBUG ] [TestNG-test=KTtasksTest-1] util.internal.InternalThreadLocalMap util.internal.InternalThreadLocalMap.<clinit>(InternalThreadLocalMap.java:101) - -Dio.netty.threadLocalMap.stringBuilder.maxSize: 4096
26 2023/04/17 19:58:32,988 2311 [DEBUG ] [TestNG-test=KTtasksTest-1] handler.ssl.JdkSslContext handler.ssl.JdkSslContext.<clinit>(JdkSslContext.java:83) - Default protocols (JDK): [TLSv1.3, TLSv1.2] 
27 2023/04/17 19:58:32,989 2312 [DEBUG ] [TestNG-test=KTtasksTest-1] handler.ssl.JdkSslContext handler.ssl.JdkSslContext.<clinit>(JdkSslContext.java:84) - Default cipher suites (JDK): [TLS_ECDHE_ECDSA_WITH_AES_256_GCM_SHA384, TLS_ECDHE_ECDSA_WITH_AES_128_GCM_SHA256, TLS_ECDHE_RSA_WITH_AES_128_GCM_SHA256, TLS_ECDHE_RSA_WITH_AES_256_GCM_SHA384, TLS_ECDHE_RSA_WITH_AES_128_CBC_SHA, TLS_ECDHE_RSA_WITH_AES_256_CBC_SHA, TLS_RSA_WITH_AES_128_GCM_SHA256, TLS_RSA_WITH_AES_128_CBC_SHA, TLS_RSA_WITH_AES_256_CBC_SHA, TLS_AES_128_GCM_SHA256, TLS_AES_256_GCM_SHA384]
28 2023/04/17 19:58:33,012 2335 [DEBUG ] [TestNG-test=KTtasksTest-1] netty.channel.MultithreadEventLoopGroup netty.channel.MultithreadEventLoopGroup.<clinit>(MultithreadEventLoopGroup.java:44) - -Dio.netty.eventLoopThreads: 16
29 2023/04/17 19:58:33,020 2343 [DEBUG ] [TestNG-test=KTtasksTest-1] channel.nio.NioEventLoop channel.nio.NioEventLoop.<clinit>(NioEventLoop.java:110) - -Dio.netty.noKeySetOptimization: false
30 2023/04/17 19:58:33,021 2344 [DEBUG ] [TestNG-test=KTtasksTest-1] channel.nio.NioEventLoop channel.nio.NioEventLoop.<clinit>(NioEventLoop.java:111) - -Dio.netty.selectorAutoRebuildThreshold: 512
31 2023/04/17 19:58:33,042 2365 [DEBUG ] [TestNG-test=KTtasksTest-1] netty.buffer.PooledByteBufAllocator netty.buffer.PooledByteBufAllocator.<clinit>(PooledByteBufAllocator.java:157) - -Dio.netty.allocator.numHeapArenas: 16
32 2023/04/17 19:58:33,042 2365 [DEBUG ] [TestNG-test=KTtasksTest-1] netty.buffer.PooledByteBufAllocator netty.buffer.PooledByteBufAllocator.<clinit>(PooledByteBufAllocator.java:158) - -Dio.netty.allocator.numDirectArenas: 16
33 2023/04/17 19:58:33,042 2365 [DEBUG ] [TestNG-test=KTtasksTest-1] netty.buffer.PooledByteBufAllocator netty.buffer.PooledByteBufAllocator.<clinit>(PooledByteBufAllocator.java:160) - -Dio.netty.allocator.pageSize: 8192
34 2023/04/17 19:58:33,042 2365 [DEBUG ] [TestNG-test=KTtasksTest-1] netty.buffer.PooledByteBufAllocator netty.buffer.PooledByteBufAllocator.<clinit>(PooledByteBufAllocator.java:165) - -Dio.netty.allocator.maxOrder: 9
35 2023/04/17 19:58:33,042 2365 [DEBUG ] [TestNG-test=KTtasksTest-1] netty.buffer.PooledByteBufAllocator netty.buffer.PooledByteBufAllocator.<clinit>(PooledByteBufAllocator.java:169) - -Dio.netty.allocator.chunkSize: 4194304
36 2023/04/17 19:58:33,043 2366 [DEBUG ] [TestNG-test=KTtasksTest-1] netty.buffer.PooledByteBufAllocator netty.buffer.PooledByteBufAllocator.<clinit>(PooledByteBufAllocator.java:170) - -Dio.netty.allocator.smallCacheSize: 256
37 2023/04/17 19:58:33,043 2366 [DEBUG ] [TestNG-test=KTtasksTest-1] netty.buffer.PooledByteBufAllocator netty.buffer.PooledByteBufAllocator.<clinit>(PooledByteBufAllocator.java:171) - -Dio.netty.allocator.normalCacheSize: 64
38 2023/04/17 19:58:33,043 2366 [DEBUG ] [TestNG-test=KTtasksTest-1] netty.buffer.PooledByteBufAllocator netty.buffer.PooledByteBufAllocator.<clinit>(PooledByteBufAllocator.java:172) - -Dio.netty.allocator.maxCachedBufferCapacity: 32768
39 2023/04/17 19:58:33,043 2366 [DEBUG ] [TestNG-test=KTtasksTest-1] netty.buffer.PooledByteBufAllocator netty.buffer.PooledByteBufAllocator.<clinit>(PooledByteBufAllocator.java:173) - -Dio.netty.allocator.cacheTrimInterval: 8192
40 2023/04/17 19:58:33,043 2366 [DEBUG ] [TestNG-test=KTtasksTest-1] netty.buffer.PooledByteBufAllocator netty.buffer.PooledByteBufAllocator.<clinit>(PooledByteBufAllocator.java:174) - -Dio.netty.allocator.cacheTrimIntervalMillis: 0
41 2023/04/17 19:58:33,043 2366 [DEBUG ] [TestNG-test=KTtasksTest-1] netty.buffer.PooledByteBufAllocator netty.buffer.PooledByteBufAllocator.<clinit>(PooledByteBufAllocator.java:175) - -Dio.netty.allocator.useCacheForAllThreads: false
42 2023/04/17 19:58:33,044 2367 [DEBUG ] [TestNG-test=KTtasksTest-1] netty.buffer.PooledByteBufAllocator netty.buffer.PooledByteBufAllocator.<clinit>(PooledByteBufAllocator.java:176) - -Dio.netty.allocator.maxCachedByteBuffersPerChunk: 1023
43 2023/04/17 19:58:33,054 2377 [DEBUG ] [TestNG-test=KTtasksTest-1] netty.buffer.ByteBufUtil netty.buffer.ByteBufUtil.<clinit>(ByteBufUtil.java:87) - -Dio.netty.allocator.type: pooled
44 2023/04/17 19:58:33,055 2378 [DEBUG ] [TestNG-test=KTtasksTest-1] netty.buffer.ByteBufUtil netty.buffer.ByteBufUtil.<clinit>(ByteBufUtil.java:96) - -Dio.netty.threadLocalDirectBufferSize: 0
45 2023/04/17 19:58:33,055 2378 [DEBUG ] [TestNG-test=KTtasksTest-1] netty.buffer.ByteBufUtil netty.buffer.ByteBufUtil.<clinit>(ByteBufUtil.java:99) - -Dio.netty.maxThreadLocalCharBufferSize: 16384
46 2023/04/17 19:58:33,433 2756 [DEBUG ] [Forwarding newSession on session null to remote] netty.channel.DefaultChannelId netty.channel.DefaultChannelId.<clinit>(DefaultChannelId.java:79) - -Dio.netty.processId: 84250 (auto-detected)
47 2023/04/17 19:58:33,436 2759 [DEBUG ] [Forwarding newSession on session null to remote] netty.util.NetUtil netty.util.NetUtil.<clinit>(NetUtil.java:142) - -Djava.net.preferIPv4Stack: true
48 2023/04/17 19:58:33,436 2759 [DEBUG ] [Forwarding newSession on session null to remote] netty.util.NetUtil netty.util.NetUtil.<clinit>(NetUtil.java:143) - -Djava.net.preferIPv6Addresses: false
49 2023/04/17 19:58:33,439 2762 [DEBUG ] [Forwarding newSession on session null to remote] netty.util.NetUtilInitializations netty.util.NetUtilInitializations.determineLoopback(NetUtilInitializations.java:139) - Loopback interface: lo0 (lo0, 0:0:0:0:0:0:0:1%lo0)
50 2023/04/17 19:58:33,439 2762 [DEBUG ] [Forwarding newSession on session null to remote] netty.util.NetUtil netty.util.NetUtil$SoMaxConnAction.run(NetUtil.java:200) - Failed to get SOMAXCONN from sysctl and file /proc/sys/net/core/somaxconn. Default: 128
51 2023/04/17 19:58:33,441 2764 [DEBUG ] [Forwarding newSession on session null to remote] netty.channel.DefaultChannelId netty.channel.DefaultChannelId.<clinit>(DefaultChannelId.java:101) - -Dio.netty.machineId: bc:d0:74:ff:fe:f0:77:f0 (auto-detected)
52 2023/04/17 19:58:33,489 2812 [DEBUG ] [AsyncHttpClient-1-2] netty.buffer.AbstractByteBuf netty.buffer.AbstractByteBuf.<clinit>(AbstractByteBuf.java:63) - -Dio.netty.buffer.checkAccessible: true
53 2023/04/17 19:58:33,490 2813 [DEBUG ] [AsyncHttpClient-1-2] netty.buffer.AbstractByteBuf netty.buffer.AbstractByteBuf.<clinit>(AbstractByteBuf.java:64) - -Dio.netty.buffer.checkBounds: true
54 2023/04/17 19:58:33,490 2813 [DEBUG ] [AsyncHttpClient-1-2] netty.util.ResourceLeakDetectorFactory netty.util.ResourceLeakDetectorFactory$DefaultResourceLeakDetectorFactory.newResourceLeakDetector(ResourceLeakDetectorFactory.java:196) - Loaded default ResourceLeakDetector: io.netty.util.ResourceLeakDetector@5a93439e
55 2023/04/17 19:58:33,507 2830 [DEBUG ] [AsyncHttpClient-1-2] netty.util.Recycler netty.util.Recycler.<clinit>(Recycler.java:85) - -Dio.netty.recycler.maxCapacityPerThread: 4096
56 2023/04/17 19:58:33,507 2830 [DEBUG ] [AsyncHttpClient-1-2] netty.util.Recycler netty.util.Recycler.<clinit>(Recycler.java:86) - -Dio.netty.recycler.ratio: 8
57 2023/04/17 19:58:33,507 2830 [DEBUG ] [AsyncHttpClient-1-2] netty.util.Recycler netty.util.Recycler.<clinit>(Recycler.java:87) - -Dio.netty.recycler.chunkSize: 32
58 2023/04/17 19:58:33,507 2830 [DEBUG ] [AsyncHttpClient-1-2] netty.util.Recycler netty.util.Recycler.<clinit>(Recycler.java:88) - -Dio.netty.recycler.blocking: false
59 2023/04/17 19:58:38,162 7485 [DEBUG ] [AsyncHttpClient-1-2] codec.compression.Brotli codec.compression.Brotli.<clinit>(Brotli.java:38) - brotli4j not in the classpath; Brotli support will be unavailable.
60 2023/04/17 19:58:38,266 7589 [DEBUG ] [TestNG-test=KTtasksTest-1] util.internal.ThreadLocalRandom util.internal.ThreadLocalRandom.newSeed(ThreadLocalRandom.java:214) - -Dio.netty.initialSeedUniquifier: 0x3ee915ce4c8e94db
61 2023/04/17 19:59:15,951 45274 [INFO  ] [TestNG-test=KTtasksTest-1] qa.wrappers.BaseMethod qa.wrappers.BaseMethod.click(BaseMethod.java:513) - Trying to click on element: [[ChromeDriver: chrome on MAC (2139d74dfb8c1f8f9f87af648962d861)] -> xpath: //img[@id='disha-banner-close']]
62 2023/04/17 19:59:20,155 49478 [INFO  ] [TestNG-test=KTtasksTest-1] qa.wrappers.BaseMethod qa.wrappers.BaseMethod.click(BaseMethod.java:516) - element clicked : [[ChromeDriver: chrome on MAC (2139d74dfb8c1f8f9f87af648962d861)] -> xpath: //img[@id='disha-banner-close']]
63 2023/04/17 19:59:20,314 49637 [INFO  ] [TestNG-test=KTtasksTest-1] qa.wrappers.BaseMethod qa.wrappers.BaseMethod.click(BaseMethod.java:513) - Trying to click on element: [[ChromeDriver: chrome on MAC (2139d74dfb8c1f8f9f87af648962d861)] -> xpath: //div[@id="askDishaLuncher"]/img[1]]
64 2023/04/17 19:59:24,480 53803 [INFO  ] [TestNG-test=KTtasksTest-1] qa.wrappers.BaseMethod qa.wrappers.BaseMethod.click(BaseMethod.java:516) - element clicked : [[ChromeDriver: chrome on MAC (2139d74dfb8c1f8f9f87af648962d861)] -> xpath: //div[@id="askDishaLuncher"]/img[1]]
