1 2023/05/08 15:31:01,919 3635 [DEBUG ] [main] internal.logging.InternalLoggerFactory internal.logging.InternalLoggerFactory.useLog4J2LoggerFactory(InternalLoggerFactory.java:76) - Using Log4J2 as the default logging framework
2 2023/05/08 15:31:01,926 3642 [DEBUG ] [main] netty.util.ResourceLeakDetector netty.util.ResourceLeakDetector.<clinit>(ResourceLeakDetector.java:129) - -Dio.netty.leakDetection.level: simple
3 2023/05/08 15:31:01,926 3642 [DEBUG ] [main] netty.util.ResourceLeakDetector netty.util.ResourceLeakDetector.<clinit>(ResourceLeakDetector.java:130) - -Dio.netty.leakDetection.targetRecords: 4
4 2023/05/08 15:31:01,930 3646 [DEBUG ] [main] netty.util.ResourceLeakDetectorFactory netty.util.ResourceLeakDetectorFactory$DefaultResourceLeakDetectorFactory.newResourceLeakDetector(ResourceLeakDetectorFactory.java:196) - Loaded default ResourceLeakDetector: io.netty.util.ResourceLeakDetector@99a78d7
5 2023/05/08 15:31:01,947 3663 [DEBUG ] [main] util.internal.PlatformDependent0 util.internal.PlatformDependent0.explicitNoUnsafeCause0(PlatformDependent0.java:496) - -Dio.netty.noUnsafe: false
6 2023/05/08 15:31:01,948 3664 [DEBUG ] [main] util.internal.PlatformDependent0 util.internal.PlatformDependent0.javaVersion0(PlatformDependent0.java:1000) - Java version: 8
7 2023/05/08 15:31:01,948 3664 [DEBUG ] [main] util.internal.PlatformDependent0 util.internal.PlatformDependent0.<clinit>(PlatformDependent0.java:137) - sun.misc.Unsafe.theUnsafe: available
8 2023/05/08 15:31:01,950 3666 [DEBUG ] [main] util.internal.PlatformDependent0 util.internal.PlatformDependent0.<clinit>(PlatformDependent0.java:161) - sun.misc.Unsafe.copyMemory: available
9 2023/05/08 15:31:01,950 3666 [DEBUG ] [main] util.internal.PlatformDependent0 util.internal.PlatformDependent0.<clinit>(PlatformDependent0.java:193) - sun.misc.Unsafe.storeFence: available
10 2023/05/08 15:31:01,951 3667 [DEBUG ] [main] util.internal.PlatformDependent0 util.internal.PlatformDependent0.<clinit>(PlatformDependent0.java:236) - java.nio.Buffer.address: available
11 2023/05/08 15:31:01,951 3667 [DEBUG ] [main] util.internal.PlatformDependent0 util.internal.PlatformDependent0.<clinit>(PlatformDependent0.java:307) - direct buffer constructor: available
12 2023/05/08 15:31:01,952 3668 [DEBUG ] [main] util.internal.PlatformDependent0 util.internal.PlatformDependent0.<clinit>(PlatformDependent0.java:385) - java.nio.Bits.unaligned: available, true
13 2023/05/08 15:31:01,952 3668 [DEBUG ] [main] util.internal.PlatformDependent0 util.internal.PlatformDependent0.<clinit>(PlatformDependent0.java:459) - jdk.internal.misc.Unsafe.allocateUninitializedArray(int): unavailable prior to Java9
14 2023/05/08 15:31:01,952 3668 [DEBUG ] [main] util.internal.PlatformDependent0 util.internal.PlatformDependent0.<clinit>(PlatformDependent0.java:482) - java.nio.DirectByteBuffer.<init>(long, int): available
15 2023/05/08 15:31:01,952 3668 [DEBUG ] [main] util.internal.PlatformDependent util.internal.PlatformDependent.unsafeUnavailabilityCause0(PlatformDependent.java:1159) - sun.misc.Unsafe: available
16 2023/05/08 15:31:01,954 3670 [DEBUG ] [main] util.internal.PlatformDependent util.internal.PlatformDependent.tmpdir0(PlatformDependent.java:1289) - -Dio.netty.tmpdir: /var/folders/b6/k_w0589j24712v_9f8zffkgnct9bh0/T (java.io.tmpdir)
17 2023/05/08 15:31:01,954 3670 [DEBUG ] [main] util.internal.PlatformDependent util.internal.PlatformDependent.bitMode0(PlatformDependent.java:1368) - -Dio.netty.bitMode: 64 (sun.arch.data.model)
18 2023/05/08 15:31:01,957 3673 [DEBUG ] [main] util.internal.PlatformDependent util.internal.PlatformDependent.isOsx0(PlatformDependent.java:1127) - Platform: MacOS
19 2023/05/08 15:31:01,958 3674 [DEBUG ] [main] util.internal.PlatformDependent util.internal.PlatformDependent.<clinit>(PlatformDependent.java:178) - -Dio.netty.maxDirectMemory: 3817865216 bytes
20 2023/05/08 15:31:01,959 3675 [DEBUG ] [main] util.internal.PlatformDependent util.internal.PlatformDependent.<clinit>(PlatformDependent.java:185) - -Dio.netty.uninitializedArrayAllocationThreshold: -1
21 2023/05/08 15:31:01,960 3676 [DEBUG ] [main] util.internal.CleanerJava6 util.internal.CleanerJava6.<clinit>(CleanerJava6.java:92) - java.nio.ByteBuffer.cleaner(): available
22 2023/05/08 15:31:01,960 3676 [DEBUG ] [main] util.internal.PlatformDependent util.internal.PlatformDependent.<clinit>(PlatformDependent.java:205) - -Dio.netty.noPreferDirect: false
23 2023/05/08 15:31:01,966 3682 [DEBUG ] [main] util.internal.PlatformDependent util.internal.PlatformDependent$Mpsc.<clinit>(PlatformDependent.java:1010) - org.jctools-core.MpscChunkedArrayQueue: available
24 2023/05/08 15:31:01,982 3698 [DEBUG ] [main] util.internal.InternalThreadLocalMap util.internal.InternalThreadLocalMap.<clinit>(InternalThreadLocalMap.java:100) - -Dio.netty.threadLocalMap.stringBuilder.initialSize: 1024
25 2023/05/08 15:31:01,982 3698 [DEBUG ] [main] util.internal.InternalThreadLocalMap util.internal.InternalThreadLocalMap.<clinit>(InternalThreadLocalMap.java:101) - -Dio.netty.threadLocalMap.stringBuilder.maxSize: 4096
26 2023/05/08 15:31:01,992 3708 [DEBUG ] [main] handler.ssl.JdkSslContext handler.ssl.JdkSslContext.<clinit>(JdkSslContext.java:83) - Default protocols (JDK): [TLSv1.3, TLSv1.2] 
27 2023/05/08 15:31:01,992 3708 [DEBUG ] [main] handler.ssl.JdkSslContext handler.ssl.JdkSslContext.<clinit>(JdkSslContext.java:84) - Default cipher suites (JDK): [TLS_ECDHE_ECDSA_WITH_AES_256_GCM_SHA384, TLS_ECDHE_ECDSA_WITH_AES_128_GCM_SHA256, TLS_ECDHE_RSA_WITH_AES_128_GCM_SHA256, TLS_ECDHE_RSA_WITH_AES_256_GCM_SHA384, TLS_ECDHE_RSA_WITH_AES_128_CBC_SHA, TLS_ECDHE_RSA_WITH_AES_256_CBC_SHA, TLS_RSA_WITH_AES_128_GCM_SHA256, TLS_RSA_WITH_AES_128_CBC_SHA, TLS_RSA_WITH_AES_256_CBC_SHA, TLS_AES_128_GCM_SHA256, TLS_AES_256_GCM_SHA384]
28 2023/05/08 15:31:02,009 3725 [DEBUG ] [main] netty.channel.MultithreadEventLoopGroup netty.channel.MultithreadEventLoopGroup.<clinit>(MultithreadEventLoopGroup.java:44) - -Dio.netty.eventLoopThreads: 16
29 2023/05/08 15:31:02,016 3732 [DEBUG ] [main] channel.nio.NioEventLoop channel.nio.NioEventLoop.<clinit>(NioEventLoop.java:110) - -Dio.netty.noKeySetOptimization: false
30 2023/05/08 15:31:02,017 3733 [DEBUG ] [main] channel.nio.NioEventLoop channel.nio.NioEventLoop.<clinit>(NioEventLoop.java:111) - -Dio.netty.selectorAutoRebuildThreshold: 512
31 2023/05/08 15:31:02,034 3750 [DEBUG ] [main] netty.buffer.PooledByteBufAllocator netty.buffer.PooledByteBufAllocator.<clinit>(PooledByteBufAllocator.java:157) - -Dio.netty.allocator.numHeapArenas: 16
32 2023/05/08 15:31:02,034 3750 [DEBUG ] [main] netty.buffer.PooledByteBufAllocator netty.buffer.PooledByteBufAllocator.<clinit>(PooledByteBufAllocator.java:158) - -Dio.netty.allocator.numDirectArenas: 16
33 2023/05/08 15:31:02,034 3750 [DEBUG ] [main] netty.buffer.PooledByteBufAllocator netty.buffer.PooledByteBufAllocator.<clinit>(PooledByteBufAllocator.java:160) - -Dio.netty.allocator.pageSize: 8192
34 2023/05/08 15:31:02,034 3750 [DEBUG ] [main] netty.buffer.PooledByteBufAllocator netty.buffer.PooledByteBufAllocator.<clinit>(PooledByteBufAllocator.java:165) - -Dio.netty.allocator.maxOrder: 9
35 2023/05/08 15:31:02,034 3750 [DEBUG ] [main] netty.buffer.PooledByteBufAllocator netty.buffer.PooledByteBufAllocator.<clinit>(PooledByteBufAllocator.java:169) - -Dio.netty.allocator.chunkSize: 4194304
36 2023/05/08 15:31:02,035 3751 [DEBUG ] [main] netty.buffer.PooledByteBufAllocator netty.buffer.PooledByteBufAllocator.<clinit>(PooledByteBufAllocator.java:170) - -Dio.netty.allocator.smallCacheSize: 256
37 2023/05/08 15:31:02,035 3751 [DEBUG ] [main] netty.buffer.PooledByteBufAllocator netty.buffer.PooledByteBufAllocator.<clinit>(PooledByteBufAllocator.java:171) - -Dio.netty.allocator.normalCacheSize: 64
38 2023/05/08 15:31:02,035 3751 [DEBUG ] [main] netty.buffer.PooledByteBufAllocator netty.buffer.PooledByteBufAllocator.<clinit>(PooledByteBufAllocator.java:172) - -Dio.netty.allocator.maxCachedBufferCapacity: 32768
39 2023/05/08 15:31:02,035 3751 [DEBUG ] [main] netty.buffer.PooledByteBufAllocator netty.buffer.PooledByteBufAllocator.<clinit>(PooledByteBufAllocator.java:173) - -Dio.netty.allocator.cacheTrimInterval: 8192
40 2023/05/08 15:31:02,035 3751 [DEBUG ] [main] netty.buffer.PooledByteBufAllocator netty.buffer.PooledByteBufAllocator.<clinit>(PooledByteBufAllocator.java:174) - -Dio.netty.allocator.cacheTrimIntervalMillis: 0
41 2023/05/08 15:31:02,035 3751 [DEBUG ] [main] netty.buffer.PooledByteBufAllocator netty.buffer.PooledByteBufAllocator.<clinit>(PooledByteBufAllocator.java:175) - -Dio.netty.allocator.useCacheForAllThreads: false
42 2023/05/08 15:31:02,036 3752 [DEBUG ] [main] netty.buffer.PooledByteBufAllocator netty.buffer.PooledByteBufAllocator.<clinit>(PooledByteBufAllocator.java:176) - -Dio.netty.allocator.maxCachedByteBuffersPerChunk: 1023
43 2023/05/08 15:31:02,046 3762 [DEBUG ] [main] netty.buffer.ByteBufUtil netty.buffer.ByteBufUtil.<clinit>(ByteBufUtil.java:87) - -Dio.netty.allocator.type: pooled
44 2023/05/08 15:31:02,047 3763 [DEBUG ] [main] netty.buffer.ByteBufUtil netty.buffer.ByteBufUtil.<clinit>(ByteBufUtil.java:96) - -Dio.netty.threadLocalDirectBufferSize: 0
45 2023/05/08 15:31:02,047 3763 [DEBUG ] [main] netty.buffer.ByteBufUtil netty.buffer.ByteBufUtil.<clinit>(ByteBufUtil.java:99) - -Dio.netty.maxThreadLocalCharBufferSize: 16384
46 2023/05/08 15:31:02,273 3989 [DEBUG ] [Forwarding newSession on session null to remote] netty.channel.DefaultChannelId netty.channel.DefaultChannelId.<clinit>(DefaultChannelId.java:79) - -Dio.netty.processId: 45217 (auto-detected)
47 2023/05/08 15:31:02,275 3991 [DEBUG ] [Forwarding newSession on session null to remote] netty.util.NetUtil netty.util.NetUtil.<clinit>(NetUtil.java:142) - -Djava.net.preferIPv4Stack: true
48 2023/05/08 15:31:02,275 3991 [DEBUG ] [Forwarding newSession on session null to remote] netty.util.NetUtil netty.util.NetUtil.<clinit>(NetUtil.java:143) - -Djava.net.preferIPv6Addresses: false
49 2023/05/08 15:31:02,277 3993 [DEBUG ] [Forwarding newSession on session null to remote] netty.util.NetUtilInitializations netty.util.NetUtilInitializations.determineLoopback(NetUtilInitializations.java:139) - Loopback interface: lo0 (lo0, 0:0:0:0:0:0:0:1%lo0)
50 2023/05/08 15:31:02,278 3994 [DEBUG ] [Forwarding newSession on session null to remote] netty.util.NetUtil netty.util.NetUtil$SoMaxConnAction.run(NetUtil.java:200) - Failed to get SOMAXCONN from sysctl and file /proc/sys/net/core/somaxconn. Default: 128
51 2023/05/08 15:31:02,282 3998 [DEBUG ] [Forwarding newSession on session null to remote] netty.channel.DefaultChannelId netty.channel.DefaultChannelId.<clinit>(DefaultChannelId.java:101) - -Dio.netty.machineId: bc:d0:74:ff:fe:f0:77:f0 (auto-detected)
52 2023/05/08 15:31:02,325 4041 [DEBUG ] [AsyncHttpClient-1-2] netty.buffer.AbstractByteBuf netty.buffer.AbstractByteBuf.<clinit>(AbstractByteBuf.java:63) - -Dio.netty.buffer.checkAccessible: true
53 2023/05/08 15:31:02,326 4042 [DEBUG ] [AsyncHttpClient-1-2] netty.buffer.AbstractByteBuf netty.buffer.AbstractByteBuf.<clinit>(AbstractByteBuf.java:64) - -Dio.netty.buffer.checkBounds: true
54 2023/05/08 15:31:02,326 4042 [DEBUG ] [AsyncHttpClient-1-2] netty.util.ResourceLeakDetectorFactory netty.util.ResourceLeakDetectorFactory$DefaultResourceLeakDetectorFactory.newResourceLeakDetector(ResourceLeakDetectorFactory.java:196) - Loaded default ResourceLeakDetector: io.netty.util.ResourceLeakDetector@5aad6909
55 2023/05/08 15:31:02,404 4120 [DEBUG ] [AsyncHttpClient-1-2] netty.util.Recycler netty.util.Recycler.<clinit>(Recycler.java:85) - -Dio.netty.recycler.maxCapacityPerThread: 4096
56 2023/05/08 15:31:02,405 4121 [DEBUG ] [AsyncHttpClient-1-2] netty.util.Recycler netty.util.Recycler.<clinit>(Recycler.java:86) - -Dio.netty.recycler.ratio: 8
57 2023/05/08 15:31:02,405 4121 [DEBUG ] [AsyncHttpClient-1-2] netty.util.Recycler netty.util.Recycler.<clinit>(Recycler.java:87) - -Dio.netty.recycler.chunkSize: 32
58 2023/05/08 15:31:02,405 4121 [DEBUG ] [AsyncHttpClient-1-2] netty.util.Recycler netty.util.Recycler.<clinit>(Recycler.java:88) - -Dio.netty.recycler.blocking: false
59 2023/05/08 15:31:15,369 17085 [DEBUG ] [AsyncHttpClient-1-2] codec.compression.Brotli codec.compression.Brotli.<clinit>(Brotli.java:38) - brotli4j not in the classpath; Brotli support will be unavailable.
60 2023/05/08 15:31:18,533 20249 [INFO  ] [main] qa.wrappers.BaseMethod qa.wrappers.BaseMethod.click(BaseMethod.java:513) - Trying to click on element: [[RemoteWebDriver: chrome on LINUX (6c9ff6b2c11d38d4ed2adef800f4e6f0)] -> xpath: //a[text()='Women']]
61 2023/05/08 15:31:24,571 26287 [INFO  ] [main] qa.wrappers.BaseMethod qa.wrappers.BaseMethod.click(BaseMethod.java:516) - element clicked : [[RemoteWebDriver: chrome on LINUX (6c9ff6b2c11d38d4ed2adef800f4e6f0)] -> xpath: //a[text()='Women']]
62 2023/05/08 15:31:39,625 41341 [INFO  ] [main] qa.wrappers.BaseMethod qa.wrappers.BaseMethod.click(BaseMethod.java:513) - Trying to click on element: [[RemoteWebDriver: chrome on LINUX (4da45e19556dde481abc3f60bd4d59db)] -> xpath: //button[@title='Search']]
63 2023/05/08 15:31:45,115 46831 [INFO  ] [main] qa.wrappers.BaseMethod qa.wrappers.BaseMethod.click(BaseMethod.java:516) - element clicked : [[RemoteWebDriver: chrome on LINUX (4da45e19556dde481abc3f60bd4d59db)] -> xpath: //button[@title='Search']]
64 2023/05/08 15:31:54,858 56574 [INFO  ] [main] qa.wrappers.BaseMethod qa.wrappers.BaseMethod.selectByVisibleText(BaseMethod.java:491) - Trying to select element Value from Dropdown
65 2023/05/08 15:31:56,689 58405 [INFO  ] [main] qa.wrappers.BaseMethod qa.wrappers.BaseMethod.selectByVisibleText(BaseMethod.java:495) - German Value selected from Dropdown: 
66 2023/05/08 15:32:03,162 64878 [INFO  ] [main] qa.wrappers.BaseMethod qa.wrappers.BaseMethod.mouseHover(BaseMethod.java:822) - Trying to mouse hover on element [[RemoteWebDriver: chrome on LINUX (40f84d715aa195aca93b45d3fce1c35f)] -> xpath: //a[text()='Home & Decor']] using Actions class
67 2023/05/08 15:32:05,338 67054 [INFO  ] [main] qa.wrappers.BaseMethod qa.wrappers.BaseMethod.mouseHover(BaseMethod.java:839) - Mouse hovered and clicked on element
68 2023/05/08 15:32:05,345 67061 [INFO  ] [main] qa.wrappers.BaseMethod qa.wrappers.BaseMethod.getAttribute(BaseMethod.java:637) - Trying to title attribute value from DOM
69 2023/05/08 15:32:07,179 68895 [INFO  ] [main] qa.wrappers.BaseMethod qa.wrappers.BaseMethod.click(BaseMethod.java:513) - Trying to click on element: [[RemoteWebDriver: chrome on LINUX (40f84d715aa195aca93b45d3fce1c35f)] -> xpath: //li[@class='item last']//a]
70 2023/05/08 15:32:22,093 83809 [INFO  ] [main] qa.wrappers.BaseMethod qa.wrappers.BaseMethod.click(BaseMethod.java:516) - element clicked : Proxy element for: DefaultElementLocator 'By.xpath: //li[@class='item last']//a'
71 2023/05/08 15:32:24,158 85874 [INFO  ] [main] qa.wrappers.BaseMethod qa.wrappers.BaseMethod.click(BaseMethod.java:513) - Trying to click on element: [[RemoteWebDriver: chrome on LINUX (40f84d715aa195aca93b45d3fce1c35f)] -> xpath: //ul[@id='downloadable-links-list']//li//input]
72 2023/05/08 15:32:29,230 90946 [INFO  ] [main] qa.wrappers.BaseMethod qa.wrappers.BaseMethod.click(BaseMethod.java:516) - element clicked : [[RemoteWebDriver: chrome on LINUX (40f84d715aa195aca93b45d3fce1c35f)] -> xpath: //ul[@id='downloadable-links-list']//li//input]
73 2023/05/08 15:32:29,399 91115 [INFO  ] [main] qa.wrappers.BaseMethod qa.wrappers.BaseMethod.clickUsingIndex(BaseMethod.java:521) - Trying to click on1 element: [[[RemoteWebDriver: chrome on LINUX (40f84d715aa195aca93b45d3fce1c35f)] -> xpath: //button[@title='Add to Cart']], [[RemoteWebDriver: chrome on LINUX (40f84d715aa195aca93b45d3fce1c35f)] -> xpath: //button[@title='Add to Cart']]]
74 2023/05/08 15:32:35,828 97544 [INFO  ] [main] qa.wrappers.BaseMethod qa.wrappers.BaseMethod.clickUsingIndex(BaseMethod.java:524) - element clicked : [[[RemoteWebDriver: chrome on LINUX (40f84d715aa195aca93b45d3fce1c35f)] -> xpath: //button[@title='Add to Cart']]]
75 2023/05/08 15:32:36,032 97748 [INFO  ] [main] qa.wrappers.BaseMethod qa.wrappers.BaseMethod.click(BaseMethod.java:513) - Trying to click on element: [[RemoteWebDriver: chrome on LINUX (40f84d715aa195aca93b45d3fce1c35f)] -> xpath: //button[@title='Proceed to Checkout']]
76 2023/05/08 15:32:50,729 112445 [INFO  ] [main] qa.wrappers.BaseMethod qa.wrappers.BaseMethod.click(BaseMethod.java:516) - element clicked : Proxy element for: DefaultElementLocator 'By.xpath: //button[@title='Proceed to Checkout']'
77 2023/05/08 15:33:10,963 132679 [ERROR ] [main] qa.utils.Excel qa.utils.Excel.getDataSheet(Excel.java:78) - getDataSheet : Error occured while getting data from sheet java.io.FileNotFoundException: /Users/10688467/Desktop/AutDemo/DemoSetupProject/SeleniumDemo-master/NewVanilla-main\testData\testCases\test\Smoke\\SelectEachCatagory.xlsx (No such file or directory)
