1 2022/08/22 17:16:37,528 2261 [DEBUG ] [main] internal.logging.InternalLoggerFactory internal.logging.InternalLoggerFactory.useLog4J2LoggerFactory(InternalLoggerFactory.java:76) - Using Log4J2 as the default logging framework
2 2022/08/22 17:16:37,536 2269 [DEBUG ] [main] netty.util.ResourceLeakDetector netty.util.ResourceLeakDetector.<clinit>(ResourceLeakDetector.java:129) - -Dio.netty.leakDetection.level: simple
3 2022/08/22 17:16:37,537 2270 [DEBUG ] [main] netty.util.ResourceLeakDetector netty.util.ResourceLeakDetector.<clinit>(ResourceLeakDetector.java:130) - -Dio.netty.leakDetection.targetRecords: 4
4 2022/08/22 17:16:37,541 2274 [DEBUG ] [main] netty.util.ResourceLeakDetectorFactory netty.util.ResourceLeakDetectorFactory$DefaultResourceLeakDetectorFactory.newResourceLeakDetector(ResourceLeakDetectorFactory.java:196) - Loaded default ResourceLeakDetector: io.netty.util.ResourceLeakDetector@592238c5
5 2022/08/22 17:16:37,559 2292 [DEBUG ] [main] util.internal.PlatformDependent0 util.internal.PlatformDependent0.explicitNoUnsafeCause0(PlatformDependent0.java:460) - -Dio.netty.noUnsafe: false
6 2022/08/22 17:16:37,560 2293 [DEBUG ] [main] util.internal.PlatformDependent0 util.internal.PlatformDependent0.javaVersion0(PlatformDependent0.java:954) - Java version: 16
7 2022/08/22 17:16:37,562 2295 [DEBUG ] [main] util.internal.PlatformDependent0 util.internal.PlatformDependent0.<clinit>(PlatformDependent0.java:135) - sun.misc.Unsafe.theUnsafe: available
8 2022/08/22 17:16:37,563 2296 [DEBUG ] [main] util.internal.PlatformDependent0 util.internal.PlatformDependent0.<clinit>(PlatformDependent0.java:159) - sun.misc.Unsafe.copyMemory: available
9 2022/08/22 17:16:37,565 2298 [DEBUG ] [main] util.internal.PlatformDependent0 util.internal.PlatformDependent0.<clinit>(PlatformDependent0.java:202) - java.nio.Buffer.address: available
10 2022/08/22 17:16:37,566 2299 [DEBUG ] [main] util.internal.PlatformDependent0 util.internal.PlatformDependent0.<clinit>(PlatformDependent0.java:285) - direct buffer constructor: unavailable: Reflective setAccessible(true) disabled
11 2022/08/22 17:16:37,567 2300 [DEBUG ] [main] util.internal.PlatformDependent0 util.internal.PlatformDependent0.<clinit>(PlatformDependent0.java:350) - java.nio.Bits.unaligned: available, true
12 2022/08/22 17:16:37,568 2301 [DEBUG ] [main] util.internal.PlatformDependent0 util.internal.PlatformDependent0.<clinit>(PlatformDependent0.java:417) - jdk.internal.misc.Unsafe.allocateUninitializedArray(int): unavailable: class io.netty.util.internal.PlatformDependent0$6 cannot access class jdk.internal.misc.Unsafe (in module java.base) because module java.base does not export jdk.internal.misc to unnamed module @3551a94
13 2022/08/22 17:16:37,570 2303 [DEBUG ] [main] util.internal.PlatformDependent0 util.internal.PlatformDependent0.<clinit>(PlatformDependent0.java:446) - java.nio.DirectByteBuffer.<init>(long, int): unavailable
14 2022/08/22 17:16:37,570 2303 [DEBUG ] [main] util.internal.PlatformDependent util.internal.PlatformDependent.unsafeUnavailabilityCause0(PlatformDependent.java:1116) - sun.misc.Unsafe: available
15 2022/08/22 17:16:37,571 2304 [DEBUG ] [main] util.internal.PlatformDependent util.internal.PlatformDependent.estimateMaxDirectMemory(PlatformDependent.java:1227) - maxDirectMemory: 4234149888 bytes (maybe)
16 2022/08/22 17:16:37,571 2304 [DEBUG ] [main] util.internal.PlatformDependent util.internal.PlatformDependent.tmpdir0(PlatformDependent.java:1246) - -Dio.netty.tmpdir: C:\Users\10684951\AppData\Local\Temp (java.io.tmpdir)
17 2022/08/22 17:16:37,571 2304 [DEBUG ] [main] util.internal.PlatformDependent util.internal.PlatformDependent.bitMode0(PlatformDependent.java:1325) - -Dio.netty.bitMode: 64 (sun.arch.data.model)
18 2022/08/22 17:16:37,572 2305 [DEBUG ] [main] util.internal.PlatformDependent util.internal.PlatformDependent.isWindows0(PlatformDependent.java:1076) - Platform: Windows
19 2022/08/22 17:16:37,573 2306 [DEBUG ] [main] util.internal.PlatformDependent util.internal.PlatformDependent.<clinit>(PlatformDependent.java:178) - -Dio.netty.maxDirectMemory: -1 bytes
20 2022/08/22 17:16:37,573 2306 [DEBUG ] [main] util.internal.PlatformDependent util.internal.PlatformDependent.<clinit>(PlatformDependent.java:185) - -Dio.netty.uninitializedArrayAllocationThreshold: -1
21 2022/08/22 17:16:37,574 2307 [DEBUG ] [main] util.internal.CleanerJava9 util.internal.CleanerJava9.<clinit>(CleanerJava9.java:71) - java.nio.ByteBuffer.cleaner(): available
22 2022/08/22 17:16:37,574 2307 [DEBUG ] [main] util.internal.PlatformDependent util.internal.PlatformDependent.<clinit>(PlatformDependent.java:205) - -Dio.netty.noPreferDirect: false
23 2022/08/22 17:16:37,581 2314 [DEBUG ] [main] util.internal.PlatformDependent util.internal.PlatformDependent$Mpsc.<clinit>(PlatformDependent.java:967) - org.jctools-core.MpscChunkedArrayQueue: available
24 2022/08/22 17:16:37,597 2330 [DEBUG ] [main] util.internal.InternalThreadLocalMap util.internal.InternalThreadLocalMap.<clinit>(InternalThreadLocalMap.java:86) - -Dio.netty.threadLocalMap.stringBuilder.initialSize: 1024
25 2022/08/22 17:16:37,597 2330 [DEBUG ] [main] util.internal.InternalThreadLocalMap util.internal.InternalThreadLocalMap.<clinit>(InternalThreadLocalMap.java:89) - -Dio.netty.threadLocalMap.stringBuilder.maxSize: 4096
26 2022/08/22 17:16:37,776 2509 [DEBUG ] [main] handler.ssl.JdkSslContext handler.ssl.JdkSslContext.<clinit>(JdkSslContext.java:97) - Default protocols (JDK): [TLSv1.3, TLSv1.2] 
27 2022/08/22 17:16:37,777 2510 [DEBUG ] [main] handler.ssl.JdkSslContext handler.ssl.JdkSslContext.<clinit>(JdkSslContext.java:98) - Default cipher suites (JDK): [TLS_ECDHE_ECDSA_WITH_AES_256_GCM_SHA384, TLS_ECDHE_ECDSA_WITH_AES_128_GCM_SHA256, TLS_ECDHE_RSA_WITH_AES_128_GCM_SHA256, TLS_ECDHE_RSA_WITH_AES_256_GCM_SHA384, TLS_ECDHE_RSA_WITH_AES_128_CBC_SHA, TLS_ECDHE_RSA_WITH_AES_256_CBC_SHA, TLS_RSA_WITH_AES_128_GCM_SHA256, TLS_RSA_WITH_AES_128_CBC_SHA, TLS_RSA_WITH_AES_256_CBC_SHA, TLS_AES_128_GCM_SHA256, TLS_AES_256_GCM_SHA384]
28 2022/08/22 17:16:37,801 2534 [DEBUG ] [main] netty.channel.MultithreadEventLoopGroup netty.channel.MultithreadEventLoopGroup.<clinit>(MultithreadEventLoopGroup.java:44) - -Dio.netty.eventLoopThreads: 16
29 2022/08/22 17:16:37,811 2544 [DEBUG ] [main] channel.nio.NioEventLoop channel.nio.NioEventLoop.<clinit>(NioEventLoop.java:109) - -Dio.netty.noKeySetOptimization: false
30 2022/08/22 17:16:37,811 2544 [DEBUG ] [main] channel.nio.NioEventLoop channel.nio.NioEventLoop.<clinit>(NioEventLoop.java:110) - -Dio.netty.selectorAutoRebuildThreshold: 512
31 2022/08/22 17:16:37,933 2666 [DEBUG ] [main] netty.buffer.PooledByteBufAllocator netty.buffer.PooledByteBufAllocator.<clinit>(PooledByteBufAllocator.java:155) - -Dio.netty.allocator.numHeapArenas: 16
32 2022/08/22 17:16:37,933 2666 [DEBUG ] [main] netty.buffer.PooledByteBufAllocator netty.buffer.PooledByteBufAllocator.<clinit>(PooledByteBufAllocator.java:156) - -Dio.netty.allocator.numDirectArenas: 16
33 2022/08/22 17:16:37,933 2666 [DEBUG ] [main] netty.buffer.PooledByteBufAllocator netty.buffer.PooledByteBufAllocator.<clinit>(PooledByteBufAllocator.java:158) - -Dio.netty.allocator.pageSize: 8192
34 2022/08/22 17:16:37,934 2667 [DEBUG ] [main] netty.buffer.PooledByteBufAllocator netty.buffer.PooledByteBufAllocator.<clinit>(PooledByteBufAllocator.java:163) - -Dio.netty.allocator.maxOrder: 9
35 2022/08/22 17:16:37,934 2667 [DEBUG ] [main] netty.buffer.PooledByteBufAllocator netty.buffer.PooledByteBufAllocator.<clinit>(PooledByteBufAllocator.java:167) - -Dio.netty.allocator.chunkSize: 4194304
36 2022/08/22 17:16:37,934 2667 [DEBUG ] [main] netty.buffer.PooledByteBufAllocator netty.buffer.PooledByteBufAllocator.<clinit>(PooledByteBufAllocator.java:168) - -Dio.netty.allocator.smallCacheSize: 256
37 2022/08/22 17:16:37,934 2667 [DEBUG ] [main] netty.buffer.PooledByteBufAllocator netty.buffer.PooledByteBufAllocator.<clinit>(PooledByteBufAllocator.java:169) - -Dio.netty.allocator.normalCacheSize: 64
38 2022/08/22 17:16:37,935 2668 [DEBUG ] [main] netty.buffer.PooledByteBufAllocator netty.buffer.PooledByteBufAllocator.<clinit>(PooledByteBufAllocator.java:170) - -Dio.netty.allocator.maxCachedBufferCapacity: 32768
39 2022/08/22 17:16:37,935 2668 [DEBUG ] [main] netty.buffer.PooledByteBufAllocator netty.buffer.PooledByteBufAllocator.<clinit>(PooledByteBufAllocator.java:171) - -Dio.netty.allocator.cacheTrimInterval: 8192
40 2022/08/22 17:16:37,935 2668 [DEBUG ] [main] netty.buffer.PooledByteBufAllocator netty.buffer.PooledByteBufAllocator.<clinit>(PooledByteBufAllocator.java:172) - -Dio.netty.allocator.cacheTrimIntervalMillis: 0
41 2022/08/22 17:16:37,936 2669 [DEBUG ] [main] netty.buffer.PooledByteBufAllocator netty.buffer.PooledByteBufAllocator.<clinit>(PooledByteBufAllocator.java:173) - -Dio.netty.allocator.useCacheForAllThreads: false
42 2022/08/22 17:16:37,936 2669 [DEBUG ] [main] netty.buffer.PooledByteBufAllocator netty.buffer.PooledByteBufAllocator.<clinit>(PooledByteBufAllocator.java:174) - -Dio.netty.allocator.maxCachedByteBuffersPerChunk: 1023
43 2022/08/22 17:16:37,946 2679 [DEBUG ] [main] netty.buffer.ByteBufUtil netty.buffer.ByteBufUtil.<clinit>(ByteBufUtil.java:87) - -Dio.netty.allocator.type: pooled
44 2022/08/22 17:16:37,947 2680 [DEBUG ] [main] netty.buffer.ByteBufUtil netty.buffer.ByteBufUtil.<clinit>(ByteBufUtil.java:96) - -Dio.netty.threadLocalDirectBufferSize: 0
45 2022/08/22 17:16:37,947 2680 [DEBUG ] [main] netty.buffer.ByteBufUtil netty.buffer.ByteBufUtil.<clinit>(ByteBufUtil.java:99) - -Dio.netty.maxThreadLocalCharBufferSize: 16384
46 2022/08/22 17:16:38,296 3029 [DEBUG ] [Forwarding newSession on session null to remote] netty.channel.DefaultChannelId netty.channel.DefaultChannelId.<clinit>(DefaultChannelId.java:79) - -Dio.netty.processId: 11824 (auto-detected)
47 2022/08/22 17:16:38,298 3031 [DEBUG ] [Forwarding newSession on session null to remote] netty.util.NetUtil netty.util.NetUtil.<clinit>(NetUtil.java:136) - -Djava.net.preferIPv4Stack: true
48 2022/08/22 17:16:38,299 3032 [DEBUG ] [Forwarding newSession on session null to remote] netty.util.NetUtil netty.util.NetUtil.<clinit>(NetUtil.java:137) - -Djava.net.preferIPv6Addresses: false
49 2022/08/22 17:16:38,332 3065 [DEBUG ] [Forwarding newSession on session null to remote] netty.util.NetUtilInitializations netty.util.NetUtilInitializations.determineLoopback(NetUtilInitializations.java:129) - Loopback interface: lo (Software Loopback Interface 1, 127.0.0.1)
50 2022/08/22 17:16:38,333 3066 [DEBUG ] [Forwarding newSession on session null to remote] netty.util.NetUtil netty.util.NetUtil$SoMaxConnAction.run(NetUtil.java:191) - Failed to get SOMAXCONN from sysctl and file \proc\sys\net\core\somaxconn. Default: 200
51 2022/08/22 17:16:38,412 3145 [DEBUG ] [Forwarding newSession on session null to remote] netty.channel.DefaultChannelId netty.channel.DefaultChannelId.<clinit>(DefaultChannelId.java:101) - -Dio.netty.machineId: d4:1b:81:ff:fe:59:ab:63 (auto-detected)
52 2022/08/22 17:16:38,453 3186 [DEBUG ] [AsyncHttpClient-1-2] netty.buffer.AbstractByteBuf netty.buffer.AbstractByteBuf.<clinit>(AbstractByteBuf.java:63) - -Dio.netty.buffer.checkAccessible: true
53 2022/08/22 17:16:38,454 3187 [DEBUG ] [AsyncHttpClient-1-2] netty.buffer.AbstractByteBuf netty.buffer.AbstractByteBuf.<clinit>(AbstractByteBuf.java:64) - -Dio.netty.buffer.checkBounds: true
54 2022/08/22 17:16:38,454 3187 [DEBUG ] [AsyncHttpClient-1-2] netty.util.ResourceLeakDetectorFactory netty.util.ResourceLeakDetectorFactory$DefaultResourceLeakDetectorFactory.newResourceLeakDetector(ResourceLeakDetectorFactory.java:196) - Loaded default ResourceLeakDetector: io.netty.util.ResourceLeakDetector@c865b6c
55 2022/08/22 17:16:38,472 3205 [DEBUG ] [AsyncHttpClient-1-2] netty.util.Recycler netty.util.Recycler.<clinit>(Recycler.java:85) - -Dio.netty.recycler.maxCapacityPerThread: 4096
56 2022/08/22 17:16:38,472 3205 [DEBUG ] [AsyncHttpClient-1-2] netty.util.Recycler netty.util.Recycler.<clinit>(Recycler.java:86) - -Dio.netty.recycler.ratio: 8
57 2022/08/22 17:16:38,472 3205 [DEBUG ] [AsyncHttpClient-1-2] netty.util.Recycler netty.util.Recycler.<clinit>(Recycler.java:87) - -Dio.netty.recycler.chunkSize: 32
58 2022/08/22 17:16:38,473 3206 [DEBUG ] [AsyncHttpClient-1-2] netty.util.Recycler netty.util.Recycler.<clinit>(Recycler.java:88) - -Dio.netty.recycler.blocking: false
59 2022/08/22 17:16:51,411 16144 [DEBUG ] [AsyncHttpClient-1-2] codec.compression.Brotli codec.compression.Brotli.<clinit>(Brotli.java:38) - brotli4j not in the classpath; Brotli support will be unavailable.
60 2022/08/22 17:16:53,494 18227 [INFO  ] [main] qa.wrappers.BaseMethod qa.wrappers.BaseMethod.click(BaseMethod.java:318) - Trying to click on element: [[RemoteWebDriver: chrome on LINUX (35ceb82f7b0c71c731def09d99bfa785)] -> xpath: //a[text()='Women']]
61 2022/08/22 17:16:58,307 23040 [INFO  ] [main] qa.wrappers.BaseMethod qa.wrappers.BaseMethod.click(BaseMethod.java:321) - element clicked : [[RemoteWebDriver: chrome on LINUX (35ceb82f7b0c71c731def09d99bfa785)] -> xpath: //a[text()='Women']]
62 2022/08/22 17:17:17,288 42021 [INFO  ] [main] qa.wrappers.BaseMethod qa.wrappers.BaseMethod.click(BaseMethod.java:318) - Trying to click on element: [[RemoteWebDriver: chrome on LINUX (f170568bb9bd0877d6be90de78d05eff)] -> xpath: //button[@title='Search']]
63 2022/08/22 17:17:21,897 46630 [INFO  ] [main] qa.wrappers.BaseMethod qa.wrappers.BaseMethod.click(BaseMethod.java:321) - element clicked : [[RemoteWebDriver: chrome on LINUX (f170568bb9bd0877d6be90de78d05eff)] -> xpath: //button[@title='Search']]
64 2022/08/22 17:17:38,389 63122 [INFO  ] [main] qa.wrappers.BaseMethod qa.wrappers.BaseMethod.selectByVisibleText(BaseMethod.java:296) - Trying to select element Value from Dropdown
65 2022/08/22 17:17:39,102 63835 [INFO  ] [main] qa.wrappers.BaseMethod qa.wrappers.BaseMethod.selectByVisibleText(BaseMethod.java:300) - German Value selected from Dropdown: 
66 2022/08/22 17:17:57,499 82232 [INFO  ] [main] qa.wrappers.BaseMethod qa.wrappers.BaseMethod.getAttribute(BaseMethod.java:442) - Trying to href attribute value from DOM
67 2022/08/22 17:18:00,703 85436 [INFO  ] [main] qa.wrappers.BaseMethod qa.wrappers.BaseMethod.newTab(BaseMethod.java:129) - New tab opened 
68 2022/08/22 17:18:22,800 107533 [INFO  ] [main] qa.wrappers.BaseMethod qa.wrappers.BaseMethod.mouseHover(BaseMethod.java:627) - Trying to mouse hover on element [[RemoteWebDriver: chrome on LINUX (b835b08135c5125ea0e5cf60c71edc0a)] -> xpath: //a[text()='Home & Decor']] using Actions class
69 2022/08/22 17:18:24,210 108943 [INFO  ] [main] qa.wrappers.BaseMethod qa.wrappers.BaseMethod.mouseHover(BaseMethod.java:644) - Mouse hovered and clicked on element
70 2022/08/22 17:18:24,217 108950 [INFO  ] [main] qa.wrappers.BaseMethod qa.wrappers.BaseMethod.getAttribute(BaseMethod.java:442) - Trying to title attribute value from DOM
71 2022/08/22 17:18:25,589 110322 [INFO  ] [main] qa.wrappers.BaseMethod qa.wrappers.BaseMethod.click(BaseMethod.java:318) - Trying to click on element: [[RemoteWebDriver: chrome on LINUX (b835b08135c5125ea0e5cf60c71edc0a)] -> xpath: //li[@class='item last']//a]
72 2022/08/22 17:18:39,804 124537 [INFO  ] [main] qa.wrappers.BaseMethod qa.wrappers.BaseMethod.click(BaseMethod.java:321) - element clicked : Proxy element for: DefaultElementLocator 'By.xpath: //li[@class='item last']//a'
73 2022/08/22 17:18:40,606 125339 [INFO  ] [main] qa.wrappers.BaseMethod qa.wrappers.BaseMethod.click(BaseMethod.java:318) - Trying to click on element: [[RemoteWebDriver: chrome on LINUX (b835b08135c5125ea0e5cf60c71edc0a)] -> xpath: //ul[@id='downloadable-links-list']//li//input]
74 2022/08/22 17:18:44,743 129476 [INFO  ] [main] qa.wrappers.BaseMethod qa.wrappers.BaseMethod.click(BaseMethod.java:321) - element clicked : [[RemoteWebDriver: chrome on LINUX (b835b08135c5125ea0e5cf60c71edc0a)] -> xpath: //ul[@id='downloadable-links-list']//li//input]
75 2022/08/22 17:18:44,778 129511 [INFO  ] [main] qa.wrappers.BaseMethod qa.wrappers.BaseMethod.clickUsingIndex(BaseMethod.java:326) - Trying to click on1 element: [[[RemoteWebDriver: chrome on LINUX (b835b08135c5125ea0e5cf60c71edc0a)] -> xpath: //button[@title='Add to Cart']], [[RemoteWebDriver: chrome on LINUX (b835b08135c5125ea0e5cf60c71edc0a)] -> xpath: //button[@title='Add to Cart']]]
76 2022/08/22 17:18:52,085 136818 [INFO  ] [main] qa.wrappers.BaseMethod qa.wrappers.BaseMethod.clickUsingIndex(BaseMethod.java:329) - element clicked : [[[RemoteWebDriver: chrome on LINUX (b835b08135c5125ea0e5cf60c71edc0a)] -> xpath: //button[@title='Add to Cart']]]
77 2022/08/22 17:18:52,183 136916 [INFO  ] [main] qa.wrappers.BaseMethod qa.wrappers.BaseMethod.click(BaseMethod.java:318) - Trying to click on element: [[RemoteWebDriver: chrome on LINUX (b835b08135c5125ea0e5cf60c71edc0a)] -> xpath: //button[@title='Proceed to Checkout']]
78 2022/08/22 17:19:06,364 151097 [INFO  ] [main] qa.wrappers.BaseMethod qa.wrappers.BaseMethod.click(BaseMethod.java:321) - element clicked : Proxy element for: DefaultElementLocator 'By.xpath: //button[@title='Proceed to Checkout']'
79 2022/08/22 17:20:21,086 225819 [INFO  ] [main] qa.wrappers.BaseMethod qa.wrappers.BaseMethod.click(BaseMethod.java:318) - Trying to click on element: [[RemoteWebDriver: chrome on LINUX (fabfe1b5a81d461ab4aa39c3388229d1)] -> xpath: //a[text()='Women']]
80 2022/08/22 17:20:25,583 230316 [INFO  ] [main] qa.wrappers.BaseMethod qa.wrappers.BaseMethod.click(BaseMethod.java:321) - element clicked : [[RemoteWebDriver: chrome on LINUX (fabfe1b5a81d461ab4aa39c3388229d1)] -> xpath: //a[text()='Women']]
81 2022/08/22 17:20:53,081 257814 [INFO  ] [main] qa.wrappers.BaseMethod qa.wrappers.BaseMethod.click(BaseMethod.java:318) - Trying to click on element: [[RemoteWebDriver: chrome on LINUX (4a71c4be0c59378cae7747ce5b0a6fa0)] -> xpath: //button[@title='Search']]
82 2022/08/22 17:20:57,989 262722 [INFO  ] [main] qa.wrappers.BaseMethod qa.wrappers.BaseMethod.click(BaseMethod.java:321) - element clicked : [[RemoteWebDriver: chrome on LINUX (4a71c4be0c59378cae7747ce5b0a6fa0)] -> xpath: //button[@title='Search']]
83 2022/08/22 17:21:19,417 284150 [INFO  ] [main] qa.wrappers.BaseMethod qa.wrappers.BaseMethod.selectByVisibleText(BaseMethod.java:296) - Trying to select element Value from Dropdown
84 2022/08/22 17:21:19,631 284364 [INFO  ] [main] qa.wrappers.BaseMethod qa.wrappers.BaseMethod.selectByVisibleText(BaseMethod.java:300) - German Value selected from Dropdown: 
85 2022/08/22 17:21:45,303 310036 [INFO  ] [main] qa.wrappers.BaseMethod qa.wrappers.BaseMethod.getAttribute(BaseMethod.java:442) - Trying to href attribute value from DOM
86 2022/08/22 17:21:49,194 313927 [INFO  ] [main] qa.wrappers.BaseMethod qa.wrappers.BaseMethod.newTab(BaseMethod.java:129) - New tab opened 
87 2022/08/22 17:22:17,589 342322 [INFO  ] [main] qa.wrappers.BaseMethod qa.wrappers.BaseMethod.mouseHover(BaseMethod.java:627) - Trying to mouse hover on element [[RemoteWebDriver: chrome on LINUX (4b87b1a931e20d6818af981502f1c052)] -> xpath: //a[text()='Home & Decor']] using Actions class
88 2022/08/22 17:22:18,498 343231 [INFO  ] [main] qa.wrappers.BaseMethod qa.wrappers.BaseMethod.mouseHover(BaseMethod.java:644) - Mouse hovered and clicked on element
89 2022/08/22 17:22:18,506 343239 [INFO  ] [main] qa.wrappers.BaseMethod qa.wrappers.BaseMethod.getAttribute(BaseMethod.java:442) - Trying to title attribute value from DOM
90 2022/08/22 17:22:19,404 344137 [INFO  ] [main] qa.wrappers.BaseMethod qa.wrappers.BaseMethod.click(BaseMethod.java:318) - Trying to click on element: [[RemoteWebDriver: chrome on LINUX (4b87b1a931e20d6818af981502f1c052)] -> xpath: //li[@class='item last']//a]
91 2022/08/22 17:22:33,617 358350 [INFO  ] [main] qa.wrappers.BaseMethod qa.wrappers.BaseMethod.click(BaseMethod.java:321) - element clicked : Proxy element for: DefaultElementLocator 'By.xpath: //li[@class='item last']//a'
92 2022/08/22 17:22:34,406 359139 [INFO  ] [main] qa.wrappers.BaseMethod qa.wrappers.BaseMethod.click(BaseMethod.java:318) - Trying to click on element: [[RemoteWebDriver: chrome on LINUX (4b87b1a931e20d6818af981502f1c052)] -> xpath: //ul[@id='downloadable-links-list']//li//input]
93 2022/08/22 17:22:38,513 363246 [INFO  ] [main] qa.wrappers.BaseMethod qa.wrappers.BaseMethod.click(BaseMethod.java:321) - element clicked : [[RemoteWebDriver: chrome on LINUX (4b87b1a931e20d6818af981502f1c052)] -> xpath: //ul[@id='downloadable-links-list']//li//input]
94 2022/08/22 17:22:38,585 363318 [INFO  ] [main] qa.wrappers.BaseMethod qa.wrappers.BaseMethod.clickUsingIndex(BaseMethod.java:326) - Trying to click on1 element: [[[RemoteWebDriver: chrome on LINUX (4b87b1a931e20d6818af981502f1c052)] -> xpath: //button[@title='Add to Cart']], [[RemoteWebDriver: chrome on LINUX (4b87b1a931e20d6818af981502f1c052)] -> xpath: //button[@title='Add to Cart']]]
95 2022/08/22 17:22:44,590 369323 [INFO  ] [main] qa.wrappers.BaseMethod qa.wrappers.BaseMethod.clickUsingIndex(BaseMethod.java:329) - element clicked : [[[RemoteWebDriver: chrome on LINUX (4b87b1a931e20d6818af981502f1c052)] -> xpath: //button[@title='Add to Cart']]]
96 2022/08/22 17:22:44,717 369450 [INFO  ] [main] qa.wrappers.BaseMethod qa.wrappers.BaseMethod.click(BaseMethod.java:318) - Trying to click on element: [[RemoteWebDriver: chrome on LINUX (4b87b1a931e20d6818af981502f1c052)] -> xpath: //button[@title='Proceed to Checkout']]
97 2022/08/22 17:22:58,851 383584 [INFO  ] [main] qa.wrappers.BaseMethod qa.wrappers.BaseMethod.click(BaseMethod.java:321) - element clicked : Proxy element for: DefaultElementLocator 'By.xpath: //button[@title='Proceed to Checkout']'
98 2022/08/22 17:24:14,400 459133 [INFO  ] [main] qa.wrappers.BaseMethod qa.wrappers.BaseMethod.click(BaseMethod.java:318) - Trying to click on element: [[RemoteWebDriver: firefox on LINUX (a896508e-0138-4947-9c35-c0ae683f7774)] -> xpath: //a[text()='Women']]
99 2022/08/22 17:24:20,195 464928 [INFO  ] [main] qa.wrappers.BaseMethod qa.wrappers.BaseMethod.click(BaseMethod.java:321) - element clicked : [[RemoteWebDriver: firefox on LINUX (a896508e-0138-4947-9c35-c0ae683f7774)] -> xpath: //a[text()='Women']]
100 2022/08/22 17:25:02,613 507346 [INFO  ] [main] qa.wrappers.BaseMethod qa.wrappers.BaseMethod.click(BaseMethod.java:318) - Trying to click on element: [[RemoteWebDriver: firefox on LINUX (b8033ed3-22ed-4845-bee1-7f8dae89c2fd)] -> xpath: //button[@title='Search']]
101 2022/08/22 17:25:07,891 512624 [INFO  ] [main] qa.wrappers.BaseMethod qa.wrappers.BaseMethod.click(BaseMethod.java:321) - element clicked : [[RemoteWebDriver: firefox on LINUX (b8033ed3-22ed-4845-bee1-7f8dae89c2fd)] -> xpath: //button[@title='Search']]
102 2022/08/22 17:25:34,416 539149 [INFO  ] [main] qa.wrappers.BaseMethod qa.wrappers.BaseMethod.selectByVisibleText(BaseMethod.java:296) - Trying to select element Value from Dropdown
103 2022/08/22 17:25:35,383 540116 [INFO  ] [main] qa.wrappers.BaseMethod qa.wrappers.BaseMethod.selectByVisibleText(BaseMethod.java:300) - German Value selected from Dropdown: 
104 2022/08/22 17:26:01,009 565742 [INFO  ] [main] qa.wrappers.BaseMethod qa.wrappers.BaseMethod.getAttribute(BaseMethod.java:442) - Trying to href attribute value from DOM
105 2022/08/22 17:26:01,785 566518 [INFO  ] [main] qa.wrappers.BaseMethod qa.wrappers.BaseMethod.newTab(BaseMethod.java:129) - New tab opened 
106 2022/08/22 17:26:41,688 606421 [INFO  ] [main] qa.wrappers.BaseMethod qa.wrappers.BaseMethod.mouseHover(BaseMethod.java:627) - Trying to mouse hover on element [[RemoteWebDriver: firefox on LINUX (b044fc84-553a-4ae0-95e3-28d1e251c635)] -> xpath: //a[text()='Home & Decor']] using Actions class
107 2022/08/22 17:26:43,690 608423 [INFO  ] [main] qa.wrappers.BaseMethod qa.wrappers.BaseMethod.mouseHover(BaseMethod.java:644) - Mouse hovered and clicked on element
108 2022/08/22 17:26:43,698 608431 [INFO  ] [main] qa.wrappers.BaseMethod qa.wrappers.BaseMethod.getAttribute(BaseMethod.java:442) - Trying to title attribute value from DOM
109 2022/08/22 17:28:48,185 732918 [INFO  ] [main] qa.wrappers.BaseMethod qa.wrappers.BaseMethod.click(BaseMethod.java:318) - Trying to click on element: [[RemoteWebDriver: firefox on LINUX (b3746153-952d-4874-bd66-c130a2c86593)] -> xpath: //a[text()='Women']]
110 2022/08/22 17:28:53,400 738133 [INFO  ] [main] qa.wrappers.BaseMethod qa.wrappers.BaseMethod.click(BaseMethod.java:321) - element clicked : [[RemoteWebDriver: firefox on LINUX (b3746153-952d-4874-bd66-c130a2c86593)] -> xpath: //a[text()='Women']]
111 2022/08/22 17:29:29,989 774722 [INFO  ] [main] qa.wrappers.BaseMethod qa.wrappers.BaseMethod.click(BaseMethod.java:318) - Trying to click on element: [[RemoteWebDriver: firefox on LINUX (9dd936d6-1cb3-4fcd-8879-c84436251cc5)] -> xpath: //button[@title='Search']]
112 2022/08/22 17:29:35,392 780125 [INFO  ] [main] qa.wrappers.BaseMethod qa.wrappers.BaseMethod.click(BaseMethod.java:321) - element clicked : [[RemoteWebDriver: firefox on LINUX (9dd936d6-1cb3-4fcd-8879-c84436251cc5)] -> xpath: //button[@title='Search']]
113 2022/08/22 17:30:15,618 820351 [INFO  ] [main] qa.wrappers.BaseMethod qa.wrappers.BaseMethod.selectByVisibleText(BaseMethod.java:296) - Trying to select element Value from Dropdown
114 2022/08/22 17:30:20,991 825724 [INFO  ] [main] qa.wrappers.BaseMethod qa.wrappers.BaseMethod.selectByVisibleText(BaseMethod.java:300) - German Value selected from Dropdown: 
115 2022/08/22 17:31:22,893 887626 [INFO  ] [main] qa.wrappers.BaseMethod qa.wrappers.BaseMethod.getAttribute(BaseMethod.java:442) - Trying to href attribute value from DOM
116 2022/08/22 17:31:23,299 888032 [INFO  ] [main] qa.wrappers.BaseMethod qa.wrappers.BaseMethod.newTab(BaseMethod.java:129) - New tab opened 
117 2022/08/22 17:34:31,690 1076423 [INFO  ] [main] qa.wrappers.BaseMethod qa.wrappers.BaseMethod.click(BaseMethod.java:318) - Trying to click on element: [[RemoteWebDriver: chrome on LINUX (474fa95e344c140002b6f375d012956d)] -> xpath: //a[text()='Women']]
118 2022/08/22 17:34:37,503 1082236 [INFO  ] [main] qa.wrappers.BaseMethod qa.wrappers.BaseMethod.click(BaseMethod.java:321) - element clicked : [[RemoteWebDriver: chrome on LINUX (474fa95e344c140002b6f375d012956d)] -> xpath: //a[text()='Women']]
119 2022/08/22 17:35:10,780 1115513 [INFO  ] [main] qa.wrappers.BaseMethod qa.wrappers.BaseMethod.click(BaseMethod.java:318) - Trying to click on element: [[RemoteWebDriver: chrome on LINUX (2c07797abf827a89e0d71c063da5fce4)] -> xpath: //button[@title='Search']]
120 2022/08/22 17:35:15,990 1120723 [INFO  ] [main] qa.wrappers.BaseMethod qa.wrappers.BaseMethod.click(BaseMethod.java:321) - element clicked : [[RemoteWebDriver: chrome on LINUX (2c07797abf827a89e0d71c063da5fce4)] -> xpath: //button[@title='Search']]
121 2022/08/22 17:35:50,833 1155566 [INFO  ] [main] qa.wrappers.BaseMethod qa.wrappers.BaseMethod.selectByVisibleText(BaseMethod.java:296) - Trying to select element Value from Dropdown
122 2022/08/22 17:35:53,704 1158437 [INFO  ] [main] qa.wrappers.BaseMethod qa.wrappers.BaseMethod.selectByVisibleText(BaseMethod.java:300) - German Value selected from Dropdown: 
123 2022/08/22 17:36:32,305 1197038 [INFO  ] [main] qa.wrappers.BaseMethod qa.wrappers.BaseMethod.getAttribute(BaseMethod.java:442) - Trying to href attribute value from DOM
124 2022/08/22 17:36:34,894 1199627 [INFO  ] [main] qa.wrappers.BaseMethod qa.wrappers.BaseMethod.newTab(BaseMethod.java:129) - New tab opened 
125 2022/08/22 17:36:58,983 1223716 [INFO  ] [main] qa.wrappers.BaseMethod qa.wrappers.BaseMethod.mouseHover(BaseMethod.java:627) - Trying to mouse hover on element [[RemoteWebDriver: chrome on LINUX (efacdee53ce4bb01d01d90d66f560bee)] -> xpath: //a[text()='Home & Decor']] using Actions class
126 2022/08/22 17:37:00,804 1225537 [INFO  ] [main] qa.wrappers.BaseMethod qa.wrappers.BaseMethod.mouseHover(BaseMethod.java:644) - Mouse hovered and clicked on element
127 2022/08/22 17:37:00,812 1225545 [INFO  ] [main] qa.wrappers.BaseMethod qa.wrappers.BaseMethod.getAttribute(BaseMethod.java:442) - Trying to title attribute value from DOM
128 2022/08/22 17:37:02,498 1227231 [INFO  ] [main] qa.wrappers.BaseMethod qa.wrappers.BaseMethod.click(BaseMethod.java:318) - Trying to click on element: [[RemoteWebDriver: chrome on LINUX (efacdee53ce4bb01d01d90d66f560bee)] -> xpath: //li[@class='item last']//a]
129 2022/08/22 17:37:17,087 1241820 [INFO  ] [main] qa.wrappers.BaseMethod qa.wrappers.BaseMethod.click(BaseMethod.java:321) - element clicked : Proxy element for: DefaultElementLocator 'By.xpath: //li[@class='item last']//a'
130 2022/08/22 17:37:18,686 1243419 [INFO  ] [main] qa.wrappers.BaseMethod qa.wrappers.BaseMethod.click(BaseMethod.java:318) - Trying to click on element: [[RemoteWebDriver: chrome on LINUX (efacdee53ce4bb01d01d90d66f560bee)] -> xpath: //ul[@id='downloadable-links-list']//li//input]
131 2022/08/22 17:37:23,888 1248621 [INFO  ] [main] qa.wrappers.BaseMethod qa.wrappers.BaseMethod.click(BaseMethod.java:321) - element clicked : [[RemoteWebDriver: chrome on LINUX (efacdee53ce4bb01d01d90d66f560bee)] -> xpath: //ul[@id='downloadable-links-list']//li//input]
132 2022/08/22 17:37:24,087 1248820 [INFO  ] [main] qa.wrappers.BaseMethod qa.wrappers.BaseMethod.clickUsingIndex(BaseMethod.java:326) - Trying to click on1 element: [[[RemoteWebDriver: chrome on LINUX (efacdee53ce4bb01d01d90d66f560bee)] -> xpath: //button[@title='Add to Cart']], [[RemoteWebDriver: chrome on LINUX (efacdee53ce4bb01d01d90d66f560bee)] -> xpath: //button[@title='Add to Cart']]]
133 2022/08/22 17:37:33,581 1258314 [INFO  ] [main] qa.wrappers.BaseMethod qa.wrappers.BaseMethod.clickUsingIndex(BaseMethod.java:329) - element clicked : [[[RemoteWebDriver: chrome on LINUX (efacdee53ce4bb01d01d90d66f560bee)] -> xpath: //button[@title='Add to Cart']]]
134 2022/08/22 17:37:34,189 1258922 [INFO  ] [main] qa.wrappers.BaseMethod qa.wrappers.BaseMethod.click(BaseMethod.java:318) - Trying to click on element: [[RemoteWebDriver: chrome on LINUX (efacdee53ce4bb01d01d90d66f560bee)] -> xpath: //button[@title='Proceed to Checkout']]
135 2022/08/22 17:37:48,413 1273146 [INFO  ] [main] qa.wrappers.BaseMethod qa.wrappers.BaseMethod.click(BaseMethod.java:321) - element clicked : Proxy element for: DefaultElementLocator 'By.xpath: //button[@title='Proceed to Checkout']'
136 2022/08/22 17:38:59,100 1343833 [INFO  ] [main] qa.wrappers.BaseMethod qa.wrappers.BaseMethod.click(BaseMethod.java:318) - Trying to click on element: [[RemoteWebDriver: chrome on LINUX (d5efb3e045c97706a1f7e58a90fb6213)] -> xpath: //a[text()='Women']]
137 2022/08/22 17:39:04,395 1349128 [INFO  ] [main] qa.wrappers.BaseMethod qa.wrappers.BaseMethod.click(BaseMethod.java:321) - element clicked : [[RemoteWebDriver: chrome on LINUX (d5efb3e045c97706a1f7e58a90fb6213)] -> xpath: //a[text()='Women']]
138 2022/08/22 17:39:29,487 1374220 [INFO  ] [main] qa.wrappers.BaseMethod qa.wrappers.BaseMethod.click(BaseMethod.java:318) - Trying to click on element: [[RemoteWebDriver: chrome on LINUX (9ae617bbf37fefad8bba81ca8540a964)] -> xpath: //button[@title='Search']]
139 2022/08/22 17:39:34,803 1379536 [INFO  ] [main] qa.wrappers.BaseMethod qa.wrappers.BaseMethod.click(BaseMethod.java:321) - element clicked : [[RemoteWebDriver: chrome on LINUX (9ae617bbf37fefad8bba81ca8540a964)] -> xpath: //button[@title='Search']]
140 2022/08/22 17:40:08,826 1413559 [INFO  ] [main] qa.wrappers.BaseMethod qa.wrappers.BaseMethod.selectByVisibleText(BaseMethod.java:296) - Trying to select element Value from Dropdown
141 2022/08/22 17:40:10,587 1415320 [INFO  ] [main] qa.wrappers.BaseMethod qa.wrappers.BaseMethod.selectByVisibleText(BaseMethod.java:300) - German Value selected from Dropdown: 
142 2022/08/22 17:40:45,394 1450127 [INFO  ] [main] qa.wrappers.BaseMethod qa.wrappers.BaseMethod.getAttribute(BaseMethod.java:442) - Trying to href attribute value from DOM
143 2022/08/22 17:40:49,682 1454415 [INFO  ] [main] qa.wrappers.BaseMethod qa.wrappers.BaseMethod.newTab(BaseMethod.java:129) - New tab opened 
144 2022/08/22 17:41:21,904 1486637 [INFO  ] [main] qa.wrappers.BaseMethod qa.wrappers.BaseMethod.mouseHover(BaseMethod.java:627) - Trying to mouse hover on element [[RemoteWebDriver: chrome on LINUX (9b3836949c355c6f07d8dc8a3c3bc427)] -> xpath: //a[text()='Home & Decor']] using Actions class
145 2022/08/22 17:41:24,397 1489130 [INFO  ] [main] qa.wrappers.BaseMethod qa.wrappers.BaseMethod.mouseHover(BaseMethod.java:644) - Mouse hovered and clicked on element
146 2022/08/22 17:41:24,404 1489137 [INFO  ] [main] qa.wrappers.BaseMethod qa.wrappers.BaseMethod.getAttribute(BaseMethod.java:442) - Trying to title attribute value from DOM
147 2022/08/22 17:41:26,390 1491123 [INFO  ] [main] qa.wrappers.BaseMethod qa.wrappers.BaseMethod.click(BaseMethod.java:318) - Trying to click on element: [[RemoteWebDriver: chrome on LINUX (9b3836949c355c6f07d8dc8a3c3bc427)] -> xpath: //li[@class='item last']//a]
148 2022/08/22 17:41:40,795 1505528 [INFO  ] [main] qa.wrappers.BaseMethod qa.wrappers.BaseMethod.click(BaseMethod.java:321) - element clicked : Proxy element for: DefaultElementLocator 'By.xpath: //li[@class='item last']//a'
149 2022/08/22 17:41:41,436 1506169 [INFO  ] [main] qa.wrappers.BaseMethod qa.wrappers.BaseMethod.click(BaseMethod.java:318) - Trying to click on element: [[RemoteWebDriver: chrome on LINUX (9b3836949c355c6f07d8dc8a3c3bc427)] -> xpath: //ul[@id='downloadable-links-list']//li//input]
150 2022/08/22 17:41:45,690 1510423 [INFO  ] [main] qa.wrappers.BaseMethod qa.wrappers.BaseMethod.click(BaseMethod.java:321) - element clicked : [[RemoteWebDriver: chrome on LINUX (9b3836949c355c6f07d8dc8a3c3bc427)] -> xpath: //ul[@id='downloadable-links-list']//li//input]
151 2022/08/22 17:41:45,783 1510516 [INFO  ] [main] qa.wrappers.BaseMethod qa.wrappers.BaseMethod.clickUsingIndex(BaseMethod.java:326) - Trying to click on1 element: [[[RemoteWebDriver: chrome on LINUX (9b3836949c355c6f07d8dc8a3c3bc427)] -> xpath: //button[@title='Add to Cart']], [[RemoteWebDriver: chrome on LINUX (9b3836949c355c6f07d8dc8a3c3bc427)] -> xpath: //button[@title='Add to Cart']]]
152 2022/08/22 17:41:52,201 1516934 [INFO  ] [main] qa.wrappers.BaseMethod qa.wrappers.BaseMethod.clickUsingIndex(BaseMethod.java:329) - element clicked : [[[RemoteWebDriver: chrome on LINUX (9b3836949c355c6f07d8dc8a3c3bc427)] -> xpath: //button[@title='Add to Cart']]]
153 2022/08/22 17:41:52,323 1517056 [INFO  ] [main] qa.wrappers.BaseMethod qa.wrappers.BaseMethod.click(BaseMethod.java:318) - Trying to click on element: [[RemoteWebDriver: chrome on LINUX (9b3836949c355c6f07d8dc8a3c3bc427)] -> xpath: //button[@title='Proceed to Checkout']]
154 2022/08/22 17:42:06,513 1531246 [INFO  ] [main] qa.wrappers.BaseMethod qa.wrappers.BaseMethod.click(BaseMethod.java:321) - element clicked : Proxy element for: DefaultElementLocator 'By.xpath: //button[@title='Proceed to Checkout']'
155 2022/08/22 17:44:10,402 1655135 [INFO  ] [main] qa.wrappers.BaseMethod qa.wrappers.BaseMethod.click(BaseMethod.java:318) - Trying to click on element: [[RemoteWebDriver: firefox on LINUX (20190c43-ad6d-4ca9-a1e4-5cb5e14f241d)] -> xpath: //a[text()='Women']]
156 2022/08/22 17:44:26,086 1670819 [INFO  ] [main] qa.wrappers.BaseMethod qa.wrappers.BaseMethod.click(BaseMethod.java:321) - element clicked : [[RemoteWebDriver: firefox on LINUX (20190c43-ad6d-4ca9-a1e4-5cb5e14f241d)] -> xpath: //a[text()='Women']]
157 2022/08/22 17:45:19,017 1723750 [INFO  ] [main] qa.wrappers.BaseMethod qa.wrappers.BaseMethod.click(BaseMethod.java:318) - Trying to click on element: [[RemoteWebDriver: firefox on LINUX (0076e2d8-0732-4ad5-817c-d6bbdc1a5370)] -> xpath: //button[@title='Search']]
158 2022/08/22 17:45:24,888 1729621 [INFO  ] [main] qa.wrappers.BaseMethod qa.wrappers.BaseMethod.click(BaseMethod.java:321) - element clicked : [[RemoteWebDriver: firefox on LINUX (0076e2d8-0732-4ad5-817c-d6bbdc1a5370)] -> xpath: //button[@title='Search']]
159 2022/08/22 17:46:18,042 1782775 [INFO  ] [main] qa.wrappers.BaseMethod qa.wrappers.BaseMethod.selectByVisibleText(BaseMethod.java:296) - Trying to select element Value from Dropdown
160 2022/08/22 17:46:19,287 1784020 [INFO  ] [main] qa.wrappers.BaseMethod qa.wrappers.BaseMethod.selectByVisibleText(BaseMethod.java:300) - German Value selected from Dropdown: 
161 2022/08/22 17:46:55,525 1820258 [INFO  ] [main] qa.wrappers.BaseMethod qa.wrappers.BaseMethod.getAttribute(BaseMethod.java:442) - Trying to href attribute value from DOM
162 2022/08/22 17:46:55,692 1820425 [INFO  ] [main] qa.wrappers.BaseMethod qa.wrappers.BaseMethod.newTab(BaseMethod.java:129) - New tab opened 
163 2022/08/22 17:47:33,787 1858520 [INFO  ] [main] qa.wrappers.BaseMethod qa.wrappers.BaseMethod.mouseHover(BaseMethod.java:627) - Trying to mouse hover on element [[RemoteWebDriver: firefox on LINUX (501d0dbc-10ba-45fd-b8f4-a93b18dbb425)] -> xpath: //a[text()='Home & Decor']] using Actions class
164 2022/08/22 17:47:35,112 1859845 [INFO  ] [main] qa.wrappers.BaseMethod qa.wrappers.BaseMethod.mouseHover(BaseMethod.java:644) - Mouse hovered and clicked on element
165 2022/08/22 17:47:35,120 1859853 [INFO  ] [main] qa.wrappers.BaseMethod qa.wrappers.BaseMethod.getAttribute(BaseMethod.java:442) - Trying to title attribute value from DOM
166 2022/08/22 17:47:35,398 1860131 [INFO  ] [main] qa.wrappers.BaseMethod qa.wrappers.BaseMethod.click(BaseMethod.java:318) - Trying to click on element: [[RemoteWebDriver: firefox on LINUX (501d0dbc-10ba-45fd-b8f4-a93b18dbb425)] -> xpath: //li[@class='item last']//a]
167 2022/08/22 17:47:57,094 1881827 [INFO  ] [main] qa.wrappers.BaseMethod qa.wrappers.BaseMethod.click(BaseMethod.java:321) - element clicked : Proxy element for: DefaultElementLocator 'By.xpath: //li[@class='item last']//a'
168 2022/08/22 17:47:57,717 1882450 [INFO  ] [main] qa.wrappers.BaseMethod qa.wrappers.BaseMethod.click(BaseMethod.java:318) - Trying to click on element: [[RemoteWebDriver: firefox on LINUX (501d0dbc-10ba-45fd-b8f4-a93b18dbb425)] -> xpath: //ul[@id='downloadable-links-list']//li//input]
169 2022/08/22 17:48:02,095 1886828 [INFO  ] [main] qa.wrappers.BaseMethod qa.wrappers.BaseMethod.click(BaseMethod.java:321) - element clicked : [[RemoteWebDriver: firefox on LINUX (501d0dbc-10ba-45fd-b8f4-a93b18dbb425)] -> xpath: //ul[@id='downloadable-links-list']//li//input]
170 2022/08/22 17:48:02,109 1886842 [INFO  ] [main] qa.wrappers.BaseMethod qa.wrappers.BaseMethod.clickUsingIndex(BaseMethod.java:326) - Trying to click on1 element: [[[RemoteWebDriver: firefox on LINUX (501d0dbc-10ba-45fd-b8f4-a93b18dbb425)] -> xpath: //button[@title='Add to Cart']], [[RemoteWebDriver: firefox on LINUX (501d0dbc-10ba-45fd-b8f4-a93b18dbb425)] -> xpath: //button[@title='Add to Cart']]]
171 2022/08/22 17:48:08,885 1893618 [INFO  ] [main] qa.wrappers.BaseMethod qa.wrappers.BaseMethod.clickUsingIndex(BaseMethod.java:329) - element clicked : [[[RemoteWebDriver: firefox on LINUX (501d0dbc-10ba-45fd-b8f4-a93b18dbb425)] -> xpath: //button[@title='Add to Cart']]]
172 2022/08/22 17:48:08,986 1893719 [INFO  ] [main] qa.wrappers.BaseMethod qa.wrappers.BaseMethod.click(BaseMethod.java:318) - Trying to click on element: [[RemoteWebDriver: firefox on LINUX (501d0dbc-10ba-45fd-b8f4-a93b18dbb425)] -> xpath: //button[@title='Proceed to Checkout']]
173 2022/08/22 17:48:24,696 1909429 [INFO  ] [main] qa.wrappers.BaseMethod qa.wrappers.BaseMethod.click(BaseMethod.java:321) - element clicked : Proxy element for: DefaultElementLocator 'By.xpath: //button[@title='Proceed to Checkout']'
174 2022/08/22 17:51:05,007 2069740 [INFO  ] [main] qa.wrappers.BaseMethod qa.wrappers.BaseMethod.click(BaseMethod.java:318) - Trying to click on element: [[RemoteWebDriver: firefox on LINUX (115f80e8-7538-4952-9bfa-e65858425643)] -> xpath: //a[text()='Women']]
175 2022/08/22 17:51:11,786 2076519 [INFO  ] [main] qa.wrappers.BaseMethod qa.wrappers.BaseMethod.click(BaseMethod.java:321) - element clicked : [[RemoteWebDriver: firefox on LINUX (115f80e8-7538-4952-9bfa-e65858425643)] -> xpath: //a[text()='Women']]
176 2022/08/22 17:52:29,093 2153826 [INFO  ] [main] qa.wrappers.BaseMethod qa.wrappers.BaseMethod.click(BaseMethod.java:318) - Trying to click on element: [[RemoteWebDriver: firefox on LINUX (b2094fed-5947-4285-ac2d-328c53a7ee81)] -> xpath: //button[@title='Search']]
177 2022/08/22 17:52:36,598 2161331 [INFO  ] [main] qa.wrappers.BaseMethod qa.wrappers.BaseMethod.click(BaseMethod.java:321) - element clicked : [[RemoteWebDriver: firefox on LINUX (b2094fed-5947-4285-ac2d-328c53a7ee81)] -> xpath: //button[@title='Search']]
178 2022/08/22 17:53:48,011 2232744 [INFO  ] [main] qa.wrappers.BaseMethod qa.wrappers.BaseMethod.selectByVisibleText(BaseMethod.java:296) - Trying to select element Value from Dropdown
179 2022/08/22 17:53:54,897 2239630 [INFO  ] [main] qa.wrappers.BaseMethod qa.wrappers.BaseMethod.selectByVisibleText(BaseMethod.java:300) - German Value selected from Dropdown: 
180 2022/08/22 17:55:08,488 2313221 [INFO  ] [main] qa.wrappers.BaseMethod qa.wrappers.BaseMethod.getAttribute(BaseMethod.java:442) - Trying to href attribute value from DOM
181 2022/08/22 17:55:09,189 2313922 [INFO  ] [main] qa.wrappers.BaseMethod qa.wrappers.BaseMethod.newTab(BaseMethod.java:129) - New tab opened 
182 2022/08/22 17:56:27,304 2392037 [INFO  ] [main] qa.wrappers.BaseMethod qa.wrappers.BaseMethod.mouseHover(BaseMethod.java:627) - Trying to mouse hover on element [[RemoteWebDriver: firefox on LINUX (67c9a21d-f6f7-42a8-88ed-ac824ad83fac)] -> xpath: //a[text()='Home & Decor']] using Actions class
183 2022/08/22 17:56:28,342 2393075 [INFO  ] [main] qa.wrappers.BaseMethod qa.wrappers.BaseMethod.mouseHover(BaseMethod.java:644) - Mouse hovered and clicked on element
184 2022/08/22 17:56:28,350 2393083 [INFO  ] [main] qa.wrappers.BaseMethod qa.wrappers.BaseMethod.getAttribute(BaseMethod.java:442) - Trying to title attribute value from DOM
185 2022/08/22 17:56:31,387 2396120 [INFO  ] [main] qa.wrappers.BaseMethod qa.wrappers.BaseMethod.click(BaseMethod.java:318) - Trying to click on element: [[RemoteWebDriver: firefox on LINUX (67c9a21d-f6f7-42a8-88ed-ac824ad83fac)] -> xpath: //li[@class='item last']//a]
186 2022/08/22 17:56:51,222 2415955 [INFO  ] [main] qa.wrappers.BaseMethod qa.wrappers.BaseMethod.click(BaseMethod.java:321) - element clicked : Proxy element for: DefaultElementLocator 'By.xpath: //li[@class='item last']//a'
187 2022/08/22 17:56:52,215 2416948 [INFO  ] [main] qa.wrappers.BaseMethod qa.wrappers.BaseMethod.click(BaseMethod.java:318) - Trying to click on element: [[RemoteWebDriver: firefox on LINUX (67c9a21d-f6f7-42a8-88ed-ac824ad83fac)] -> xpath: //ul[@id='downloadable-links-list']//li//input]
188 2022/08/22 17:56:56,712 2421445 [INFO  ] [main] qa.wrappers.BaseMethod qa.wrappers.BaseMethod.click(BaseMethod.java:321) - element clicked : [[RemoteWebDriver: firefox on LINUX (67c9a21d-f6f7-42a8-88ed-ac824ad83fac)] -> xpath: //ul[@id='downloadable-links-list']//li//input]
189 2022/08/22 17:56:56,782 2421515 [INFO  ] [main] qa.wrappers.BaseMethod qa.wrappers.BaseMethod.clickUsingIndex(BaseMethod.java:326) - Trying to click on1 element: [[[RemoteWebDriver: firefox on LINUX (67c9a21d-f6f7-42a8-88ed-ac824ad83fac)] -> xpath: //button[@title='Add to Cart']], [[RemoteWebDriver: firefox on LINUX (67c9a21d-f6f7-42a8-88ed-ac824ad83fac)] -> xpath: //button[@title='Add to Cart']]]
190 2022/08/22 17:57:06,188 2430921 [INFO  ] [main] qa.wrappers.BaseMethod qa.wrappers.BaseMethod.clickUsingIndex(BaseMethod.java:329) - element clicked : [[[RemoteWebDriver: firefox on LINUX (67c9a21d-f6f7-42a8-88ed-ac824ad83fac)] -> xpath: //button[@title='Add to Cart']]]
191 2022/08/22 17:57:06,400 2431133 [INFO  ] [main] qa.wrappers.BaseMethod qa.wrappers.BaseMethod.click(BaseMethod.java:318) - Trying to click on element: [[RemoteWebDriver: firefox on LINUX (67c9a21d-f6f7-42a8-88ed-ac824ad83fac)] -> xpath: //button[@title='Proceed to Checkout']]
192 2022/08/22 17:57:24,593 2449326 [INFO  ] [main] qa.wrappers.BaseMethod qa.wrappers.BaseMethod.click(BaseMethod.java:321) - element clicked : Proxy element for: DefaultElementLocator 'By.xpath: //button[@title='Proceed to Checkout']'
