1 2023/04/20 11:11:19,629 3499 [DEBUG ] [main] internal.logging.InternalLoggerFactory internal.logging.InternalLoggerFactory.useLog4J2LoggerFactory(InternalLoggerFactory.java:76) - Using Log4J2 as the default logging framework
2 2023/04/20 11:11:19,635 3505 [DEBUG ] [main] netty.util.ResourceLeakDetector netty.util.ResourceLeakDetector.<clinit>(ResourceLeakDetector.java:129) - -Dio.netty.leakDetection.level: simple
3 2023/04/20 11:11:19,636 3506 [DEBUG ] [main] netty.util.ResourceLeakDetector netty.util.ResourceLeakDetector.<clinit>(ResourceLeakDetector.java:130) - -Dio.netty.leakDetection.targetRecords: 4
4 2023/04/20 11:11:19,695 3565 [DEBUG ] [main] netty.util.ResourceLeakDetectorFactory netty.util.ResourceLeakDetectorFactory$DefaultResourceLeakDetectorFactory.newResourceLeakDetector(ResourceLeakDetectorFactory.java:196) - Loaded default ResourceLeakDetector: io.netty.util.ResourceLeakDetector@426e505c
5 2023/04/20 11:11:19,722 3592 [DEBUG ] [main] util.internal.PlatformDependent0 util.internal.PlatformDependent0.explicitNoUnsafeCause0(PlatformDependent0.java:496) - -Dio.netty.noUnsafe: false
6 2023/04/20 11:11:19,723 3593 [DEBUG ] [main] util.internal.PlatformDependent0 util.internal.PlatformDependent0.javaVersion0(PlatformDependent0.java:1000) - Java version: 8
7 2023/04/20 11:11:19,723 3593 [DEBUG ] [main] util.internal.PlatformDependent0 util.internal.PlatformDependent0.<clinit>(PlatformDependent0.java:137) - sun.misc.Unsafe.theUnsafe: available
8 2023/04/20 11:11:19,725 3595 [DEBUG ] [main] util.internal.PlatformDependent0 util.internal.PlatformDependent0.<clinit>(PlatformDependent0.java:161) - sun.misc.Unsafe.copyMemory: available
9 2023/04/20 11:11:19,725 3595 [DEBUG ] [main] util.internal.PlatformDependent0 util.internal.PlatformDependent0.<clinit>(PlatformDependent0.java:193) - sun.misc.Unsafe.storeFence: available
10 2023/04/20 11:11:19,726 3596 [DEBUG ] [main] util.internal.PlatformDependent0 util.internal.PlatformDependent0.<clinit>(PlatformDependent0.java:236) - java.nio.Buffer.address: available
11 2023/04/20 11:11:19,726 3596 [DEBUG ] [main] util.internal.PlatformDependent0 util.internal.PlatformDependent0.<clinit>(PlatformDependent0.java:307) - direct buffer constructor: available
12 2023/04/20 11:11:19,727 3597 [DEBUG ] [main] util.internal.PlatformDependent0 util.internal.PlatformDependent0.<clinit>(PlatformDependent0.java:385) - java.nio.Bits.unaligned: available, true
13 2023/04/20 11:11:19,727 3597 [DEBUG ] [main] util.internal.PlatformDependent0 util.internal.PlatformDependent0.<clinit>(PlatformDependent0.java:459) - jdk.internal.misc.Unsafe.allocateUninitializedArray(int): unavailable prior to Java9
14 2023/04/20 11:11:19,728 3598 [DEBUG ] [main] util.internal.PlatformDependent0 util.internal.PlatformDependent0.<clinit>(PlatformDependent0.java:482) - java.nio.DirectByteBuffer.<init>(long, int): available
15 2023/04/20 11:11:19,728 3598 [DEBUG ] [main] util.internal.PlatformDependent util.internal.PlatformDependent.unsafeUnavailabilityCause0(PlatformDependent.java:1159) - sun.misc.Unsafe: available
16 2023/04/20 11:11:19,730 3600 [DEBUG ] [main] util.internal.PlatformDependent util.internal.PlatformDependent.tmpdir0(PlatformDependent.java:1289) - -Dio.netty.tmpdir: /var/folders/b6/k_w0589j24712v_9f8zffkgnct9bh0/T (java.io.tmpdir)
17 2023/04/20 11:11:19,730 3600 [DEBUG ] [main] util.internal.PlatformDependent util.internal.PlatformDependent.bitMode0(PlatformDependent.java:1368) - -Dio.netty.bitMode: 64 (sun.arch.data.model)
18 2023/04/20 11:11:19,734 3604 [DEBUG ] [main] util.internal.PlatformDependent util.internal.PlatformDependent.isOsx0(PlatformDependent.java:1127) - Platform: MacOS
19 2023/04/20 11:11:19,736 3606 [DEBUG ] [main] util.internal.PlatformDependent util.internal.PlatformDependent.<clinit>(PlatformDependent.java:178) - -Dio.netty.maxDirectMemory: 3817865216 bytes
20 2023/04/20 11:11:19,736 3606 [DEBUG ] [main] util.internal.PlatformDependent util.internal.PlatformDependent.<clinit>(PlatformDependent.java:185) - -Dio.netty.uninitializedArrayAllocationThreshold: -1
21 2023/04/20 11:11:19,738 3608 [DEBUG ] [main] util.internal.CleanerJava6 util.internal.CleanerJava6.<clinit>(CleanerJava6.java:92) - java.nio.ByteBuffer.cleaner(): available
22 2023/04/20 11:11:19,738 3608 [DEBUG ] [main] util.internal.PlatformDependent util.internal.PlatformDependent.<clinit>(PlatformDependent.java:205) - -Dio.netty.noPreferDirect: false
23 2023/04/20 11:11:19,743 3613 [DEBUG ] [main] util.internal.PlatformDependent util.internal.PlatformDependent$Mpsc.<clinit>(PlatformDependent.java:1010) - org.jctools-core.MpscChunkedArrayQueue: available
24 2023/04/20 11:11:19,764 3634 [DEBUG ] [main] util.internal.InternalThreadLocalMap util.internal.InternalThreadLocalMap.<clinit>(InternalThreadLocalMap.java:100) - -Dio.netty.threadLocalMap.stringBuilder.initialSize: 1024
25 2023/04/20 11:11:19,764 3634 [DEBUG ] [main] util.internal.InternalThreadLocalMap util.internal.InternalThreadLocalMap.<clinit>(InternalThreadLocalMap.java:101) - -Dio.netty.threadLocalMap.stringBuilder.maxSize: 4096
26 2023/04/20 11:11:19,776 3646 [DEBUG ] [main] handler.ssl.JdkSslContext handler.ssl.JdkSslContext.<clinit>(JdkSslContext.java:83) - Default protocols (JDK): [TLSv1.3, TLSv1.2] 
27 2023/04/20 11:11:19,776 3646 [DEBUG ] [main] handler.ssl.JdkSslContext handler.ssl.JdkSslContext.<clinit>(JdkSslContext.java:84) - Default cipher suites (JDK): [TLS_ECDHE_ECDSA_WITH_AES_256_GCM_SHA384, TLS_ECDHE_ECDSA_WITH_AES_128_GCM_SHA256, TLS_ECDHE_RSA_WITH_AES_128_GCM_SHA256, TLS_ECDHE_RSA_WITH_AES_256_GCM_SHA384, TLS_ECDHE_RSA_WITH_AES_128_CBC_SHA, TLS_ECDHE_RSA_WITH_AES_256_CBC_SHA, TLS_RSA_WITH_AES_128_GCM_SHA256, TLS_RSA_WITH_AES_128_CBC_SHA, TLS_RSA_WITH_AES_256_CBC_SHA, TLS_AES_128_GCM_SHA256, TLS_AES_256_GCM_SHA384]
28 2023/04/20 11:11:19,796 3666 [DEBUG ] [main] netty.channel.MultithreadEventLoopGroup netty.channel.MultithreadEventLoopGroup.<clinit>(MultithreadEventLoopGroup.java:44) - -Dio.netty.eventLoopThreads: 16
29 2023/04/20 11:11:19,807 3677 [DEBUG ] [main] channel.nio.NioEventLoop channel.nio.NioEventLoop.<clinit>(NioEventLoop.java:110) - -Dio.netty.noKeySetOptimization: false
30 2023/04/20 11:11:19,808 3678 [DEBUG ] [main] channel.nio.NioEventLoop channel.nio.NioEventLoop.<clinit>(NioEventLoop.java:111) - -Dio.netty.selectorAutoRebuildThreshold: 512
31 2023/04/20 11:11:19,827 3697 [DEBUG ] [main] netty.buffer.PooledByteBufAllocator netty.buffer.PooledByteBufAllocator.<clinit>(PooledByteBufAllocator.java:157) - -Dio.netty.allocator.numHeapArenas: 16
32 2023/04/20 11:11:19,827 3697 [DEBUG ] [main] netty.buffer.PooledByteBufAllocator netty.buffer.PooledByteBufAllocator.<clinit>(PooledByteBufAllocator.java:158) - -Dio.netty.allocator.numDirectArenas: 16
33 2023/04/20 11:11:19,827 3697 [DEBUG ] [main] netty.buffer.PooledByteBufAllocator netty.buffer.PooledByteBufAllocator.<clinit>(PooledByteBufAllocator.java:160) - -Dio.netty.allocator.pageSize: 8192
34 2023/04/20 11:11:19,827 3697 [DEBUG ] [main] netty.buffer.PooledByteBufAllocator netty.buffer.PooledByteBufAllocator.<clinit>(PooledByteBufAllocator.java:165) - -Dio.netty.allocator.maxOrder: 9
35 2023/04/20 11:11:19,827 3697 [DEBUG ] [main] netty.buffer.PooledByteBufAllocator netty.buffer.PooledByteBufAllocator.<clinit>(PooledByteBufAllocator.java:169) - -Dio.netty.allocator.chunkSize: 4194304
36 2023/04/20 11:11:19,827 3697 [DEBUG ] [main] netty.buffer.PooledByteBufAllocator netty.buffer.PooledByteBufAllocator.<clinit>(PooledByteBufAllocator.java:170) - -Dio.netty.allocator.smallCacheSize: 256
37 2023/04/20 11:11:19,827 3697 [DEBUG ] [main] netty.buffer.PooledByteBufAllocator netty.buffer.PooledByteBufAllocator.<clinit>(PooledByteBufAllocator.java:171) - -Dio.netty.allocator.normalCacheSize: 64
38 2023/04/20 11:11:19,828 3698 [DEBUG ] [main] netty.buffer.PooledByteBufAllocator netty.buffer.PooledByteBufAllocator.<clinit>(PooledByteBufAllocator.java:172) - -Dio.netty.allocator.maxCachedBufferCapacity: 32768
39 2023/04/20 11:11:19,828 3698 [DEBUG ] [main] netty.buffer.PooledByteBufAllocator netty.buffer.PooledByteBufAllocator.<clinit>(PooledByteBufAllocator.java:173) - -Dio.netty.allocator.cacheTrimInterval: 8192
40 2023/04/20 11:11:19,828 3698 [DEBUG ] [main] netty.buffer.PooledByteBufAllocator netty.buffer.PooledByteBufAllocator.<clinit>(PooledByteBufAllocator.java:174) - -Dio.netty.allocator.cacheTrimIntervalMillis: 0
41 2023/04/20 11:11:19,828 3698 [DEBUG ] [main] netty.buffer.PooledByteBufAllocator netty.buffer.PooledByteBufAllocator.<clinit>(PooledByteBufAllocator.java:175) - -Dio.netty.allocator.useCacheForAllThreads: false
42 2023/04/20 11:11:19,828 3698 [DEBUG ] [main] netty.buffer.PooledByteBufAllocator netty.buffer.PooledByteBufAllocator.<clinit>(PooledByteBufAllocator.java:176) - -Dio.netty.allocator.maxCachedByteBuffersPerChunk: 1023
43 2023/04/20 11:11:19,837 3707 [DEBUG ] [main] netty.buffer.ByteBufUtil netty.buffer.ByteBufUtil.<clinit>(ByteBufUtil.java:87) - -Dio.netty.allocator.type: pooled
44 2023/04/20 11:11:19,838 3708 [DEBUG ] [main] netty.buffer.ByteBufUtil netty.buffer.ByteBufUtil.<clinit>(ByteBufUtil.java:96) - -Dio.netty.threadLocalDirectBufferSize: 0
45 2023/04/20 11:11:19,838 3708 [DEBUG ] [main] netty.buffer.ByteBufUtil netty.buffer.ByteBufUtil.<clinit>(ByteBufUtil.java:99) - -Dio.netty.maxThreadLocalCharBufferSize: 16384
46 2023/04/20 11:11:20,193 4063 [DEBUG ] [Forwarding newSession on session null to remote] netty.channel.DefaultChannelId netty.channel.DefaultChannelId.<clinit>(DefaultChannelId.java:79) - -Dio.netty.processId: 26225 (auto-detected)
47 2023/04/20 11:11:20,197 4067 [DEBUG ] [Forwarding newSession on session null to remote] netty.util.NetUtil netty.util.NetUtil.<clinit>(NetUtil.java:142) - -Djava.net.preferIPv4Stack: true
48 2023/04/20 11:11:20,197 4067 [DEBUG ] [Forwarding newSession on session null to remote] netty.util.NetUtil netty.util.NetUtil.<clinit>(NetUtil.java:143) - -Djava.net.preferIPv6Addresses: false
49 2023/04/20 11:11:20,199 4069 [DEBUG ] [Forwarding newSession on session null to remote] netty.util.NetUtilInitializations netty.util.NetUtilInitializations.determineLoopback(NetUtilInitializations.java:139) - Loopback interface: lo0 (lo0, 0:0:0:0:0:0:0:1%lo0)
50 2023/04/20 11:11:20,199 4069 [DEBUG ] [Forwarding newSession on session null to remote] netty.util.NetUtil netty.util.NetUtil$SoMaxConnAction.run(NetUtil.java:200) - Failed to get SOMAXCONN from sysctl and file /proc/sys/net/core/somaxconn. Default: 128
51 2023/04/20 11:11:20,204 4074 [DEBUG ] [Forwarding newSession on session null to remote] netty.channel.DefaultChannelId netty.channel.DefaultChannelId.<clinit>(DefaultChannelId.java:101) - -Dio.netty.machineId: bc:d0:74:ff:fe:f0:77:f0 (auto-detected)
52 2023/04/20 11:11:20,283 4153 [DEBUG ] [AsyncHttpClient-1-2] netty.buffer.AbstractByteBuf netty.buffer.AbstractByteBuf.<clinit>(AbstractByteBuf.java:63) - -Dio.netty.buffer.checkAccessible: true
53 2023/04/20 11:11:20,283 4153 [DEBUG ] [AsyncHttpClient-1-2] netty.buffer.AbstractByteBuf netty.buffer.AbstractByteBuf.<clinit>(AbstractByteBuf.java:64) - -Dio.netty.buffer.checkBounds: true
54 2023/04/20 11:11:20,283 4153 [DEBUG ] [AsyncHttpClient-1-2] netty.util.ResourceLeakDetectorFactory netty.util.ResourceLeakDetectorFactory$DefaultResourceLeakDetectorFactory.newResourceLeakDetector(ResourceLeakDetectorFactory.java:196) - Loaded default ResourceLeakDetector: io.netty.util.ResourceLeakDetector@3f4d188f
55 2023/04/20 11:11:20,299 4169 [DEBUG ] [AsyncHttpClient-1-2] netty.util.Recycler netty.util.Recycler.<clinit>(Recycler.java:85) - -Dio.netty.recycler.maxCapacityPerThread: 4096
56 2023/04/20 11:11:20,300 4170 [DEBUG ] [AsyncHttpClient-1-2] netty.util.Recycler netty.util.Recycler.<clinit>(Recycler.java:86) - -Dio.netty.recycler.ratio: 8
57 2023/04/20 11:11:20,300 4170 [DEBUG ] [AsyncHttpClient-1-2] netty.util.Recycler netty.util.Recycler.<clinit>(Recycler.java:87) - -Dio.netty.recycler.chunkSize: 32
58 2023/04/20 11:11:20,300 4170 [DEBUG ] [AsyncHttpClient-1-2] netty.util.Recycler netty.util.Recycler.<clinit>(Recycler.java:88) - -Dio.netty.recycler.blocking: false
59 2023/04/20 11:11:25,791 9661 [DEBUG ] [AsyncHttpClient-1-2] codec.compression.Brotli codec.compression.Brotli.<clinit>(Brotli.java:38) - brotli4j not in the classpath; Brotli support will be unavailable.
60 2023/04/20 11:11:25,898 9768 [DEBUG ] [main] util.internal.ThreadLocalRandom util.internal.ThreadLocalRandom.newSeed(ThreadLocalRandom.java:214) - -Dio.netty.initialSeedUniquifier: 0x98197c83d40561cd
61 2023/04/20 11:12:50,816 94686 [INFO  ] [main] qa.wrappers.BaseMethod qa.wrappers.BaseMethod.click(BaseMethod.java:513) - Trying to click on element: [[ChromeDriver: chrome on MAC (82a88913413867c45d1b1a58b8fe6b9b)] -> xpath: //a[@class='bx-close bx-close-link bx-close-inside']]
62 2023/04/20 11:12:56,635 100505 [INFO  ] [main] qa.wrappers.BaseMethod qa.wrappers.BaseMethod.click(BaseMethod.java:516) - element clicked : [[ChromeDriver: chrome on MAC (82a88913413867c45d1b1a58b8fe6b9b)] -> xpath: //a[@class='bx-close bx-close-link bx-close-inside']]
63 2023/04/20 11:13:08,521 112391 [INFO  ] [main] qa.wrappers.BaseMethod qa.wrappers.BaseMethod.click(BaseMethod.java:513) - Trying to click on element: [[ChromeDriver: chrome on MAC (82a88913413867c45d1b1a58b8fe6b9b)] -> xpath: //div[@class="course-card-header"]//a[text()='Business Essentials']]
64 2023/04/20 11:13:12,740 116610 [INFO  ] [main] qa.wrappers.BaseMethod qa.wrappers.BaseMethod.click(BaseMethod.java:516) - element clicked : [[ChromeDriver: chrome on MAC (82a88913413867c45d1b1a58b8fe6b9b)] -> xpath: //div[@class="course-card-header"]//a[text()='Business Essentials']]
65 2023/04/20 11:13:28,195 132065 [INFO  ] [main] qa.wrappers.BaseMethod qa.wrappers.BaseMethod.click(BaseMethod.java:513) - Trying to click on element: [[ChromeDriver: chrome on MAC (82a88913413867c45d1b1a58b8fe6b9b)] -> xpath: //a[text()='What you earn']]
66 2023/04/20 11:13:32,537 136407 [INFO  ] [main] qa.wrappers.BaseMethod qa.wrappers.BaseMethod.click(BaseMethod.java:516) - element clicked : [[ChromeDriver: chrome on MAC (82a88913413867c45d1b1a58b8fe6b9b)] -> xpath: //a[text()='What you earn']]
67 2023/04/20 11:13:34,554 138424 [INFO  ] [main] qa.wrappers.BaseMethod qa.wrappers.BaseMethod.click(BaseMethod.java:513) - Trying to click on element: [[ChromeDriver: chrome on MAC (82a88913413867c45d1b1a58b8fe6b9b)] -> xpath: //a[text()='Syllabus']]
68 2023/04/20 11:13:38,769 142639 [INFO  ] [main] qa.wrappers.BaseMethod qa.wrappers.BaseMethod.click(BaseMethod.java:516) - element clicked : [[ChromeDriver: chrome on MAC (82a88913413867c45d1b1a58b8fe6b9b)] -> xpath: //a[text()='Syllabus']]
69 2023/04/20 11:13:39,807 143677 [INFO  ] [main] qa.wrappers.BaseMethod qa.wrappers.BaseMethod.click(BaseMethod.java:513) - Trying to click on element: [[ChromeDriver: chrome on MAC (82a88913413867c45d1b1a58b8fe6b9b)] -> xpath: (//div[@class='card']/dl/dt/a)[1]]
70 2023/04/20 11:13:44,274 148144 [INFO  ] [main] qa.wrappers.BaseMethod qa.wrappers.BaseMethod.click(BaseMethod.java:516) - element clicked : [[ChromeDriver: chrome on MAC (82a88913413867c45d1b1a58b8fe6b9b)] -> xpath: (//div[@class='card']/dl/dt/a)[1]]
71 2023/04/20 11:13:46,419 150289 [INFO  ] [main] qa.wrappers.BaseMethod qa.wrappers.BaseMethod.click(BaseMethod.java:513) - Trying to click on element: [[ChromeDriver: chrome on MAC (82a88913413867c45d1b1a58b8fe6b9b)] -> xpath: //a[text()='Enrollment']]
72 2023/04/20 11:13:50,598 154468 [INFO  ] [main] qa.wrappers.BaseMethod qa.wrappers.BaseMethod.click(BaseMethod.java:516) - element clicked : [[ChromeDriver: chrome on MAC (82a88913413867c45d1b1a58b8fe6b9b)] -> xpath: //a[text()='Enrollment']]
73 2023/04/20 11:13:52,151 156021 [INFO  ] [main] qa.wrappers.BaseMethod qa.wrappers.BaseMethod.click(BaseMethod.java:513) - Trying to click on element: [[ChromeDriver: chrome on MAC (82a88913413867c45d1b1a58b8fe6b9b)] -> xpath: (//a[text()='FAQs'])[1]]
74 2023/04/20 11:13:56,229 160099 [INFO  ] [main] qa.wrappers.BaseMethod qa.wrappers.BaseMethod.click(BaseMethod.java:516) - element clicked : [[ChromeDriver: chrome on MAC (82a88913413867c45d1b1a58b8fe6b9b)] -> xpath: (//a[text()='FAQs'])[1]]
75 2023/04/20 11:13:57,366 161236 [INFO  ] [main] qa.wrappers.BaseMethod qa.wrappers.BaseMethod.click(BaseMethod.java:513) - Trying to click on element: [[ChromeDriver: chrome on MAC (82a88913413867c45d1b1a58b8fe6b9b)] -> xpath: (//h2[text()='Business Analytics FAQs']/parent::div/div/div/a[@role="button"])[1]]
76 2023/04/20 11:14:01,697 165567 [INFO  ] [main] qa.wrappers.BaseMethod qa.wrappers.BaseMethod.click(BaseMethod.java:516) - element clicked : [[ChromeDriver: chrome on MAC (82a88913413867c45d1b1a58b8fe6b9b)] -> xpath: (//h2[text()='Business Analytics FAQs']/parent::div/div/div/a[@role="button"])[1]]
77 2023/04/20 11:14:03,747 167617 [INFO  ] [main] qa.wrappers.BaseMethod qa.wrappers.BaseMethod.click(BaseMethod.java:513) - Trying to click on element: [[ChromeDriver: chrome on MAC (82a88913413867c45d1b1a58b8fe6b9b)] -> xpath: (//h2[text()='Business Analytics FAQs']/parent::div/div/div/a[@role="button"])[1]]
78 2023/04/20 11:14:07,819 171689 [INFO  ] [main] qa.wrappers.BaseMethod qa.wrappers.BaseMethod.click(BaseMethod.java:516) - element clicked : [[ChromeDriver: chrome on MAC (82a88913413867c45d1b1a58b8fe6b9b)] -> xpath: (//h2[text()='Business Analytics FAQs']/parent::div/div/div/a[@role="button"])[1]]
79 2023/04/20 11:15:42,885 266755 [INFO  ] [main] qa.wrappers.BaseMethod qa.wrappers.BaseMethod.click(BaseMethod.java:513) - Trying to click on element: [[ChromeDriver: chrome on MAC (461fec0dc6f7dfe077e2795e6871038f)] -> xpath: //a[@class='bx-close bx-close-link bx-close-inside']]
80 2023/04/20 11:15:48,771 272641 [INFO  ] [main] qa.wrappers.BaseMethod qa.wrappers.BaseMethod.click(BaseMethod.java:516) - element clicked : [[ChromeDriver: chrome on MAC (461fec0dc6f7dfe077e2795e6871038f)] -> xpath: //a[@class='bx-close bx-close-link bx-close-inside']]
81 2023/04/20 11:17:44,484 388354 [INFO  ] [main] qa.wrappers.BaseMethod qa.wrappers.BaseMethod.click(BaseMethod.java:513) - Trying to click on element: [[ChromeDriver: chrome on MAC (7f1682beee0046053ab0bb7d129657b7)] -> xpath: //div[@class='drift-widget-avatar circle drift-controller-icon--avatar-avatar']]
