1 2023/03/14 09:50:19,721 2471 [DEBUG ] [main] internal.logging.InternalLoggerFactory internal.logging.InternalLoggerFactory.useLog4J2LoggerFactory(InternalLoggerFactory.java:76) - Using Log4J2 as the default logging framework
2 2023/03/14 09:50:19,733 2483 [DEBUG ] [main] netty.util.ResourceLeakDetector netty.util.ResourceLeakDetector.<clinit>(ResourceLeakDetector.java:129) - -Dio.netty.leakDetection.level: simple
3 2023/03/14 09:50:19,733 2483 [DEBUG ] [main] netty.util.ResourceLeakDetector netty.util.ResourceLeakDetector.<clinit>(ResourceLeakDetector.java:130) - -Dio.netty.leakDetection.targetRecords: 4
4 2023/03/14 09:50:19,738 2488 [DEBUG ] [main] netty.util.ResourceLeakDetectorFactory netty.util.ResourceLeakDetectorFactory$DefaultResourceLeakDetectorFactory.newResourceLeakDetector(ResourceLeakDetectorFactory.java:196) - Loaded default ResourceLeakDetector: io.netty.util.ResourceLeakDetector@1763992e
5 2023/03/14 09:50:19,761 2511 [DEBUG ] [main] util.internal.PlatformDependent0 util.internal.PlatformDependent0.explicitNoUnsafeCause0(PlatformDependent0.java:496) - -Dio.netty.noUnsafe: false
6 2023/03/14 09:50:19,762 2512 [DEBUG ] [main] util.internal.PlatformDependent0 util.internal.PlatformDependent0.javaVersion0(PlatformDependent0.java:1000) - Java version: 8
7 2023/03/14 09:50:19,763 2513 [DEBUG ] [main] util.internal.PlatformDependent0 util.internal.PlatformDependent0.<clinit>(PlatformDependent0.java:137) - sun.misc.Unsafe.theUnsafe: available
8 2023/03/14 09:50:19,765 2515 [DEBUG ] [main] util.internal.PlatformDependent0 util.internal.PlatformDependent0.<clinit>(PlatformDependent0.java:161) - sun.misc.Unsafe.copyMemory: available
9 2023/03/14 09:50:19,766 2516 [DEBUG ] [main] util.internal.PlatformDependent0 util.internal.PlatformDependent0.<clinit>(PlatformDependent0.java:193) - sun.misc.Unsafe.storeFence: available
10 2023/03/14 09:50:19,767 2517 [DEBUG ] [main] util.internal.PlatformDependent0 util.internal.PlatformDependent0.<clinit>(PlatformDependent0.java:236) - java.nio.Buffer.address: available
11 2023/03/14 09:50:19,767 2517 [DEBUG ] [main] util.internal.PlatformDependent0 util.internal.PlatformDependent0.<clinit>(PlatformDependent0.java:307) - direct buffer constructor: available
12 2023/03/14 09:50:19,769 2519 [DEBUG ] [main] util.internal.PlatformDependent0 util.internal.PlatformDependent0.<clinit>(PlatformDependent0.java:385) - java.nio.Bits.unaligned: available, true
13 2023/03/14 09:50:19,769 2519 [DEBUG ] [main] util.internal.PlatformDependent0 util.internal.PlatformDependent0.<clinit>(PlatformDependent0.java:459) - jdk.internal.misc.Unsafe.allocateUninitializedArray(int): unavailable prior to Java9
14 2023/03/14 09:50:19,769 2519 [DEBUG ] [main] util.internal.PlatformDependent0 util.internal.PlatformDependent0.<clinit>(PlatformDependent0.java:482) - java.nio.DirectByteBuffer.<init>(long, int): available
15 2023/03/14 09:50:19,769 2519 [DEBUG ] [main] util.internal.PlatformDependent util.internal.PlatformDependent.unsafeUnavailabilityCause0(PlatformDependent.java:1159) - sun.misc.Unsafe: available
16 2023/03/14 09:50:19,771 2521 [DEBUG ] [main] util.internal.PlatformDependent util.internal.PlatformDependent.tmpdir0(PlatformDependent.java:1289) - -Dio.netty.tmpdir: /var/folders/b6/k_w0589j24712v_9f8zffkgnct9bh0/T (java.io.tmpdir)
17 2023/03/14 09:50:19,771 2521 [DEBUG ] [main] util.internal.PlatformDependent util.internal.PlatformDependent.bitMode0(PlatformDependent.java:1368) - -Dio.netty.bitMode: 64 (sun.arch.data.model)
18 2023/03/14 09:50:19,775 2525 [DEBUG ] [main] util.internal.PlatformDependent util.internal.PlatformDependent.isOsx0(PlatformDependent.java:1127) - Platform: MacOS
19 2023/03/14 09:50:19,778 2528 [DEBUG ] [main] util.internal.PlatformDependent util.internal.PlatformDependent.<clinit>(PlatformDependent.java:178) - -Dio.netty.maxDirectMemory: 3817865216 bytes
20 2023/03/14 09:50:19,778 2528 [DEBUG ] [main] util.internal.PlatformDependent util.internal.PlatformDependent.<clinit>(PlatformDependent.java:185) - -Dio.netty.uninitializedArrayAllocationThreshold: -1
21 2023/03/14 09:50:19,779 2529 [DEBUG ] [main] util.internal.CleanerJava6 util.internal.CleanerJava6.<clinit>(CleanerJava6.java:92) - java.nio.ByteBuffer.cleaner(): available
22 2023/03/14 09:50:19,780 2530 [DEBUG ] [main] util.internal.PlatformDependent util.internal.PlatformDependent.<clinit>(PlatformDependent.java:205) - -Dio.netty.noPreferDirect: false
23 2023/03/14 09:50:19,786 2536 [DEBUG ] [main] util.internal.PlatformDependent util.internal.PlatformDependent$Mpsc.<clinit>(PlatformDependent.java:1010) - org.jctools-core.MpscChunkedArrayQueue: available
24 2023/03/14 09:50:19,807 2557 [DEBUG ] [main] util.internal.InternalThreadLocalMap util.internal.InternalThreadLocalMap.<clinit>(InternalThreadLocalMap.java:100) - -Dio.netty.threadLocalMap.stringBuilder.initialSize: 1024
25 2023/03/14 09:50:19,807 2557 [DEBUG ] [main] util.internal.InternalThreadLocalMap util.internal.InternalThreadLocalMap.<clinit>(InternalThreadLocalMap.java:101) - -Dio.netty.threadLocalMap.stringBuilder.maxSize: 4096
26 2023/03/14 09:50:19,823 2573 [DEBUG ] [main] handler.ssl.JdkSslContext handler.ssl.JdkSslContext.<clinit>(JdkSslContext.java:83) - Default protocols (JDK): [TLSv1.3, TLSv1.2] 
27 2023/03/14 09:50:19,824 2574 [DEBUG ] [main] handler.ssl.JdkSslContext handler.ssl.JdkSslContext.<clinit>(JdkSslContext.java:84) - Default cipher suites (JDK): [TLS_ECDHE_ECDSA_WITH_AES_256_GCM_SHA384, TLS_ECDHE_ECDSA_WITH_AES_128_GCM_SHA256, TLS_ECDHE_RSA_WITH_AES_128_GCM_SHA256, TLS_ECDHE_RSA_WITH_AES_256_GCM_SHA384, TLS_ECDHE_RSA_WITH_AES_128_CBC_SHA, TLS_ECDHE_RSA_WITH_AES_256_CBC_SHA, TLS_RSA_WITH_AES_128_GCM_SHA256, TLS_RSA_WITH_AES_128_CBC_SHA, TLS_RSA_WITH_AES_256_CBC_SHA, TLS_AES_128_GCM_SHA256, TLS_AES_256_GCM_SHA384]
28 2023/03/14 09:50:19,840 2590 [DEBUG ] [main] netty.channel.MultithreadEventLoopGroup netty.channel.MultithreadEventLoopGroup.<clinit>(MultithreadEventLoopGroup.java:44) - -Dio.netty.eventLoopThreads: 16
29 2023/03/14 09:50:19,845 2595 [DEBUG ] [main] channel.nio.NioEventLoop channel.nio.NioEventLoop.<clinit>(NioEventLoop.java:110) - -Dio.netty.noKeySetOptimization: false
30 2023/03/14 09:50:19,845 2595 [DEBUG ] [main] channel.nio.NioEventLoop channel.nio.NioEventLoop.<clinit>(NioEventLoop.java:111) - -Dio.netty.selectorAutoRebuildThreshold: 512
31 2023/03/14 09:50:19,859 2609 [DEBUG ] [main] netty.buffer.PooledByteBufAllocator netty.buffer.PooledByteBufAllocator.<clinit>(PooledByteBufAllocator.java:157) - -Dio.netty.allocator.numHeapArenas: 16
32 2023/03/14 09:50:19,860 2610 [DEBUG ] [main] netty.buffer.PooledByteBufAllocator netty.buffer.PooledByteBufAllocator.<clinit>(PooledByteBufAllocator.java:158) - -Dio.netty.allocator.numDirectArenas: 16
33 2023/03/14 09:50:19,860 2610 [DEBUG ] [main] netty.buffer.PooledByteBufAllocator netty.buffer.PooledByteBufAllocator.<clinit>(PooledByteBufAllocator.java:160) - -Dio.netty.allocator.pageSize: 8192
34 2023/03/14 09:50:19,860 2610 [DEBUG ] [main] netty.buffer.PooledByteBufAllocator netty.buffer.PooledByteBufAllocator.<clinit>(PooledByteBufAllocator.java:165) - -Dio.netty.allocator.maxOrder: 9
35 2023/03/14 09:50:19,860 2610 [DEBUG ] [main] netty.buffer.PooledByteBufAllocator netty.buffer.PooledByteBufAllocator.<clinit>(PooledByteBufAllocator.java:169) - -Dio.netty.allocator.chunkSize: 4194304
36 2023/03/14 09:50:19,860 2610 [DEBUG ] [main] netty.buffer.PooledByteBufAllocator netty.buffer.PooledByteBufAllocator.<clinit>(PooledByteBufAllocator.java:170) - -Dio.netty.allocator.smallCacheSize: 256
37 2023/03/14 09:50:19,861 2611 [DEBUG ] [main] netty.buffer.PooledByteBufAllocator netty.buffer.PooledByteBufAllocator.<clinit>(PooledByteBufAllocator.java:171) - -Dio.netty.allocator.normalCacheSize: 64
38 2023/03/14 09:50:19,861 2611 [DEBUG ] [main] netty.buffer.PooledByteBufAllocator netty.buffer.PooledByteBufAllocator.<clinit>(PooledByteBufAllocator.java:172) - -Dio.netty.allocator.maxCachedBufferCapacity: 32768
39 2023/03/14 09:50:19,861 2611 [DEBUG ] [main] netty.buffer.PooledByteBufAllocator netty.buffer.PooledByteBufAllocator.<clinit>(PooledByteBufAllocator.java:173) - -Dio.netty.allocator.cacheTrimInterval: 8192
40 2023/03/14 09:50:19,861 2611 [DEBUG ] [main] netty.buffer.PooledByteBufAllocator netty.buffer.PooledByteBufAllocator.<clinit>(PooledByteBufAllocator.java:174) - -Dio.netty.allocator.cacheTrimIntervalMillis: 0
41 2023/03/14 09:50:19,862 2612 [DEBUG ] [main] netty.buffer.PooledByteBufAllocator netty.buffer.PooledByteBufAllocator.<clinit>(PooledByteBufAllocator.java:175) - -Dio.netty.allocator.useCacheForAllThreads: false
42 2023/03/14 09:50:19,862 2612 [DEBUG ] [main] netty.buffer.PooledByteBufAllocator netty.buffer.PooledByteBufAllocator.<clinit>(PooledByteBufAllocator.java:176) - -Dio.netty.allocator.maxCachedByteBuffersPerChunk: 1023
43 2023/03/14 09:50:19,872 2622 [DEBUG ] [main] netty.buffer.ByteBufUtil netty.buffer.ByteBufUtil.<clinit>(ByteBufUtil.java:87) - -Dio.netty.allocator.type: pooled
44 2023/03/14 09:50:19,873 2623 [DEBUG ] [main] netty.buffer.ByteBufUtil netty.buffer.ByteBufUtil.<clinit>(ByteBufUtil.java:96) - -Dio.netty.threadLocalDirectBufferSize: 0
45 2023/03/14 09:50:19,873 2623 [DEBUG ] [main] netty.buffer.ByteBufUtil netty.buffer.ByteBufUtil.<clinit>(ByteBufUtil.java:99) - -Dio.netty.maxThreadLocalCharBufferSize: 16384
46 2023/03/14 09:50:20,202 2952 [DEBUG ] [Forwarding newSession on session null to remote] netty.channel.DefaultChannelId netty.channel.DefaultChannelId.<clinit>(DefaultChannelId.java:79) - -Dio.netty.processId: 6738 (auto-detected)
47 2023/03/14 09:50:20,204 2954 [DEBUG ] [Forwarding newSession on session null to remote] netty.util.NetUtil netty.util.NetUtil.<clinit>(NetUtil.java:142) - -Djava.net.preferIPv4Stack: true
48 2023/03/14 09:50:20,204 2954 [DEBUG ] [Forwarding newSession on session null to remote] netty.util.NetUtil netty.util.NetUtil.<clinit>(NetUtil.java:143) - -Djava.net.preferIPv6Addresses: false
49 2023/03/14 09:50:20,205 2955 [DEBUG ] [Forwarding newSession on session null to remote] netty.util.NetUtilInitializations netty.util.NetUtilInitializations.determineLoopback(NetUtilInitializations.java:139) - Loopback interface: lo0 (lo0, 0:0:0:0:0:0:0:1%lo0)
50 2023/03/14 09:50:20,206 2956 [DEBUG ] [Forwarding newSession on session null to remote] netty.util.NetUtil netty.util.NetUtil$SoMaxConnAction.run(NetUtil.java:200) - Failed to get SOMAXCONN from sysctl and file /proc/sys/net/core/somaxconn. Default: 128
51 2023/03/14 09:50:20,207 2957 [DEBUG ] [Forwarding newSession on session null to remote] netty.channel.DefaultChannelId netty.channel.DefaultChannelId.<clinit>(DefaultChannelId.java:101) - -Dio.netty.machineId: bc:d0:74:ff:fe:f0:77:f0 (auto-detected)
52 2023/03/14 09:50:20,248 2998 [DEBUG ] [AsyncHttpClient-1-2] netty.buffer.AbstractByteBuf netty.buffer.AbstractByteBuf.<clinit>(AbstractByteBuf.java:63) - -Dio.netty.buffer.checkAccessible: true
53 2023/03/14 09:50:20,248 2998 [DEBUG ] [AsyncHttpClient-1-2] netty.buffer.AbstractByteBuf netty.buffer.AbstractByteBuf.<clinit>(AbstractByteBuf.java:64) - -Dio.netty.buffer.checkBounds: true
54 2023/03/14 09:50:20,248 2998 [DEBUG ] [AsyncHttpClient-1-2] netty.util.ResourceLeakDetectorFactory netty.util.ResourceLeakDetectorFactory$DefaultResourceLeakDetectorFactory.newResourceLeakDetector(ResourceLeakDetectorFactory.java:196) - Loaded default ResourceLeakDetector: io.netty.util.ResourceLeakDetector@1f358274
55 2023/03/14 09:50:20,261 3011 [DEBUG ] [AsyncHttpClient-1-2] netty.util.Recycler netty.util.Recycler.<clinit>(Recycler.java:85) - -Dio.netty.recycler.maxCapacityPerThread: 4096
56 2023/03/14 09:50:20,262 3012 [DEBUG ] [AsyncHttpClient-1-2] netty.util.Recycler netty.util.Recycler.<clinit>(Recycler.java:86) - -Dio.netty.recycler.ratio: 8
57 2023/03/14 09:50:20,262 3012 [DEBUG ] [AsyncHttpClient-1-2] netty.util.Recycler netty.util.Recycler.<clinit>(Recycler.java:87) - -Dio.netty.recycler.chunkSize: 32
58 2023/03/14 09:50:20,262 3012 [DEBUG ] [AsyncHttpClient-1-2] netty.util.Recycler netty.util.Recycler.<clinit>(Recycler.java:88) - -Dio.netty.recycler.blocking: false
59 2023/03/14 09:50:24,597 7347 [DEBUG ] [AsyncHttpClient-1-2] codec.compression.Brotli codec.compression.Brotli.<clinit>(Brotli.java:38) - brotli4j not in the classpath; Brotli support will be unavailable.
60 2023/03/14 09:50:24,678 7428 [DEBUG ] [main] util.internal.ThreadLocalRandom util.internal.ThreadLocalRandom.newSeed(ThreadLocalRandom.java:214) - -Dio.netty.initialSeedUniquifier: 0x635be14e339aa6e5
61 2023/03/14 09:51:14,141 56891 [INFO  ] [main] qa.wrappers.BaseMethod qa.wrappers.BaseMethod.waitForElementToBePresent(BaseMethod.java:924) - Wait for [Element is displayed] to become visible
62 2023/03/14 09:51:14,277 57027 [INFO  ] [main] qa.wrappers.BaseMethod qa.wrappers.BaseMethod.waitForElementToBePresent(BaseMethod.java:929) - [Element is displayed] is visible now
63 2023/03/14 09:51:14,981 57731 [INFO  ] [main] qa.wrappers.BaseMethod qa.wrappers.BaseMethod.click(BaseMethod.java:323) - Trying to click on element: [[ChromeDriver: chrome on MAC (445fcba656511cee90807332be4ab955)] -> xpath: //button[@class='close-banner']]
64 2023/03/14 09:51:19,341 62091 [INFO  ] [main] qa.wrappers.BaseMethod qa.wrappers.BaseMethod.click(BaseMethod.java:326) - element clicked : [[ChromeDriver: chrome on MAC (445fcba656511cee90807332be4ab955)] -> xpath: //button[@class='close-banner']]
65 2023/03/14 09:51:21,431 64181 [INFO  ] [main] qa.wrappers.BaseMethod qa.wrappers.BaseMethod.click(BaseMethod.java:323) - Trying to click on element: [[ChromeDriver: chrome on MAC (445fcba656511cee90807332be4ab955)] -> xpath: //span[@title='I Agree']]
66 2023/03/14 09:51:25,915 68665 [INFO  ] [main] qa.wrappers.BaseMethod qa.wrappers.BaseMethod.click(BaseMethod.java:326) - element clicked : [[ChromeDriver: chrome on MAC (445fcba656511cee90807332be4ab955)] -> xpath: //span[@title='I Agree']]
67 2023/03/14 09:51:28,447 71197 [INFO  ] [main] qa.wrappers.BaseMethod qa.wrappers.BaseMethod.click(BaseMethod.java:323) - Trying to click on element: [[ChromeDriver: chrome on MAC (445fcba656511cee90807332be4ab955)] -> xpath: (//a[@class="cmp-accordion__heading-link "]/h4)[2]]
68 2023/03/14 09:51:32,914 75664 [INFO  ] [main] qa.wrappers.BaseMethod qa.wrappers.BaseMethod.click(BaseMethod.java:326) - element clicked : [[ChromeDriver: chrome on MAC (445fcba656511cee90807332be4ab955)] -> xpath: (//a[@class="cmp-accordion__heading-link "]/h4)[2]]
69 2023/03/14 09:52:11,607 114357 [INFO  ] [main] qa.wrappers.BaseMethod qa.wrappers.BaseMethod.waitForElementToBePresent(BaseMethod.java:924) - Wait for [Element is displayed] to become visible
70 2023/03/14 09:52:11,723 114473 [INFO  ] [main] qa.wrappers.BaseMethod qa.wrappers.BaseMethod.waitForElementToBePresent(BaseMethod.java:929) - [Element is displayed] is visible now
71 2023/03/14 09:52:12,318 115068 [INFO  ] [main] qa.wrappers.BaseMethod qa.wrappers.BaseMethod.click(BaseMethod.java:323) - Trying to click on element: [[ChromeDriver: chrome on MAC (8f2d47d0eeedded73783d9bbdf22207b)] -> xpath: //button[@class='close-banner']]
72 2023/03/14 09:52:16,669 119419 [INFO  ] [main] qa.wrappers.BaseMethod qa.wrappers.BaseMethod.click(BaseMethod.java:326) - element clicked : [[ChromeDriver: chrome on MAC (8f2d47d0eeedded73783d9bbdf22207b)] -> xpath: //button[@class='close-banner']]
73 2023/03/14 09:52:18,734 121484 [INFO  ] [main] qa.wrappers.BaseMethod qa.wrappers.BaseMethod.click(BaseMethod.java:323) - Trying to click on element: [[ChromeDriver: chrome on MAC (8f2d47d0eeedded73783d9bbdf22207b)] -> xpath: //span[@title='I Agree']]
74 2023/03/14 09:52:23,134 125884 [INFO  ] [main] qa.wrappers.BaseMethod qa.wrappers.BaseMethod.click(BaseMethod.java:326) - element clicked : [[ChromeDriver: chrome on MAC (8f2d47d0eeedded73783d9bbdf22207b)] -> xpath: //span[@title='I Agree']]
75 2023/03/14 09:52:26,044 128794 [INFO  ] [main] qa.wrappers.BaseMethod qa.wrappers.BaseMethod.click(BaseMethod.java:323) - Trying to click on element: [[ChromeDriver: chrome on MAC (8f2d47d0eeedded73783d9bbdf22207b)] -> xpath: //li[@role='tab']]
76 2023/03/14 09:52:30,375 133125 [INFO  ] [main] qa.wrappers.BaseMethod qa.wrappers.BaseMethod.click(BaseMethod.java:326) - element clicked : [[ChromeDriver: chrome on MAC (8f2d47d0eeedded73783d9bbdf22207b)] -> xpath: //li[@role='tab']]
77 2023/03/14 09:52:30,420 133170 [INFO  ] [main] qa.wrappers.BaseMethod qa.wrappers.BaseMethod.click(BaseMethod.java:323) - Trying to click on element: [[ChromeDriver: chrome on MAC (8f2d47d0eeedded73783d9bbdf22207b)] -> xpath: //li[@role='tab']]
78 2023/03/14 09:52:34,863 137613 [INFO  ] [main] qa.wrappers.BaseMethod qa.wrappers.BaseMethod.click(BaseMethod.java:326) - element clicked : [[ChromeDriver: chrome on MAC (8f2d47d0eeedded73783d9bbdf22207b)] -> xpath: //li[@role='tab']]
79 2023/03/14 09:52:35,207 137957 [INFO  ] [main] qa.wrappers.BaseMethod qa.wrappers.BaseMethod.click(BaseMethod.java:323) - Trying to click on element: [[ChromeDriver: chrome on MAC (8f2d47d0eeedded73783d9bbdf22207b)] -> xpath: //li[@role='tab']]
80 2023/03/14 09:52:39,456 142206 [INFO  ] [main] qa.wrappers.BaseMethod qa.wrappers.BaseMethod.click(BaseMethod.java:326) - element clicked : [[ChromeDriver: chrome on MAC (8f2d47d0eeedded73783d9bbdf22207b)] -> xpath: //li[@role='tab']]
81 2023/03/14 09:52:39,546 142296 [INFO  ] [main] qa.wrappers.BaseMethod qa.wrappers.BaseMethod.click(BaseMethod.java:323) - Trying to click on element: [[ChromeDriver: chrome on MAC (8f2d47d0eeedded73783d9bbdf22207b)] -> xpath: //li[@role='tab']]
82 2023/03/14 09:52:43,633 146383 [INFO  ] [main] qa.wrappers.BaseMethod qa.wrappers.BaseMethod.click(BaseMethod.java:326) - element clicked : [[ChromeDriver: chrome on MAC (8f2d47d0eeedded73783d9bbdf22207b)] -> xpath: //li[@role='tab']]
83 2023/03/14 09:52:43,735 146485 [INFO  ] [main] qa.wrappers.BaseMethod qa.wrappers.BaseMethod.click(BaseMethod.java:323) - Trying to click on element: [[ChromeDriver: chrome on MAC (8f2d47d0eeedded73783d9bbdf22207b)] -> xpath: //li[@role='tab']]
84 2023/03/14 09:52:47,832 150582 [INFO  ] [main] qa.wrappers.BaseMethod qa.wrappers.BaseMethod.click(BaseMethod.java:326) - element clicked : [[ChromeDriver: chrome on MAC (8f2d47d0eeedded73783d9bbdf22207b)] -> xpath: //li[@role='tab']]
85 2023/03/14 09:53:22,088 184838 [INFO  ] [main] qa.wrappers.BaseMethod qa.wrappers.BaseMethod.waitForElementToBePresent(BaseMethod.java:924) - Wait for [Element is displayed] to become visible
86 2023/03/14 09:53:22,209 184959 [INFO  ] [main] qa.wrappers.BaseMethod qa.wrappers.BaseMethod.waitForElementToBePresent(BaseMethod.java:929) - [Element is displayed] is visible now
87 2023/03/14 09:53:22,778 185528 [INFO  ] [main] qa.wrappers.BaseMethod qa.wrappers.BaseMethod.click(BaseMethod.java:323) - Trying to click on element: [[ChromeDriver: chrome on MAC (0d95eb630edd76b1f87c05d5eeaeac2f)] -> xpath: //button[@class='close-banner']]
88 2023/03/14 09:53:27,158 189908 [INFO  ] [main] qa.wrappers.BaseMethod qa.wrappers.BaseMethod.click(BaseMethod.java:326) - element clicked : [[ChromeDriver: chrome on MAC (0d95eb630edd76b1f87c05d5eeaeac2f)] -> xpath: //button[@class='close-banner']]
89 2023/03/14 09:53:29,201 191951 [INFO  ] [main] qa.wrappers.BaseMethod qa.wrappers.BaseMethod.click(BaseMethod.java:323) - Trying to click on element: [[ChromeDriver: chrome on MAC (0d95eb630edd76b1f87c05d5eeaeac2f)] -> xpath: //span[@title='I Agree']]
90 2023/03/14 09:53:33,629 196379 [INFO  ] [main] qa.wrappers.BaseMethod qa.wrappers.BaseMethod.click(BaseMethod.java:326) - element clicked : [[ChromeDriver: chrome on MAC (0d95eb630edd76b1f87c05d5eeaeac2f)] -> xpath: //span[@title='I Agree']]
91 2023/03/14 09:54:12,131 234881 [INFO  ] [main] qa.wrappers.BaseMethod qa.wrappers.BaseMethod.waitForElementToBePresent(BaseMethod.java:924) - Wait for [Element is displayed] to become visible
92 2023/03/14 09:54:12,253 235003 [INFO  ] [main] qa.wrappers.BaseMethod qa.wrappers.BaseMethod.waitForElementToBePresent(BaseMethod.java:929) - [Element is displayed] is visible now
93 2023/03/14 09:54:12,827 235577 [INFO  ] [main] qa.wrappers.BaseMethod qa.wrappers.BaseMethod.click(BaseMethod.java:323) - Trying to click on element: [[ChromeDriver: chrome on MAC (b6e504acffcb91d0b78bc078774d62f8)] -> xpath: //button[@class='close-banner']]
94 2023/03/14 09:54:17,204 239954 [INFO  ] [main] qa.wrappers.BaseMethod qa.wrappers.BaseMethod.click(BaseMethod.java:326) - element clicked : [[ChromeDriver: chrome on MAC (b6e504acffcb91d0b78bc078774d62f8)] -> xpath: //button[@class='close-banner']]
95 2023/03/14 09:54:19,258 242008 [INFO  ] [main] qa.wrappers.BaseMethod qa.wrappers.BaseMethod.click(BaseMethod.java:323) - Trying to click on element: [[ChromeDriver: chrome on MAC (b6e504acffcb91d0b78bc078774d62f8)] -> xpath: //span[@title='I Agree']]
96 2023/03/14 09:54:23,650 246400 [INFO  ] [main] qa.wrappers.BaseMethod qa.wrappers.BaseMethod.click(BaseMethod.java:326) - element clicked : [[ChromeDriver: chrome on MAC (b6e504acffcb91d0b78bc078774d62f8)] -> xpath: //span[@title='I Agree']]
97 2023/03/14 09:55:00,773 283523 [INFO  ] [main] qa.wrappers.BaseMethod qa.wrappers.BaseMethod.waitForElementToBePresent(BaseMethod.java:924) - Wait for [Element is displayed] to become visible
98 2023/03/14 09:55:00,912 283662 [INFO  ] [main] qa.wrappers.BaseMethod qa.wrappers.BaseMethod.waitForElementToBePresent(BaseMethod.java:929) - [Element is displayed] is visible now
99 2023/03/14 09:55:01,488 284238 [INFO  ] [main] qa.wrappers.BaseMethod qa.wrappers.BaseMethod.click(BaseMethod.java:323) - Trying to click on element: [[ChromeDriver: chrome on MAC (5f9831e123ea8bef31c243d8a464b76b)] -> xpath: //button[@class='close-banner']]
100 2023/03/14 09:55:05,847 288597 [INFO  ] [main] qa.wrappers.BaseMethod qa.wrappers.BaseMethod.click(BaseMethod.java:326) - element clicked : [[ChromeDriver: chrome on MAC (5f9831e123ea8bef31c243d8a464b76b)] -> xpath: //button[@class='close-banner']]
101 2023/03/14 09:55:07,899 290649 [INFO  ] [main] qa.wrappers.BaseMethod qa.wrappers.BaseMethod.click(BaseMethod.java:323) - Trying to click on element: [[ChromeDriver: chrome on MAC (5f9831e123ea8bef31c243d8a464b76b)] -> xpath: //span[@title='I Agree']]
102 2023/03/14 09:55:12,334 295084 [INFO  ] [main] qa.wrappers.BaseMethod qa.wrappers.BaseMethod.click(BaseMethod.java:326) - element clicked : [[ChromeDriver: chrome on MAC (5f9831e123ea8bef31c243d8a464b76b)] -> xpath: //span[@title='I Agree']]
103 2023/03/14 09:55:48,870 331620 [INFO  ] [main] qa.wrappers.BaseMethod qa.wrappers.BaseMethod.waitForElementToBePresent(BaseMethod.java:924) - Wait for [Element is displayed] to become visible
104 2023/03/14 09:55:48,986 331736 [INFO  ] [main] qa.wrappers.BaseMethod qa.wrappers.BaseMethod.waitForElementToBePresent(BaseMethod.java:929) - [Element is displayed] is visible now
105 2023/03/14 09:55:49,561 332311 [INFO  ] [main] qa.wrappers.BaseMethod qa.wrappers.BaseMethod.click(BaseMethod.java:323) - Trying to click on element: [[ChromeDriver: chrome on MAC (9a62cbb4653098048d00151755a5af50)] -> xpath: //button[@class='close-banner']]
106 2023/03/14 09:55:53,929 336679 [INFO  ] [main] qa.wrappers.BaseMethod qa.wrappers.BaseMethod.click(BaseMethod.java:326) - element clicked : [[ChromeDriver: chrome on MAC (9a62cbb4653098048d00151755a5af50)] -> xpath: //button[@class='close-banner']]
107 2023/03/14 09:55:55,981 338731 [INFO  ] [main] qa.wrappers.BaseMethod qa.wrappers.BaseMethod.click(BaseMethod.java:323) - Trying to click on element: [[ChromeDriver: chrome on MAC (9a62cbb4653098048d00151755a5af50)] -> xpath: //span[@title='I Agree']]
108 2023/03/14 09:56:00,483 343233 [INFO  ] [main] qa.wrappers.BaseMethod qa.wrappers.BaseMethod.click(BaseMethod.java:326) - element clicked : [[ChromeDriver: chrome on MAC (9a62cbb4653098048d00151755a5af50)] -> xpath: //span[@title='I Agree']]
109 2023/03/14 09:56:09,257 352007 [INFO  ] [main] qa.wrappers.BaseMethod qa.wrappers.BaseMethod.selectByVisibleText(BaseMethod.java:301) - Trying to select element Value from Dropdown
110 2023/03/14 09:56:09,537 352287 [INFO  ] [main] qa.wrappers.BaseMethod qa.wrappers.BaseMethod.selectByVisibleText(BaseMethod.java:305) - India Value selected from Dropdown: 
111 2023/03/14 09:56:48,206 390956 [INFO  ] [main] qa.wrappers.BaseMethod qa.wrappers.BaseMethod.selectByVisibleText(BaseMethod.java:301) - Trying to select element Value from Dropdown
112 2023/03/14 09:56:48,341 391091 [INFO  ] [main] qa.wrappers.BaseMethod qa.wrappers.BaseMethod.selectByVisibleText(BaseMethod.java:305) - India Value selected from Dropdown: 
113 2023/03/14 09:56:50,376 393126 [INFO  ] [main] qa.wrappers.BaseMethod qa.wrappers.BaseMethod.click(BaseMethod.java:323) - Trying to click on element: [[ChromeDriver: chrome on MAC (9a62cbb4653098048d00151755a5af50)] -> xpath: //input[@name="subscriptionrelaxedcombination"]]
114 2023/03/14 09:56:55,303 398053 [INFO  ] [main] qa.wrappers.BaseMethod qa.wrappers.BaseMethod.click(BaseMethod.java:326) - element clicked : [[ChromeDriver: chrome on MAC (9a62cbb4653098048d00151755a5af50)] -> xpath: //input[@name="subscriptionrelaxedcombination"]]
