1 2023/03/06 17:51:21,923 2416 [DEBUG ] [main] internal.logging.InternalLoggerFactory internal.logging.InternalLoggerFactory.useLog4J2LoggerFactory(InternalLoggerFactory.java:76) - Using Log4J2 as the default logging framework
2 2023/03/06 17:51:21,933 2426 [DEBUG ] [main] netty.util.ResourceLeakDetector netty.util.ResourceLeakDetector.<clinit>(ResourceLeakDetector.java:129) - -Dio.netty.leakDetection.level: simple
3 2023/03/06 17:51:21,934 2427 [DEBUG ] [main] netty.util.ResourceLeakDetector netty.util.ResourceLeakDetector.<clinit>(ResourceLeakDetector.java:130) - -Dio.netty.leakDetection.targetRecords: 4
4 2023/03/06 17:51:21,937 2430 [DEBUG ] [main] netty.util.ResourceLeakDetectorFactory netty.util.ResourceLeakDetectorFactory$DefaultResourceLeakDetectorFactory.newResourceLeakDetector(ResourceLeakDetectorFactory.java:196) - Loaded default ResourceLeakDetector: io.netty.util.ResourceLeakDetector@22c01ab0
5 2023/03/06 17:51:21,952 2445 [DEBUG ] [main] util.internal.PlatformDependent0 util.internal.PlatformDependent0.explicitNoUnsafeCause0(PlatformDependent0.java:460) - -Dio.netty.noUnsafe: false
6 2023/03/06 17:51:21,952 2445 [DEBUG ] [main] util.internal.PlatformDependent0 util.internal.PlatformDependent0.javaVersion0(PlatformDependent0.java:954) - Java version: 8
7 2023/03/06 17:51:21,953 2446 [DEBUG ] [main] util.internal.PlatformDependent0 util.internal.PlatformDependent0.<clinit>(PlatformDependent0.java:135) - sun.misc.Unsafe.theUnsafe: available
8 2023/03/06 17:51:21,954 2447 [DEBUG ] [main] util.internal.PlatformDependent0 util.internal.PlatformDependent0.<clinit>(PlatformDependent0.java:159) - sun.misc.Unsafe.copyMemory: available
9 2023/03/06 17:51:21,954 2447 [DEBUG ] [main] util.internal.PlatformDependent0 util.internal.PlatformDependent0.<clinit>(PlatformDependent0.java:202) - java.nio.Buffer.address: available
10 2023/03/06 17:51:21,955 2448 [DEBUG ] [main] util.internal.PlatformDependent0 util.internal.PlatformDependent0.<clinit>(PlatformDependent0.java:272) - direct buffer constructor: available
11 2023/03/06 17:51:21,955 2448 [DEBUG ] [main] util.internal.PlatformDependent0 util.internal.PlatformDependent0.<clinit>(PlatformDependent0.java:350) - java.nio.Bits.unaligned: available, true
12 2023/03/06 17:51:21,955 2448 [DEBUG ] [main] util.internal.PlatformDependent0 util.internal.PlatformDependent0.<clinit>(PlatformDependent0.java:424) - jdk.internal.misc.Unsafe.allocateUninitializedArray(int): unavailable prior to Java9
13 2023/03/06 17:51:21,956 2449 [DEBUG ] [main] util.internal.PlatformDependent0 util.internal.PlatformDependent0.<clinit>(PlatformDependent0.java:446) - java.nio.DirectByteBuffer.<init>(long, int): available
14 2023/03/06 17:51:21,956 2449 [DEBUG ] [main] util.internal.PlatformDependent util.internal.PlatformDependent.unsafeUnavailabilityCause0(PlatformDependent.java:1116) - sun.misc.Unsafe: available
15 2023/03/06 17:51:21,957 2450 [DEBUG ] [main] util.internal.PlatformDependent util.internal.PlatformDependent.tmpdir0(PlatformDependent.java:1246) - -Dio.netty.tmpdir: /var/folders/b6/k_w0589j24712v_9f8zffkgnct9bh0/T (java.io.tmpdir)
16 2023/03/06 17:51:21,957 2450 [DEBUG ] [main] util.internal.PlatformDependent util.internal.PlatformDependent.bitMode0(PlatformDependent.java:1325) - -Dio.netty.bitMode: 64 (sun.arch.data.model)
17 2023/03/06 17:51:21,959 2452 [DEBUG ] [main] util.internal.PlatformDependent util.internal.PlatformDependent.isOsx0(PlatformDependent.java:1084) - Platform: MacOS
18 2023/03/06 17:51:21,960 2453 [DEBUG ] [main] util.internal.PlatformDependent util.internal.PlatformDependent.<clinit>(PlatformDependent.java:178) - -Dio.netty.maxDirectMemory: 3817865216 bytes
19 2023/03/06 17:51:21,960 2453 [DEBUG ] [main] util.internal.PlatformDependent util.internal.PlatformDependent.<clinit>(PlatformDependent.java:185) - -Dio.netty.uninitializedArrayAllocationThreshold: -1
20 2023/03/06 17:51:21,961 2454 [DEBUG ] [main] util.internal.CleanerJava6 util.internal.CleanerJava6.<clinit>(CleanerJava6.java:92) - java.nio.ByteBuffer.cleaner(): available
21 2023/03/06 17:51:21,961 2454 [DEBUG ] [main] util.internal.PlatformDependent util.internal.PlatformDependent.<clinit>(PlatformDependent.java:205) - -Dio.netty.noPreferDirect: false
22 2023/03/06 17:51:21,966 2459 [DEBUG ] [main] util.internal.PlatformDependent util.internal.PlatformDependent$Mpsc.<clinit>(PlatformDependent.java:967) - org.jctools-core.MpscChunkedArrayQueue: available
23 2023/03/06 17:51:21,983 2476 [DEBUG ] [main] util.internal.InternalThreadLocalMap util.internal.InternalThreadLocalMap.<clinit>(InternalThreadLocalMap.java:86) - -Dio.netty.threadLocalMap.stringBuilder.initialSize: 1024
24 2023/03/06 17:51:21,984 2477 [DEBUG ] [main] util.internal.InternalThreadLocalMap util.internal.InternalThreadLocalMap.<clinit>(InternalThreadLocalMap.java:89) - -Dio.netty.threadLocalMap.stringBuilder.maxSize: 4096
25 2023/03/06 17:51:22,005 2498 [DEBUG ] [main] handler.ssl.JdkSslContext handler.ssl.JdkSslContext.<clinit>(JdkSslContext.java:97) - Default protocols (JDK): [TLSv1.3, TLSv1.2] 
26 2023/03/06 17:51:22,005 2498 [DEBUG ] [main] handler.ssl.JdkSslContext handler.ssl.JdkSslContext.<clinit>(JdkSslContext.java:98) - Default cipher suites (JDK): [TLS_ECDHE_ECDSA_WITH_AES_256_GCM_SHA384, TLS_ECDHE_ECDSA_WITH_AES_128_GCM_SHA256, TLS_ECDHE_RSA_WITH_AES_128_GCM_SHA256, TLS_ECDHE_RSA_WITH_AES_256_GCM_SHA384, TLS_ECDHE_RSA_WITH_AES_128_CBC_SHA, TLS_ECDHE_RSA_WITH_AES_256_CBC_SHA, TLS_RSA_WITH_AES_128_GCM_SHA256, TLS_RSA_WITH_AES_128_CBC_SHA, TLS_RSA_WITH_AES_256_CBC_SHA, TLS_AES_128_GCM_SHA256, TLS_AES_256_GCM_SHA384]
27 2023/03/06 17:51:22,022 2515 [DEBUG ] [main] netty.channel.MultithreadEventLoopGroup netty.channel.MultithreadEventLoopGroup.<clinit>(MultithreadEventLoopGroup.java:44) - -Dio.netty.eventLoopThreads: 16
28 2023/03/06 17:51:22,031 2524 [DEBUG ] [main] channel.nio.NioEventLoop channel.nio.NioEventLoop.<clinit>(NioEventLoop.java:109) - -Dio.netty.noKeySetOptimization: false
29 2023/03/06 17:51:22,031 2524 [DEBUG ] [main] channel.nio.NioEventLoop channel.nio.NioEventLoop.<clinit>(NioEventLoop.java:110) - -Dio.netty.selectorAutoRebuildThreshold: 512
30 2023/03/06 17:51:22,049 2542 [DEBUG ] [main] netty.buffer.PooledByteBufAllocator netty.buffer.PooledByteBufAllocator.<clinit>(PooledByteBufAllocator.java:155) - -Dio.netty.allocator.numHeapArenas: 16
31 2023/03/06 17:51:22,050 2543 [DEBUG ] [main] netty.buffer.PooledByteBufAllocator netty.buffer.PooledByteBufAllocator.<clinit>(PooledByteBufAllocator.java:156) - -Dio.netty.allocator.numDirectArenas: 16
32 2023/03/06 17:51:22,050 2543 [DEBUG ] [main] netty.buffer.PooledByteBufAllocator netty.buffer.PooledByteBufAllocator.<clinit>(PooledByteBufAllocator.java:158) - -Dio.netty.allocator.pageSize: 8192
33 2023/03/06 17:51:22,050 2543 [DEBUG ] [main] netty.buffer.PooledByteBufAllocator netty.buffer.PooledByteBufAllocator.<clinit>(PooledByteBufAllocator.java:163) - -Dio.netty.allocator.maxOrder: 9
34 2023/03/06 17:51:22,050 2543 [DEBUG ] [main] netty.buffer.PooledByteBufAllocator netty.buffer.PooledByteBufAllocator.<clinit>(PooledByteBufAllocator.java:167) - -Dio.netty.allocator.chunkSize: 4194304
35 2023/03/06 17:51:22,050 2543 [DEBUG ] [main] netty.buffer.PooledByteBufAllocator netty.buffer.PooledByteBufAllocator.<clinit>(PooledByteBufAllocator.java:168) - -Dio.netty.allocator.smallCacheSize: 256
36 2023/03/06 17:51:22,050 2543 [DEBUG ] [main] netty.buffer.PooledByteBufAllocator netty.buffer.PooledByteBufAllocator.<clinit>(PooledByteBufAllocator.java:169) - -Dio.netty.allocator.normalCacheSize: 64
37 2023/03/06 17:51:22,051 2544 [DEBUG ] [main] netty.buffer.PooledByteBufAllocator netty.buffer.PooledByteBufAllocator.<clinit>(PooledByteBufAllocator.java:170) - -Dio.netty.allocator.maxCachedBufferCapacity: 32768
38 2023/03/06 17:51:22,051 2544 [DEBUG ] [main] netty.buffer.PooledByteBufAllocator netty.buffer.PooledByteBufAllocator.<clinit>(PooledByteBufAllocator.java:171) - -Dio.netty.allocator.cacheTrimInterval: 8192
39 2023/03/06 17:51:22,051 2544 [DEBUG ] [main] netty.buffer.PooledByteBufAllocator netty.buffer.PooledByteBufAllocator.<clinit>(PooledByteBufAllocator.java:172) - -Dio.netty.allocator.cacheTrimIntervalMillis: 0
40 2023/03/06 17:51:22,051 2544 [DEBUG ] [main] netty.buffer.PooledByteBufAllocator netty.buffer.PooledByteBufAllocator.<clinit>(PooledByteBufAllocator.java:173) - -Dio.netty.allocator.useCacheForAllThreads: false
41 2023/03/06 17:51:22,052 2545 [DEBUG ] [main] netty.buffer.PooledByteBufAllocator netty.buffer.PooledByteBufAllocator.<clinit>(PooledByteBufAllocator.java:174) - -Dio.netty.allocator.maxCachedByteBuffersPerChunk: 1023
42 2023/03/06 17:51:22,061 2554 [DEBUG ] [main] netty.buffer.ByteBufUtil netty.buffer.ByteBufUtil.<clinit>(ByteBufUtil.java:87) - -Dio.netty.allocator.type: pooled
43 2023/03/06 17:51:22,062 2555 [DEBUG ] [main] netty.buffer.ByteBufUtil netty.buffer.ByteBufUtil.<clinit>(ByteBufUtil.java:96) - -Dio.netty.threadLocalDirectBufferSize: 0
44 2023/03/06 17:51:22,062 2555 [DEBUG ] [main] netty.buffer.ByteBufUtil netty.buffer.ByteBufUtil.<clinit>(ByteBufUtil.java:99) - -Dio.netty.maxThreadLocalCharBufferSize: 16384
45 2023/03/06 17:51:22,503 2996 [DEBUG ] [Forwarding newSession on session null to remote] netty.channel.DefaultChannelId netty.channel.DefaultChannelId.<clinit>(DefaultChannelId.java:79) - -Dio.netty.processId: 33035 (auto-detected)
46 2023/03/06 17:51:22,506 2999 [DEBUG ] [Forwarding newSession on session null to remote] netty.util.NetUtil netty.util.NetUtil.<clinit>(NetUtil.java:136) - -Djava.net.preferIPv4Stack: true
47 2023/03/06 17:51:22,507 3000 [DEBUG ] [Forwarding newSession on session null to remote] netty.util.NetUtil netty.util.NetUtil.<clinit>(NetUtil.java:137) - -Djava.net.preferIPv6Addresses: false
48 2023/03/06 17:51:22,509 3002 [DEBUG ] [Forwarding newSession on session null to remote] netty.util.NetUtilInitializations netty.util.NetUtilInitializations.determineLoopback(NetUtilInitializations.java:129) - Loopback interface: lo0 (lo0, 0:0:0:0:0:0:0:1%lo0)
49 2023/03/06 17:51:22,510 3003 [DEBUG ] [Forwarding newSession on session null to remote] netty.util.NetUtil netty.util.NetUtil$SoMaxConnAction.run(NetUtil.java:191) - Failed to get SOMAXCONN from sysctl and file /proc/sys/net/core/somaxconn. Default: 128
50 2023/03/06 17:51:22,512 3005 [DEBUG ] [Forwarding newSession on session null to remote] netty.channel.DefaultChannelId netty.channel.DefaultChannelId.<clinit>(DefaultChannelId.java:101) - -Dio.netty.machineId: bc:d0:74:ff:fe:f0:77:f0 (auto-detected)
51 2023/03/06 17:51:22,564 3057 [DEBUG ] [AsyncHttpClient-1-2] netty.buffer.AbstractByteBuf netty.buffer.AbstractByteBuf.<clinit>(AbstractByteBuf.java:63) - -Dio.netty.buffer.checkAccessible: true
52 2023/03/06 17:51:22,565 3058 [DEBUG ] [AsyncHttpClient-1-2] netty.buffer.AbstractByteBuf netty.buffer.AbstractByteBuf.<clinit>(AbstractByteBuf.java:64) - -Dio.netty.buffer.checkBounds: true
53 2023/03/06 17:51:22,566 3059 [DEBUG ] [AsyncHttpClient-1-2] netty.util.ResourceLeakDetectorFactory netty.util.ResourceLeakDetectorFactory$DefaultResourceLeakDetectorFactory.newResourceLeakDetector(ResourceLeakDetectorFactory.java:196) - Loaded default ResourceLeakDetector: io.netty.util.ResourceLeakDetector@2df64ca4
54 2023/03/06 17:51:22,592 3085 [DEBUG ] [AsyncHttpClient-1-2] netty.util.Recycler netty.util.Recycler.<clinit>(Recycler.java:85) - -Dio.netty.recycler.maxCapacityPerThread: 4096
55 2023/03/06 17:51:22,593 3086 [DEBUG ] [AsyncHttpClient-1-2] netty.util.Recycler netty.util.Recycler.<clinit>(Recycler.java:86) - -Dio.netty.recycler.ratio: 8
56 2023/03/06 17:51:22,593 3086 [DEBUG ] [AsyncHttpClient-1-2] netty.util.Recycler netty.util.Recycler.<clinit>(Recycler.java:87) - -Dio.netty.recycler.chunkSize: 32
57 2023/03/06 17:51:22,593 3086 [DEBUG ] [AsyncHttpClient-1-2] netty.util.Recycler netty.util.Recycler.<clinit>(Recycler.java:88) - -Dio.netty.recycler.blocking: false
58 2023/03/06 17:51:27,168 7661 [DEBUG ] [AsyncHttpClient-1-2] codec.compression.Brotli codec.compression.Brotli.<clinit>(Brotli.java:38) - brotli4j not in the classpath; Brotli support will be unavailable.
59 2023/03/06 17:51:27,287 7780 [DEBUG ] [main] util.internal.ThreadLocalRandom util.internal.ThreadLocalRandom.newSeed(ThreadLocalRandom.java:214) - -Dio.netty.initialSeedUniquifier: 0xfd85118423d5dba8
