1 2023/03/08 12:38:48,058 2238 [DEBUG ] [main] internal.logging.InternalLoggerFactory internal.logging.InternalLoggerFactory.useLog4J2LoggerFactory(InternalLoggerFactory.java:76) - Using Log4J2 as the default logging framework
2 2023/03/08 12:38:48,067 2247 [DEBUG ] [main] netty.util.ResourceLeakDetector netty.util.ResourceLeakDetector.<clinit>(ResourceLeakDetector.java:129) - -Dio.netty.leakDetection.level: simple
3 2023/03/08 12:38:48,067 2247 [DEBUG ] [main] netty.util.ResourceLeakDetector netty.util.ResourceLeakDetector.<clinit>(ResourceLeakDetector.java:130) - -Dio.netty.leakDetection.targetRecords: 4
4 2023/03/08 12:38:48,071 2251 [DEBUG ] [main] netty.util.ResourceLeakDetectorFactory netty.util.ResourceLeakDetectorFactory$DefaultResourceLeakDetectorFactory.newResourceLeakDetector(ResourceLeakDetectorFactory.java:196) - Loaded default ResourceLeakDetector: io.netty.util.ResourceLeakDetector@22c01ab0
5 2023/03/08 12:38:48,085 2265 [DEBUG ] [main] util.internal.PlatformDependent0 util.internal.PlatformDependent0.explicitNoUnsafeCause0(PlatformDependent0.java:460) - -Dio.netty.noUnsafe: false
6 2023/03/08 12:38:48,085 2265 [DEBUG ] [main] util.internal.PlatformDependent0 util.internal.PlatformDependent0.javaVersion0(PlatformDependent0.java:954) - Java version: 8
7 2023/03/08 12:38:48,086 2266 [DEBUG ] [main] util.internal.PlatformDependent0 util.internal.PlatformDependent0.<clinit>(PlatformDependent0.java:135) - sun.misc.Unsafe.theUnsafe: available
8 2023/03/08 12:38:48,087 2267 [DEBUG ] [main] util.internal.PlatformDependent0 util.internal.PlatformDependent0.<clinit>(PlatformDependent0.java:159) - sun.misc.Unsafe.copyMemory: available
9 2023/03/08 12:38:48,087 2267 [DEBUG ] [main] util.internal.PlatformDependent0 util.internal.PlatformDependent0.<clinit>(PlatformDependent0.java:202) - java.nio.Buffer.address: available
10 2023/03/08 12:38:48,088 2268 [DEBUG ] [main] util.internal.PlatformDependent0 util.internal.PlatformDependent0.<clinit>(PlatformDependent0.java:272) - direct buffer constructor: available
11 2023/03/08 12:38:48,088 2268 [DEBUG ] [main] util.internal.PlatformDependent0 util.internal.PlatformDependent0.<clinit>(PlatformDependent0.java:350) - java.nio.Bits.unaligned: available, true
12 2023/03/08 12:38:48,089 2269 [DEBUG ] [main] util.internal.PlatformDependent0 util.internal.PlatformDependent0.<clinit>(PlatformDependent0.java:424) - jdk.internal.misc.Unsafe.allocateUninitializedArray(int): unavailable prior to Java9
13 2023/03/08 12:38:48,089 2269 [DEBUG ] [main] util.internal.PlatformDependent0 util.internal.PlatformDependent0.<clinit>(PlatformDependent0.java:446) - java.nio.DirectByteBuffer.<init>(long, int): available
14 2023/03/08 12:38:48,089 2269 [DEBUG ] [main] util.internal.PlatformDependent util.internal.PlatformDependent.unsafeUnavailabilityCause0(PlatformDependent.java:1116) - sun.misc.Unsafe: available
15 2023/03/08 12:38:48,090 2270 [DEBUG ] [main] util.internal.PlatformDependent util.internal.PlatformDependent.tmpdir0(PlatformDependent.java:1246) - -Dio.netty.tmpdir: /var/folders/b6/k_w0589j24712v_9f8zffkgnct9bh0/T (java.io.tmpdir)
16 2023/03/08 12:38:48,090 2270 [DEBUG ] [main] util.internal.PlatformDependent util.internal.PlatformDependent.bitMode0(PlatformDependent.java:1325) - -Dio.netty.bitMode: 64 (sun.arch.data.model)
17 2023/03/08 12:38:48,092 2272 [DEBUG ] [main] util.internal.PlatformDependent util.internal.PlatformDependent.isOsx0(PlatformDependent.java:1084) - Platform: MacOS
18 2023/03/08 12:38:48,093 2273 [DEBUG ] [main] util.internal.PlatformDependent util.internal.PlatformDependent.<clinit>(PlatformDependent.java:178) - -Dio.netty.maxDirectMemory: 3817865216 bytes
19 2023/03/08 12:38:48,093 2273 [DEBUG ] [main] util.internal.PlatformDependent util.internal.PlatformDependent.<clinit>(PlatformDependent.java:185) - -Dio.netty.uninitializedArrayAllocationThreshold: -1
20 2023/03/08 12:38:48,094 2274 [DEBUG ] [main] util.internal.CleanerJava6 util.internal.CleanerJava6.<clinit>(CleanerJava6.java:92) - java.nio.ByteBuffer.cleaner(): available
21 2023/03/08 12:38:48,094 2274 [DEBUG ] [main] util.internal.PlatformDependent util.internal.PlatformDependent.<clinit>(PlatformDependent.java:205) - -Dio.netty.noPreferDirect: false
22 2023/03/08 12:38:48,098 2278 [DEBUG ] [main] util.internal.PlatformDependent util.internal.PlatformDependent$Mpsc.<clinit>(PlatformDependent.java:967) - org.jctools-core.MpscChunkedArrayQueue: available
23 2023/03/08 12:38:48,114 2294 [DEBUG ] [main] util.internal.InternalThreadLocalMap util.internal.InternalThreadLocalMap.<clinit>(InternalThreadLocalMap.java:86) - -Dio.netty.threadLocalMap.stringBuilder.initialSize: 1024
24 2023/03/08 12:38:48,114 2294 [DEBUG ] [main] util.internal.InternalThreadLocalMap util.internal.InternalThreadLocalMap.<clinit>(InternalThreadLocalMap.java:89) - -Dio.netty.threadLocalMap.stringBuilder.maxSize: 4096
25 2023/03/08 12:38:48,134 2314 [DEBUG ] [main] handler.ssl.JdkSslContext handler.ssl.JdkSslContext.<clinit>(JdkSslContext.java:97) - Default protocols (JDK): [TLSv1.3, TLSv1.2] 
26 2023/03/08 12:38:48,134 2314 [DEBUG ] [main] handler.ssl.JdkSslContext handler.ssl.JdkSslContext.<clinit>(JdkSslContext.java:98) - Default cipher suites (JDK): [TLS_ECDHE_ECDSA_WITH_AES_256_GCM_SHA384, TLS_ECDHE_ECDSA_WITH_AES_128_GCM_SHA256, TLS_ECDHE_RSA_WITH_AES_128_GCM_SHA256, TLS_ECDHE_RSA_WITH_AES_256_GCM_SHA384, TLS_ECDHE_RSA_WITH_AES_128_CBC_SHA, TLS_ECDHE_RSA_WITH_AES_256_CBC_SHA, TLS_RSA_WITH_AES_128_GCM_SHA256, TLS_RSA_WITH_AES_128_CBC_SHA, TLS_RSA_WITH_AES_256_CBC_SHA, TLS_AES_128_GCM_SHA256, TLS_AES_256_GCM_SHA384]
27 2023/03/08 12:38:48,149 2329 [DEBUG ] [main] netty.channel.MultithreadEventLoopGroup netty.channel.MultithreadEventLoopGroup.<clinit>(MultithreadEventLoopGroup.java:44) - -Dio.netty.eventLoopThreads: 16
28 2023/03/08 12:38:48,156 2336 [DEBUG ] [main] channel.nio.NioEventLoop channel.nio.NioEventLoop.<clinit>(NioEventLoop.java:109) - -Dio.netty.noKeySetOptimization: false
29 2023/03/08 12:38:48,157 2337 [DEBUG ] [main] channel.nio.NioEventLoop channel.nio.NioEventLoop.<clinit>(NioEventLoop.java:110) - -Dio.netty.selectorAutoRebuildThreshold: 512
30 2023/03/08 12:38:48,173 2353 [DEBUG ] [main] netty.buffer.PooledByteBufAllocator netty.buffer.PooledByteBufAllocator.<clinit>(PooledByteBufAllocator.java:155) - -Dio.netty.allocator.numHeapArenas: 16
31 2023/03/08 12:38:48,173 2353 [DEBUG ] [main] netty.buffer.PooledByteBufAllocator netty.buffer.PooledByteBufAllocator.<clinit>(PooledByteBufAllocator.java:156) - -Dio.netty.allocator.numDirectArenas: 16
32 2023/03/08 12:38:48,173 2353 [DEBUG ] [main] netty.buffer.PooledByteBufAllocator netty.buffer.PooledByteBufAllocator.<clinit>(PooledByteBufAllocator.java:158) - -Dio.netty.allocator.pageSize: 8192
33 2023/03/08 12:38:48,173 2353 [DEBUG ] [main] netty.buffer.PooledByteBufAllocator netty.buffer.PooledByteBufAllocator.<clinit>(PooledByteBufAllocator.java:163) - -Dio.netty.allocator.maxOrder: 9
34 2023/03/08 12:38:48,173 2353 [DEBUG ] [main] netty.buffer.PooledByteBufAllocator netty.buffer.PooledByteBufAllocator.<clinit>(PooledByteBufAllocator.java:167) - -Dio.netty.allocator.chunkSize: 4194304
35 2023/03/08 12:38:48,174 2354 [DEBUG ] [main] netty.buffer.PooledByteBufAllocator netty.buffer.PooledByteBufAllocator.<clinit>(PooledByteBufAllocator.java:168) - -Dio.netty.allocator.smallCacheSize: 256
36 2023/03/08 12:38:48,174 2354 [DEBUG ] [main] netty.buffer.PooledByteBufAllocator netty.buffer.PooledByteBufAllocator.<clinit>(PooledByteBufAllocator.java:169) - -Dio.netty.allocator.normalCacheSize: 64
37 2023/03/08 12:38:48,174 2354 [DEBUG ] [main] netty.buffer.PooledByteBufAllocator netty.buffer.PooledByteBufAllocator.<clinit>(PooledByteBufAllocator.java:170) - -Dio.netty.allocator.maxCachedBufferCapacity: 32768
38 2023/03/08 12:38:48,174 2354 [DEBUG ] [main] netty.buffer.PooledByteBufAllocator netty.buffer.PooledByteBufAllocator.<clinit>(PooledByteBufAllocator.java:171) - -Dio.netty.allocator.cacheTrimInterval: 8192
39 2023/03/08 12:38:48,174 2354 [DEBUG ] [main] netty.buffer.PooledByteBufAllocator netty.buffer.PooledByteBufAllocator.<clinit>(PooledByteBufAllocator.java:172) - -Dio.netty.allocator.cacheTrimIntervalMillis: 0
40 2023/03/08 12:38:48,175 2355 [DEBUG ] [main] netty.buffer.PooledByteBufAllocator netty.buffer.PooledByteBufAllocator.<clinit>(PooledByteBufAllocator.java:173) - -Dio.netty.allocator.useCacheForAllThreads: false
41 2023/03/08 12:38:48,175 2355 [DEBUG ] [main] netty.buffer.PooledByteBufAllocator netty.buffer.PooledByteBufAllocator.<clinit>(PooledByteBufAllocator.java:174) - -Dio.netty.allocator.maxCachedByteBuffersPerChunk: 1023
42 2023/03/08 12:38:48,182 2362 [DEBUG ] [main] netty.buffer.ByteBufUtil netty.buffer.ByteBufUtil.<clinit>(ByteBufUtil.java:87) - -Dio.netty.allocator.type: pooled
43 2023/03/08 12:38:48,183 2363 [DEBUG ] [main] netty.buffer.ByteBufUtil netty.buffer.ByteBufUtil.<clinit>(ByteBufUtil.java:96) - -Dio.netty.threadLocalDirectBufferSize: 0
44 2023/03/08 12:38:48,183 2363 [DEBUG ] [main] netty.buffer.ByteBufUtil netty.buffer.ByteBufUtil.<clinit>(ByteBufUtil.java:99) - -Dio.netty.maxThreadLocalCharBufferSize: 16384
45 2023/03/08 12:38:48,599 2779 [DEBUG ] [Forwarding newSession on session null to remote] netty.channel.DefaultChannelId netty.channel.DefaultChannelId.<clinit>(DefaultChannelId.java:79) - -Dio.netty.processId: 44227 (auto-detected)
46 2023/03/08 12:38:48,603 2783 [DEBUG ] [Forwarding newSession on session null to remote] netty.util.NetUtil netty.util.NetUtil.<clinit>(NetUtil.java:136) - -Djava.net.preferIPv4Stack: true
47 2023/03/08 12:38:48,604 2784 [DEBUG ] [Forwarding newSession on session null to remote] netty.util.NetUtil netty.util.NetUtil.<clinit>(NetUtil.java:137) - -Djava.net.preferIPv6Addresses: false
48 2023/03/08 12:38:48,605 2785 [DEBUG ] [Forwarding newSession on session null to remote] netty.util.NetUtilInitializations netty.util.NetUtilInitializations.determineLoopback(NetUtilInitializations.java:129) - Loopback interface: lo0 (lo0, 0:0:0:0:0:0:0:1%lo0)
49 2023/03/08 12:38:48,606 2786 [DEBUG ] [Forwarding newSession on session null to remote] netty.util.NetUtil netty.util.NetUtil$SoMaxConnAction.run(NetUtil.java:191) - Failed to get SOMAXCONN from sysctl and file /proc/sys/net/core/somaxconn. Default: 128
50 2023/03/08 12:38:48,608 2788 [DEBUG ] [Forwarding newSession on session null to remote] netty.channel.DefaultChannelId netty.channel.DefaultChannelId.<clinit>(DefaultChannelId.java:101) - -Dio.netty.machineId: bc:d0:74:ff:fe:f0:77:f0 (auto-detected)
51 2023/03/08 12:38:48,655 2835 [DEBUG ] [AsyncHttpClient-1-2] netty.buffer.AbstractByteBuf netty.buffer.AbstractByteBuf.<clinit>(AbstractByteBuf.java:63) - -Dio.netty.buffer.checkAccessible: true
52 2023/03/08 12:38:48,655 2835 [DEBUG ] [AsyncHttpClient-1-2] netty.buffer.AbstractByteBuf netty.buffer.AbstractByteBuf.<clinit>(AbstractByteBuf.java:64) - -Dio.netty.buffer.checkBounds: true
53 2023/03/08 12:38:48,656 2836 [DEBUG ] [AsyncHttpClient-1-2] netty.util.ResourceLeakDetectorFactory netty.util.ResourceLeakDetectorFactory$DefaultResourceLeakDetectorFactory.newResourceLeakDetector(ResourceLeakDetectorFactory.java:196) - Loaded default ResourceLeakDetector: io.netty.util.ResourceLeakDetector@f5587e5
54 2023/03/08 12:38:48,678 2858 [DEBUG ] [AsyncHttpClient-1-2] netty.util.Recycler netty.util.Recycler.<clinit>(Recycler.java:85) - -Dio.netty.recycler.maxCapacityPerThread: 4096
55 2023/03/08 12:38:48,678 2858 [DEBUG ] [AsyncHttpClient-1-2] netty.util.Recycler netty.util.Recycler.<clinit>(Recycler.java:86) - -Dio.netty.recycler.ratio: 8
56 2023/03/08 12:38:48,679 2859 [DEBUG ] [AsyncHttpClient-1-2] netty.util.Recycler netty.util.Recycler.<clinit>(Recycler.java:87) - -Dio.netty.recycler.chunkSize: 32
57 2023/03/08 12:38:48,679 2859 [DEBUG ] [AsyncHttpClient-1-2] netty.util.Recycler netty.util.Recycler.<clinit>(Recycler.java:88) - -Dio.netty.recycler.blocking: false
58 2023/03/08 12:38:53,207 7387 [DEBUG ] [AsyncHttpClient-1-2] codec.compression.Brotli codec.compression.Brotli.<clinit>(Brotli.java:38) - brotli4j not in the classpath; Brotli support will be unavailable.
59 2023/03/08 12:38:53,321 7501 [DEBUG ] [main] util.internal.ThreadLocalRandom util.internal.ThreadLocalRandom.newSeed(ThreadLocalRandom.java:214) - -Dio.netty.initialSeedUniquifier: 0xf9b9af5ad3e30df1
60 2023/03/08 12:39:08,747 22927 [INFO  ] [main] qa.wrappers.BaseMethod qa.wrappers.BaseMethod.waitForElementToBePresent(BaseMethod.java:924) - Wait for [Element is displayed] to become visible
61 2023/03/08 12:39:08,915 23095 [INFO  ] [main] qa.wrappers.BaseMethod qa.wrappers.BaseMethod.waitForElementToBePresent(BaseMethod.java:929) - [Element is displayed] is visible now
62 2023/03/08 12:39:09,526 23706 [INFO  ] [main] qa.wrappers.BaseMethod qa.wrappers.BaseMethod.click(BaseMethod.java:323) - Trying to click on element: [[ChromeDriver: chrome on MAC (11b6001c0de264979b2df5f3319d861e)] -> xpath: //button[@class='close-banner']]
63 2023/03/08 12:39:14,016 28196 [INFO  ] [main] qa.wrappers.BaseMethod qa.wrappers.BaseMethod.click(BaseMethod.java:326) - element clicked : [[ChromeDriver: chrome on MAC (11b6001c0de264979b2df5f3319d861e)] -> xpath: //button[@class='close-banner']]
64 2023/03/08 12:39:16,078 30258 [INFO  ] [main] qa.wrappers.BaseMethod qa.wrappers.BaseMethod.click(BaseMethod.java:323) - Trying to click on element: [[ChromeDriver: chrome on MAC (11b6001c0de264979b2df5f3319d861e)] -> xpath: //span[@title='I Agree']]
65 2023/03/08 12:39:20,492 34672 [INFO  ] [main] qa.wrappers.BaseMethod qa.wrappers.BaseMethod.click(BaseMethod.java:326) - element clicked : [[ChromeDriver: chrome on MAC (11b6001c0de264979b2df5f3319d861e)] -> xpath: //span[@title='I Agree']]
66 2023/03/08 12:39:22,683 36863 [INFO  ] [main] qa.wrappers.BaseMethod qa.wrappers.BaseMethod.click(BaseMethod.java:323) - Trying to click on element: [[ChromeDriver: chrome on MAC (11b6001c0de264979b2df5f3319d861e)] -> xpath: (//a[@class="cmp-accordion__heading-link "]/h4)[2]]
67 2023/03/08 12:39:27,867 42047 [INFO  ] [main] qa.wrappers.BaseMethod qa.wrappers.BaseMethod.click(BaseMethod.java:326) - element clicked : [[ChromeDriver: chrome on MAC (11b6001c0de264979b2df5f3319d861e)] -> xpath: (//a[@class="cmp-accordion__heading-link "]/h4)[2]]
68 2023/03/08 12:39:53,920 68100 [INFO  ] [main] qa.wrappers.BaseMethod qa.wrappers.BaseMethod.waitForElementToBePresent(BaseMethod.java:924) - Wait for [Element is displayed] to become visible
69 2023/03/08 12:39:54,042 68222 [INFO  ] [main] qa.wrappers.BaseMethod qa.wrappers.BaseMethod.waitForElementToBePresent(BaseMethod.java:929) - [Element is displayed] is visible now
70 2023/03/08 12:39:54,623 68803 [INFO  ] [main] qa.wrappers.BaseMethod qa.wrappers.BaseMethod.click(BaseMethod.java:323) - Trying to click on element: [[ChromeDriver: chrome on MAC (ecab96e0df2fd518878be5a2a30cd1b0)] -> xpath: //button[@class='close-banner']]
71 2023/03/08 12:39:59,059 73239 [INFO  ] [main] qa.wrappers.BaseMethod qa.wrappers.BaseMethod.click(BaseMethod.java:326) - element clicked : [[ChromeDriver: chrome on MAC (ecab96e0df2fd518878be5a2a30cd1b0)] -> xpath: //button[@class='close-banner']]
72 2023/03/08 12:40:01,120 75300 [INFO  ] [main] qa.wrappers.BaseMethod qa.wrappers.BaseMethod.click(BaseMethod.java:323) - Trying to click on element: [[ChromeDriver: chrome on MAC (ecab96e0df2fd518878be5a2a30cd1b0)] -> xpath: //span[@title='I Agree']]
73 2023/03/08 12:40:05,566 79746 [INFO  ] [main] qa.wrappers.BaseMethod qa.wrappers.BaseMethod.click(BaseMethod.java:326) - element clicked : [[ChromeDriver: chrome on MAC (ecab96e0df2fd518878be5a2a30cd1b0)] -> xpath: //span[@title='I Agree']]
74 2023/03/08 12:40:08,203 82383 [INFO  ] [main] qa.wrappers.BaseMethod qa.wrappers.BaseMethod.click(BaseMethod.java:323) - Trying to click on element: [[ChromeDriver: chrome on MAC (ecab96e0df2fd518878be5a2a30cd1b0)] -> xpath: //li[@role='tab']]
75 2023/03/08 12:40:13,308 87488 [INFO  ] [main] qa.wrappers.BaseMethod qa.wrappers.BaseMethod.click(BaseMethod.java:326) - element clicked : [[ChromeDriver: chrome on MAC (ecab96e0df2fd518878be5a2a30cd1b0)] -> xpath: //li[@role='tab']]
76 2023/03/08 12:40:13,523 87703 [INFO  ] [main] qa.wrappers.BaseMethod qa.wrappers.BaseMethod.click(BaseMethod.java:323) - Trying to click on element: [[ChromeDriver: chrome on MAC (ecab96e0df2fd518878be5a2a30cd1b0)] -> xpath: //li[@role='tab']]
77 2023/03/08 12:40:17,948 92128 [INFO  ] [main] qa.wrappers.BaseMethod qa.wrappers.BaseMethod.click(BaseMethod.java:326) - element clicked : [[ChromeDriver: chrome on MAC (ecab96e0df2fd518878be5a2a30cd1b0)] -> xpath: //li[@role='tab']]
78 2023/03/08 12:40:18,253 92433 [INFO  ] [main] qa.wrappers.BaseMethod qa.wrappers.BaseMethod.click(BaseMethod.java:323) - Trying to click on element: [[ChromeDriver: chrome on MAC (ecab96e0df2fd518878be5a2a30cd1b0)] -> xpath: //li[@role='tab']]
79 2023/03/08 12:40:22,332 96512 [INFO  ] [main] qa.wrappers.BaseMethod qa.wrappers.BaseMethod.click(BaseMethod.java:326) - element clicked : [[ChromeDriver: chrome on MAC (ecab96e0df2fd518878be5a2a30cd1b0)] -> xpath: //li[@role='tab']]
80 2023/03/08 12:40:22,426 96606 [INFO  ] [main] qa.wrappers.BaseMethod qa.wrappers.BaseMethod.click(BaseMethod.java:323) - Trying to click on element: [[ChromeDriver: chrome on MAC (ecab96e0df2fd518878be5a2a30cd1b0)] -> xpath: //li[@role='tab']]
81 2023/03/08 12:40:26,522 100702 [INFO  ] [main] qa.wrappers.BaseMethod qa.wrappers.BaseMethod.click(BaseMethod.java:326) - element clicked : [[ChromeDriver: chrome on MAC (ecab96e0df2fd518878be5a2a30cd1b0)] -> xpath: //li[@role='tab']]
82 2023/03/08 12:40:26,666 100846 [INFO  ] [main] qa.wrappers.BaseMethod qa.wrappers.BaseMethod.click(BaseMethod.java:323) - Trying to click on element: [[ChromeDriver: chrome on MAC (ecab96e0df2fd518878be5a2a30cd1b0)] -> xpath: //li[@role='tab']]
83 2023/03/08 12:40:30,764 104944 [INFO  ] [main] qa.wrappers.BaseMethod qa.wrappers.BaseMethod.click(BaseMethod.java:326) - element clicked : [[ChromeDriver: chrome on MAC (ecab96e0df2fd518878be5a2a30cd1b0)] -> xpath: //li[@role='tab']]
84 2023/03/08 12:40:52,834 127014 [INFO  ] [main] qa.wrappers.BaseMethod qa.wrappers.BaseMethod.waitForElementToBePresent(BaseMethod.java:924) - Wait for [Element is displayed] to become visible
85 2023/03/08 12:40:52,958 127138 [INFO  ] [main] qa.wrappers.BaseMethod qa.wrappers.BaseMethod.waitForElementToBePresent(BaseMethod.java:929) - [Element is displayed] is visible now
86 2023/03/08 12:40:53,556 127736 [INFO  ] [main] qa.wrappers.BaseMethod qa.wrappers.BaseMethod.click(BaseMethod.java:323) - Trying to click on element: [[ChromeDriver: chrome on MAC (1045748fc80cef6a2740b7c9cf7b9f39)] -> xpath: //button[@class='close-banner']]
87 2023/03/08 12:40:57,940 132120 [INFO  ] [main] qa.wrappers.BaseMethod qa.wrappers.BaseMethod.click(BaseMethod.java:326) - element clicked : [[ChromeDriver: chrome on MAC (1045748fc80cef6a2740b7c9cf7b9f39)] -> xpath: //button[@class='close-banner']]
88 2023/03/08 12:40:59,978 134158 [INFO  ] [main] qa.wrappers.BaseMethod qa.wrappers.BaseMethod.click(BaseMethod.java:323) - Trying to click on element: [[ChromeDriver: chrome on MAC (1045748fc80cef6a2740b7c9cf7b9f39)] -> xpath: //span[@title='I Agree']]
89 2023/03/08 12:41:04,361 138541 [INFO  ] [main] qa.wrappers.BaseMethod qa.wrappers.BaseMethod.click(BaseMethod.java:326) - element clicked : [[ChromeDriver: chrome on MAC (1045748fc80cef6a2740b7c9cf7b9f39)] -> xpath: //span[@title='I Agree']]
90 2023/03/08 12:41:30,636 164816 [INFO  ] [main] qa.wrappers.BaseMethod qa.wrappers.BaseMethod.waitForElementToBePresent(BaseMethod.java:924) - Wait for [Element is displayed] to become visible
91 2023/03/08 12:41:30,759 164939 [INFO  ] [main] qa.wrappers.BaseMethod qa.wrappers.BaseMethod.waitForElementToBePresent(BaseMethod.java:929) - [Element is displayed] is visible now
92 2023/03/08 12:41:31,361 165541 [INFO  ] [main] qa.wrappers.BaseMethod qa.wrappers.BaseMethod.click(BaseMethod.java:323) - Trying to click on element: [[ChromeDriver: chrome on MAC (0037ca85d060b3e4a941f102fb68b7b3)] -> xpath: //button[@class='close-banner']]
93 2023/03/08 12:41:35,773 169953 [INFO  ] [main] qa.wrappers.BaseMethod qa.wrappers.BaseMethod.click(BaseMethod.java:326) - element clicked : [[ChromeDriver: chrome on MAC (0037ca85d060b3e4a941f102fb68b7b3)] -> xpath: //button[@class='close-banner']]
94 2023/03/08 12:41:37,816 171996 [INFO  ] [main] qa.wrappers.BaseMethod qa.wrappers.BaseMethod.click(BaseMethod.java:323) - Trying to click on element: [[ChromeDriver: chrome on MAC (0037ca85d060b3e4a941f102fb68b7b3)] -> xpath: //span[@title='I Agree']]
95 2023/03/08 12:41:42,220 176400 [INFO  ] [main] qa.wrappers.BaseMethod qa.wrappers.BaseMethod.click(BaseMethod.java:326) - element clicked : [[ChromeDriver: chrome on MAC (0037ca85d060b3e4a941f102fb68b7b3)] -> xpath: //span[@title='I Agree']]
96 2023/03/08 12:42:07,392 201572 [INFO  ] [main] qa.wrappers.BaseMethod qa.wrappers.BaseMethod.waitForElementToBePresent(BaseMethod.java:924) - Wait for [Element is displayed] to become visible
97 2023/03/08 12:42:07,525 201705 [INFO  ] [main] qa.wrappers.BaseMethod qa.wrappers.BaseMethod.waitForElementToBePresent(BaseMethod.java:929) - [Element is displayed] is visible now
98 2023/03/08 12:42:08,147 202327 [INFO  ] [main] qa.wrappers.BaseMethod qa.wrappers.BaseMethod.click(BaseMethod.java:323) - Trying to click on element: [[ChromeDriver: chrome on MAC (ec02547df1730bcebb2b8e0959c33c4d)] -> xpath: //button[@class='close-banner']]
99 2023/03/08 12:42:12,559 206739 [INFO  ] [main] qa.wrappers.BaseMethod qa.wrappers.BaseMethod.click(BaseMethod.java:326) - element clicked : [[ChromeDriver: chrome on MAC (ec02547df1730bcebb2b8e0959c33c4d)] -> xpath: //button[@class='close-banner']]
100 2023/03/08 12:42:14,629 208809 [INFO  ] [main] qa.wrappers.BaseMethod qa.wrappers.BaseMethod.click(BaseMethod.java:323) - Trying to click on element: [[ChromeDriver: chrome on MAC (ec02547df1730bcebb2b8e0959c33c4d)] -> xpath: //span[@title='I Agree']]
101 2023/03/08 12:42:19,002 213182 [INFO  ] [main] qa.wrappers.BaseMethod qa.wrappers.BaseMethod.click(BaseMethod.java:326) - element clicked : [[ChromeDriver: chrome on MAC (ec02547df1730bcebb2b8e0959c33c4d)] -> xpath: //span[@title='I Agree']]
102 2023/03/08 12:42:44,211 238391 [INFO  ] [main] qa.wrappers.BaseMethod qa.wrappers.BaseMethod.waitForElementToBePresent(BaseMethod.java:924) - Wait for [Element is displayed] to become visible
103 2023/03/08 12:42:44,331 238511 [INFO  ] [main] qa.wrappers.BaseMethod qa.wrappers.BaseMethod.waitForElementToBePresent(BaseMethod.java:929) - [Element is displayed] is visible now
104 2023/03/08 12:42:44,912 239092 [INFO  ] [main] qa.wrappers.BaseMethod qa.wrappers.BaseMethod.click(BaseMethod.java:323) - Trying to click on element: [[ChromeDriver: chrome on MAC (1f0b2d365fc3f43a53eeb3fb6f12dacc)] -> xpath: //button[@class='close-banner']]
105 2023/03/08 12:42:49,332 243512 [INFO  ] [main] qa.wrappers.BaseMethod qa.wrappers.BaseMethod.click(BaseMethod.java:326) - element clicked : [[ChromeDriver: chrome on MAC (1f0b2d365fc3f43a53eeb3fb6f12dacc)] -> xpath: //button[@class='close-banner']]
106 2023/03/08 12:42:51,409 245589 [INFO  ] [main] qa.wrappers.BaseMethod qa.wrappers.BaseMethod.click(BaseMethod.java:323) - Trying to click on element: [[ChromeDriver: chrome on MAC (1f0b2d365fc3f43a53eeb3fb6f12dacc)] -> xpath: //span[@title='I Agree']]
107 2023/03/08 12:42:55,805 249985 [INFO  ] [main] qa.wrappers.BaseMethod qa.wrappers.BaseMethod.click(BaseMethod.java:326) - element clicked : [[ChromeDriver: chrome on MAC (1f0b2d365fc3f43a53eeb3fb6f12dacc)] -> xpath: //span[@title='I Agree']]
108 2023/03/08 12:43:04,644 258824 [INFO  ] [main] qa.wrappers.BaseMethod qa.wrappers.BaseMethod.selectByVisibleText(BaseMethod.java:301) - Trying to select element Value from Dropdown
109 2023/03/08 12:43:04,892 259072 [INFO  ] [main] qa.wrappers.BaseMethod qa.wrappers.BaseMethod.selectByVisibleText(BaseMethod.java:305) - India Value selected from Dropdown: 
110 2023/03/08 12:43:43,627 297807 [INFO  ] [main] qa.wrappers.BaseMethod qa.wrappers.BaseMethod.selectByVisibleText(BaseMethod.java:301) - Trying to select element Value from Dropdown
111 2023/03/08 12:43:43,697 297877 [INFO  ] [main] qa.wrappers.BaseMethod qa.wrappers.BaseMethod.selectByVisibleText(BaseMethod.java:305) - India Value selected from Dropdown: 
112 2023/03/08 12:43:45,716 299896 [INFO  ] [main] qa.wrappers.BaseMethod qa.wrappers.BaseMethod.click(BaseMethod.java:323) - Trying to click on element: [[ChromeDriver: chrome on MAC (1f0b2d365fc3f43a53eeb3fb6f12dacc)] -> xpath: //input[@name="subscriptionrelaxedcombination"]]
113 2023/03/08 12:43:49,990 304170 [INFO  ] [main] qa.wrappers.BaseMethod qa.wrappers.BaseMethod.click(BaseMethod.java:326) - element clicked : [[ChromeDriver: chrome on MAC (1f0b2d365fc3f43a53eeb3fb6f12dacc)] -> xpath: //input[@name="subscriptionrelaxedcombination"]]
