1 2023/03/16 11:40:22,131 1796 [DEBUG ] [main] internal.logging.InternalLoggerFactory internal.logging.InternalLoggerFactory.useLog4J2LoggerFactory(InternalLoggerFactory.java:76) - Using Log4J2 as the default logging framework
2 2023/03/16 11:40:22,142 1807 [DEBUG ] [main] netty.util.ResourceLeakDetector netty.util.ResourceLeakDetector.<clinit>(ResourceLeakDetector.java:129) - -Dio.netty.leakDetection.level: simple
3 2023/03/16 11:40:22,142 1807 [DEBUG ] [main] netty.util.ResourceLeakDetector netty.util.ResourceLeakDetector.<clinit>(ResourceLeakDetector.java:130) - -Dio.netty.leakDetection.targetRecords: 4
4 2023/03/16 11:40:22,148 1813 [DEBUG ] [main] netty.util.ResourceLeakDetectorFactory netty.util.ResourceLeakDetectorFactory$DefaultResourceLeakDetectorFactory.newResourceLeakDetector(ResourceLeakDetectorFactory.java:196) - Loaded default ResourceLeakDetector: io.netty.util.ResourceLeakDetector@5553d0f5
5 2023/03/16 11:40:22,163 1828 [DEBUG ] [main] util.internal.PlatformDependent0 util.internal.PlatformDependent0.explicitNoUnsafeCause0(PlatformDependent0.java:496) - -Dio.netty.noUnsafe: false
6 2023/03/16 11:40:22,164 1829 [DEBUG ] [main] util.internal.PlatformDependent0 util.internal.PlatformDependent0.javaVersion0(PlatformDependent0.java:1000) - Java version: 8
7 2023/03/16 11:40:22,164 1829 [DEBUG ] [main] util.internal.PlatformDependent0 util.internal.PlatformDependent0.<clinit>(PlatformDependent0.java:137) - sun.misc.Unsafe.theUnsafe: available
8 2023/03/16 11:40:22,165 1830 [DEBUG ] [main] util.internal.PlatformDependent0 util.internal.PlatformDependent0.<clinit>(PlatformDependent0.java:161) - sun.misc.Unsafe.copyMemory: available
9 2023/03/16 11:40:22,166 1831 [DEBUG ] [main] util.internal.PlatformDependent0 util.internal.PlatformDependent0.<clinit>(PlatformDependent0.java:193) - sun.misc.Unsafe.storeFence: available
10 2023/03/16 11:40:22,166 1831 [DEBUG ] [main] util.internal.PlatformDependent0 util.internal.PlatformDependent0.<clinit>(PlatformDependent0.java:236) - java.nio.Buffer.address: available
11 2023/03/16 11:40:22,167 1832 [DEBUG ] [main] util.internal.PlatformDependent0 util.internal.PlatformDependent0.<clinit>(PlatformDependent0.java:307) - direct buffer constructor: available
12 2023/03/16 11:40:22,167 1832 [DEBUG ] [main] util.internal.PlatformDependent0 util.internal.PlatformDependent0.<clinit>(PlatformDependent0.java:385) - java.nio.Bits.unaligned: available, true
13 2023/03/16 11:40:22,168 1833 [DEBUG ] [main] util.internal.PlatformDependent0 util.internal.PlatformDependent0.<clinit>(PlatformDependent0.java:459) - jdk.internal.misc.Unsafe.allocateUninitializedArray(int): unavailable prior to Java9
14 2023/03/16 11:40:22,168 1833 [DEBUG ] [main] util.internal.PlatformDependent0 util.internal.PlatformDependent0.<clinit>(PlatformDependent0.java:482) - java.nio.DirectByteBuffer.<init>(long, int): available
15 2023/03/16 11:40:22,168 1833 [DEBUG ] [main] util.internal.PlatformDependent util.internal.PlatformDependent.unsafeUnavailabilityCause0(PlatformDependent.java:1159) - sun.misc.Unsafe: available
16 2023/03/16 11:40:22,169 1834 [DEBUG ] [main] util.internal.PlatformDependent util.internal.PlatformDependent.tmpdir0(PlatformDependent.java:1289) - -Dio.netty.tmpdir: /var/folders/b6/k_w0589j24712v_9f8zffkgnct9bh0/T (java.io.tmpdir)
17 2023/03/16 11:40:22,169 1834 [DEBUG ] [main] util.internal.PlatformDependent util.internal.PlatformDependent.bitMode0(PlatformDependent.java:1368) - -Dio.netty.bitMode: 64 (sun.arch.data.model)
18 2023/03/16 11:40:22,173 1838 [DEBUG ] [main] util.internal.PlatformDependent util.internal.PlatformDependent.isOsx0(PlatformDependent.java:1127) - Platform: MacOS
19 2023/03/16 11:40:22,174 1839 [DEBUG ] [main] util.internal.PlatformDependent util.internal.PlatformDependent.<clinit>(PlatformDependent.java:178) - -Dio.netty.maxDirectMemory: 3817865216 bytes
20 2023/03/16 11:40:22,174 1839 [DEBUG ] [main] util.internal.PlatformDependent util.internal.PlatformDependent.<clinit>(PlatformDependent.java:185) - -Dio.netty.uninitializedArrayAllocationThreshold: -1
21 2023/03/16 11:40:22,175 1840 [DEBUG ] [main] util.internal.CleanerJava6 util.internal.CleanerJava6.<clinit>(CleanerJava6.java:92) - java.nio.ByteBuffer.cleaner(): available
22 2023/03/16 11:40:22,175 1840 [DEBUG ] [main] util.internal.PlatformDependent util.internal.PlatformDependent.<clinit>(PlatformDependent.java:205) - -Dio.netty.noPreferDirect: false
23 2023/03/16 11:40:22,183 1848 [DEBUG ] [main] util.internal.PlatformDependent util.internal.PlatformDependent$Mpsc.<clinit>(PlatformDependent.java:1010) - org.jctools-core.MpscChunkedArrayQueue: available
24 2023/03/16 11:40:22,199 1864 [DEBUG ] [main] util.internal.InternalThreadLocalMap util.internal.InternalThreadLocalMap.<clinit>(InternalThreadLocalMap.java:100) - -Dio.netty.threadLocalMap.stringBuilder.initialSize: 1024
25 2023/03/16 11:40:22,200 1865 [DEBUG ] [main] util.internal.InternalThreadLocalMap util.internal.InternalThreadLocalMap.<clinit>(InternalThreadLocalMap.java:101) - -Dio.netty.threadLocalMap.stringBuilder.maxSize: 4096
26 2023/03/16 11:40:22,383 2048 [DEBUG ] [main] handler.ssl.JdkSslContext handler.ssl.JdkSslContext.<clinit>(JdkSslContext.java:83) - Default protocols (JDK): [TLSv1.3, TLSv1.2] 
27 2023/03/16 11:40:22,383 2048 [DEBUG ] [main] handler.ssl.JdkSslContext handler.ssl.JdkSslContext.<clinit>(JdkSslContext.java:84) - Default cipher suites (JDK): [TLS_ECDHE_ECDSA_WITH_AES_256_GCM_SHA384, TLS_ECDHE_ECDSA_WITH_AES_128_GCM_SHA256, TLS_ECDHE_RSA_WITH_AES_128_GCM_SHA256, TLS_ECDHE_RSA_WITH_AES_256_GCM_SHA384, TLS_ECDHE_RSA_WITH_AES_128_CBC_SHA, TLS_ECDHE_RSA_WITH_AES_256_CBC_SHA, TLS_RSA_WITH_AES_128_GCM_SHA256, TLS_RSA_WITH_AES_128_CBC_SHA, TLS_RSA_WITH_AES_256_CBC_SHA, TLS_AES_128_GCM_SHA256, TLS_AES_256_GCM_SHA384]
28 2023/03/16 11:40:22,404 2069 [DEBUG ] [main] netty.channel.MultithreadEventLoopGroup netty.channel.MultithreadEventLoopGroup.<clinit>(MultithreadEventLoopGroup.java:44) - -Dio.netty.eventLoopThreads: 16
29 2023/03/16 11:40:22,411 2076 [DEBUG ] [main] channel.nio.NioEventLoop channel.nio.NioEventLoop.<clinit>(NioEventLoop.java:110) - -Dio.netty.noKeySetOptimization: false
30 2023/03/16 11:40:22,411 2076 [DEBUG ] [main] channel.nio.NioEventLoop channel.nio.NioEventLoop.<clinit>(NioEventLoop.java:111) - -Dio.netty.selectorAutoRebuildThreshold: 512
31 2023/03/16 11:40:22,432 2097 [DEBUG ] [main] netty.buffer.PooledByteBufAllocator netty.buffer.PooledByteBufAllocator.<clinit>(PooledByteBufAllocator.java:157) - -Dio.netty.allocator.numHeapArenas: 16
32 2023/03/16 11:40:22,432 2097 [DEBUG ] [main] netty.buffer.PooledByteBufAllocator netty.buffer.PooledByteBufAllocator.<clinit>(PooledByteBufAllocator.java:158) - -Dio.netty.allocator.numDirectArenas: 16
33 2023/03/16 11:40:22,432 2097 [DEBUG ] [main] netty.buffer.PooledByteBufAllocator netty.buffer.PooledByteBufAllocator.<clinit>(PooledByteBufAllocator.java:160) - -Dio.netty.allocator.pageSize: 8192
34 2023/03/16 11:40:22,432 2097 [DEBUG ] [main] netty.buffer.PooledByteBufAllocator netty.buffer.PooledByteBufAllocator.<clinit>(PooledByteBufAllocator.java:165) - -Dio.netty.allocator.maxOrder: 9
35 2023/03/16 11:40:22,432 2097 [DEBUG ] [main] netty.buffer.PooledByteBufAllocator netty.buffer.PooledByteBufAllocator.<clinit>(PooledByteBufAllocator.java:169) - -Dio.netty.allocator.chunkSize: 4194304
36 2023/03/16 11:40:22,432 2097 [DEBUG ] [main] netty.buffer.PooledByteBufAllocator netty.buffer.PooledByteBufAllocator.<clinit>(PooledByteBufAllocator.java:170) - -Dio.netty.allocator.smallCacheSize: 256
37 2023/03/16 11:40:22,432 2097 [DEBUG ] [main] netty.buffer.PooledByteBufAllocator netty.buffer.PooledByteBufAllocator.<clinit>(PooledByteBufAllocator.java:171) - -Dio.netty.allocator.normalCacheSize: 64
38 2023/03/16 11:40:22,433 2098 [DEBUG ] [main] netty.buffer.PooledByteBufAllocator netty.buffer.PooledByteBufAllocator.<clinit>(PooledByteBufAllocator.java:172) - -Dio.netty.allocator.maxCachedBufferCapacity: 32768
39 2023/03/16 11:40:22,433 2098 [DEBUG ] [main] netty.buffer.PooledByteBufAllocator netty.buffer.PooledByteBufAllocator.<clinit>(PooledByteBufAllocator.java:173) - -Dio.netty.allocator.cacheTrimInterval: 8192
40 2023/03/16 11:40:22,433 2098 [DEBUG ] [main] netty.buffer.PooledByteBufAllocator netty.buffer.PooledByteBufAllocator.<clinit>(PooledByteBufAllocator.java:174) - -Dio.netty.allocator.cacheTrimIntervalMillis: 0
41 2023/03/16 11:40:22,433 2098 [DEBUG ] [main] netty.buffer.PooledByteBufAllocator netty.buffer.PooledByteBufAllocator.<clinit>(PooledByteBufAllocator.java:175) - -Dio.netty.allocator.useCacheForAllThreads: false
42 2023/03/16 11:40:22,433 2098 [DEBUG ] [main] netty.buffer.PooledByteBufAllocator netty.buffer.PooledByteBufAllocator.<clinit>(PooledByteBufAllocator.java:176) - -Dio.netty.allocator.maxCachedByteBuffersPerChunk: 1023
43 2023/03/16 11:40:22,441 2106 [DEBUG ] [main] netty.buffer.ByteBufUtil netty.buffer.ByteBufUtil.<clinit>(ByteBufUtil.java:87) - -Dio.netty.allocator.type: pooled
44 2023/03/16 11:40:22,443 2108 [DEBUG ] [main] netty.buffer.ByteBufUtil netty.buffer.ByteBufUtil.<clinit>(ByteBufUtil.java:96) - -Dio.netty.threadLocalDirectBufferSize: 0
45 2023/03/16 11:40:22,443 2108 [DEBUG ] [main] netty.buffer.ByteBufUtil netty.buffer.ByteBufUtil.<clinit>(ByteBufUtil.java:99) - -Dio.netty.maxThreadLocalCharBufferSize: 16384
46 2023/03/16 11:40:22,771 2436 [DEBUG ] [Forwarding newSession on session null to remote] netty.channel.DefaultChannelId netty.channel.DefaultChannelId.<clinit>(DefaultChannelId.java:79) - -Dio.netty.processId: 17219 (auto-detected)
47 2023/03/16 11:40:22,774 2439 [DEBUG ] [Forwarding newSession on session null to remote] netty.util.NetUtil netty.util.NetUtil.<clinit>(NetUtil.java:142) - -Djava.net.preferIPv4Stack: true
48 2023/03/16 11:40:22,774 2439 [DEBUG ] [Forwarding newSession on session null to remote] netty.util.NetUtil netty.util.NetUtil.<clinit>(NetUtil.java:143) - -Djava.net.preferIPv6Addresses: false
49 2023/03/16 11:40:22,776 2441 [DEBUG ] [Forwarding newSession on session null to remote] netty.util.NetUtilInitializations netty.util.NetUtilInitializations.determineLoopback(NetUtilInitializations.java:139) - Loopback interface: lo0 (lo0, 0:0:0:0:0:0:0:1%lo0)
50 2023/03/16 11:40:22,777 2442 [DEBUG ] [Forwarding newSession on session null to remote] netty.util.NetUtil netty.util.NetUtil$SoMaxConnAction.run(NetUtil.java:200) - Failed to get SOMAXCONN from sysctl and file /proc/sys/net/core/somaxconn. Default: 128
51 2023/03/16 11:40:22,779 2444 [DEBUG ] [Forwarding newSession on session null to remote] netty.channel.DefaultChannelId netty.channel.DefaultChannelId.<clinit>(DefaultChannelId.java:101) - -Dio.netty.machineId: bc:d0:74:ff:fe:f0:77:f0 (auto-detected)
52 2023/03/16 11:40:22,828 2493 [DEBUG ] [AsyncHttpClient-1-2] netty.buffer.AbstractByteBuf netty.buffer.AbstractByteBuf.<clinit>(AbstractByteBuf.java:63) - -Dio.netty.buffer.checkAccessible: true
53 2023/03/16 11:40:22,829 2494 [DEBUG ] [AsyncHttpClient-1-2] netty.buffer.AbstractByteBuf netty.buffer.AbstractByteBuf.<clinit>(AbstractByteBuf.java:64) - -Dio.netty.buffer.checkBounds: true
54 2023/03/16 11:40:22,829 2494 [DEBUG ] [AsyncHttpClient-1-2] netty.util.ResourceLeakDetectorFactory netty.util.ResourceLeakDetectorFactory$DefaultResourceLeakDetectorFactory.newResourceLeakDetector(ResourceLeakDetectorFactory.java:196) - Loaded default ResourceLeakDetector: io.netty.util.ResourceLeakDetector@31a6c08e
55 2023/03/16 11:40:22,843 2508 [DEBUG ] [AsyncHttpClient-1-2] netty.util.Recycler netty.util.Recycler.<clinit>(Recycler.java:85) - -Dio.netty.recycler.maxCapacityPerThread: 4096
56 2023/03/16 11:40:22,843 2508 [DEBUG ] [AsyncHttpClient-1-2] netty.util.Recycler netty.util.Recycler.<clinit>(Recycler.java:86) - -Dio.netty.recycler.ratio: 8
57 2023/03/16 11:40:22,843 2508 [DEBUG ] [AsyncHttpClient-1-2] netty.util.Recycler netty.util.Recycler.<clinit>(Recycler.java:87) - -Dio.netty.recycler.chunkSize: 32
58 2023/03/16 11:40:22,844 2509 [DEBUG ] [AsyncHttpClient-1-2] netty.util.Recycler netty.util.Recycler.<clinit>(Recycler.java:88) - -Dio.netty.recycler.blocking: false
59 2023/03/16 11:40:27,184 6849 [DEBUG ] [AsyncHttpClient-1-2] codec.compression.Brotli codec.compression.Brotli.<clinit>(Brotli.java:38) - brotli4j not in the classpath; Brotli support will be unavailable.
60 2023/03/16 11:40:27,282 6947 [DEBUG ] [main] util.internal.ThreadLocalRandom util.internal.ThreadLocalRandom.newSeed(ThreadLocalRandom.java:214) - -Dio.netty.initialSeedUniquifier: 0xaaa29c13a99fd0c0
61 2023/03/16 11:41:48,439 88104 [INFO  ] [main] qa.wrappers.BaseMethod qa.wrappers.BaseMethod.click(BaseMethod.java:323) - Trying to click on element: [[ChromeDriver: chrome on MAC (50db49cb0fec0f39048beb7cf80f6a3c)] -> xpath: //a[@class='bx-close bx-close-link bx-close-inside']]
62 2023/03/16 11:41:53,965 93630 [INFO  ] [main] qa.wrappers.BaseMethod qa.wrappers.BaseMethod.click(BaseMethod.java:326) - element clicked : [[ChromeDriver: chrome on MAC (50db49cb0fec0f39048beb7cf80f6a3c)] -> xpath: //a[@class='bx-close bx-close-link bx-close-inside']]
63 2023/03/16 11:41:59,863 99528 [INFO  ] [main] qa.wrappers.BaseMethod qa.wrappers.BaseMethod.click(BaseMethod.java:323) - Trying to click on element: [[ChromeDriver: chrome on MAC (50db49cb0fec0f39048beb7cf80f6a3c)] -> xpath: //div[@class='drift-widget-avatar circle drift-controller-icon--avatar-avatar']]
64 2023/03/16 11:42:04,689 104354 [INFO  ] [main] qa.wrappers.BaseMethod qa.wrappers.BaseMethod.click(BaseMethod.java:326) - element clicked : [[ChromeDriver: chrome on MAC (50db49cb0fec0f39048beb7cf80f6a3c)] -> xpath: //div[@class='drift-widget-avatar circle drift-controller-icon--avatar-avatar']]
65 2023/03/16 11:42:06,832 106497 [INFO  ] [main] qa.wrappers.BaseMethod qa.wrappers.BaseMethod.click(BaseMethod.java:323) - Trying to click on element: [[ChromeDriver: chrome on MAC (50db49cb0fec0f39048beb7cf80f6a3c)] -> xpath: //button[text()='I would like to receive course information']]
66 2023/03/16 11:42:21,315 120980 [INFO  ] [main] qa.wrappers.BaseMethod qa.wrappers.BaseMethod.click(BaseMethod.java:326) - element clicked : Proxy element for: DefaultElementLocator 'By.xpath: //button[text()='I would like to receive course information']'
67 2023/03/16 11:42:23,354 123019 [INFO  ] [main] qa.wrappers.BaseMethod qa.wrappers.BaseMethod.click(BaseMethod.java:323) - Trying to click on element: [[ChromeDriver: chrome on MAC (50db49cb0fec0f39048beb7cf80f6a3c)] -> xpath: //button[text()='Analytics ']]
68 2023/03/16 11:42:27,520 127185 [INFO  ] [main] qa.wrappers.BaseMethod qa.wrappers.BaseMethod.click(BaseMethod.java:326) - element clicked : [[ChromeDriver: chrome on MAC (50db49cb0fec0f39048beb7cf80f6a3c)] -> xpath: //button[text()='Analytics ']]
69 2023/03/16 11:42:35,161 134826 [INFO  ] [main] qa.wrappers.BaseMethod qa.wrappers.BaseMethod.click(BaseMethod.java:323) - Trying to click on element: [[ChromeDriver: chrome on MAC (50db49cb0fec0f39048beb7cf80f6a3c)] -> xpath: //button[@class="drift-widget-composer-send-button"]]
70 2023/03/16 11:42:49,591 149256 [INFO  ] [main] qa.wrappers.BaseMethod qa.wrappers.BaseMethod.click(BaseMethod.java:326) - element clicked : Proxy element for: DefaultElementLocator 'By.xpath: //button[@class="drift-widget-composer-send-button"]'
71 2023/03/16 11:42:51,646 151311 [INFO  ] [main] qa.wrappers.BaseMethod qa.wrappers.BaseMethod.click(BaseMethod.java:323) - Trying to click on element: [[ChromeDriver: chrome on MAC (50db49cb0fec0f39048beb7cf80f6a3c)] -> xpath: //button[text()='Yes, start over.']]
72 2023/03/16 11:43:05,757 165422 [INFO  ] [main] qa.wrappers.BaseMethod qa.wrappers.BaseMethod.click(BaseMethod.java:326) - element clicked : Proxy element for: DefaultElementLocator 'By.xpath: //button[text()='Yes, start over.']'
