1 2023/04/14 15:25:27,287 1983 [DEBUG ] [TestNG-test=KTtasksTest-1] internal.logging.InternalLoggerFactory internal.logging.InternalLoggerFactory.useLog4J2LoggerFactory(InternalLoggerFactory.java:76) - Using Log4J2 as the default logging framework
2 2023/04/14 15:25:27,294 1990 [DEBUG ] [TestNG-test=KTtasksTest-1] netty.util.ResourceLeakDetector netty.util.ResourceLeakDetector.<clinit>(ResourceLeakDetector.java:129) - -Dio.netty.leakDetection.level: simple
3 2023/04/14 15:25:27,295 1991 [DEBUG ] [TestNG-test=KTtasksTest-1] netty.util.ResourceLeakDetector netty.util.ResourceLeakDetector.<clinit>(ResourceLeakDetector.java:130) - -Dio.netty.leakDetection.targetRecords: 4
4 2023/04/14 15:25:27,301 1997 [DEBUG ] [TestNG-test=KTtasksTest-1] netty.util.ResourceLeakDetectorFactory netty.util.ResourceLeakDetectorFactory$DefaultResourceLeakDetectorFactory.newResourceLeakDetector(ResourceLeakDetectorFactory.java:196) - Loaded default ResourceLeakDetector: io.netty.util.ResourceLeakDetector@41899cf9
5 2023/04/14 15:25:27,317 2013 [DEBUG ] [TestNG-test=KTtasksTest-1] util.internal.PlatformDependent0 util.internal.PlatformDependent0.explicitNoUnsafeCause0(PlatformDependent0.java:496) - -Dio.netty.noUnsafe: false
6 2023/04/14 15:25:27,317 2013 [DEBUG ] [TestNG-test=KTtasksTest-1] util.internal.PlatformDependent0 util.internal.PlatformDependent0.javaVersion0(PlatformDependent0.java:1000) - Java version: 8
7 2023/04/14 15:25:27,317 2013 [DEBUG ] [TestNG-test=KTtasksTest-1] util.internal.PlatformDependent0 util.internal.PlatformDependent0.<clinit>(PlatformDependent0.java:137) - sun.misc.Unsafe.theUnsafe: available
8 2023/04/14 15:25:27,318 2014 [DEBUG ] [TestNG-test=KTtasksTest-1] util.internal.PlatformDependent0 util.internal.PlatformDependent0.<clinit>(PlatformDependent0.java:161) - sun.misc.Unsafe.copyMemory: available
9 2023/04/14 15:25:27,319 2015 [DEBUG ] [TestNG-test=KTtasksTest-1] util.internal.PlatformDependent0 util.internal.PlatformDependent0.<clinit>(PlatformDependent0.java:193) - sun.misc.Unsafe.storeFence: available
10 2023/04/14 15:25:27,319 2015 [DEBUG ] [TestNG-test=KTtasksTest-1] util.internal.PlatformDependent0 util.internal.PlatformDependent0.<clinit>(PlatformDependent0.java:236) - java.nio.Buffer.address: available
11 2023/04/14 15:25:27,320 2016 [DEBUG ] [TestNG-test=KTtasksTest-1] util.internal.PlatformDependent0 util.internal.PlatformDependent0.<clinit>(PlatformDependent0.java:307) - direct buffer constructor: available
12 2023/04/14 15:25:27,320 2016 [DEBUG ] [TestNG-test=KTtasksTest-1] util.internal.PlatformDependent0 util.internal.PlatformDependent0.<clinit>(PlatformDependent0.java:385) - java.nio.Bits.unaligned: available, true
13 2023/04/14 15:25:27,321 2017 [DEBUG ] [TestNG-test=KTtasksTest-1] util.internal.PlatformDependent0 util.internal.PlatformDependent0.<clinit>(PlatformDependent0.java:459) - jdk.internal.misc.Unsafe.allocateUninitializedArray(int): unavailable prior to Java9
14 2023/04/14 15:25:27,321 2017 [DEBUG ] [TestNG-test=KTtasksTest-1] util.internal.PlatformDependent0 util.internal.PlatformDependent0.<clinit>(PlatformDependent0.java:482) - java.nio.DirectByteBuffer.<init>(long, int): available
15 2023/04/14 15:25:27,322 2018 [DEBUG ] [TestNG-test=KTtasksTest-1] util.internal.PlatformDependent util.internal.PlatformDependent.unsafeUnavailabilityCause0(PlatformDependent.java:1159) - sun.misc.Unsafe: available
16 2023/04/14 15:25:27,322 2018 [DEBUG ] [TestNG-test=KTtasksTest-1] util.internal.PlatformDependent util.internal.PlatformDependent.tmpdir0(PlatformDependent.java:1289) - -Dio.netty.tmpdir: /var/folders/b6/k_w0589j24712v_9f8zffkgnct9bh0/T (java.io.tmpdir)
17 2023/04/14 15:25:27,323 2019 [DEBUG ] [TestNG-test=KTtasksTest-1] util.internal.PlatformDependent util.internal.PlatformDependent.bitMode0(PlatformDependent.java:1368) - -Dio.netty.bitMode: 64 (sun.arch.data.model)
18 2023/04/14 15:25:27,325 2021 [DEBUG ] [TestNG-test=KTtasksTest-1] util.internal.PlatformDependent util.internal.PlatformDependent.isOsx0(PlatformDependent.java:1127) - Platform: MacOS
19 2023/04/14 15:25:27,328 2024 [DEBUG ] [TestNG-test=KTtasksTest-1] util.internal.PlatformDependent util.internal.PlatformDependent.<clinit>(PlatformDependent.java:178) - -Dio.netty.maxDirectMemory: 3817865216 bytes
20 2023/04/14 15:25:27,328 2024 [DEBUG ] [TestNG-test=KTtasksTest-1] util.internal.PlatformDependent util.internal.PlatformDependent.<clinit>(PlatformDependent.java:185) - -Dio.netty.uninitializedArrayAllocationThreshold: -1
21 2023/04/14 15:25:27,330 2026 [DEBUG ] [TestNG-test=KTtasksTest-1] util.internal.CleanerJava6 util.internal.CleanerJava6.<clinit>(CleanerJava6.java:92) - java.nio.ByteBuffer.cleaner(): available
22 2023/04/14 15:25:27,330 2026 [DEBUG ] [TestNG-test=KTtasksTest-1] util.internal.PlatformDependent util.internal.PlatformDependent.<clinit>(PlatformDependent.java:205) - -Dio.netty.noPreferDirect: false
23 2023/04/14 15:25:27,335 2031 [DEBUG ] [TestNG-test=KTtasksTest-1] util.internal.PlatformDependent util.internal.PlatformDependent$Mpsc.<clinit>(PlatformDependent.java:1010) - org.jctools-core.MpscChunkedArrayQueue: available
24 2023/04/14 15:25:27,350 2046 [DEBUG ] [TestNG-test=KTtasksTest-1] util.internal.InternalThreadLocalMap util.internal.InternalThreadLocalMap.<clinit>(InternalThreadLocalMap.java:100) - -Dio.netty.threadLocalMap.stringBuilder.initialSize: 1024
25 2023/04/14 15:25:27,350 2046 [DEBUG ] [TestNG-test=KTtasksTest-1] util.internal.InternalThreadLocalMap util.internal.InternalThreadLocalMap.<clinit>(InternalThreadLocalMap.java:101) - -Dio.netty.threadLocalMap.stringBuilder.maxSize: 4096
26 2023/04/14 15:25:27,547 2243 [DEBUG ] [TestNG-test=KTtasksTest-1] handler.ssl.JdkSslContext handler.ssl.JdkSslContext.<clinit>(JdkSslContext.java:83) - Default protocols (JDK): [TLSv1.3, TLSv1.2] 
27 2023/04/14 15:25:27,548 2244 [DEBUG ] [TestNG-test=KTtasksTest-1] handler.ssl.JdkSslContext handler.ssl.JdkSslContext.<clinit>(JdkSslContext.java:84) - Default cipher suites (JDK): [TLS_ECDHE_ECDSA_WITH_AES_256_GCM_SHA384, TLS_ECDHE_ECDSA_WITH_AES_128_GCM_SHA256, TLS_ECDHE_RSA_WITH_AES_128_GCM_SHA256, TLS_ECDHE_RSA_WITH_AES_256_GCM_SHA384, TLS_ECDHE_RSA_WITH_AES_128_CBC_SHA, TLS_ECDHE_RSA_WITH_AES_256_CBC_SHA, TLS_RSA_WITH_AES_128_GCM_SHA256, TLS_RSA_WITH_AES_128_CBC_SHA, TLS_RSA_WITH_AES_256_CBC_SHA, TLS_AES_128_GCM_SHA256, TLS_AES_256_GCM_SHA384]
28 2023/04/14 15:25:27,571 2267 [DEBUG ] [TestNG-test=KTtasksTest-1] netty.channel.MultithreadEventLoopGroup netty.channel.MultithreadEventLoopGroup.<clinit>(MultithreadEventLoopGroup.java:44) - -Dio.netty.eventLoopThreads: 16
29 2023/04/14 15:25:27,577 2273 [DEBUG ] [TestNG-test=KTtasksTest-1] channel.nio.NioEventLoop channel.nio.NioEventLoop.<clinit>(NioEventLoop.java:110) - -Dio.netty.noKeySetOptimization: false
30 2023/04/14 15:25:27,577 2273 [DEBUG ] [TestNG-test=KTtasksTest-1] channel.nio.NioEventLoop channel.nio.NioEventLoop.<clinit>(NioEventLoop.java:111) - -Dio.netty.selectorAutoRebuildThreshold: 512
31 2023/04/14 15:25:27,599 2295 [DEBUG ] [TestNG-test=KTtasksTest-1] netty.buffer.PooledByteBufAllocator netty.buffer.PooledByteBufAllocator.<clinit>(PooledByteBufAllocator.java:157) - -Dio.netty.allocator.numHeapArenas: 16
32 2023/04/14 15:25:27,599 2295 [DEBUG ] [TestNG-test=KTtasksTest-1] netty.buffer.PooledByteBufAllocator netty.buffer.PooledByteBufAllocator.<clinit>(PooledByteBufAllocator.java:158) - -Dio.netty.allocator.numDirectArenas: 16
33 2023/04/14 15:25:27,599 2295 [DEBUG ] [TestNG-test=KTtasksTest-1] netty.buffer.PooledByteBufAllocator netty.buffer.PooledByteBufAllocator.<clinit>(PooledByteBufAllocator.java:160) - -Dio.netty.allocator.pageSize: 8192
34 2023/04/14 15:25:27,600 2296 [DEBUG ] [TestNG-test=KTtasksTest-1] netty.buffer.PooledByteBufAllocator netty.buffer.PooledByteBufAllocator.<clinit>(PooledByteBufAllocator.java:165) - -Dio.netty.allocator.maxOrder: 9
35 2023/04/14 15:25:27,600 2296 [DEBUG ] [TestNG-test=KTtasksTest-1] netty.buffer.PooledByteBufAllocator netty.buffer.PooledByteBufAllocator.<clinit>(PooledByteBufAllocator.java:169) - -Dio.netty.allocator.chunkSize: 4194304
36 2023/04/14 15:25:27,600 2296 [DEBUG ] [TestNG-test=KTtasksTest-1] netty.buffer.PooledByteBufAllocator netty.buffer.PooledByteBufAllocator.<clinit>(PooledByteBufAllocator.java:170) - -Dio.netty.allocator.smallCacheSize: 256
37 2023/04/14 15:25:27,600 2296 [DEBUG ] [TestNG-test=KTtasksTest-1] netty.buffer.PooledByteBufAllocator netty.buffer.PooledByteBufAllocator.<clinit>(PooledByteBufAllocator.java:171) - -Dio.netty.allocator.normalCacheSize: 64
38 2023/04/14 15:25:27,600 2296 [DEBUG ] [TestNG-test=KTtasksTest-1] netty.buffer.PooledByteBufAllocator netty.buffer.PooledByteBufAllocator.<clinit>(PooledByteBufAllocator.java:172) - -Dio.netty.allocator.maxCachedBufferCapacity: 32768
39 2023/04/14 15:25:27,600 2296 [DEBUG ] [TestNG-test=KTtasksTest-1] netty.buffer.PooledByteBufAllocator netty.buffer.PooledByteBufAllocator.<clinit>(PooledByteBufAllocator.java:173) - -Dio.netty.allocator.cacheTrimInterval: 8192
40 2023/04/14 15:25:27,600 2296 [DEBUG ] [TestNG-test=KTtasksTest-1] netty.buffer.PooledByteBufAllocator netty.buffer.PooledByteBufAllocator.<clinit>(PooledByteBufAllocator.java:174) - -Dio.netty.allocator.cacheTrimIntervalMillis: 0
41 2023/04/14 15:25:27,601 2297 [DEBUG ] [TestNG-test=KTtasksTest-1] netty.buffer.PooledByteBufAllocator netty.buffer.PooledByteBufAllocator.<clinit>(PooledByteBufAllocator.java:175) - -Dio.netty.allocator.useCacheForAllThreads: false
42 2023/04/14 15:25:27,601 2297 [DEBUG ] [TestNG-test=KTtasksTest-1] netty.buffer.PooledByteBufAllocator netty.buffer.PooledByteBufAllocator.<clinit>(PooledByteBufAllocator.java:176) - -Dio.netty.allocator.maxCachedByteBuffersPerChunk: 1023
43 2023/04/14 15:25:27,610 2306 [DEBUG ] [TestNG-test=KTtasksTest-1] netty.buffer.ByteBufUtil netty.buffer.ByteBufUtil.<clinit>(ByteBufUtil.java:87) - -Dio.netty.allocator.type: pooled
44 2023/04/14 15:25:27,611 2307 [DEBUG ] [TestNG-test=KTtasksTest-1] netty.buffer.ByteBufUtil netty.buffer.ByteBufUtil.<clinit>(ByteBufUtil.java:96) - -Dio.netty.threadLocalDirectBufferSize: 0
45 2023/04/14 15:25:27,611 2307 [DEBUG ] [TestNG-test=KTtasksTest-1] netty.buffer.ByteBufUtil netty.buffer.ByteBufUtil.<clinit>(ByteBufUtil.java:99) - -Dio.netty.maxThreadLocalCharBufferSize: 16384
46 2023/04/14 15:25:27,960 2656 [DEBUG ] [Forwarding newSession on session null to remote] netty.channel.DefaultChannelId netty.channel.DefaultChannelId.<clinit>(DefaultChannelId.java:79) - -Dio.netty.processId: 71959 (auto-detected)
47 2023/04/14 15:25:27,963 2659 [DEBUG ] [Forwarding newSession on session null to remote] netty.util.NetUtil netty.util.NetUtil.<clinit>(NetUtil.java:142) - -Djava.net.preferIPv4Stack: true
48 2023/04/14 15:25:27,963 2659 [DEBUG ] [Forwarding newSession on session null to remote] netty.util.NetUtil netty.util.NetUtil.<clinit>(NetUtil.java:143) - -Djava.net.preferIPv6Addresses: false
49 2023/04/14 15:25:27,965 2661 [DEBUG ] [Forwarding newSession on session null to remote] netty.util.NetUtilInitializations netty.util.NetUtilInitializations.determineLoopback(NetUtilInitializations.java:139) - Loopback interface: lo0 (lo0, 0:0:0:0:0:0:0:1%lo0)
50 2023/04/14 15:25:27,966 2662 [DEBUG ] [Forwarding newSession on session null to remote] netty.util.NetUtil netty.util.NetUtil$SoMaxConnAction.run(NetUtil.java:200) - Failed to get SOMAXCONN from sysctl and file /proc/sys/net/core/somaxconn. Default: 128
51 2023/04/14 15:25:27,968 2664 [DEBUG ] [Forwarding newSession on session null to remote] netty.channel.DefaultChannelId netty.channel.DefaultChannelId.<clinit>(DefaultChannelId.java:101) - -Dio.netty.machineId: bc:d0:74:ff:fe:f0:77:f0 (auto-detected)
52 2023/04/14 15:25:28,021 2717 [DEBUG ] [AsyncHttpClient-1-2] netty.buffer.AbstractByteBuf netty.buffer.AbstractByteBuf.<clinit>(AbstractByteBuf.java:63) - -Dio.netty.buffer.checkAccessible: true
53 2023/04/14 15:25:28,022 2718 [DEBUG ] [AsyncHttpClient-1-2] netty.buffer.AbstractByteBuf netty.buffer.AbstractByteBuf.<clinit>(AbstractByteBuf.java:64) - -Dio.netty.buffer.checkBounds: true
54 2023/04/14 15:25:28,022 2718 [DEBUG ] [AsyncHttpClient-1-2] netty.util.ResourceLeakDetectorFactory netty.util.ResourceLeakDetectorFactory$DefaultResourceLeakDetectorFactory.newResourceLeakDetector(ResourceLeakDetectorFactory.java:196) - Loaded default ResourceLeakDetector: io.netty.util.ResourceLeakDetector@183aaaa
55 2023/04/14 15:25:28,037 2733 [DEBUG ] [AsyncHttpClient-1-2] netty.util.Recycler netty.util.Recycler.<clinit>(Recycler.java:85) - -Dio.netty.recycler.maxCapacityPerThread: 4096
56 2023/04/14 15:25:28,038 2734 [DEBUG ] [AsyncHttpClient-1-2] netty.util.Recycler netty.util.Recycler.<clinit>(Recycler.java:86) - -Dio.netty.recycler.ratio: 8
57 2023/04/14 15:25:28,038 2734 [DEBUG ] [AsyncHttpClient-1-2] netty.util.Recycler netty.util.Recycler.<clinit>(Recycler.java:87) - -Dio.netty.recycler.chunkSize: 32
58 2023/04/14 15:25:28,038 2734 [DEBUG ] [AsyncHttpClient-1-2] netty.util.Recycler netty.util.Recycler.<clinit>(Recycler.java:88) - -Dio.netty.recycler.blocking: false
59 2023/04/14 15:25:32,636 7332 [DEBUG ] [AsyncHttpClient-1-2] codec.compression.Brotli codec.compression.Brotli.<clinit>(Brotli.java:38) - brotli4j not in the classpath; Brotli support will be unavailable.
60 2023/04/14 15:25:32,740 7436 [DEBUG ] [TestNG-test=KTtasksTest-1] util.internal.ThreadLocalRandom util.internal.ThreadLocalRandom.newSeed(ThreadLocalRandom.java:214) - -Dio.netty.initialSeedUniquifier: 0x62616813bfe174ac
61 2023/04/14 15:26:02,817 37513 [INFO  ] [TestNG-test=KTtasksTest-1] qa.wrappers.BaseMethod qa.wrappers.BaseMethod.click(BaseMethod.java:481) - Trying to click on element: [[ChromeDriver: chrome on MAC (9375b4624c400de3574329bdd03a9720)] -> xpath: //*[@id='bergerMenu']]
62 2023/04/14 15:26:08,308 43004 [INFO  ] [TestNG-test=KTtasksTest-1] qa.wrappers.BaseMethod qa.wrappers.BaseMethod.click(BaseMethod.java:484) - element clicked : [[ChromeDriver: chrome on MAC (9375b4624c400de3574329bdd03a9720)] -> xpath: //*[@id='bergerMenu']]
63 2023/04/14 15:26:08,395 43091 [INFO  ] [TestNG-test=KTtasksTest-1] qa.wrappers.BaseMethod qa.wrappers.BaseMethod.click(BaseMethod.java:481) - Trying to click on element: [[ChromeDriver: chrome on MAC (9375b4624c400de3574329bdd03a9720)] -> xpath: (//a[text()='Home Users'])[1]]
64 2023/04/14 15:26:12,811 47507 [INFO  ] [TestNG-test=KTtasksTest-1] qa.wrappers.BaseMethod qa.wrappers.BaseMethod.click(BaseMethod.java:484) - element clicked : [[ChromeDriver: chrome on MAC (9375b4624c400de3574329bdd03a9720)] -> xpath: (//a[text()='Home Users'])[1]]
65 2023/04/14 15:26:12,881 47577 [INFO  ] [TestNG-test=KTtasksTest-1] qa.wrappers.BaseMethod qa.wrappers.BaseMethod.click(BaseMethod.java:481) - Trying to click on element: [[ChromeDriver: chrome on MAC (9375b4624c400de3574329bdd03a9720)] -> xpath: (//a[@title='Paint Calculator'])[1]]
66 2023/04/14 15:26:21,210 55906 [INFO  ] [TestNG-test=KTtasksTest-1] qa.wrappers.BaseMethod qa.wrappers.BaseMethod.click(BaseMethod.java:484) - element clicked : [[ChromeDriver: chrome on MAC (9375b4624c400de3574329bdd03a9720)] -> xpath: (//a[@title='Paint Calculator'])[1]]
67 2023/04/14 15:26:23,855 58551 [INFO  ] [TestNG-test=KTtasksTest-1] qa.wrappers.BaseMethod qa.wrappers.BaseMethod.click(BaseMethod.java:481) - Trying to click on element: [[ChromeDriver: chrome on MAC (9375b4624c400de3574329bdd03a9720)] -> xpath: //span[text()='Re-Paint']]
68 2023/04/14 15:26:28,216 62912 [INFO  ] [TestNG-test=KTtasksTest-1] qa.wrappers.BaseMethod qa.wrappers.BaseMethod.click(BaseMethod.java:484) - element clicked : [[ChromeDriver: chrome on MAC (9375b4624c400de3574329bdd03a9720)] -> xpath: //span[text()='Re-Paint']]
69 2023/04/14 15:26:41,743 76439 [INFO  ] [TestNG-test=KTtasksTest-1] qa.wrappers.BaseMethod qa.wrappers.BaseMethod.click(BaseMethod.java:481) - Trying to click on element: [[ChromeDriver: chrome on MAC (9375b4624c400de3574329bdd03a9720)] -> xpath: //button[@data-id='doorsCount']/following-sibling::div/ul/li[@data-original-index='2']/a]
70 2023/04/14 15:26:46,140 80836 [INFO  ] [TestNG-test=KTtasksTest-1] qa.wrappers.BaseMethod qa.wrappers.BaseMethod.click(BaseMethod.java:484) - element clicked : [[ChromeDriver: chrome on MAC (9375b4624c400de3574329bdd03a9720)] -> xpath: //button[@data-id='doorsCount']/following-sibling::div/ul/li[@data-original-index='2']/a]
71 2023/04/14 15:26:46,152 80848 [INFO  ] [TestNG-test=KTtasksTest-1] qa.wrappers.BaseMethod qa.wrappers.BaseMethod.click(BaseMethod.java:481) - Trying to click on element: [[ChromeDriver: chrome on MAC (9375b4624c400de3574329bdd03a9720)] -> xpath: //input[@id="doors-height"]/parent::span/a[@class='ui-spinner-button ui-spinner-up ui-corner-tr']]
72 2023/04/14 15:26:50,402 85098 [INFO  ] [TestNG-test=KTtasksTest-1] qa.wrappers.BaseMethod qa.wrappers.BaseMethod.click(BaseMethod.java:484) - element clicked : [[ChromeDriver: chrome on MAC (9375b4624c400de3574329bdd03a9720)] -> xpath: //input[@id="doors-height"]/parent::span/a[@class='ui-spinner-button ui-spinner-up ui-corner-tr']]
73 2023/04/14 15:26:50,442 85138 [INFO  ] [TestNG-test=KTtasksTest-1] qa.wrappers.BaseMethod qa.wrappers.BaseMethod.click(BaseMethod.java:481) - Trying to click on element: [[ChromeDriver: chrome on MAC (9375b4624c400de3574329bdd03a9720)] -> xpath: //input[@id="doors-height"]/parent::span/a[@class='ui-spinner-button ui-spinner-up ui-corner-tr']]
74 2023/04/14 15:26:54,576 89272 [INFO  ] [TestNG-test=KTtasksTest-1] qa.wrappers.BaseMethod qa.wrappers.BaseMethod.click(BaseMethod.java:484) - element clicked : [[ChromeDriver: chrome on MAC (9375b4624c400de3574329bdd03a9720)] -> xpath: //input[@id="doors-height"]/parent::span/a[@class='ui-spinner-button ui-spinner-up ui-corner-tr']]
75 2023/04/14 15:26:54,616 89312 [INFO  ] [TestNG-test=KTtasksTest-1] qa.wrappers.BaseMethod qa.wrappers.BaseMethod.click(BaseMethod.java:481) - Trying to click on element: [[ChromeDriver: chrome on MAC (9375b4624c400de3574329bdd03a9720)] -> xpath: //input[@id="doors-height"]/parent::span/a[@class='ui-spinner-button ui-spinner-up ui-corner-tr']]
76 2023/04/14 15:26:58,876 93572 [INFO  ] [TestNG-test=KTtasksTest-1] qa.wrappers.BaseMethod qa.wrappers.BaseMethod.click(BaseMethod.java:484) - element clicked : [[ChromeDriver: chrome on MAC (9375b4624c400de3574329bdd03a9720)] -> xpath: //input[@id="doors-height"]/parent::span/a[@class='ui-spinner-button ui-spinner-up ui-corner-tr']]
77 2023/04/14 15:26:58,930 93626 [INFO  ] [TestNG-test=KTtasksTest-1] qa.wrappers.BaseMethod qa.wrappers.BaseMethod.click(BaseMethod.java:481) - Trying to click on element: [[ChromeDriver: chrome on MAC (9375b4624c400de3574329bdd03a9720)] -> xpath: //input[@id="doors-height"]/parent::span/a[@class='ui-spinner-button ui-spinner-up ui-corner-tr']]
78 2023/04/14 15:27:03,037 97733 [INFO  ] [TestNG-test=KTtasksTest-1] qa.wrappers.BaseMethod qa.wrappers.BaseMethod.click(BaseMethod.java:484) - element clicked : [[ChromeDriver: chrome on MAC (9375b4624c400de3574329bdd03a9720)] -> xpath: //input[@id="doors-height"]/parent::span/a[@class='ui-spinner-button ui-spinner-up ui-corner-tr']]
79 2023/04/14 15:27:03,069 97765 [INFO  ] [TestNG-test=KTtasksTest-1] qa.wrappers.BaseMethod qa.wrappers.BaseMethod.click(BaseMethod.java:481) - Trying to click on element: [[ChromeDriver: chrome on MAC (9375b4624c400de3574329bdd03a9720)] -> xpath: //input[@id="doors-height"]/parent::span/a[@class='ui-spinner-button ui-spinner-up ui-corner-tr']]
80 2023/04/14 15:27:07,254 101950 [INFO  ] [TestNG-test=KTtasksTest-1] qa.wrappers.BaseMethod qa.wrappers.BaseMethod.click(BaseMethod.java:484) - element clicked : [[ChromeDriver: chrome on MAC (9375b4624c400de3574329bdd03a9720)] -> xpath: //input[@id="doors-height"]/parent::span/a[@class='ui-spinner-button ui-spinner-up ui-corner-tr']]
81 2023/04/14 15:27:07,273 101969 [INFO  ] [TestNG-test=KTtasksTest-1] qa.wrappers.BaseMethod qa.wrappers.BaseMethod.click(BaseMethod.java:481) - Trying to click on element: [[ChromeDriver: chrome on MAC (9375b4624c400de3574329bdd03a9720)] -> xpath: //input[@id="doors-height"]/parent::span/a[@class='ui-spinner-button ui-spinner-up ui-corner-tr']]
82 2023/04/14 15:27:11,407 106103 [INFO  ] [TestNG-test=KTtasksTest-1] qa.wrappers.BaseMethod qa.wrappers.BaseMethod.click(BaseMethod.java:484) - element clicked : [[ChromeDriver: chrome on MAC (9375b4624c400de3574329bdd03a9720)] -> xpath: //input[@id="doors-height"]/parent::span/a[@class='ui-spinner-button ui-spinner-up ui-corner-tr']]
83 2023/04/14 15:27:11,455 106151 [INFO  ] [TestNG-test=KTtasksTest-1] qa.wrappers.BaseMethod qa.wrappers.BaseMethod.click(BaseMethod.java:481) - Trying to click on element: [[ChromeDriver: chrome on MAC (9375b4624c400de3574329bdd03a9720)] -> xpath: //input[@name="doorsWidth"]/parent::span/a[@class="ui-spinner-button ui-spinner-up ui-corner-tr"]]
84 2023/04/14 15:27:15,566 110262 [INFO  ] [TestNG-test=KTtasksTest-1] qa.wrappers.BaseMethod qa.wrappers.BaseMethod.click(BaseMethod.java:484) - element clicked : [[ChromeDriver: chrome on MAC (9375b4624c400de3574329bdd03a9720)] -> xpath: //input[@name="doorsWidth"]/parent::span/a[@class="ui-spinner-button ui-spinner-up ui-corner-tr"]]
85 2023/04/14 15:27:15,601 110297 [INFO  ] [TestNG-test=KTtasksTest-1] qa.wrappers.BaseMethod qa.wrappers.BaseMethod.click(BaseMethod.java:481) - Trying to click on element: [[ChromeDriver: chrome on MAC (9375b4624c400de3574329bdd03a9720)] -> xpath: //input[@name="doorsWidth"]/parent::span/a[@class="ui-spinner-button ui-spinner-up ui-corner-tr"]]
86 2023/04/14 15:27:19,700 114396 [INFO  ] [TestNG-test=KTtasksTest-1] qa.wrappers.BaseMethod qa.wrappers.BaseMethod.click(BaseMethod.java:484) - element clicked : [[ChromeDriver: chrome on MAC (9375b4624c400de3574329bdd03a9720)] -> xpath: //input[@name="doorsWidth"]/parent::span/a[@class="ui-spinner-button ui-spinner-up ui-corner-tr"]]
87 2023/04/14 15:27:19,723 114419 [INFO  ] [TestNG-test=KTtasksTest-1] qa.wrappers.BaseMethod qa.wrappers.BaseMethod.click(BaseMethod.java:481) - Trying to click on element: [[ChromeDriver: chrome on MAC (9375b4624c400de3574329bdd03a9720)] -> xpath: //input[@name="doorsWidth"]/parent::span/a[@class="ui-spinner-button ui-spinner-up ui-corner-tr"]]
88 2023/04/14 15:27:23,840 118536 [INFO  ] [TestNG-test=KTtasksTest-1] qa.wrappers.BaseMethod qa.wrappers.BaseMethod.click(BaseMethod.java:484) - element clicked : [[ChromeDriver: chrome on MAC (9375b4624c400de3574329bdd03a9720)] -> xpath: //input[@name="doorsWidth"]/parent::span/a[@class="ui-spinner-button ui-spinner-up ui-corner-tr"]]
89 2023/04/14 15:27:27,993 122689 [INFO  ] [TestNG-test=KTtasksTest-1] qa.wrappers.BaseMethod qa.wrappers.BaseMethod.click(BaseMethod.java:481) - Trying to click on element: [[ChromeDriver: chrome on MAC (9375b4624c400de3574329bdd03a9720)] -> xpath: //button[@data-id="windowsCount"]/following-sibling::div/ul/li[@data-original-index="3"]/a]
90 2023/04/14 15:27:32,305 127001 [INFO  ] [TestNG-test=KTtasksTest-1] qa.wrappers.BaseMethod qa.wrappers.BaseMethod.click(BaseMethod.java:484) - element clicked : [[ChromeDriver: chrome on MAC (9375b4624c400de3574329bdd03a9720)] -> xpath: //button[@data-id="windowsCount"]/following-sibling::div/ul/li[@data-original-index="3"]/a]
91 2023/04/14 15:27:32,315 127011 [INFO  ] [TestNG-test=KTtasksTest-1] qa.wrappers.BaseMethod qa.wrappers.BaseMethod.click(BaseMethod.java:481) - Trying to click on element: [[ChromeDriver: chrome on MAC (9375b4624c400de3574329bdd03a9720)] -> xpath: //input[@id="windows-height"]/following-sibling::a[@class="ui-spinner-button ui-spinner-up ui-corner-tr"]]
92 2023/04/14 15:27:36,423 131119 [INFO  ] [TestNG-test=KTtasksTest-1] qa.wrappers.BaseMethod qa.wrappers.BaseMethod.click(BaseMethod.java:484) - element clicked : [[ChromeDriver: chrome on MAC (9375b4624c400de3574329bdd03a9720)] -> xpath: //input[@id="windows-height"]/following-sibling::a[@class="ui-spinner-button ui-spinner-up ui-corner-tr"]]
93 2023/04/14 15:27:36,525 131221 [INFO  ] [TestNG-test=KTtasksTest-1] qa.wrappers.BaseMethod qa.wrappers.BaseMethod.click(BaseMethod.java:481) - Trying to click on element: [[ChromeDriver: chrome on MAC (9375b4624c400de3574329bdd03a9720)] -> xpath: //input[@id="windows-height"]/following-sibling::a[@class="ui-spinner-button ui-spinner-up ui-corner-tr"]]
94 2023/04/14 15:27:40,619 135315 [INFO  ] [TestNG-test=KTtasksTest-1] qa.wrappers.BaseMethod qa.wrappers.BaseMethod.click(BaseMethod.java:484) - element clicked : [[ChromeDriver: chrome on MAC (9375b4624c400de3574329bdd03a9720)] -> xpath: //input[@id="windows-height"]/following-sibling::a[@class="ui-spinner-button ui-spinner-up ui-corner-tr"]]
95 2023/04/14 15:27:40,639 135335 [INFO  ] [TestNG-test=KTtasksTest-1] qa.wrappers.BaseMethod qa.wrappers.BaseMethod.click(BaseMethod.java:481) - Trying to click on element: [[ChromeDriver: chrome on MAC (9375b4624c400de3574329bdd03a9720)] -> xpath: //input[@id="windows-height"]/following-sibling::a[@class="ui-spinner-button ui-spinner-up ui-corner-tr"]]
96 2023/04/14 15:27:44,721 139417 [INFO  ] [TestNG-test=KTtasksTest-1] qa.wrappers.BaseMethod qa.wrappers.BaseMethod.click(BaseMethod.java:484) - element clicked : [[ChromeDriver: chrome on MAC (9375b4624c400de3574329bdd03a9720)] -> xpath: //input[@id="windows-height"]/following-sibling::a[@class="ui-spinner-button ui-spinner-up ui-corner-tr"]]
97 2023/04/14 15:27:44,820 139516 [INFO  ] [TestNG-test=KTtasksTest-1] qa.wrappers.BaseMethod qa.wrappers.BaseMethod.click(BaseMethod.java:481) - Trying to click on element: [[ChromeDriver: chrome on MAC (9375b4624c400de3574329bdd03a9720)] -> xpath: //input[@id="windows-width"]/following-sibling::a[@class="ui-spinner-button ui-spinner-up ui-corner-tr"]]
98 2023/04/14 15:27:48,963 143659 [INFO  ] [TestNG-test=KTtasksTest-1] qa.wrappers.BaseMethod qa.wrappers.BaseMethod.click(BaseMethod.java:484) - element clicked : [[ChromeDriver: chrome on MAC (9375b4624c400de3574329bdd03a9720)] -> xpath: //input[@id="windows-width"]/following-sibling::a[@class="ui-spinner-button ui-spinner-up ui-corner-tr"]]
99 2023/04/14 15:27:48,991 143687 [INFO  ] [TestNG-test=KTtasksTest-1] qa.wrappers.BaseMethod qa.wrappers.BaseMethod.click(BaseMethod.java:481) - Trying to click on element: [[ChromeDriver: chrome on MAC (9375b4624c400de3574329bdd03a9720)] -> xpath: //input[@id="windows-width"]/following-sibling::a[@class="ui-spinner-button ui-spinner-up ui-corner-tr"]]
100 2023/04/14 15:27:53,120 147816 [INFO  ] [TestNG-test=KTtasksTest-1] qa.wrappers.BaseMethod qa.wrappers.BaseMethod.click(BaseMethod.java:484) - element clicked : [[ChromeDriver: chrome on MAC (9375b4624c400de3574329bdd03a9720)] -> xpath: //input[@id="windows-width"]/following-sibling::a[@class="ui-spinner-button ui-spinner-up ui-corner-tr"]]
101 2023/04/14 15:27:53,166 147862 [INFO  ] [TestNG-test=KTtasksTest-1] qa.wrappers.BaseMethod qa.wrappers.BaseMethod.click(BaseMethod.java:481) - Trying to click on element: [[ChromeDriver: chrome on MAC (9375b4624c400de3574329bdd03a9720)] -> xpath: //input[@id="windows-width"]/following-sibling::a[@class="ui-spinner-button ui-spinner-up ui-corner-tr"]]
102 2023/04/14 15:27:57,287 151983 [INFO  ] [TestNG-test=KTtasksTest-1] qa.wrappers.BaseMethod qa.wrappers.BaseMethod.click(BaseMethod.java:484) - element clicked : [[ChromeDriver: chrome on MAC (9375b4624c400de3574329bdd03a9720)] -> xpath: //input[@id="windows-width"]/following-sibling::a[@class="ui-spinner-button ui-spinner-up ui-corner-tr"]]
103 2023/04/14 15:28:04,113 158809 [INFO  ] [TestNG-test=KTtasksTest-1] qa.wrappers.BaseMethod qa.wrappers.BaseMethod.click(BaseMethod.java:481) - Trying to click on element: [[ChromeDriver: chrome on MAC (9375b4624c400de3574329bdd03a9720)] -> xpath: //div[@class="owl-controls"]/div/div[text()='next']]
104 2023/04/14 15:28:08,298 162994 [INFO  ] [TestNG-test=KTtasksTest-1] qa.wrappers.BaseMethod qa.wrappers.BaseMethod.click(BaseMethod.java:484) - element clicked : [[ChromeDriver: chrome on MAC (9375b4624c400de3574329bdd03a9720)] -> xpath: //div[@class="owl-controls"]/div/div[text()='next']]
105 2023/04/14 15:28:08,850 163546 [INFO  ] [TestNG-test=KTtasksTest-1] qa.wrappers.BaseMethod qa.wrappers.BaseMethod.click(BaseMethod.java:481) - Trying to click on element: [[ChromeDriver: chrome on MAC (9375b4624c400de3574329bdd03a9720)] -> xpath: //div[@class="owl-controls"]/div/div[text()='next']]
106 2023/04/14 15:28:12,962 167658 [INFO  ] [TestNG-test=KTtasksTest-1] qa.wrappers.BaseMethod qa.wrappers.BaseMethod.click(BaseMethod.java:484) - element clicked : [[ChromeDriver: chrome on MAC (9375b4624c400de3574329bdd03a9720)] -> xpath: //div[@class="owl-controls"]/div/div[text()='next']]
107 2023/04/14 15:28:13,513 168209 [INFO  ] [TestNG-test=KTtasksTest-1] qa.wrappers.BaseMethod qa.wrappers.BaseMethod.click(BaseMethod.java:481) - Trying to click on element: [[ChromeDriver: chrome on MAC (9375b4624c400de3574329bdd03a9720)] -> xpath: //div[@class="owl-controls"]/div/div[text()='next']]
108 2023/04/14 15:28:17,662 172358 [INFO  ] [TestNG-test=KTtasksTest-1] qa.wrappers.BaseMethod qa.wrappers.BaseMethod.click(BaseMethod.java:484) - element clicked : [[ChromeDriver: chrome on MAC (9375b4624c400de3574329bdd03a9720)] -> xpath: //div[@class="owl-controls"]/div/div[text()='next']]
109 2023/04/14 15:28:26,934 181630 [INFO  ] [TestNG-test=KTtasksTest-1] qa.wrappers.BaseMethod qa.wrappers.BaseMethod.click(BaseMethod.java:481) - Trying to click on element: [[ChromeDriver: chrome on MAC (9375b4624c400de3574329bdd03a9720)] -> xpath: //div[@id="expressPaintingFormPopup"]/div/div/div/button[@class="close"]]
110 2023/04/14 15:28:31,111 185807 [INFO  ] [TestNG-test=KTtasksTest-1] qa.wrappers.BaseMethod qa.wrappers.BaseMethod.click(BaseMethod.java:484) - element clicked : [[ChromeDriver: chrome on MAC (9375b4624c400de3574329bdd03a9720)] -> xpath: //div[@id="expressPaintingFormPopup"]/div/div/div/button[@class="close"]]
