1 2022/08/08 11:53:54,232 4492 [DEBUG ] [TestNG-test=Chrometest-1] internal.logging.InternalLoggerFactory internal.logging.InternalLoggerFactory.useLog4J2LoggerFactory(InternalLoggerFactory.java:76) - Using Log4J2 as the default logging framework
2 2022/08/08 11:53:54,245 4505 [DEBUG ] [TestNG-test=Chrometest-1] netty.util.ResourceLeakDetector netty.util.ResourceLeakDetector.<clinit>(ResourceLeakDetector.java:129) - -Dio.netty.leakDetection.level: simple
3 2022/08/08 11:53:54,246 4506 [DEBUG ] [TestNG-test=Chrometest-1] netty.util.ResourceLeakDetector netty.util.ResourceLeakDetector.<clinit>(ResourceLeakDetector.java:130) - -Dio.netty.leakDetection.targetRecords: 4
4 2022/08/08 11:53:54,253 4513 [DEBUG ] [TestNG-test=Chrometest-1] netty.util.ResourceLeakDetectorFactory netty.util.ResourceLeakDetectorFactory$DefaultResourceLeakDetectorFactory.newResourceLeakDetector(ResourceLeakDetectorFactory.java:196) - Loaded default ResourceLeakDetector: io.netty.util.ResourceLeakDetector@2bc73270
5 2022/08/08 11:53:54,281 4541 [DEBUG ] [TestNG-test=Chrometest-1] util.internal.PlatformDependent0 util.internal.PlatformDependent0.explicitNoUnsafeCause0(PlatformDependent0.java:460) - -Dio.netty.noUnsafe: false
6 2022/08/08 11:53:54,283 4543 [DEBUG ] [TestNG-test=Chrometest-1] util.internal.PlatformDependent0 util.internal.PlatformDependent0.javaVersion0(PlatformDependent0.java:954) - Java version: 16
7 2022/08/08 11:53:54,286 4546 [DEBUG ] [TestNG-test=Chrometest-1] util.internal.PlatformDependent0 util.internal.PlatformDependent0.<clinit>(PlatformDependent0.java:135) - sun.misc.Unsafe.theUnsafe: available
8 2022/08/08 11:53:54,288 4548 [DEBUG ] [TestNG-test=Chrometest-1] util.internal.PlatformDependent0 util.internal.PlatformDependent0.<clinit>(PlatformDependent0.java:159) - sun.misc.Unsafe.copyMemory: available
9 2022/08/08 11:53:54,290 4550 [DEBUG ] [TestNG-test=Chrometest-1] util.internal.PlatformDependent0 util.internal.PlatformDependent0.<clinit>(PlatformDependent0.java:202) - java.nio.Buffer.address: available
10 2022/08/08 11:53:54,292 4552 [DEBUG ] [TestNG-test=Chrometest-1] util.internal.PlatformDependent0 util.internal.PlatformDependent0.<clinit>(PlatformDependent0.java:285) - direct buffer constructor: unavailable: Reflective setAccessible(true) disabled
11 2022/08/08 11:53:54,294 4554 [DEBUG ] [TestNG-test=Chrometest-1] util.internal.PlatformDependent0 util.internal.PlatformDependent0.<clinit>(PlatformDependent0.java:350) - java.nio.Bits.unaligned: available, true
12 2022/08/08 11:53:54,295 4555 [DEBUG ] [TestNG-test=Chrometest-1] util.internal.PlatformDependent0 util.internal.PlatformDependent0.<clinit>(PlatformDependent0.java:417) - jdk.internal.misc.Unsafe.allocateUninitializedArray(int): unavailable: class io.netty.util.internal.PlatformDependent0$6 cannot access class jdk.internal.misc.Unsafe (in module java.base) because module java.base does not export jdk.internal.misc to unnamed module @3551a94
13 2022/08/08 11:53:54,298 4558 [DEBUG ] [TestNG-test=Chrometest-1] util.internal.PlatformDependent0 util.internal.PlatformDependent0.<clinit>(PlatformDependent0.java:446) - java.nio.DirectByteBuffer.<init>(long, int): unavailable
14 2022/08/08 11:53:54,298 4558 [DEBUG ] [TestNG-test=Chrometest-1] util.internal.PlatformDependent util.internal.PlatformDependent.unsafeUnavailabilityCause0(PlatformDependent.java:1116) - sun.misc.Unsafe: available
15 2022/08/08 11:53:54,298 4558 [DEBUG ] [TestNG-test=Chrometest-1] util.internal.PlatformDependent util.internal.PlatformDependent.estimateMaxDirectMemory(PlatformDependent.java:1227) - maxDirectMemory: 4234149888 bytes (maybe)
16 2022/08/08 11:53:54,299 4559 [DEBUG ] [TestNG-test=Chrometest-1] util.internal.PlatformDependent util.internal.PlatformDependent.tmpdir0(PlatformDependent.java:1246) - -Dio.netty.tmpdir: C:\Users\10684951\AppData\Local\Temp (java.io.tmpdir)
17 2022/08/08 11:53:54,299 4559 [DEBUG ] [TestNG-test=Chrometest-1] util.internal.PlatformDependent util.internal.PlatformDependent.bitMode0(PlatformDependent.java:1325) - -Dio.netty.bitMode: 64 (sun.arch.data.model)
18 2022/08/08 11:53:54,303 4563 [DEBUG ] [TestNG-test=Chrometest-1] util.internal.PlatformDependent util.internal.PlatformDependent.isWindows0(PlatformDependent.java:1076) - Platform: Windows
19 2022/08/08 11:53:54,305 4565 [DEBUG ] [TestNG-test=Chrometest-1] util.internal.PlatformDependent util.internal.PlatformDependent.<clinit>(PlatformDependent.java:178) - -Dio.netty.maxDirectMemory: -1 bytes
20 2022/08/08 11:53:54,305 4565 [DEBUG ] [TestNG-test=Chrometest-1] util.internal.PlatformDependent util.internal.PlatformDependent.<clinit>(PlatformDependent.java:185) - -Dio.netty.uninitializedArrayAllocationThreshold: -1
21 2022/08/08 11:53:54,306 4566 [DEBUG ] [TestNG-test=Chrometest-1] util.internal.CleanerJava9 util.internal.CleanerJava9.<clinit>(CleanerJava9.java:71) - java.nio.ByteBuffer.cleaner(): available
22 2022/08/08 11:53:54,307 4567 [DEBUG ] [TestNG-test=Chrometest-1] util.internal.PlatformDependent util.internal.PlatformDependent.<clinit>(PlatformDependent.java:205) - -Dio.netty.noPreferDirect: false
23 2022/08/08 11:53:54,323 4583 [DEBUG ] [TestNG-test=Chrometest-1] util.internal.PlatformDependent util.internal.PlatformDependent$Mpsc.<clinit>(PlatformDependent.java:967) - org.jctools-core.MpscChunkedArrayQueue: available
24 2022/08/08 11:53:54,355 4615 [DEBUG ] [TestNG-test=Chrometest-1] util.internal.InternalThreadLocalMap util.internal.InternalThreadLocalMap.<clinit>(InternalThreadLocalMap.java:86) - -Dio.netty.threadLocalMap.stringBuilder.initialSize: 1024
25 2022/08/08 11:53:54,356 4616 [DEBUG ] [TestNG-test=Chrometest-1] util.internal.InternalThreadLocalMap util.internal.InternalThreadLocalMap.<clinit>(InternalThreadLocalMap.java:89) - -Dio.netty.threadLocalMap.stringBuilder.maxSize: 4096
26 2022/08/08 11:53:54,696 4956 [DEBUG ] [TestNG-test=Chrometest-1] handler.ssl.JdkSslContext handler.ssl.JdkSslContext.<clinit>(JdkSslContext.java:97) - Default protocols (JDK): [TLSv1.3, TLSv1.2] 
27 2022/08/08 11:53:54,696 4956 [DEBUG ] [TestNG-test=Chrometest-1] handler.ssl.JdkSslContext handler.ssl.JdkSslContext.<clinit>(JdkSslContext.java:98) - Default cipher suites (JDK): [TLS_ECDHE_ECDSA_WITH_AES_256_GCM_SHA384, TLS_ECDHE_ECDSA_WITH_AES_128_GCM_SHA256, TLS_ECDHE_RSA_WITH_AES_128_GCM_SHA256, TLS_ECDHE_RSA_WITH_AES_256_GCM_SHA384, TLS_ECDHE_RSA_WITH_AES_128_CBC_SHA, TLS_ECDHE_RSA_WITH_AES_256_CBC_SHA, TLS_RSA_WITH_AES_128_GCM_SHA256, TLS_RSA_WITH_AES_128_CBC_SHA, TLS_RSA_WITH_AES_256_CBC_SHA, TLS_AES_128_GCM_SHA256, TLS_AES_256_GCM_SHA384]
28 2022/08/08 11:53:54,745 5005 [DEBUG ] [TestNG-test=Chrometest-1] netty.channel.MultithreadEventLoopGroup netty.channel.MultithreadEventLoopGroup.<clinit>(MultithreadEventLoopGroup.java:44) - -Dio.netty.eventLoopThreads: 16
29 2022/08/08 11:53:54,761 5021 [DEBUG ] [TestNG-test=Chrometest-1] channel.nio.NioEventLoop channel.nio.NioEventLoop.<clinit>(NioEventLoop.java:109) - -Dio.netty.noKeySetOptimization: false
30 2022/08/08 11:53:54,761 5021 [DEBUG ] [TestNG-test=Chrometest-1] channel.nio.NioEventLoop channel.nio.NioEventLoop.<clinit>(NioEventLoop.java:110) - -Dio.netty.selectorAutoRebuildThreshold: 512
31 2022/08/08 11:53:54,977 5237 [DEBUG ] [TestNG-test=Chrometest-1] netty.buffer.PooledByteBufAllocator netty.buffer.PooledByteBufAllocator.<clinit>(PooledByteBufAllocator.java:155) - -Dio.netty.allocator.numHeapArenas: 16
32 2022/08/08 11:53:54,978 5238 [DEBUG ] [TestNG-test=Chrometest-1] netty.buffer.PooledByteBufAllocator netty.buffer.PooledByteBufAllocator.<clinit>(PooledByteBufAllocator.java:156) - -Dio.netty.allocator.numDirectArenas: 16
33 2022/08/08 11:53:54,978 5238 [DEBUG ] [TestNG-test=Chrometest-1] netty.buffer.PooledByteBufAllocator netty.buffer.PooledByteBufAllocator.<clinit>(PooledByteBufAllocator.java:158) - -Dio.netty.allocator.pageSize: 8192
34 2022/08/08 11:53:54,979 5239 [DEBUG ] [TestNG-test=Chrometest-1] netty.buffer.PooledByteBufAllocator netty.buffer.PooledByteBufAllocator.<clinit>(PooledByteBufAllocator.java:163) - -Dio.netty.allocator.maxOrder: 9
35 2022/08/08 11:53:54,979 5239 [DEBUG ] [TestNG-test=Chrometest-1] netty.buffer.PooledByteBufAllocator netty.buffer.PooledByteBufAllocator.<clinit>(PooledByteBufAllocator.java:167) - -Dio.netty.allocator.chunkSize: 4194304
36 2022/08/08 11:53:54,980 5240 [DEBUG ] [TestNG-test=Chrometest-1] netty.buffer.PooledByteBufAllocator netty.buffer.PooledByteBufAllocator.<clinit>(PooledByteBufAllocator.java:168) - -Dio.netty.allocator.smallCacheSize: 256
37 2022/08/08 11:53:54,980 5240 [DEBUG ] [TestNG-test=Chrometest-1] netty.buffer.PooledByteBufAllocator netty.buffer.PooledByteBufAllocator.<clinit>(PooledByteBufAllocator.java:169) - -Dio.netty.allocator.normalCacheSize: 64
38 2022/08/08 11:53:54,981 5241 [DEBUG ] [TestNG-test=Chrometest-1] netty.buffer.PooledByteBufAllocator netty.buffer.PooledByteBufAllocator.<clinit>(PooledByteBufAllocator.java:170) - -Dio.netty.allocator.maxCachedBufferCapacity: 32768
39 2022/08/08 11:53:54,981 5241 [DEBUG ] [TestNG-test=Chrometest-1] netty.buffer.PooledByteBufAllocator netty.buffer.PooledByteBufAllocator.<clinit>(PooledByteBufAllocator.java:171) - -Dio.netty.allocator.cacheTrimInterval: 8192
40 2022/08/08 11:53:54,982 5242 [DEBUG ] [TestNG-test=Chrometest-1] netty.buffer.PooledByteBufAllocator netty.buffer.PooledByteBufAllocator.<clinit>(PooledByteBufAllocator.java:172) - -Dio.netty.allocator.cacheTrimIntervalMillis: 0
41 2022/08/08 11:53:54,982 5242 [DEBUG ] [TestNG-test=Chrometest-1] netty.buffer.PooledByteBufAllocator netty.buffer.PooledByteBufAllocator.<clinit>(PooledByteBufAllocator.java:173) - -Dio.netty.allocator.useCacheForAllThreads: false
42 2022/08/08 11:53:54,983 5243 [DEBUG ] [TestNG-test=Chrometest-1] netty.buffer.PooledByteBufAllocator netty.buffer.PooledByteBufAllocator.<clinit>(PooledByteBufAllocator.java:174) - -Dio.netty.allocator.maxCachedByteBuffersPerChunk: 1023
43 2022/08/08 11:53:55,008 5268 [DEBUG ] [TestNG-test=Chrometest-1] netty.buffer.ByteBufUtil netty.buffer.ByteBufUtil.<clinit>(ByteBufUtil.java:87) - -Dio.netty.allocator.type: pooled
44 2022/08/08 11:53:55,008 5268 [DEBUG ] [TestNG-test=Chrometest-1] netty.buffer.ByteBufUtil netty.buffer.ByteBufUtil.<clinit>(ByteBufUtil.java:96) - -Dio.netty.threadLocalDirectBufferSize: 0
45 2022/08/08 11:53:55,009 5269 [DEBUG ] [TestNG-test=Chrometest-1] netty.buffer.ByteBufUtil netty.buffer.ByteBufUtil.<clinit>(ByteBufUtil.java:99) - -Dio.netty.maxThreadLocalCharBufferSize: 16384
46 2022/08/08 11:53:55,600 5860 [DEBUG ] [Forwarding newSession on session null to remote] netty.channel.DefaultChannelId netty.channel.DefaultChannelId.<clinit>(DefaultChannelId.java:79) - -Dio.netty.processId: 21276 (auto-detected)
47 2022/08/08 11:53:55,607 5867 [DEBUG ] [Forwarding newSession on session null to remote] netty.util.NetUtil netty.util.NetUtil.<clinit>(NetUtil.java:136) - -Djava.net.preferIPv4Stack: true
48 2022/08/08 11:53:55,608 5868 [DEBUG ] [Forwarding newSession on session null to remote] netty.util.NetUtil netty.util.NetUtil.<clinit>(NetUtil.java:137) - -Djava.net.preferIPv6Addresses: false
49 2022/08/08 11:53:55,671 5931 [DEBUG ] [Forwarding newSession on session null to remote] netty.util.NetUtilInitializations netty.util.NetUtilInitializations.determineLoopback(NetUtilInitializations.java:129) - Loopback interface: lo (Software Loopback Interface 1, 127.0.0.1)
50 2022/08/08 11:53:55,674 5934 [DEBUG ] [Forwarding newSession on session null to remote] netty.util.NetUtil netty.util.NetUtil$SoMaxConnAction.run(NetUtil.java:191) - Failed to get SOMAXCONN from sysctl and file \proc\sys\net\core\somaxconn. Default: 200
51 2022/08/08 11:53:55,860 6120 [DEBUG ] [Forwarding newSession on session null to remote] netty.channel.DefaultChannelId netty.channel.DefaultChannelId.<clinit>(DefaultChannelId.java:101) - -Dio.netty.machineId: d4:1b:81:ff:fe:59:ab:63 (auto-detected)
52 2022/08/08 11:53:55,958 6218 [DEBUG ] [AsyncHttpClient-1-2] netty.buffer.AbstractByteBuf netty.buffer.AbstractByteBuf.<clinit>(AbstractByteBuf.java:63) - -Dio.netty.buffer.checkAccessible: true
53 2022/08/08 11:53:55,960 6220 [DEBUG ] [AsyncHttpClient-1-2] netty.buffer.AbstractByteBuf netty.buffer.AbstractByteBuf.<clinit>(AbstractByteBuf.java:64) - -Dio.netty.buffer.checkBounds: true
54 2022/08/08 11:53:55,963 6223 [DEBUG ] [AsyncHttpClient-1-2] netty.util.ResourceLeakDetectorFactory netty.util.ResourceLeakDetectorFactory$DefaultResourceLeakDetectorFactory.newResourceLeakDetector(ResourceLeakDetectorFactory.java:196) - Loaded default ResourceLeakDetector: io.netty.util.ResourceLeakDetector@23dc79c4
55 2022/08/08 11:53:56,003 6263 [DEBUG ] [AsyncHttpClient-1-2] netty.util.Recycler netty.util.Recycler.<clinit>(Recycler.java:85) - -Dio.netty.recycler.maxCapacityPerThread: 4096
56 2022/08/08 11:53:56,004 6264 [DEBUG ] [AsyncHttpClient-1-2] netty.util.Recycler netty.util.Recycler.<clinit>(Recycler.java:86) - -Dio.netty.recycler.ratio: 8
57 2022/08/08 11:53:56,004 6264 [DEBUG ] [AsyncHttpClient-1-2] netty.util.Recycler netty.util.Recycler.<clinit>(Recycler.java:87) - -Dio.netty.recycler.chunkSize: 32
58 2022/08/08 11:53:56,004 6264 [DEBUG ] [AsyncHttpClient-1-2] netty.util.Recycler netty.util.Recycler.<clinit>(Recycler.java:88) - -Dio.netty.recycler.blocking: false
59 2022/08/08 11:54:16,320 26580 [DEBUG ] [AsyncHttpClient-1-2] codec.compression.Brotli codec.compression.Brotli.<clinit>(Brotli.java:38) - brotli4j not in the classpath; Brotli support will be unavailable.
60 2022/08/08 11:58:17,800 268060 [INFO  ] [TestNG-test=Chrometest-4] qa.wrappers.BaseMethod qa.wrappers.BaseMethod.getAttribute(BaseMethod.java:442) - Trying to href attribute value from DOM
61 2022/08/08 11:58:18,986 269246 [INFO  ] [TestNG-test=Chrometest-4] qa.wrappers.BaseMethod qa.wrappers.BaseMethod.newTab(BaseMethod.java:129) - New tab opened 
62 2022/08/08 11:58:29,184 279444 [INFO  ] [TestNG-test=Chrometest-2] qa.wrappers.BaseMethod qa.wrappers.BaseMethod.click(BaseMethod.java:318) - Trying to click on element: [[RemoteWebDriver: chrome on LINUX (baa41aa4f3fa76039b72566deface762)] -> xpath: //button[@title='Search']]
63 2022/08/08 11:58:36,703 286963 [INFO  ] [TestNG-test=Chrometest-2] qa.wrappers.BaseMethod qa.wrappers.BaseMethod.click(BaseMethod.java:321) - element clicked : [[RemoteWebDriver: chrome on LINUX (baa41aa4f3fa76039b72566deface762)] -> xpath: //button[@title='Search']]
64 2022/08/08 11:58:38,097 288357 [INFO  ] [TestNG-test=Chrometest-5] qa.wrappers.BaseMethod qa.wrappers.BaseMethod.mouseHover(BaseMethod.java:627) - Trying to mouse hover on element [[RemoteWebDriver: chrome on LINUX (baa41aa4f3fa76039b72566deface762)] -> xpath: //a[text()='Home & Decor']] using Actions class
65 2022/08/08 11:58:40,886 291146 [INFO  ] [TestNG-test=Chrometest-5] qa.wrappers.BaseMethod qa.wrappers.BaseMethod.mouseHover(BaseMethod.java:644) - Mouse hovered and clicked on element
66 2022/08/08 11:58:40,897 291157 [INFO  ] [TestNG-test=Chrometest-5] qa.wrappers.BaseMethod qa.wrappers.BaseMethod.getAttribute(BaseMethod.java:442) - Trying to title attribute value from DOM
67 2022/08/08 11:58:41,884 292144 [INFO  ] [TestNG-test=Chrometest-5] qa.wrappers.BaseMethod qa.wrappers.BaseMethod.click(BaseMethod.java:318) - Trying to click on element: [[RemoteWebDriver: chrome on LINUX (baa41aa4f3fa76039b72566deface762)] -> xpath: //li[@class='item last']//a]
68 2022/08/08 11:59:01,710 311970 [INFO  ] [TestNG-test=Chrometest-5] qa.wrappers.BaseMethod qa.wrappers.BaseMethod.click(BaseMethod.java:321) - element clicked : Proxy element for: DefaultElementLocator 'By.xpath: //li[@class='item last']//a'
69 2022/08/08 11:59:03,400 313660 [INFO  ] [TestNG-test=Chrometest-5] qa.wrappers.BaseMethod qa.wrappers.BaseMethod.click(BaseMethod.java:318) - Trying to click on element: [[RemoteWebDriver: chrome on LINUX (baa41aa4f3fa76039b72566deface762)] -> xpath: //ul[@id='downloadable-links-list']//li//input]
70 2022/08/08 11:59:09,187 319447 [INFO  ] [TestNG-test=Chrometest-5] qa.wrappers.BaseMethod qa.wrappers.BaseMethod.click(BaseMethod.java:321) - element clicked : [[RemoteWebDriver: chrome on LINUX (baa41aa4f3fa76039b72566deface762)] -> xpath: //ul[@id='downloadable-links-list']//li//input]
71 2022/08/08 11:59:09,407 319667 [INFO  ] [TestNG-test=Chrometest-5] qa.wrappers.BaseMethod qa.wrappers.BaseMethod.clickUsingIndex(BaseMethod.java:326) - Trying to click on1 element: [[[RemoteWebDriver: chrome on LINUX (baa41aa4f3fa76039b72566deface762)] -> xpath: //button[@title='Add to Cart']], [[RemoteWebDriver: chrome on LINUX (baa41aa4f3fa76039b72566deface762)] -> xpath: //button[@title='Add to Cart']]]
72 2022/08/08 11:59:17,504 327764 [INFO  ] [TestNG-test=Chrometest-5] qa.wrappers.BaseMethod qa.wrappers.BaseMethod.clickUsingIndex(BaseMethod.java:329) - element clicked : [[[RemoteWebDriver: chrome on LINUX (baa41aa4f3fa76039b72566deface762)] -> xpath: //button[@title='Add to Cart']]]
73 2022/08/08 11:59:17,786 328046 [INFO  ] [TestNG-test=Chrometest-1] qa.wrappers.BaseMethod qa.wrappers.BaseMethod.click(BaseMethod.java:318) - Trying to click on element: [[RemoteWebDriver: chrome on LINUX (baa41aa4f3fa76039b72566deface762)] -> xpath: //a[text()='Women']]
74 2022/08/08 11:59:25,286 335546 [INFO  ] [TestNG-test=Chrometest-1] qa.wrappers.BaseMethod qa.wrappers.BaseMethod.click(BaseMethod.java:321) - element clicked : [[RemoteWebDriver: chrome on LINUX (baa41aa4f3fa76039b72566deface762)] -> xpath: //a[text()='Women']]
75 2022/08/08 11:59:28,102 338362 [INFO  ] [TestNG-test=Chrometest-3] qa.wrappers.BaseMethod qa.wrappers.BaseMethod.selectByVisibleText(BaseMethod.java:296) - Trying to select element Value from Dropdown
76 2022/08/08 11:59:30,281 340541 [INFO  ] [TestNG-test=Chrometest-3] qa.wrappers.BaseMethod qa.wrappers.BaseMethod.selectByVisibleText(BaseMethod.java:300) - German Value selected from Dropdown: 
